[0.018s] Invoking command in '/home/jet_orin/streetlive/test/build/socketcan_adapter_ros': AMENT_PREFIX_PATH=/home/jet_orin/streetlive/test/install/socketcan_adapter:${AMENT_PREFIX_PATH} CMAKE_PREFIX_PATH=/home/jet_orin/streetlive/test/install/socketcan_adapter:/home/jet_orin/streetlive/AD-fusionbox/install/zed_ros2:/home/jet_orin/streetlive/AD-fusionbox/install/bringup:/home/jet_orin/streetlive/AD-fusionbox/install/zed_wrapper:/home/jet_orin/streetlive/AD-fusionbox/install/zed_debug:/home/jet_orin/streetlive/AD-fusionbox/install/zed_components:/home/jet_orin/streetlive/AD-fusionbox/install/streetlive_msgs:/home/jet_orin/streetlive/AD-fusionbox/install/msgs:/home/jet_orin/streetlive/AD-fusionbox/install/perception:/home/jet_orin/streetlive/AD-fusionbox/install/offline:/home/jet_orin/streetlive/AD-fusionbox/install/localization:/home/jet_orin/streetlive/AD-fusionbox/install/drivers:/opt/ros/humble LD_LIBRARY_PATH=/home/jet_orin/streetlive/test/install/socketcan_adapter/lib:/home/jet_orin/streetlive/AD-fusionbox/install/zed_components/lib:/opt/ros/humble/opt/rviz_ogre_vendor/lib:/opt/ros/humble/lib/aarch64-linux-gnu:/opt/ros/humble/lib:/usr/local/cuda-12.6/lib64 /usr/bin/cmake --build /home/jet_orin/streetlive/test/build/socketcan_adapter_ros -- -j12 -l12
[0.086s] [35m[1mConsolidate compiler generated dependencies of target socketcan_adapter_ros[0m
[0.122s] [ 50%] Built target socketcan_adapter_ros
[0.141s] [35m[1mConsolidate compiler generated dependencies of target socketcan_bridge[0m
[0.180s] [100%] Built target socketcan_bridge
[0.205s] Invoked command in '/home/jet_orin/streetlive/test/build/socketcan_adapter_ros' returned '0': AMENT_PREFIX_PATH=/home/jet_orin/streetlive/test/install/socketcan_adapter:${AMENT_PREFIX_PATH} CMAKE_PREFIX_PATH=/home/jet_orin/streetlive/test/install/socketcan_adapter:/home/jet_orin/streetlive/AD-fusionbox/install/zed_ros2:/home/jet_orin/streetlive/AD-fusionbox/install/bringup:/home/jet_orin/streetlive/AD-fusionbox/install/zed_wrapper:/home/jet_orin/streetlive/AD-fusionbox/install/zed_debug:/home/jet_orin/streetlive/AD-fusionbox/install/zed_components:/home/jet_orin/streetlive/AD-fusionbox/install/streetlive_msgs:/home/jet_orin/streetlive/AD-fusionbox/install/msgs:/home/jet_orin/streetlive/AD-fusionbox/install/perception:/home/jet_orin/streetlive/AD-fusionbox/install/offline:/home/jet_orin/streetlive/AD-fusionbox/install/localization:/home/jet_orin/streetlive/AD-fusionbox/install/drivers:/opt/ros/humble LD_LIBRARY_PATH=/home/jet_orin/streetlive/test/install/socketcan_adapter/lib:/home/jet_orin/streetlive/AD-fusionbox/install/zed_components/lib:/opt/ros/humble/opt/rviz_ogre_vendor/lib:/opt/ros/humble/lib/aarch64-linux-gnu:/opt/ros/humble/lib:/usr/local/cuda-12.6/lib64 /usr/bin/cmake --build /home/jet_orin/streetlive/test/build/socketcan_adapter_ros -- -j12 -l12
[0.209s] Invoking command in '/home/jet_orin/streetlive/test/build/socketcan_adapter_ros': AMENT_PREFIX_PATH=/home/jet_orin/streetlive/test/install/socketcan_adapter:${AMENT_PREFIX_PATH} CMAKE_PREFIX_PATH=/home/jet_orin/streetlive/test/install/socketcan_adapter:/home/jet_orin/streetlive/AD-fusionbox/install/zed_ros2:/home/jet_orin/streetlive/AD-fusionbox/install/bringup:/home/jet_orin/streetlive/AD-fusionbox/install/zed_wrapper:/home/jet_orin/streetlive/AD-fusionbox/install/zed_debug:/home/jet_orin/streetlive/AD-fusionbox/install/zed_components:/home/jet_orin/streetlive/AD-fusionbox/install/streetlive_msgs:/home/jet_orin/streetlive/AD-fusionbox/install/msgs:/home/jet_orin/streetlive/AD-fusionbox/install/perception:/home/jet_orin/streetlive/AD-fusionbox/install/offline:/home/jet_orin/streetlive/AD-fusionbox/install/localization:/home/jet_orin/streetlive/AD-fusionbox/install/drivers:/opt/ros/humble LD_LIBRARY_PATH=/home/jet_orin/streetlive/test/install/socketcan_adapter/lib:/home/jet_orin/streetlive/AD-fusionbox/install/zed_components/lib:/opt/ros/humble/opt/rviz_ogre_vendor/lib:/opt/ros/humble/lib/aarch64-linux-gnu:/opt/ros/humble/lib:/usr/local/cuda-12.6/lib64 /usr/bin/cmake --install /home/jet_orin/streetlive/test/build/socketcan_adapter_ros
[0.224s] -- Install configuration: ""
[0.226s] -- Execute custom install script
[0.227s] -- Up-to-date symlink: /home/jet_orin/streetlive/test/install/socketcan_adapter_ros/include/socketcan_adapter_ros/socketcan_bridge_node.hpp
[0.227s] -- Up-to-date symlink: /home/jet_orin/streetlive/test/install/socketcan_adapter_ros/share/socketcan_adapter_ros/launch/socketcan_bridge_launch.py
[0.228s] -- Up-to-date symlink: /home/jet_orin/streetlive/test/install/socketcan_adapter_ros/lib/socketcan_adapter_ros/socketcan_bridge
[0.229s] -- Up-to-date symlink: /home/jet_orin/streetlive/test/install/socketcan_adapter_ros/share/socketcan_adapter_ros/environment/library_path.sh
[0.229s] -- Up-to-date symlink: /home/jet_orin/streetlive/test/install/socketcan_adapter_ros/share/socketcan_adapter_ros/environment/library_path.dsv
[0.229s] -- Up-to-date symlink: /home/jet_orin/streetlive/test/install/socketcan_adapter_ros/share/ament_index/resource_index/package_run_dependencies/socketcan_adapter_ros
[0.229s] -- Up-to-date symlink: /home/jet_orin/streetlive/test/install/socketcan_adapter_ros/share/ament_index/resource_index/parent_prefix_path/socketcan_adapter_ros
[0.230s] -- Up-to-date symlink: /home/jet_orin/streetlive/test/install/socketcan_adapter_ros/share/socketcan_adapter_ros/environment/ament_prefix_path.sh
[0.230s] -- Up-to-date symlink: /home/jet_orin/streetlive/test/install/socketcan_adapter_ros/share/socketcan_adapter_ros/environment/ament_prefix_path.dsv
[0.230s] -- Up-to-date symlink: /home/jet_orin/streetlive/test/install/socketcan_adapter_ros/share/socketcan_adapter_ros/environment/path.sh
[0.230s] -- Up-to-date symlink: /home/jet_orin/streetlive/test/install/socketcan_adapter_ros/share/socketcan_adapter_ros/environment/path.dsv
[0.231s] -- Up-to-date symlink: /home/jet_orin/streetlive/test/install/socketcan_adapter_ros/share/socketcan_adapter_ros/local_setup.bash
[0.231s] -- Up-to-date symlink: /home/jet_orin/streetlive/test/install/socketcan_adapter_ros/share/socketcan_adapter_ros/local_setup.sh
[0.231s] -- Up-to-date symlink: /home/jet_orin/streetlive/test/install/socketcan_adapter_ros/share/socketcan_adapter_ros/local_setup.zsh
[0.231s] -- Up-to-date symlink: /home/jet_orin/streetlive/test/install/socketcan_adapter_ros/share/socketcan_adapter_ros/local_setup.dsv
[0.231s] -- Symlinking: /home/jet_orin/streetlive/test/install/socketcan_adapter_ros/share/socketcan_adapter_ros/package.dsv
[0.249s] -- Up-to-date symlink: /home/jet_orin/streetlive/test/install/socketcan_adapter_ros/share/ament_index/resource_index/packages/socketcan_adapter_ros
[0.249s] -- Up-to-date symlink: /home/jet_orin/streetlive/test/install/socketcan_adapter_ros/share/socketcan_adapter_ros/cmake/ament_cmake_export_targets-extras.cmake
[0.250s] -- Up-to-date symlink: /home/jet_orin/streetlive/test/install/socketcan_adapter_ros/share/socketcan_adapter_ros/cmake/ament_cmake_export_dependencies-extras.cmake
[0.250s] -- Up-to-date symlink: /home/jet_orin/streetlive/test/install/socketcan_adapter_ros/share/socketcan_adapter_ros/cmake/socketcan_adapter_rosConfig.cmake
[0.250s] -- Up-to-date symlink: /home/jet_orin/streetlive/test/install/socketcan_adapter_ros/share/socketcan_adapter_ros/cmake/socketcan_adapter_rosConfig-version.cmake
[0.250s] -- Up-to-date symlink: /home/jet_orin/streetlive/test/install/socketcan_adapter_ros/share/socketcan_adapter_ros/package.xml
[0.252s] -- Up-to-date: /home/jet_orin/streetlive/test/install/socketcan_adapter_ros/lib/libsocketcan_adapter_ros.so
[0.252s] -- Up-to-date: /home/jet_orin/streetlive/test/install/socketcan_adapter_ros/share/socketcan_adapter_ros/cmake/socketcan_adapter_ros_TARGETS.cmake
[0.253s] -- Up-to-date: /home/jet_orin/streetlive/test/install/socketcan_adapter_ros/share/socketcan_adapter_ros/cmake/socketcan_adapter_ros_TARGETS-noconfig.cmake
[0.253s] -- Up-to-date: /home/jet_orin/streetlive/test/install/socketcan_adapter_ros/share/socketcan_adapter_ros/cmake/socketcan_adapter_ros_TARGETSExport.cmake
[0.253s] -- Up-to-date: /home/jet_orin/streetlive/test/install/socketcan_adapter_ros/share/socketcan_adapter_ros/cmake/socketcan_adapter_ros_TARGETSExport-noconfig.cmake
[0.259s] Invoked command in '/home/jet_orin/streetlive/test/build/socketcan_adapter_ros' returned '0': AMENT_PREFIX_PATH=/home/jet_orin/streetlive/test/install/socketcan_adapter:${AMENT_PREFIX_PATH} CMAKE_PREFIX_PATH=/home/jet_orin/streetlive/test/install/socketcan_adapter:/home/jet_orin/streetlive/AD-fusionbox/install/zed_ros2:/home/jet_orin/streetlive/AD-fusionbox/install/bringup:/home/jet_orin/streetlive/AD-fusionbox/install/zed_wrapper:/home/jet_orin/streetlive/AD-fusionbox/install/zed_debug:/home/jet_orin/streetlive/AD-fusionbox/install/zed_components:/home/jet_orin/streetlive/AD-fusionbox/install/streetlive_msgs:/home/jet_orin/streetlive/AD-fusionbox/install/msgs:/home/jet_orin/streetlive/AD-fusionbox/install/perception:/home/jet_orin/streetlive/AD-fusionbox/install/offline:/home/jet_orin/streetlive/AD-fusionbox/install/localization:/home/jet_orin/streetlive/AD-fusionbox/install/drivers:/opt/ros/humble LD_LIBRARY_PATH=/home/jet_orin/streetlive/test/install/socketcan_adapter/lib:/home/jet_orin/streetlive/AD-fusionbox/install/zed_components/lib:/opt/ros/humble/opt/rviz_ogre_vendor/lib:/opt/ros/humble/lib/aarch64-linux-gnu:/opt/ros/humble/lib:/usr/local/cuda-12.6/lib64 /usr/bin/cmake --install /home/jet_orin/streetlive/test/build/socketcan_adapter_ros
