[ 60%] Built target socketcan_adapter
[100%] Built target can_frame_tests
-- Install configuration: ""
-- Execute custom install script
-- Up-to-date symlink: /home/jet_orin/streetlive/test/install/socketcan_adapter/include/socketcan_adapter/can_frame.hpp
-- Up-to-date symlink: /home/jet_orin/streetlive/test/install/socketcan_adapter/include/socketcan_adapter/socketcan_adapter.hpp
-- Up-to-date symlink: /home/jet_orin/streetlive/test/install/socketcan_adapter/share/socketcan_adapter/environment/library_path.sh
-- Up-to-date symlink: /home/jet_orin/streetlive/test/install/socketcan_adapter/share/socketcan_adapter/environment/library_path.dsv
-- Up-to-date symlink: /home/jet_orin/streetlive/test/install/socketcan_adapter/share/ament_index/resource_index/package_run_dependencies/socketcan_adapter
-- Up-to-date symlink: /home/jet_orin/streetlive/test/install/socketcan_adapter/share/ament_index/resource_index/parent_prefix_path/socketcan_adapter
-- Up-to-date symlink: /home/jet_orin/streetlive/test/install/socketcan_adapter/share/socketcan_adapter/environment/ament_prefix_path.sh
-- Up-to-date symlink: /home/jet_orin/streetlive/test/install/socketcan_adapter/share/socketcan_adapter/environment/ament_prefix_path.dsv
-- Up-to-date symlink: /home/jet_orin/streetlive/test/install/socketcan_adapter/share/socketcan_adapter/environment/path.sh
-- Up-to-date symlink: /home/jet_orin/streetlive/test/install/socketcan_adapter/share/socketcan_adapter/environment/path.dsv
-- Up-to-date symlink: /home/jet_orin/streetlive/test/install/socketcan_adapter/share/socketcan_adapter/local_setup.bash
-- Up-to-date symlink: /home/jet_orin/streetlive/test/install/socketcan_adapter/share/socketcan_adapter/local_setup.sh
-- Up-to-date symlink: /home/jet_orin/streetlive/test/install/socketcan_adapter/share/socketcan_adapter/local_setup.zsh
-- Up-to-date symlink: /home/jet_orin/streetlive/test/install/socketcan_adapter/share/socketcan_adapter/local_setup.dsv
-- Symlinking: /home/jet_orin/streetlive/test/install/socketcan_adapter/share/socketcan_adapter/package.dsv
-- Up-to-date symlink: /home/jet_orin/streetlive/test/install/socketcan_adapter/share/ament_index/resource_index/packages/socketcan_adapter
-- Up-to-date symlink: /home/jet_orin/streetlive/test/install/socketcan_adapter/share/socketcan_adapter/cmake/ament_cmake_export_targets-extras.cmake
-- Up-to-date symlink: /home/jet_orin/streetlive/test/install/socketcan_adapter/share/socketcan_adapter/cmake/socketcan_adapterConfig.cmake
-- Up-to-date symlink: /home/jet_orin/streetlive/test/install/socketcan_adapter/share/socketcan_adapter/cmake/socketcan_adapterConfig-version.cmake
-- Up-to-date symlink: /home/jet_orin/streetlive/test/install/socketcan_adapter/share/socketcan_adapter/package.xml
-- Up-to-date: /home/jet_orin/streetlive/test/install/socketcan_adapter/lib/libsocketcan_adapter.so
-- Up-to-date: /home/jet_orin/streetlive/test/install/socketcan_adapter/share/socketcan_adapter/cmake/socketcan_adapter_TARGETS.cmake
-- Up-to-date: /home/jet_orin/streetlive/test/install/socketcan_adapter/share/socketcan_adapter/cmake/socketcan_adapter_TARGETS-noconfig.cmake
-- Up-to-date: /home/jet_orin/streetlive/test/install/socketcan_adapter/share/socketcan_adapter/cmake/socketcan_adapter_TARGETSExport.cmake
-- Up-to-date: /home/jet_orin/streetlive/test/install/socketcan_adapter/share/socketcan_adapter/cmake/socketcan_adapter_TARGETSExport-noconfig.cmake
