[0.032s] Invoking command in '/home/jet_orin/streetlive/test/build/socketcan_adapter': CMAKE_PREFIX_PATH=${CMAKE_PREFIX_PATH}:/home/jet_orin/streetlive/AD-fusionbox/install/perception:/home/jet_orin/streetlive/AD-fusionbox/install/offline:/home/jet_orin/streetlive/AD-fusionbox/install/localization:/home/jet_orin/streetlive/AD-fusionbox/install/drivers:/opt/ros/humble /usr/bin/cmake --build /home/jet_orin/streetlive/test/build/socketcan_adapter -- -j12 -l12
[0.095s] [35m[1mConsolidate compiler generated dependencies of target socketcan_adapter[0m
[0.120s] [ 60%] Built target socketcan_adapter
[0.150s] [35m[1mConsolidate compiler generated dependencies of target can_frame_tests[0m
[0.201s] [100%] Built target can_frame_tests
[0.222s] Invoked command in '/home/jet_orin/streetlive/test/build/socketcan_adapter' returned '0': CMAKE_PREFIX_PATH=${CMAKE_PREFIX_PATH}:/home/jet_orin/streetlive/AD-fusionbox/install/perception:/home/jet_orin/streetlive/AD-fusionbox/install/offline:/home/jet_orin/streetlive/AD-fusionbox/install/localization:/home/jet_orin/streetlive/AD-fusionbox/install/drivers:/opt/ros/humble /usr/bin/cmake --build /home/jet_orin/streetlive/test/build/socketcan_adapter -- -j12 -l12
[0.243s] Invoking command in '/home/jet_orin/streetlive/test/build/socketcan_adapter': CMAKE_PREFIX_PATH=${CMAKE_PREFIX_PATH}:/home/jet_orin/streetlive/AD-fusionbox/install/perception:/home/jet_orin/streetlive/AD-fusionbox/install/offline:/home/jet_orin/streetlive/AD-fusionbox/install/localization:/home/jet_orin/streetlive/AD-fusionbox/install/drivers:/opt/ros/humble /usr/bin/cmake --install /home/jet_orin/streetlive/test/build/socketcan_adapter
[0.270s] -- Install configuration: ""
[0.270s] -- Execute custom install script
[0.271s] -- Up-to-date symlink: /home/jet_orin/streetlive/test/install/socketcan_adapter/include/socketcan_adapter/can_frame.hpp
[0.271s] -- Up-to-date symlink: /home/jet_orin/streetlive/test/install/socketcan_adapter/include/socketcan_adapter/socketcan_adapter.hpp
[0.271s] -- Up-to-date symlink: /home/jet_orin/streetlive/test/install/socketcan_adapter/share/socketcan_adapter/environment/library_path.sh
[0.272s] -- Up-to-date symlink: /home/jet_orin/streetlive/test/install/socketcan_adapter/share/socketcan_adapter/environment/library_path.dsv
[0.273s] -- Up-to-date symlink: /home/jet_orin/streetlive/test/install/socketcan_adapter/share/ament_index/resource_index/package_run_dependencies/socketcan_adapter
[0.274s] -- Up-to-date symlink: /home/jet_orin/streetlive/test/install/socketcan_adapter/share/ament_index/resource_index/parent_prefix_path/socketcan_adapter
[0.275s] -- Up-to-date symlink: /home/jet_orin/streetlive/test/install/socketcan_adapter/share/socketcan_adapter/environment/ament_prefix_path.sh
[0.276s] -- Up-to-date symlink: /home/jet_orin/streetlive/test/install/socketcan_adapter/share/socketcan_adapter/environment/ament_prefix_path.dsv
[0.284s] -- Up-to-date symlink: /home/jet_orin/streetlive/test/install/socketcan_adapter/share/socketcan_adapter/environment/path.sh
[0.284s] -- Up-to-date symlink: /home/jet_orin/streetlive/test/install/socketcan_adapter/share/socketcan_adapter/environment/path.dsv
[0.285s] -- Up-to-date symlink: /home/jet_orin/streetlive/test/install/socketcan_adapter/share/socketcan_adapter/local_setup.bash
[0.285s] -- Up-to-date symlink: /home/jet_orin/streetlive/test/install/socketcan_adapter/share/socketcan_adapter/local_setup.sh
[0.285s] -- Up-to-date symlink: /home/jet_orin/streetlive/test/install/socketcan_adapter/share/socketcan_adapter/local_setup.zsh
[0.285s] -- Up-to-date symlink: /home/jet_orin/streetlive/test/install/socketcan_adapter/share/socketcan_adapter/local_setup.dsv
[0.286s] -- Symlinking: /home/jet_orin/streetlive/test/install/socketcan_adapter/share/socketcan_adapter/package.dsv
[0.304s] -- Up-to-date symlink: /home/jet_orin/streetlive/test/install/socketcan_adapter/share/ament_index/resource_index/packages/socketcan_adapter
[0.304s] -- Up-to-date symlink: /home/jet_orin/streetlive/test/install/socketcan_adapter/share/socketcan_adapter/cmake/ament_cmake_export_targets-extras.cmake
[0.304s] -- Up-to-date symlink: /home/jet_orin/streetlive/test/install/socketcan_adapter/share/socketcan_adapter/cmake/socketcan_adapterConfig.cmake
[0.304s] -- Up-to-date symlink: /home/jet_orin/streetlive/test/install/socketcan_adapter/share/socketcan_adapter/cmake/socketcan_adapterConfig-version.cmake
[0.305s] -- Up-to-date symlink: /home/jet_orin/streetlive/test/install/socketcan_adapter/share/socketcan_adapter/package.xml
[0.305s] -- Up-to-date: /home/jet_orin/streetlive/test/install/socketcan_adapter/lib/libsocketcan_adapter.so
[0.307s] -- Up-to-date: /home/jet_orin/streetlive/test/install/socketcan_adapter/share/socketcan_adapter/cmake/socketcan_adapter_TARGETS.cmake
[0.307s] -- Up-to-date: /home/jet_orin/streetlive/test/install/socketcan_adapter/share/socketcan_adapter/cmake/socketcan_adapter_TARGETS-noconfig.cmake
[0.308s] -- Up-to-date: /home/jet_orin/streetlive/test/install/socketcan_adapter/share/socketcan_adapter/cmake/socketcan_adapter_TARGETSExport.cmake
[0.308s] -- Up-to-date: /home/jet_orin/streetlive/test/install/socketcan_adapter/share/socketcan_adapter/cmake/socketcan_adapter_TARGETSExport-noconfig.cmake
[0.320s] Invoked command in '/home/jet_orin/streetlive/test/build/socketcan_adapter' returned '0': CMAKE_PREFIX_PATH=${CMAKE_PREFIX_PATH}:/home/jet_orin/streetlive/AD-fusionbox/install/perception:/home/jet_orin/streetlive/AD-fusionbox/install/offline:/home/jet_orin/streetlive/AD-fusionbox/install/localization:/home/jet_orin/streetlive/AD-fusionbox/install/drivers:/opt/ros/humble /usr/bin/cmake --install /home/jet_orin/streetlive/test/build/socketcan_adapter
