[35m[1mConsolidate compiler generated dependencies of target radar_conti_ars408_component[0m
[ 12%] [32mBuilding CXX object CMakeFiles/radar_conti_ars408_component.dir/src/radar_conti_ars408_component.cpp.o[0m
[01m[K/home/jet_orin/streetlive/test/src/ars-408/radar_conti_ars408/src/radar_conti_ars408_component.cpp:[m[K In member function ‘[01m[Kvoid FHAC::radar_conti_ars408::can_receive_callback(std::shared_ptr<const polymath::socketcan::CanFrame>)[m[K’:
[01m[K/home/jet_orin/streetlive/test/src/ars-408/radar_conti_ars408/src/radar_conti_ars408_component.cpp:582:19:[m[K [01;35m[Kwarning: [m[Kcomparison of integer expressions of different signedness: ‘[01m[Kint[m[K’ and ‘[01m[Kstd::vector<radar_conti_ars408_msgs::msg::ObjectList_<std::allocator<void> > >::size_type[m[K’ {aka ‘[01m[Klong unsigned int[m[K’} [[01;35m[K]8;;https://gcc.gnu.org/onlinedocs/gcc/Warning-Options.html#index-Wsign-compare-Wsign-compare]8;;[m[K]
  582 |     if ([01;35m[Ksensor_id > object_list_list_.size() - 1[m[K)
      |         [01;35m[K~~~~~~~~~~^~~~~~~~~~~~~~~~~~~~~~~~~~~~~~[m[K
[01m[K/home/jet_orin/streetlive/test/src/ars-408/radar_conti_ars408/src/radar_conti_ars408_component.cpp:[m[K At global scope:
[01m[K/home/jet_orin/streetlive/test/src/ars-408/radar_conti_ars408/src/radar_conti_ars408_component.cpp:720:8:[m[K [01;31m[Kerror: [m[Kno declaration matches ‘[01m[Kvoid FHAC::radar_conti_ars408::handle_cluster_list(std::shared_ptr<const polymath::socketcan::CanFrame>)[m[K’
  720 |   void [01;31m[Kradar_conti_ars408[m[K::handle_cluster_list(std::shared_ptr<const polymath::socketcan::CanFrame> frame)
      |        [01;31m[K^~~~~~~~~~~~~~~~~~[m[K
[01m[K/home/jet_orin/streetlive/test/src/ars-408/radar_conti_ars408/src/radar_conti_ars408_component.cpp:720:8:[m[K [01;36m[Knote: [m[Kno functions named ‘[01m[Kvoid FHAC::radar_conti_ars408::handle_cluster_list(std::shared_ptr<const polymath::socketcan::CanFrame>)[m[K’
In file included from [01m[K/home/jet_orin/streetlive/test/src/ars-408/radar_conti_ars408/src/radar_conti_ars408_component.cpp:1[m[K:
[01m[K/home/jet_orin/streetlive/test/src/ars-408/radar_conti_ars408/src/../include/radar_conti_ars408_component.hpp:103:11:[m[K [01;36m[Knote: [m[K‘[01m[Kclass FHAC::radar_conti_ars408[m[K’ defined here
  103 |     class [01;36m[Kradar_conti_ars408[m[K : public rclcpp_lifecycle::LifecycleNode
      |           [01;36m[K^~~~~~~~~~~~~~~~~~[m[K
[01m[K/home/jet_orin/streetlive/test/src/ars-408/radar_conti_ars408/src/radar_conti_ars408_component.cpp:1069:8:[m[K [01;31m[Kerror: [m[Kno declaration matches ‘[01m[Kvoid FHAC::radar_conti_ars408::publish_cluster_map(int)[m[K’
 1069 |   void [01;31m[Kradar_conti_ars408[m[K::publish_cluster_map(int sensor_id)
      |        [01;31m[K^~~~~~~~~~~~~~~~~~[m[K
[01m[K/home/jet_orin/streetlive/test/src/ars-408/radar_conti_ars408/src/radar_conti_ars408_component.cpp:1069:8:[m[K [01;36m[Knote: [m[Kno functions named ‘[01m[Kvoid FHAC::radar_conti_ars408::publish_cluster_map(int)[m[K’
In file included from [01m[K/home/jet_orin/streetlive/test/src/ars-408/radar_conti_ars408/src/radar_conti_ars408_component.cpp:1[m[K:
[01m[K/home/jet_orin/streetlive/test/src/ars-408/radar_conti_ars408/src/../include/radar_conti_ars408_component.hpp:103:11:[m[K [01;36m[Knote: [m[K‘[01m[Kclass FHAC::radar_conti_ars408[m[K’ defined here
  103 |     class [01;36m[Kradar_conti_ars408[m[K : public rclcpp_lifecycle::LifecycleNode
      |           [01;36m[K^~~~~~~~~~~~~~~~~~[m[K
gmake[2]: *** [CMakeFiles/radar_conti_ars408_component.dir/build.make:76: CMakeFiles/radar_conti_ars408_component.dir/src/radar_conti_ars408_component.cpp.o] Error 1
gmake[1]: *** [CMakeFiles/Makefile2:143: CMakeFiles/radar_conti_ars408_component.dir/all] Error 2
gmake: *** [Makefile:146: all] Error 2
