[0.228s] DEBUG:colcon:Command line arguments: ['/usr/bin/colcon', 'build', '--packages-select', 'radar_conti_ars408']
[0.228s] DEBUG:colcon:Parsed command line arguments: Namespace(log_base=None, log_level=None, verb_name='build', build_base='build', install_base='install', merge_install=False, symlink_install=False, test_result_base=None, continue_on_error=False, executor='parallel', parallel_workers=12, event_handlers=None, ignore_user_meta=False, metas=['./colcon.meta'], base_paths=['.'], packages_ignore=None, packages_ignore_regex=None, paths=None, packages_up_to=None, packages_up_to_regex=None, packages_above=None, packages_above_and_dependencies=None, packages_above_depth=None, packages_select_by_dep=None, packages_skip_by_dep=None, packages_skip_up_to=None, packages_select_build_failed=False, packages_skip_build_finished=False, packages_select_test_failures=False, packages_skip_test_passed=False, packages_select=['radar_conti_ars408'], packages_skip=None, packages_select_regex=None, packages_skip_regex=None, packages_start=None, packages_end=None, allow_overriding=[], cmake_args=None, cmake_target=None, cmake_target_skip_unavailable=False, cmake_clean_cache=False, cmake_clean_first=False, cmake_force_configure=False, ament_cmake_args=None, catkin_cmake_args=None, catkin_skip_building_tests=False, mixin_files=None, mixin=None, verb_parser=<colcon_mixin.mixin.mixin_argument.MixinArgumentDecorator object at 0xffff854b4a30>, verb_extension=<colcon_core.verb.build.BuildVerb object at 0xffff854b44c0>, main=<bound method BuildVerb.main of <colcon_core.verb.build.BuildVerb object at 0xffff854b44c0>>, mixin_verb=('build',))
[0.532s] Level 1:colcon.colcon_core.package_discovery:discover_packages(colcon_meta) check parameters
[0.533s] Level 1:colcon.colcon_core.package_discovery:discover_packages(recursive) check parameters
[0.533s] Level 1:colcon.colcon_core.package_discovery:discover_packages(ignore) check parameters
[0.533s] Level 1:colcon.colcon_core.package_discovery:discover_packages(path) check parameters
[0.533s] Level 1:colcon.colcon_core.package_discovery:discover_packages(colcon_meta) discover
[0.533s] Level 1:colcon.colcon_core.package_discovery:discover_packages(recursive) discover
[0.533s] INFO:colcon.colcon_core.package_discovery:Crawling recursively for packages in '/home/jet_orin/streetlive/test'
[0.533s] Level 1:colcon.colcon_core.package_identification:_identify(.) by extensions ['ignore', 'ignore_ament_install']
[0.533s] Level 1:colcon.colcon_core.package_identification:_identify(.) by extension 'ignore'
[0.534s] Level 1:colcon.colcon_core.package_identification:_identify(.) by extension 'ignore_ament_install'
[0.534s] Level 1:colcon.colcon_core.package_identification:_identify(.) by extensions ['colcon_pkg']
[0.534s] Level 1:colcon.colcon_core.package_identification:_identify(.) by extension 'colcon_pkg'
[0.534s] Level 1:colcon.colcon_core.package_identification:_identify(.) by extensions ['colcon_meta']
[0.534s] Level 1:colcon.colcon_core.package_identification:_identify(.) by extension 'colcon_meta'
[0.534s] Level 1:colcon.colcon_core.package_identification:_identify(.) by extensions ['ros']
[0.534s] Level 1:colcon.colcon_core.package_identification:_identify(.) by extension 'ros'
[0.552s] Level 1:colcon.colcon_core.package_identification:_identify(.) by extensions ['cmake', 'python']
[0.552s] Level 1:colcon.colcon_core.package_identification:_identify(.) by extension 'cmake'
[0.552s] Level 1:colcon.colcon_core.package_identification:_identify(.) by extension 'python'
[0.552s] Level 1:colcon.colcon_core.package_identification:_identify(.) by extensions ['python_setup_py']
[0.552s] Level 1:colcon.colcon_core.package_identification:_identify(.) by extension 'python_setup_py'
[0.553s] Level 1:colcon.colcon_core.package_identification:_identify(build) by extensions ['ignore', 'ignore_ament_install']
[0.553s] Level 1:colcon.colcon_core.package_identification:_identify(build) by extension 'ignore'
[0.553s] Level 1:colcon.colcon_core.package_identification:_identify(build) ignored
[0.553s] Level 1:colcon.colcon_core.package_identification:_identify(install) by extensions ['ignore', 'ignore_ament_install']
[0.553s] Level 1:colcon.colcon_core.package_identification:_identify(install) by extension 'ignore'
[0.553s] Level 1:colcon.colcon_core.package_identification:_identify(install) ignored
[0.554s] Level 1:colcon.colcon_core.package_identification:_identify(log) by extensions ['ignore', 'ignore_ament_install']
[0.554s] Level 1:colcon.colcon_core.package_identification:_identify(log) by extension 'ignore'
[0.554s] Level 1:colcon.colcon_core.package_identification:_identify(log) ignored
[0.554s] Level 1:colcon.colcon_core.package_identification:_identify(src) by extensions ['ignore', 'ignore_ament_install']
[0.554s] Level 1:colcon.colcon_core.package_identification:_identify(src) by extension 'ignore'
[0.554s] Level 1:colcon.colcon_core.package_identification:_identify(src) by extension 'ignore_ament_install'
[0.554s] Level 1:colcon.colcon_core.package_identification:_identify(src) by extensions ['colcon_pkg']
[0.554s] Level 1:colcon.colcon_core.package_identification:_identify(src) by extension 'colcon_pkg'
[0.554s] Level 1:colcon.colcon_core.package_identification:_identify(src) by extensions ['colcon_meta']
[0.554s] Level 1:colcon.colcon_core.package_identification:_identify(src) by extension 'colcon_meta'
[0.555s] Level 1:colcon.colcon_core.package_identification:_identify(src) by extensions ['ros']
[0.555s] Level 1:colcon.colcon_core.package_identification:_identify(src) by extension 'ros'
[0.555s] Level 1:colcon.colcon_core.package_identification:_identify(src) by extensions ['cmake', 'python']
[0.555s] Level 1:colcon.colcon_core.package_identification:_identify(src) by extension 'cmake'
[0.555s] Level 1:colcon.colcon_core.package_identification:_identify(src) by extension 'python'
[0.555s] Level 1:colcon.colcon_core.package_identification:_identify(src) by extensions ['python_setup_py']
[0.555s] Level 1:colcon.colcon_core.package_identification:_identify(src) by extension 'python_setup_py'
[0.555s] Level 1:colcon.colcon_core.package_identification:_identify(src/ars-408) by extensions ['ignore', 'ignore_ament_install']
[0.555s] Level 1:colcon.colcon_core.package_identification:_identify(src/ars-408) by extension 'ignore'
[0.555s] Level 1:colcon.colcon_core.package_identification:_identify(src/ars-408) by extension 'ignore_ament_install'
[0.556s] Level 1:colcon.colcon_core.package_identification:_identify(src/ars-408) by extensions ['colcon_pkg']
[0.556s] Level 1:colcon.colcon_core.package_identification:_identify(src/ars-408) by extension 'colcon_pkg'
[0.556s] Level 1:colcon.colcon_core.package_identification:_identify(src/ars-408) by extensions ['colcon_meta']
[0.556s] Level 1:colcon.colcon_core.package_identification:_identify(src/ars-408) by extension 'colcon_meta'
[0.556s] Level 1:colcon.colcon_core.package_identification:_identify(src/ars-408) by extensions ['ros']
[0.556s] Level 1:colcon.colcon_core.package_identification:_identify(src/ars-408) by extension 'ros'
[0.556s] Level 1:colcon.colcon_core.package_identification:_identify(src/ars-408) by extensions ['cmake', 'python']
[0.556s] Level 1:colcon.colcon_core.package_identification:_identify(src/ars-408) by extension 'cmake'
[0.556s] Level 1:colcon.colcon_core.package_identification:_identify(src/ars-408) by extension 'python'
[0.556s] Level 1:colcon.colcon_core.package_identification:_identify(src/ars-408) by extensions ['python_setup_py']
[0.556s] Level 1:colcon.colcon_core.package_identification:_identify(src/ars-408) by extension 'python_setup_py'
[0.557s] Level 1:colcon.colcon_core.package_identification:_identify(src/ars-408/CAN_Recording) by extensions ['ignore', 'ignore_ament_install']
[0.557s] Level 1:colcon.colcon_core.package_identification:_identify(src/ars-408/CAN_Recording) by extension 'ignore'
[0.557s] Level 1:colcon.colcon_core.package_identification:_identify(src/ars-408/CAN_Recording) by extension 'ignore_ament_install'
[0.557s] Level 1:colcon.colcon_core.package_identification:_identify(src/ars-408/CAN_Recording) by extensions ['colcon_pkg']
[0.557s] Level 1:colcon.colcon_core.package_identification:_identify(src/ars-408/CAN_Recording) by extension 'colcon_pkg'
[0.557s] Level 1:colcon.colcon_core.package_identification:_identify(src/ars-408/CAN_Recording) by extensions ['colcon_meta']
[0.557s] Level 1:colcon.colcon_core.package_identification:_identify(src/ars-408/CAN_Recording) by extension 'colcon_meta'
[0.558s] Level 1:colcon.colcon_core.package_identification:_identify(src/ars-408/CAN_Recording) by extensions ['ros']
[0.558s] Level 1:colcon.colcon_core.package_identification:_identify(src/ars-408/CAN_Recording) by extension 'ros'
[0.558s] Level 1:colcon.colcon_core.package_identification:_identify(src/ars-408/CAN_Recording) by extensions ['cmake', 'python']
[0.558s] Level 1:colcon.colcon_core.package_identification:_identify(src/ars-408/CAN_Recording) by extension 'cmake'
[0.558s] Level 1:colcon.colcon_core.package_identification:_identify(src/ars-408/CAN_Recording) by extension 'python'
[0.558s] Level 1:colcon.colcon_core.package_identification:_identify(src/ars-408/CAN_Recording) by extensions ['python_setup_py']
[0.558s] Level 1:colcon.colcon_core.package_identification:_identify(src/ars-408/CAN_Recording) by extension 'python_setup_py'
[0.558s] Level 1:colcon.colcon_core.package_identification:_identify(src/ars-408/radar_conti_ars408) by extensions ['ignore', 'ignore_ament_install']
[0.558s] Level 1:colcon.colcon_core.package_identification:_identify(src/ars-408/radar_conti_ars408) by extension 'ignore'
[0.558s] Level 1:colcon.colcon_core.package_identification:_identify(src/ars-408/radar_conti_ars408) by extension 'ignore_ament_install'
[0.559s] Level 1:colcon.colcon_core.package_identification:_identify(src/ars-408/radar_conti_ars408) by extensions ['colcon_pkg']
[0.559s] Level 1:colcon.colcon_core.package_identification:_identify(src/ars-408/radar_conti_ars408) by extension 'colcon_pkg'
[0.559s] Level 1:colcon.colcon_core.package_identification:_identify(src/ars-408/radar_conti_ars408) by extensions ['colcon_meta']
[0.559s] Level 1:colcon.colcon_core.package_identification:_identify(src/ars-408/radar_conti_ars408) by extension 'colcon_meta'
[0.559s] Level 1:colcon.colcon_core.package_identification:_identify(src/ars-408/radar_conti_ars408) by extensions ['ros']
[0.559s] Level 1:colcon.colcon_core.package_identification:_identify(src/ars-408/radar_conti_ars408) by extension 'ros'
[0.559s] Level 1:colcon.colcon_core.package_identification:_identify(src/ars-408/radar_conti_ars408) by extensions ['cmake', 'python']
[0.559s] Level 1:colcon.colcon_core.package_identification:_identify(src/ars-408/radar_conti_ars408) by extension 'cmake'
[0.559s] Level 1:colcon.colcon_core.package_identification:_identify(src/ars-408/radar_conti_ars408) by extension 'python'
[0.559s] Level 1:colcon.colcon_core.package_identification:_identify(src/ars-408/radar_conti_ars408) by extensions ['python_setup_py']
[0.559s] Level 1:colcon.colcon_core.package_identification:_identify(src/ars-408/radar_conti_ars408) by extension 'python_setup_py'
[0.559s] Level 1:colcon.colcon_core.package_identification:_identify(src/ars-408/radar_conti_ars408/src) by extensions ['ignore', 'ignore_ament_install']
[0.560s] Level 1:colcon.colcon_core.package_identification:_identify(src/ars-408/radar_conti_ars408/src) by extension 'ignore'
[0.560s] Level 1:colcon.colcon_core.package_identification:_identify(src/ars-408/radar_conti_ars408/src) by extension 'ignore_ament_install'
[0.560s] Level 1:colcon.colcon_core.package_identification:_identify(src/ars-408/radar_conti_ars408/src) by extensions ['colcon_pkg']
[0.560s] Level 1:colcon.colcon_core.package_identification:_identify(src/ars-408/radar_conti_ars408/src) by extension 'colcon_pkg'
[0.560s] Level 1:colcon.colcon_core.package_identification:_identify(src/ars-408/radar_conti_ars408/src) by extensions ['colcon_meta']
[0.560s] Level 1:colcon.colcon_core.package_identification:_identify(src/ars-408/radar_conti_ars408/src) by extension 'colcon_meta'
[0.560s] Level 1:colcon.colcon_core.package_identification:_identify(src/ars-408/radar_conti_ars408/src) by extensions ['ros']
[0.560s] Level 1:colcon.colcon_core.package_identification:_identify(src/ars-408/radar_conti_ars408/src) by extension 'ros'
[0.568s] DEBUG:colcon.colcon_core.package_identification:Package 'src/ars-408/radar_conti_ars408/src' with type 'ros.ament_cmake' and name 'radar_conti_ars408'
[0.568s] Level 1:colcon.colcon_core.package_identification:_identify(src/ars-408/radar_conti_ars408_msgs) by extensions ['ignore', 'ignore_ament_install']
[0.568s] Level 1:colcon.colcon_core.package_identification:_identify(src/ars-408/radar_conti_ars408_msgs) by extension 'ignore'
[0.568s] Level 1:colcon.colcon_core.package_identification:_identify(src/ars-408/radar_conti_ars408_msgs) by extension 'ignore_ament_install'
[0.569s] Level 1:colcon.colcon_core.package_identification:_identify(src/ars-408/radar_conti_ars408_msgs) by extensions ['colcon_pkg']
[0.569s] Level 1:colcon.colcon_core.package_identification:_identify(src/ars-408/radar_conti_ars408_msgs) by extension 'colcon_pkg'
[0.569s] Level 1:colcon.colcon_core.package_identification:_identify(src/ars-408/radar_conti_ars408_msgs) by extensions ['colcon_meta']
[0.569s] Level 1:colcon.colcon_core.package_identification:_identify(src/ars-408/radar_conti_ars408_msgs) by extension 'colcon_meta'
[0.569s] Level 1:colcon.colcon_core.package_identification:_identify(src/ars-408/radar_conti_ars408_msgs) by extensions ['ros']
[0.569s] Level 1:colcon.colcon_core.package_identification:_identify(src/ars-408/radar_conti_ars408_msgs) by extension 'ros'
[0.570s] DEBUG:colcon.colcon_core.package_identification:Package 'src/ars-408/radar_conti_ars408_msgs' with type 'ros.ament_cmake' and name 'radar_conti_ars408_msgs'
[0.570s] Level 1:colcon.colcon_core.package_identification:_identify(src/navigation2_dynamic) by extensions ['ignore', 'ignore_ament_install']
[0.571s] Level 1:colcon.colcon_core.package_identification:_identify(src/navigation2_dynamic) by extension 'ignore'
[0.571s] Level 1:colcon.colcon_core.package_identification:_identify(src/navigation2_dynamic) by extension 'ignore_ament_install'
[0.571s] Level 1:colcon.colcon_core.package_identification:_identify(src/navigation2_dynamic) by extensions ['colcon_pkg']
[0.571s] Level 1:colcon.colcon_core.package_identification:_identify(src/navigation2_dynamic) by extension 'colcon_pkg'
[0.571s] Level 1:colcon.colcon_core.package_identification:_identify(src/navigation2_dynamic) by extensions ['colcon_meta']
[0.571s] Level 1:colcon.colcon_core.package_identification:_identify(src/navigation2_dynamic) by extension 'colcon_meta'
[0.571s] Level 1:colcon.colcon_core.package_identification:_identify(src/navigation2_dynamic) by extensions ['ros']
[0.571s] Level 1:colcon.colcon_core.package_identification:_identify(src/navigation2_dynamic) by extension 'ros'
[0.571s] Level 1:colcon.colcon_core.package_identification:_identify(src/navigation2_dynamic) by extensions ['cmake', 'python']
[0.572s] Level 1:colcon.colcon_core.package_identification:_identify(src/navigation2_dynamic) by extension 'cmake'
[0.572s] Level 1:colcon.colcon_core.package_identification:_identify(src/navigation2_dynamic) by extension 'python'
[0.572s] Level 1:colcon.colcon_core.package_identification:_identify(src/navigation2_dynamic) by extensions ['python_setup_py']
[0.572s] Level 1:colcon.colcon_core.package_identification:_identify(src/navigation2_dynamic) by extension 'python_setup_py'
[0.572s] Level 1:colcon.colcon_core.package_identification:_identify(src/navigation2_dynamic/kf_hungarian_tracker) by extensions ['ignore', 'ignore_ament_install']
[0.572s] Level 1:colcon.colcon_core.package_identification:_identify(src/navigation2_dynamic/kf_hungarian_tracker) by extension 'ignore'
[0.572s] Level 1:colcon.colcon_core.package_identification:_identify(src/navigation2_dynamic/kf_hungarian_tracker) by extension 'ignore_ament_install'
[0.573s] Level 1:colcon.colcon_core.package_identification:_identify(src/navigation2_dynamic/kf_hungarian_tracker) by extensions ['colcon_pkg']
[0.573s] Level 1:colcon.colcon_core.package_identification:_identify(src/navigation2_dynamic/kf_hungarian_tracker) by extension 'colcon_pkg'
[0.573s] Level 1:colcon.colcon_core.package_identification:_identify(src/navigation2_dynamic/kf_hungarian_tracker) by extensions ['colcon_meta']
[0.573s] Level 1:colcon.colcon_core.package_identification:_identify(src/navigation2_dynamic/kf_hungarian_tracker) by extension 'colcon_meta'
[0.573s] Level 1:colcon.colcon_core.package_identification:_identify(src/navigation2_dynamic/kf_hungarian_tracker) by extensions ['ros']
[0.573s] Level 1:colcon.colcon_core.package_identification:_identify(src/navigation2_dynamic/kf_hungarian_tracker) by extension 'ros'
[0.574s] DEBUG:colcon.colcon_core.package_identification:Package 'src/navigation2_dynamic/kf_hungarian_tracker' with type 'ros.ament_python' and name 'kf_hungarian_tracker'
[0.575s] Level 1:colcon.colcon_core.package_identification:_identify(src/navigation2_dynamic/nav2_dynamic_msgs) by extensions ['ignore', 'ignore_ament_install']
[0.575s] Level 1:colcon.colcon_core.package_identification:_identify(src/navigation2_dynamic/nav2_dynamic_msgs) by extension 'ignore'
[0.575s] Level 1:colcon.colcon_core.package_identification:_identify(src/navigation2_dynamic/nav2_dynamic_msgs) by extension 'ignore_ament_install'
[0.575s] Level 1:colcon.colcon_core.package_identification:_identify(src/navigation2_dynamic/nav2_dynamic_msgs) by extensions ['colcon_pkg']
[0.575s] Level 1:colcon.colcon_core.package_identification:_identify(src/navigation2_dynamic/nav2_dynamic_msgs) by extension 'colcon_pkg'
[0.575s] Level 1:colcon.colcon_core.package_identification:_identify(src/navigation2_dynamic/nav2_dynamic_msgs) by extensions ['colcon_meta']
[0.575s] Level 1:colcon.colcon_core.package_identification:_identify(src/navigation2_dynamic/nav2_dynamic_msgs) by extension 'colcon_meta'
[0.575s] Level 1:colcon.colcon_core.package_identification:_identify(src/navigation2_dynamic/nav2_dynamic_msgs) by extensions ['ros']
[0.575s] Level 1:colcon.colcon_core.package_identification:_identify(src/navigation2_dynamic/nav2_dynamic_msgs) by extension 'ros'
[0.577s] DEBUG:colcon.colcon_core.package_identification:Package 'src/navigation2_dynamic/nav2_dynamic_msgs' with type 'ros.ament_cmake' and name 'nav2_dynamic_msgs'
[0.577s] Level 1:colcon.colcon_core.package_identification:_identify(src/socketcan_adapter) by extensions ['ignore', 'ignore_ament_install']
[0.578s] Level 1:colcon.colcon_core.package_identification:_identify(src/socketcan_adapter) by extension 'ignore'
[0.578s] Level 1:colcon.colcon_core.package_identification:_identify(src/socketcan_adapter) by extension 'ignore_ament_install'
[0.578s] Level 1:colcon.colcon_core.package_identification:_identify(src/socketcan_adapter) by extensions ['colcon_pkg']
[0.578s] Level 1:colcon.colcon_core.package_identification:_identify(src/socketcan_adapter) by extension 'colcon_pkg'
[0.578s] Level 1:colcon.colcon_core.package_identification:_identify(src/socketcan_adapter) by extensions ['colcon_meta']
[0.578s] Level 1:colcon.colcon_core.package_identification:_identify(src/socketcan_adapter) by extension 'colcon_meta'
[0.578s] Level 1:colcon.colcon_core.package_identification:_identify(src/socketcan_adapter) by extensions ['ros']
[0.578s] Level 1:colcon.colcon_core.package_identification:_identify(src/socketcan_adapter) by extension 'ros'
[0.579s] Level 1:colcon.colcon_core.package_identification:_identify(src/socketcan_adapter) by extensions ['cmake', 'python']
[0.579s] Level 1:colcon.colcon_core.package_identification:_identify(src/socketcan_adapter) by extension 'cmake'
[0.579s] Level 1:colcon.colcon_core.package_identification:_identify(src/socketcan_adapter) by extension 'python'
[0.579s] Level 1:colcon.colcon_core.package_identification:_identify(src/socketcan_adapter) by extensions ['python_setup_py']
[0.579s] Level 1:colcon.colcon_core.package_identification:_identify(src/socketcan_adapter) by extension 'python_setup_py'
[0.579s] Level 1:colcon.colcon_core.package_identification:_identify(src/socketcan_adapter/socketcan_adapter) by extensions ['ignore', 'ignore_ament_install']
[0.579s] Level 1:colcon.colcon_core.package_identification:_identify(src/socketcan_adapter/socketcan_adapter) by extension 'ignore'
[0.579s] Level 1:colcon.colcon_core.package_identification:_identify(src/socketcan_adapter/socketcan_adapter) by extension 'ignore_ament_install'
[0.580s] Level 1:colcon.colcon_core.package_identification:_identify(src/socketcan_adapter/socketcan_adapter) by extensions ['colcon_pkg']
[0.580s] Level 1:colcon.colcon_core.package_identification:_identify(src/socketcan_adapter/socketcan_adapter) by extension 'colcon_pkg'
[0.580s] Level 1:colcon.colcon_core.package_identification:_identify(src/socketcan_adapter/socketcan_adapter) by extensions ['colcon_meta']
[0.580s] Level 1:colcon.colcon_core.package_identification:_identify(src/socketcan_adapter/socketcan_adapter) by extension 'colcon_meta'
[0.580s] Level 1:colcon.colcon_core.package_identification:_identify(src/socketcan_adapter/socketcan_adapter) by extensions ['ros']
[0.580s] Level 1:colcon.colcon_core.package_identification:_identify(src/socketcan_adapter/socketcan_adapter) by extension 'ros'
[0.581s] DEBUG:colcon.colcon_core.package_identification:Package 'src/socketcan_adapter/socketcan_adapter' with type 'ros.ament_cmake' and name 'socketcan_adapter'
[0.581s] Level 1:colcon.colcon_core.package_identification:_identify(src/socketcan_adapter/socketcan_adapter_ros) by extensions ['ignore', 'ignore_ament_install']
[0.581s] Level 1:colcon.colcon_core.package_identification:_identify(src/socketcan_adapter/socketcan_adapter_ros) by extension 'ignore'
[0.581s] Level 1:colcon.colcon_core.package_identification:_identify(src/socketcan_adapter/socketcan_adapter_ros) by extension 'ignore_ament_install'
[0.581s] Level 1:colcon.colcon_core.package_identification:_identify(src/socketcan_adapter/socketcan_adapter_ros) by extensions ['colcon_pkg']
[0.582s] Level 1:colcon.colcon_core.package_identification:_identify(src/socketcan_adapter/socketcan_adapter_ros) by extension 'colcon_pkg'
[0.582s] Level 1:colcon.colcon_core.package_identification:_identify(src/socketcan_adapter/socketcan_adapter_ros) by extensions ['colcon_meta']
[0.582s] Level 1:colcon.colcon_core.package_identification:_identify(src/socketcan_adapter/socketcan_adapter_ros) by extension 'colcon_meta'
[0.582s] Level 1:colcon.colcon_core.package_identification:_identify(src/socketcan_adapter/socketcan_adapter_ros) by extensions ['ros']
[0.582s] Level 1:colcon.colcon_core.package_identification:_identify(src/socketcan_adapter/socketcan_adapter_ros) by extension 'ros'
[0.583s] DEBUG:colcon.colcon_core.package_identification:Package 'src/socketcan_adapter/socketcan_adapter_ros' with type 'ros.ament_cmake' and name 'socketcan_adapter_ros'
[0.583s] Level 1:colcon.colcon_core.package_discovery:discover_packages(recursive) using defaults
[0.583s] Level 1:colcon.colcon_core.package_discovery:discover_packages(ignore) discover
[0.583s] Level 1:colcon.colcon_core.package_discovery:discover_packages(ignore) using defaults
[0.583s] Level 1:colcon.colcon_core.package_discovery:discover_packages(path) discover
[0.583s] Level 1:colcon.colcon_core.package_discovery:discover_packages(path) using defaults
[0.651s] INFO:colcon.colcon_core.package_selection:Skipping not selected package 'nav2_dynamic_msgs' in 'src/navigation2_dynamic/nav2_dynamic_msgs'
[0.651s] INFO:colcon.colcon_core.package_selection:Skipping not selected package 'radar_conti_ars408_msgs' in 'src/ars-408/radar_conti_ars408_msgs'
[0.651s] INFO:colcon.colcon_core.package_selection:Skipping not selected package 'socketcan_adapter' in 'src/socketcan_adapter/socketcan_adapter'
[0.651s] INFO:colcon.colcon_core.package_selection:Skipping not selected package 'kf_hungarian_tracker' in 'src/navigation2_dynamic/kf_hungarian_tracker'
[0.651s] INFO:colcon.colcon_core.package_selection:Skipping not selected package 'socketcan_adapter_ros' in 'src/socketcan_adapter/socketcan_adapter_ros'
[0.652s] Level 1:colcon.colcon_core.package_discovery:discover_packages(prefix_path) check parameters
[0.652s] Level 1:colcon.colcon_core.package_discovery:discover_packages(prefix_path) discover
[0.658s] DEBUG:colcon.colcon_installed_package_information.package_discovery:Found 6 installed packages in /home/jet_orin/streetlive/test/install
[0.660s] DEBUG:colcon.colcon_installed_package_information.package_discovery:Found 11 installed packages in /home/jet_orin/streetlive/AD-fusionbox/install
[0.662s] DEBUG:colcon.colcon_installed_package_information.package_discovery:Found 330 installed packages in /opt/ros/humble
[0.664s] Level 1:colcon.colcon_core.package_discovery:discover_packages(prefix_path) using defaults
[0.733s] Level 5:colcon.colcon_core.verb:set package 'radar_conti_ars408' build argument 'cmake_args' from command line to 'None'
[0.733s] Level 5:colcon.colcon_core.verb:set package 'radar_conti_ars408' build argument 'cmake_target' from command line to 'None'
[0.733s] Level 5:colcon.colcon_core.verb:set package 'radar_conti_ars408' build argument 'cmake_target_skip_unavailable' from command line to 'False'
[0.733s] Level 5:colcon.colcon_core.verb:set package 'radar_conti_ars408' build argument 'cmake_clean_cache' from command line to 'False'
[0.733s] Level 5:colcon.colcon_core.verb:set package 'radar_conti_ars408' build argument 'cmake_clean_first' from command line to 'False'
[0.733s] Level 5:colcon.colcon_core.verb:set package 'radar_conti_ars408' build argument 'cmake_force_configure' from command line to 'False'
[0.734s] Level 5:colcon.colcon_core.verb:set package 'radar_conti_ars408' build argument 'ament_cmake_args' from command line to 'None'
[0.734s] Level 5:colcon.colcon_core.verb:set package 'radar_conti_ars408' build argument 'catkin_cmake_args' from command line to 'None'
[0.734s] Level 5:colcon.colcon_core.verb:set package 'radar_conti_ars408' build argument 'catkin_skip_building_tests' from command line to 'False'
[0.734s] DEBUG:colcon.colcon_core.verb:Building package 'radar_conti_ars408' with the following arguments: {'ament_cmake_args': None, 'build_base': '/home/jet_orin/streetlive/test/build/radar_conti_ars408', 'catkin_cmake_args': None, 'catkin_skip_building_tests': False, 'cmake_args': None, 'cmake_clean_cache': False, 'cmake_clean_first': False, 'cmake_force_configure': False, 'cmake_target': None, 'cmake_target_skip_unavailable': False, 'install_base': '/home/jet_orin/streetlive/test/install/radar_conti_ars408', 'merge_install': False, 'path': '/home/jet_orin/streetlive/test/src/ars-408/radar_conti_ars408/src', 'symlink_install': False, 'test_result_base': None}
[0.734s] INFO:colcon.colcon_core.executor:Executing jobs using 'parallel' executor
[0.736s] DEBUG:colcon.colcon_parallel_executor.executor.parallel:run_until_complete
[0.737s] INFO:colcon.colcon_ros.task.ament_cmake.build:Building ROS package in '/home/jet_orin/streetlive/test/src/ars-408/radar_conti_ars408/src' with build type 'ament_cmake'
[0.737s] INFO:colcon.colcon_cmake.task.cmake.build:Building CMake package in '/home/jet_orin/streetlive/test/src/ars-408/radar_conti_ars408/src'
[0.745s] INFO:colcon.colcon_core.plugin_system:Skipping extension 'colcon_core.shell.bat': Not used on non-Windows systems
[0.746s] INFO:colcon.colcon_core.shell:Skip shell extension 'powershell' for command environment: Not usable outside of PowerShell
[0.746s] DEBUG:colcon.colcon_core.shell:Skip shell extension 'dsv' for command environment
[0.777s] DEBUG:colcon.colcon_core.event_handler.log_command:Invoking command in '/home/jet_orin/streetlive/test/build/radar_conti_ars408': CMAKE_PREFIX_PATH=/home/jet_orin/streetlive/test/install/socketcan_adapter:/home/jet_orin/streetlive/test/install/radar_conti_ars408_msgs:/home/jet_orin/streetlive/test/install/nav2_dynamic_msgs:/home/jet_orin/streetlive/test/install/socketcan_adapter_ros:/home/jet_orin/streetlive/test/install/radar_conti_ars408:/home/jet_orin/streetlive/AD-fusionbox/install/zed_ros2:/home/jet_orin/streetlive/AD-fusionbox/install/bringup:/home/jet_orin/streetlive/AD-fusionbox/install/zed_wrapper:/home/jet_orin/streetlive/AD-fusionbox/install/zed_debug:/home/jet_orin/streetlive/AD-fusionbox/install/zed_components:/home/jet_orin/streetlive/AD-fusionbox/install/streetlive_msgs:/home/jet_orin/streetlive/AD-fusionbox/install/msgs:/home/jet_orin/streetlive/test/install/kf_hungarian_tracker:/home/jet_orin/streetlive/AD-fusionbox/install/perception:/home/jet_orin/streetlive/AD-fusionbox/install/offline:/home/jet_orin/streetlive/AD-fusionbox/install/localization:/home/jet_orin/streetlive/AD-fusionbox/install/drivers:/opt/ros/humble LD_LIBRARY_PATH=/home/jet_orin/streetlive/test/install/socketcan_adapter/lib:/home/jet_orin/streetlive/test/install/radar_conti_ars408_msgs/lib:/home/jet_orin/streetlive/test/install/nav2_dynamic_msgs/lib:/home/jet_orin/streetlive/test/install/socketcan_adapter_ros/lib:/home/jet_orin/streetlive/test/install/radar_conti_ars408/lib:/home/jet_orin/streetlive/AD-fusionbox/install/zed_components/lib:/opt/ros/humble/opt/rviz_ogre_vendor/lib:/opt/ros/humble/lib/aarch64-linux-gnu:/opt/ros/humble/lib:/usr/local/cuda-12.6/lib64 /usr/bin/cmake /home/jet_orin/streetlive/test/src/ars-408/radar_conti_ars408/src -DCMAKE_INSTALL_PREFIX=/home/jet_orin/streetlive/test/install/radar_conti_ars408
[2.365s] DEBUG:colcon.colcon_core.event_handler.log_command:Invoked command in '/home/jet_orin/streetlive/test/build/radar_conti_ars408' returned '0': CMAKE_PREFIX_PATH=/home/jet_orin/streetlive/test/install/socketcan_adapter:/home/jet_orin/streetlive/test/install/radar_conti_ars408_msgs:/home/jet_orin/streetlive/test/install/nav2_dynamic_msgs:/home/jet_orin/streetlive/test/install/socketcan_adapter_ros:/home/jet_orin/streetlive/test/install/radar_conti_ars408:/home/jet_orin/streetlive/AD-fusionbox/install/zed_ros2:/home/jet_orin/streetlive/AD-fusionbox/install/bringup:/home/jet_orin/streetlive/AD-fusionbox/install/zed_wrapper:/home/jet_orin/streetlive/AD-fusionbox/install/zed_debug:/home/jet_orin/streetlive/AD-fusionbox/install/zed_components:/home/jet_orin/streetlive/AD-fusionbox/install/streetlive_msgs:/home/jet_orin/streetlive/AD-fusionbox/install/msgs:/home/jet_orin/streetlive/test/install/kf_hungarian_tracker:/home/jet_orin/streetlive/AD-fusionbox/install/perception:/home/jet_orin/streetlive/AD-fusionbox/install/offline:/home/jet_orin/streetlive/AD-fusionbox/install/localization:/home/jet_orin/streetlive/AD-fusionbox/install/drivers:/opt/ros/humble LD_LIBRARY_PATH=/home/jet_orin/streetlive/test/install/socketcan_adapter/lib:/home/jet_orin/streetlive/test/install/radar_conti_ars408_msgs/lib:/home/jet_orin/streetlive/test/install/nav2_dynamic_msgs/lib:/home/jet_orin/streetlive/test/install/socketcan_adapter_ros/lib:/home/jet_orin/streetlive/test/install/radar_conti_ars408/lib:/home/jet_orin/streetlive/AD-fusionbox/install/zed_components/lib:/opt/ros/humble/opt/rviz_ogre_vendor/lib:/opt/ros/humble/lib/aarch64-linux-gnu:/opt/ros/humble/lib:/usr/local/cuda-12.6/lib64 /usr/bin/cmake /home/jet_orin/streetlive/test/src/ars-408/radar_conti_ars408/src -DCMAKE_INSTALL_PREFIX=/home/jet_orin/streetlive/test/install/radar_conti_ars408
[2.369s] DEBUG:colcon.colcon_core.event_handler.log_command:Invoking command in '/home/jet_orin/streetlive/test/build/radar_conti_ars408': CMAKE_PREFIX_PATH=/home/jet_orin/streetlive/test/install/socketcan_adapter:/home/jet_orin/streetlive/test/install/radar_conti_ars408_msgs:/home/jet_orin/streetlive/test/install/nav2_dynamic_msgs:/home/jet_orin/streetlive/test/install/socketcan_adapter_ros:/home/jet_orin/streetlive/test/install/radar_conti_ars408:/home/jet_orin/streetlive/AD-fusionbox/install/zed_ros2:/home/jet_orin/streetlive/AD-fusionbox/install/bringup:/home/jet_orin/streetlive/AD-fusionbox/install/zed_wrapper:/home/jet_orin/streetlive/AD-fusionbox/install/zed_debug:/home/jet_orin/streetlive/AD-fusionbox/install/zed_components:/home/jet_orin/streetlive/AD-fusionbox/install/streetlive_msgs:/home/jet_orin/streetlive/AD-fusionbox/install/msgs:/home/jet_orin/streetlive/test/install/kf_hungarian_tracker:/home/jet_orin/streetlive/AD-fusionbox/install/perception:/home/jet_orin/streetlive/AD-fusionbox/install/offline:/home/jet_orin/streetlive/AD-fusionbox/install/localization:/home/jet_orin/streetlive/AD-fusionbox/install/drivers:/opt/ros/humble LD_LIBRARY_PATH=/home/jet_orin/streetlive/test/install/socketcan_adapter/lib:/home/jet_orin/streetlive/test/install/radar_conti_ars408_msgs/lib:/home/jet_orin/streetlive/test/install/nav2_dynamic_msgs/lib:/home/jet_orin/streetlive/test/install/socketcan_adapter_ros/lib:/home/jet_orin/streetlive/test/install/radar_conti_ars408/lib:/home/jet_orin/streetlive/AD-fusionbox/install/zed_components/lib:/opt/ros/humble/opt/rviz_ogre_vendor/lib:/opt/ros/humble/lib/aarch64-linux-gnu:/opt/ros/humble/lib:/usr/local/cuda-12.6/lib64 /usr/bin/cmake --build /home/jet_orin/streetlive/test/build/radar_conti_ars408 -- -j12 -l12
[2.638s] DEBUG:colcon.colcon_core.event_handler.log_command:Invoked command in '/home/jet_orin/streetlive/test/build/radar_conti_ars408' returned '0': CMAKE_PREFIX_PATH=/home/jet_orin/streetlive/test/install/socketcan_adapter:/home/jet_orin/streetlive/test/install/radar_conti_ars408_msgs:/home/jet_orin/streetlive/test/install/nav2_dynamic_msgs:/home/jet_orin/streetlive/test/install/socketcan_adapter_ros:/home/jet_orin/streetlive/test/install/radar_conti_ars408:/home/jet_orin/streetlive/AD-fusionbox/install/zed_ros2:/home/jet_orin/streetlive/AD-fusionbox/install/bringup:/home/jet_orin/streetlive/AD-fusionbox/install/zed_wrapper:/home/jet_orin/streetlive/AD-fusionbox/install/zed_debug:/home/jet_orin/streetlive/AD-fusionbox/install/zed_components:/home/jet_orin/streetlive/AD-fusionbox/install/streetlive_msgs:/home/jet_orin/streetlive/AD-fusionbox/install/msgs:/home/jet_orin/streetlive/test/install/kf_hungarian_tracker:/home/jet_orin/streetlive/AD-fusionbox/install/perception:/home/jet_orin/streetlive/AD-fusionbox/install/offline:/home/jet_orin/streetlive/AD-fusionbox/install/localization:/home/jet_orin/streetlive/AD-fusionbox/install/drivers:/opt/ros/humble LD_LIBRARY_PATH=/home/jet_orin/streetlive/test/install/socketcan_adapter/lib:/home/jet_orin/streetlive/test/install/radar_conti_ars408_msgs/lib:/home/jet_orin/streetlive/test/install/nav2_dynamic_msgs/lib:/home/jet_orin/streetlive/test/install/socketcan_adapter_ros/lib:/home/jet_orin/streetlive/test/install/radar_conti_ars408/lib:/home/jet_orin/streetlive/AD-fusionbox/install/zed_components/lib:/opt/ros/humble/opt/rviz_ogre_vendor/lib:/opt/ros/humble/lib/aarch64-linux-gnu:/opt/ros/humble/lib:/usr/local/cuda-12.6/lib64 /usr/bin/cmake --build /home/jet_orin/streetlive/test/build/radar_conti_ars408 -- -j12 -l12
[2.659s] DEBUG:colcon.colcon_core.event_handler.log_command:Invoking command in '/home/jet_orin/streetlive/test/build/radar_conti_ars408': CMAKE_PREFIX_PATH=/home/jet_orin/streetlive/test/install/socketcan_adapter:/home/jet_orin/streetlive/test/install/radar_conti_ars408_msgs:/home/jet_orin/streetlive/test/install/nav2_dynamic_msgs:/home/jet_orin/streetlive/test/install/socketcan_adapter_ros:/home/jet_orin/streetlive/test/install/radar_conti_ars408:/home/jet_orin/streetlive/AD-fusionbox/install/zed_ros2:/home/jet_orin/streetlive/AD-fusionbox/install/bringup:/home/jet_orin/streetlive/AD-fusionbox/install/zed_wrapper:/home/jet_orin/streetlive/AD-fusionbox/install/zed_debug:/home/jet_orin/streetlive/AD-fusionbox/install/zed_components:/home/jet_orin/streetlive/AD-fusionbox/install/streetlive_msgs:/home/jet_orin/streetlive/AD-fusionbox/install/msgs:/home/jet_orin/streetlive/test/install/kf_hungarian_tracker:/home/jet_orin/streetlive/AD-fusionbox/install/perception:/home/jet_orin/streetlive/AD-fusionbox/install/offline:/home/jet_orin/streetlive/AD-fusionbox/install/localization:/home/jet_orin/streetlive/AD-fusionbox/install/drivers:/opt/ros/humble LD_LIBRARY_PATH=/home/jet_orin/streetlive/test/install/socketcan_adapter/lib:/home/jet_orin/streetlive/test/install/radar_conti_ars408_msgs/lib:/home/jet_orin/streetlive/test/install/nav2_dynamic_msgs/lib:/home/jet_orin/streetlive/test/install/socketcan_adapter_ros/lib:/home/jet_orin/streetlive/test/install/radar_conti_ars408/lib:/home/jet_orin/streetlive/AD-fusionbox/install/zed_components/lib:/opt/ros/humble/opt/rviz_ogre_vendor/lib:/opt/ros/humble/lib/aarch64-linux-gnu:/opt/ros/humble/lib:/usr/local/cuda-12.6/lib64 /usr/bin/cmake --install /home/jet_orin/streetlive/test/build/radar_conti_ars408
[2.703s] Level 1:colcon.colcon_core.environment:create_environment_scripts_only(radar_conti_ars408)
[2.705s] DEBUG:colcon.colcon_core.event_handler.log_command:Invoked command in '/home/jet_orin/streetlive/test/build/radar_conti_ars408' returned '0': CMAKE_PREFIX_PATH=/home/jet_orin/streetlive/test/install/socketcan_adapter:/home/jet_orin/streetlive/test/install/radar_conti_ars408_msgs:/home/jet_orin/streetlive/test/install/nav2_dynamic_msgs:/home/jet_orin/streetlive/test/install/socketcan_adapter_ros:/home/jet_orin/streetlive/test/install/radar_conti_ars408:/home/jet_orin/streetlive/AD-fusionbox/install/zed_ros2:/home/jet_orin/streetlive/AD-fusionbox/install/bringup:/home/jet_orin/streetlive/AD-fusionbox/install/zed_wrapper:/home/jet_orin/streetlive/AD-fusionbox/install/zed_debug:/home/jet_orin/streetlive/AD-fusionbox/install/zed_components:/home/jet_orin/streetlive/AD-fusionbox/install/streetlive_msgs:/home/jet_orin/streetlive/AD-fusionbox/install/msgs:/home/jet_orin/streetlive/test/install/kf_hungarian_tracker:/home/jet_orin/streetlive/AD-fusionbox/install/perception:/home/jet_orin/streetlive/AD-fusionbox/install/offline:/home/jet_orin/streetlive/AD-fusionbox/install/localization:/home/jet_orin/streetlive/AD-fusionbox/install/drivers:/opt/ros/humble LD_LIBRARY_PATH=/home/jet_orin/streetlive/test/install/socketcan_adapter/lib:/home/jet_orin/streetlive/test/install/radar_conti_ars408_msgs/lib:/home/jet_orin/streetlive/test/install/nav2_dynamic_msgs/lib:/home/jet_orin/streetlive/test/install/socketcan_adapter_ros/lib:/home/jet_orin/streetlive/test/install/radar_conti_ars408/lib:/home/jet_orin/streetlive/AD-fusionbox/install/zed_components/lib:/opt/ros/humble/opt/rviz_ogre_vendor/lib:/opt/ros/humble/lib/aarch64-linux-gnu:/opt/ros/humble/lib:/usr/local/cuda-12.6/lib64 /usr/bin/cmake --install /home/jet_orin/streetlive/test/build/radar_conti_ars408
[2.713s] Level 1:colcon.colcon_core.environment:checking '/home/jet_orin/streetlive/test/install/radar_conti_ars408' for CMake module files
[2.714s] Level 1:colcon.colcon_core.environment:checking '/home/jet_orin/streetlive/test/install/radar_conti_ars408' for CMake config files
[2.715s] Level 1:colcon.colcon_core.shell:create_environment_hook('radar_conti_ars408', 'cmake_prefix_path')
[2.715s] INFO:colcon.colcon_core.shell:Creating environment hook '/home/jet_orin/streetlive/test/install/radar_conti_ars408/share/radar_conti_ars408/hook/cmake_prefix_path.ps1'
[2.718s] INFO:colcon.colcon_core.shell:Creating environment descriptor '/home/jet_orin/streetlive/test/install/radar_conti_ars408/share/radar_conti_ars408/hook/cmake_prefix_path.dsv'
[2.718s] INFO:colcon.colcon_core.shell:Creating environment hook '/home/jet_orin/streetlive/test/install/radar_conti_ars408/share/radar_conti_ars408/hook/cmake_prefix_path.sh'
[2.720s] Level 1:colcon.colcon_core.environment:checking '/home/jet_orin/streetlive/test/install/radar_conti_ars408/lib'
[2.721s] Level 1:colcon.colcon_core.shell:create_environment_hook('radar_conti_ars408', 'ld_library_path_lib')
[2.722s] INFO:colcon.colcon_core.shell:Creating environment hook '/home/jet_orin/streetlive/test/install/radar_conti_ars408/share/radar_conti_ars408/hook/ld_library_path_lib.ps1'
[2.724s] INFO:colcon.colcon_core.shell:Creating environment descriptor '/home/jet_orin/streetlive/test/install/radar_conti_ars408/share/radar_conti_ars408/hook/ld_library_path_lib.dsv'
[2.724s] INFO:colcon.colcon_core.shell:Creating environment hook '/home/jet_orin/streetlive/test/install/radar_conti_ars408/share/radar_conti_ars408/hook/ld_library_path_lib.sh'
[2.725s] Level 1:colcon.colcon_core.environment:checking '/home/jet_orin/streetlive/test/install/radar_conti_ars408/bin'
[2.725s] Level 1:colcon.colcon_core.environment:checking '/home/jet_orin/streetlive/test/install/radar_conti_ars408/lib/pkgconfig/radar_conti_ars408.pc'
[2.725s] Level 1:colcon.colcon_core.environment:checking '/home/jet_orin/streetlive/test/install/radar_conti_ars408/lib/python3.10/site-packages'
[2.726s] Level 1:colcon.colcon_core.environment:checking '/home/jet_orin/streetlive/test/install/radar_conti_ars408/bin'
[2.727s] INFO:colcon.colcon_core.shell:Creating package script '/home/jet_orin/streetlive/test/install/radar_conti_ars408/share/radar_conti_ars408/package.ps1'
[2.731s] INFO:colcon.colcon_core.shell:Creating package descriptor '/home/jet_orin/streetlive/test/install/radar_conti_ars408/share/radar_conti_ars408/package.dsv'
[2.732s] INFO:colcon.colcon_core.shell:Creating package script '/home/jet_orin/streetlive/test/install/radar_conti_ars408/share/radar_conti_ars408/package.sh'
[2.734s] INFO:colcon.colcon_core.shell:Creating package script '/home/jet_orin/streetlive/test/install/radar_conti_ars408/share/radar_conti_ars408/package.bash'
[2.737s] INFO:colcon.colcon_core.shell:Creating package script '/home/jet_orin/streetlive/test/install/radar_conti_ars408/share/radar_conti_ars408/package.zsh'
[2.740s] Level 1:colcon.colcon_core.environment:create_file_with_runtime_dependencies(/home/jet_orin/streetlive/test/install/radar_conti_ars408/share/colcon-core/packages/radar_conti_ars408)
[2.742s] Level 1:colcon.colcon_core.environment:create_environment_scripts_only(radar_conti_ars408)
[2.743s] Level 1:colcon.colcon_core.environment:checking '/home/jet_orin/streetlive/test/install/radar_conti_ars408' for CMake module files
[2.744s] Level 1:colcon.colcon_core.environment:checking '/home/jet_orin/streetlive/test/install/radar_conti_ars408' for CMake config files
[2.745s] Level 1:colcon.colcon_core.shell:create_environment_hook('radar_conti_ars408', 'cmake_prefix_path')
[2.746s] INFO:colcon.colcon_core.shell:Creating environment hook '/home/jet_orin/streetlive/test/install/radar_conti_ars408/share/radar_conti_ars408/hook/cmake_prefix_path.ps1'
[2.747s] INFO:colcon.colcon_core.shell:Creating environment descriptor '/home/jet_orin/streetlive/test/install/radar_conti_ars408/share/radar_conti_ars408/hook/cmake_prefix_path.dsv'
[2.748s] INFO:colcon.colcon_core.shell:Creating environment hook '/home/jet_orin/streetlive/test/install/radar_conti_ars408/share/radar_conti_ars408/hook/cmake_prefix_path.sh'
[2.748s] Level 1:colcon.colcon_core.environment:checking '/home/jet_orin/streetlive/test/install/radar_conti_ars408/lib'
[2.749s] Level 1:colcon.colcon_core.shell:create_environment_hook('radar_conti_ars408', 'ld_library_path_lib')
[2.749s] INFO:colcon.colcon_core.shell:Creating environment hook '/home/jet_orin/streetlive/test/install/radar_conti_ars408/share/radar_conti_ars408/hook/ld_library_path_lib.ps1'
[2.749s] INFO:colcon.colcon_core.shell:Creating environment descriptor '/home/jet_orin/streetlive/test/install/radar_conti_ars408/share/radar_conti_ars408/hook/ld_library_path_lib.dsv'
[2.751s] INFO:colcon.colcon_core.shell:Creating environment hook '/home/jet_orin/streetlive/test/install/radar_conti_ars408/share/radar_conti_ars408/hook/ld_library_path_lib.sh'
[2.752s] Level 1:colcon.colcon_core.environment:checking '/home/jet_orin/streetlive/test/install/radar_conti_ars408/bin'
[2.752s] Level 1:colcon.colcon_core.environment:checking '/home/jet_orin/streetlive/test/install/radar_conti_ars408/lib/pkgconfig/radar_conti_ars408.pc'
[2.752s] Level 1:colcon.colcon_core.environment:checking '/home/jet_orin/streetlive/test/install/radar_conti_ars408/lib/python3.10/site-packages'
[2.753s] Level 1:colcon.colcon_core.environment:checking '/home/jet_orin/streetlive/test/install/radar_conti_ars408/bin'
[2.753s] INFO:colcon.colcon_core.shell:Creating package script '/home/jet_orin/streetlive/test/install/radar_conti_ars408/share/radar_conti_ars408/package.ps1'
[2.754s] INFO:colcon.colcon_core.shell:Creating package descriptor '/home/jet_orin/streetlive/test/install/radar_conti_ars408/share/radar_conti_ars408/package.dsv'
[2.755s] INFO:colcon.colcon_core.shell:Creating package script '/home/jet_orin/streetlive/test/install/radar_conti_ars408/share/radar_conti_ars408/package.sh'
[2.756s] INFO:colcon.colcon_core.shell:Creating package script '/home/jet_orin/streetlive/test/install/radar_conti_ars408/share/radar_conti_ars408/package.bash'
[2.757s] INFO:colcon.colcon_core.shell:Creating package script '/home/jet_orin/streetlive/test/install/radar_conti_ars408/share/radar_conti_ars408/package.zsh'
[2.758s] Level 1:colcon.colcon_core.environment:create_file_with_runtime_dependencies(/home/jet_orin/streetlive/test/install/radar_conti_ars408/share/colcon-core/packages/radar_conti_ars408)
[2.759s] DEBUG:colcon.colcon_parallel_executor.executor.parallel:closing loop
[2.759s] DEBUG:colcon.colcon_parallel_executor.executor.parallel:loop closed
[2.760s] DEBUG:colcon.colcon_parallel_executor.executor.parallel:run_until_complete finished with '0'
[2.760s] DEBUG:colcon.colcon_core.event_reactor:joining thread
[2.782s] INFO:colcon.colcon_core.plugin_system:Skipping extension 'colcon_notification.desktop_notification.terminal_notifier': Not used on non-Darwin systems
[2.782s] INFO:colcon.colcon_core.plugin_system:Skipping extension 'colcon_notification.desktop_notification.win32': Not used on non-Windows systems
[2.782s] INFO:colcon.colcon_notification.desktop_notification:Sending desktop notification using 'notify2'
[2.832s] DEBUG:colcon.colcon_core.event_reactor:joined thread
[2.834s] INFO:colcon.colcon_core.shell:Creating prefix script '/home/jet_orin/streetlive/test/install/local_setup.ps1'
[2.837s] INFO:colcon.colcon_core.shell:Creating prefix util module '/home/jet_orin/streetlive/test/install/_local_setup_util_ps1.py'
[2.841s] INFO:colcon.colcon_core.shell:Creating prefix chain script '/home/jet_orin/streetlive/test/install/setup.ps1'
[2.848s] INFO:colcon.colcon_core.shell:Creating prefix script '/home/jet_orin/streetlive/test/install/local_setup.sh'
[2.850s] INFO:colcon.colcon_core.shell:Creating prefix util module '/home/jet_orin/streetlive/test/install/_local_setup_util_sh.py'
[2.852s] INFO:colcon.colcon_core.shell:Creating prefix chain script '/home/jet_orin/streetlive/test/install/setup.sh'
[2.855s] INFO:colcon.colcon_core.shell:Creating prefix script '/home/jet_orin/streetlive/test/install/local_setup.bash'
[2.857s] INFO:colcon.colcon_core.shell:Creating prefix chain script '/home/jet_orin/streetlive/test/install/setup.bash'
[2.862s] INFO:colcon.colcon_core.shell:Creating prefix script '/home/jet_orin/streetlive/test/install/local_setup.zsh'
[2.864s] INFO:colcon.colcon_core.shell:Creating prefix chain script '/home/jet_orin/streetlive/test/install/setup.zsh'
