-- The C compiler identification is GNU 11.4.0
-- The CXX compiler identification is GNU 11.4.0
-- Detecting C compiler ABI info
-- Detecting C compiler ABI info - done
-- Check for working C compiler: /usr/bin/cc - skipped
-- Detecting C compile features
-- Detecting C compile features - done
-- Detecting CXX compiler ABI info
-- Detecting CXX compiler ABI info - done
-- Check for working CXX compiler: /usr/bin/c++ - skipped
-- Detecting CXX compile features
-- Detecting CXX compile features - done
-- ROS_DISTRO=humble -> using Catch2 v2
-- Found ament_cmake: 1.3.14 (/opt/ros/humble/share/ament_cmake/cmake)
-- Found Python3: /usr/bin/python3 (found version "3.10.12") found components: Interpreter 
-- Override CMake install command with custom implementation using symlinks instead of copying resources
-- Found rclcpp: 16.0.18 (/opt/ros/humble/share/rclcpp/cmake)
-- Found rosidl_generator_c: 3.1.8 (/opt/ros/humble/share/rosidl_generator_c/cmake)
-- Found rosidl_adapter: 3.1.8 (/opt/ros/humble/share/rosidl_adapter/cmake)
-- Found rosidl_generator_cpp: 3.1.8 (/opt/ros/humble/share/rosidl_generator_cpp/cmake)
-- Using all available rosidl_typesupport_c: rosidl_typesupport_fastrtps_c;rosidl_typesupport_introspection_c
-- Using all available rosidl_typesupport_cpp: rosidl_typesupport_fastrtps_cpp;rosidl_typesupport_introspection_cpp
-- Found rmw_implementation_cmake: 6.1.2 (/opt/ros/humble/share/rmw_implementation_cmake/cmake)
-- Found rmw_fastrtps_cpp: 6.2.10 (/opt/ros/humble/share/rmw_fastrtps_cpp/cmake)
-- Found OpenSSL: /usr/lib/aarch64-linux-gnu/libcrypto.so (found version "3.0.2")  
-- Found FastRTPS: /opt/ros/humble/include  
-- Using RMW implementation 'rmw_fastrtps_cpp' as default
-- Looking for pthread.h
-- Looking for pthread.h - found
-- Performing Test CMAKE_HAVE_LIBC_PTHREAD
-- Performing Test CMAKE_HAVE_LIBC_PTHREAD - Success
-- Found Threads: TRUE  
-- Found rclcpp_lifecycle: 16.0.18 (/opt/ros/humble/share/rclcpp_lifecycle/cmake)
-- Found can_msgs: 2.0.0 (/opt/ros/humble/share/can_msgs/cmake)
-- Found socketcan_adapter: 0.2.0 (/home/jet_orin/streetlive/test/install/socketcan_adapter/share/socketcan_adapter/cmake)
-- Configuring done
-- Generating done
-- Build files have been written to: /home/jet_orin/streetlive/test/build/socketcan_adapter_ros
[ 25%] [32mBuilding CXX object CMakeFiles/socketcan_adapter_ros.dir/src/socketcan_bridge_node.cpp.o[0m
[ 50%] [32m[1mLinking CXX shared library libsocketcan_adapter_ros.so[0m
[ 50%] Built target socketcan_adapter_ros
[ 75%] [32mBuilding CXX object CMakeFiles/socketcan_bridge.dir/src/socketcan_bridge.cpp.o[0m
[100%] [32m[1mLinking CXX executable socketcan_bridge[0m
[100%] Built target socketcan_bridge
-- Install configuration: ""
-- Execute custom install script
-- Symlinking: /home/jet_orin/streetlive/test/install/socketcan_adapter_ros/include/socketcan_adapter_ros/socketcan_bridge_node.hpp
-- Symlinking: /home/jet_orin/streetlive/test/install/socketcan_adapter_ros/share/socketcan_adapter_ros/launch/socketcan_bridge_launch.py
-- Symlinking: /home/jet_orin/streetlive/test/install/socketcan_adapter_ros/lib/socketcan_adapter_ros/socketcan_bridge
-- Symlinking: /home/jet_orin/streetlive/test/install/socketcan_adapter_ros/share/socketcan_adapter_ros/environment/library_path.sh
-- Symlinking: /home/jet_orin/streetlive/test/install/socketcan_adapter_ros/share/socketcan_adapter_ros/environment/library_path.dsv
-- Symlinking: /home/jet_orin/streetlive/test/install/socketcan_adapter_ros/share/ament_index/resource_index/package_run_dependencies/socketcan_adapter_ros
-- Symlinking: /home/jet_orin/streetlive/test/install/socketcan_adapter_ros/share/ament_index/resource_index/parent_prefix_path/socketcan_adapter_ros
-- Symlinking: /home/jet_orin/streetlive/test/install/socketcan_adapter_ros/share/socketcan_adapter_ros/environment/ament_prefix_path.sh
-- Symlinking: /home/jet_orin/streetlive/test/install/socketcan_adapter_ros/share/socketcan_adapter_ros/environment/ament_prefix_path.dsv
-- Symlinking: /home/jet_orin/streetlive/test/install/socketcan_adapter_ros/share/socketcan_adapter_ros/environment/path.sh
-- Symlinking: /home/jet_orin/streetlive/test/install/socketcan_adapter_ros/share/socketcan_adapter_ros/environment/path.dsv
-- Symlinking: /home/jet_orin/streetlive/test/install/socketcan_adapter_ros/share/socketcan_adapter_ros/local_setup.bash
-- Symlinking: /home/jet_orin/streetlive/test/install/socketcan_adapter_ros/share/socketcan_adapter_ros/local_setup.sh
-- Symlinking: /home/jet_orin/streetlive/test/install/socketcan_adapter_ros/share/socketcan_adapter_ros/local_setup.zsh
-- Symlinking: /home/jet_orin/streetlive/test/install/socketcan_adapter_ros/share/socketcan_adapter_ros/local_setup.dsv
-- Symlinking: /home/jet_orin/streetlive/test/install/socketcan_adapter_ros/share/socketcan_adapter_ros/package.dsv
-- Symlinking: /home/jet_orin/streetlive/test/install/socketcan_adapter_ros/share/ament_index/resource_index/packages/socketcan_adapter_ros
-- Symlinking: /home/jet_orin/streetlive/test/install/socketcan_adapter_ros/share/socketcan_adapter_ros/cmake/ament_cmake_export_targets-extras.cmake
-- Symlinking: /home/jet_orin/streetlive/test/install/socketcan_adapter_ros/share/socketcan_adapter_ros/cmake/ament_cmake_export_dependencies-extras.cmake
-- Symlinking: /home/jet_orin/streetlive/test/install/socketcan_adapter_ros/share/socketcan_adapter_ros/cmake/socketcan_adapter_rosConfig.cmake
-- Symlinking: /home/jet_orin/streetlive/test/install/socketcan_adapter_ros/share/socketcan_adapter_ros/cmake/socketcan_adapter_rosConfig-version.cmake
-- Symlinking: /home/jet_orin/streetlive/test/install/socketcan_adapter_ros/share/socketcan_adapter_ros/package.xml
-- Installing: /home/jet_orin/streetlive/test/install/socketcan_adapter_ros/lib/libsocketcan_adapter_ros.so
-- Set runtime path of "/home/jet_orin/streetlive/test/install/socketcan_adapter_ros/lib/libsocketcan_adapter_ros.so" to ""
-- Installing: /home/jet_orin/streetlive/test/install/socketcan_adapter_ros/share/socketcan_adapter_ros/cmake/socketcan_adapter_ros_TARGETS.cmake
-- Installing: /home/jet_orin/streetlive/test/install/socketcan_adapter_ros/share/socketcan_adapter_ros/cmake/socketcan_adapter_ros_TARGETS-noconfig.cmake
-- Installing: /home/jet_orin/streetlive/test/install/socketcan_adapter_ros/share/socketcan_adapter_ros/cmake/socketcan_adapter_ros_TARGETSExport.cmake
-- Installing: /home/jet_orin/streetlive/test/install/socketcan_adapter_ros/share/socketcan_adapter_ros/cmake/socketcan_adapter_ros_TARGETSExport-noconfig.cmake
