[0.082s] Invoking command in '/home/jet_orin/streetlive/test/build/socketcan_adapter_ros': AMENT_PREFIX_PATH=/home/jet_orin/streetlive/test/install/socketcan_adapter:${AMENT_PREFIX_PATH} CMAKE_PREFIX_PATH=/home/jet_orin/streetlive/test/install/socketcan_adapter:/home/jet_orin/streetlive/AD-fusionbox/install/zed_ros2:/home/jet_orin/streetlive/AD-fusionbox/install/bringup:/home/jet_orin/streetlive/AD-fusionbox/install/zed_wrapper:/home/jet_orin/streetlive/AD-fusionbox/install/zed_debug:/home/jet_orin/streetlive/AD-fusionbox/install/zed_components:/home/jet_orin/streetlive/AD-fusionbox/install/streetlive_msgs:/home/jet_orin/streetlive/AD-fusionbox/install/msgs:/home/jet_orin/streetlive/AD-fusionbox/install/perception:/home/jet_orin/streetlive/AD-fusionbox/install/offline:/home/jet_orin/streetlive/AD-fusionbox/install/localization:/home/jet_orin/streetlive/AD-fusionbox/install/drivers:/opt/ros/humble LD_LIBRARY_PATH=/home/jet_orin/streetlive/test/install/socketcan_adapter/lib:/home/jet_orin/streetlive/AD-fusionbox/install/zed_components/lib:/opt/ros/humble/opt/rviz_ogre_vendor/lib:/opt/ros/humble/lib/aarch64-linux-gnu:/opt/ros/humble/lib:/usr/local/cuda-12.6/lib64 /usr/bin/cmake /home/jet_orin/streetlive/test/src/socketcan_adapter/socketcan_adapter_ros -DAMENT_CMAKE_SYMLINK_INSTALL=1 -DCMAKE_INSTALL_PREFIX=/home/jet_orin/streetlive/test/install/socketcan_adapter_ros
[0.221s] -- The C compiler identification is GNU 11.4.0
[0.365s] -- The CXX compiler identification is GNU 11.4.0
[0.377s] -- Detecting C compiler ABI info
[0.551s] -- Detecting C compiler ABI info - done
[0.562s] -- Check for working C compiler: /usr/bin/cc - skipped
[0.563s] -- Detecting C compile features
[0.564s] -- Detecting C compile features - done
[0.570s] -- Detecting CXX compiler ABI info
[0.714s] -- Detecting CXX compiler ABI info - done
[0.735s] -- Check for working CXX compiler: /usr/bin/c++ - skipped
[0.736s] -- Detecting CXX compile features
[0.737s] -- Detecting CXX compile features - done
[0.739s] -- ROS_DISTRO=humble -> using Catch2 v2
[0.746s] -- Found ament_cmake: 1.3.14 (/opt/ros/humble/share/ament_cmake/cmake)
[1.056s] -- Found Python3: /usr/bin/python3 (found version "3.10.12") found components: Interpreter 
[1.186s] -- Override CMake install command with custom implementation using symlinks instead of copying resources
[1.251s] -- Found rclcpp: 16.0.18 (/opt/ros/humble/share/rclcpp/cmake)
[1.332s] -- Found rosidl_generator_c: 3.1.8 (/opt/ros/humble/share/rosidl_generator_c/cmake)
[1.344s] -- Found rosidl_adapter: 3.1.8 (/opt/ros/humble/share/rosidl_adapter/cmake)
[1.362s] -- Found rosidl_generator_cpp: 3.1.8 (/opt/ros/humble/share/rosidl_generator_cpp/cmake)
[1.388s] -- Using all available rosidl_typesupport_c: rosidl_typesupport_fastrtps_c;rosidl_typesupport_introspection_c
[1.434s] -- Using all available rosidl_typesupport_cpp: rosidl_typesupport_fastrtps_cpp;rosidl_typesupport_introspection_cpp
[1.542s] -- Found rmw_implementation_cmake: 6.1.2 (/opt/ros/humble/share/rmw_implementation_cmake/cmake)
[1.550s] -- Found rmw_fastrtps_cpp: 6.2.10 (/opt/ros/humble/share/rmw_fastrtps_cpp/cmake)
[1.796s] -- Found OpenSSL: /usr/lib/aarch64-linux-gnu/libcrypto.so (found version "3.0.2")  
[1.864s] -- Found FastRTPS: /opt/ros/humble/include  
[1.962s] -- Using RMW implementation 'rmw_fastrtps_cpp' as default
[1.981s] -- Looking for pthread.h
[2.105s] -- Looking for pthread.h - found
[2.106s] -- Performing Test CMAKE_HAVE_LIBC_PTHREAD
[2.231s] -- Performing Test CMAKE_HAVE_LIBC_PTHREAD - Success
[2.233s] -- Found Threads: TRUE  
[2.322s] -- Found rclcpp_lifecycle: 16.0.18 (/opt/ros/humble/share/rclcpp_lifecycle/cmake)
[2.365s] -- Found can_msgs: 2.0.0 (/opt/ros/humble/share/can_msgs/cmake)
[2.393s] -- Found socketcan_adapter: 0.2.0 (/home/jet_orin/streetlive/test/install/socketcan_adapter/share/socketcan_adapter/cmake)
[2.539s] -- Configuring done
[2.563s] -- Generating done
[2.573s] -- Build files have been written to: /home/jet_orin/streetlive/test/build/socketcan_adapter_ros
[2.606s] Invoked command in '/home/jet_orin/streetlive/test/build/socketcan_adapter_ros' returned '0': AMENT_PREFIX_PATH=/home/jet_orin/streetlive/test/install/socketcan_adapter:${AMENT_PREFIX_PATH} CMAKE_PREFIX_PATH=/home/jet_orin/streetlive/test/install/socketcan_adapter:/home/jet_orin/streetlive/AD-fusionbox/install/zed_ros2:/home/jet_orin/streetlive/AD-fusionbox/install/bringup:/home/jet_orin/streetlive/AD-fusionbox/install/zed_wrapper:/home/jet_orin/streetlive/AD-fusionbox/install/zed_debug:/home/jet_orin/streetlive/AD-fusionbox/install/zed_components:/home/jet_orin/streetlive/AD-fusionbox/install/streetlive_msgs:/home/jet_orin/streetlive/AD-fusionbox/install/msgs:/home/jet_orin/streetlive/AD-fusionbox/install/perception:/home/jet_orin/streetlive/AD-fusionbox/install/offline:/home/jet_orin/streetlive/AD-fusionbox/install/localization:/home/jet_orin/streetlive/AD-fusionbox/install/drivers:/opt/ros/humble LD_LIBRARY_PATH=/home/jet_orin/streetlive/test/install/socketcan_adapter/lib:/home/jet_orin/streetlive/AD-fusionbox/install/zed_components/lib:/opt/ros/humble/opt/rviz_ogre_vendor/lib:/opt/ros/humble/lib/aarch64-linux-gnu:/opt/ros/humble/lib:/usr/local/cuda-12.6/lib64 /usr/bin/cmake /home/jet_orin/streetlive/test/src/socketcan_adapter/socketcan_adapter_ros -DAMENT_CMAKE_SYMLINK_INSTALL=1 -DCMAKE_INSTALL_PREFIX=/home/jet_orin/streetlive/test/install/socketcan_adapter_ros
[2.609s] Invoking command in '/home/jet_orin/streetlive/test/build/socketcan_adapter_ros': AMENT_PREFIX_PATH=/home/jet_orin/streetlive/test/install/socketcan_adapter:${AMENT_PREFIX_PATH} CMAKE_PREFIX_PATH=/home/jet_orin/streetlive/test/install/socketcan_adapter:/home/jet_orin/streetlive/AD-fusionbox/install/zed_ros2:/home/jet_orin/streetlive/AD-fusionbox/install/bringup:/home/jet_orin/streetlive/AD-fusionbox/install/zed_wrapper:/home/jet_orin/streetlive/AD-fusionbox/install/zed_debug:/home/jet_orin/streetlive/AD-fusionbox/install/zed_components:/home/jet_orin/streetlive/AD-fusionbox/install/streetlive_msgs:/home/jet_orin/streetlive/AD-fusionbox/install/msgs:/home/jet_orin/streetlive/AD-fusionbox/install/perception:/home/jet_orin/streetlive/AD-fusionbox/install/offline:/home/jet_orin/streetlive/AD-fusionbox/install/localization:/home/jet_orin/streetlive/AD-fusionbox/install/drivers:/opt/ros/humble LD_LIBRARY_PATH=/home/jet_orin/streetlive/test/install/socketcan_adapter/lib:/home/jet_orin/streetlive/AD-fusionbox/install/zed_components/lib:/opt/ros/humble/opt/rviz_ogre_vendor/lib:/opt/ros/humble/lib/aarch64-linux-gnu:/opt/ros/humble/lib:/usr/local/cuda-12.6/lib64 /usr/bin/cmake --build /home/jet_orin/streetlive/test/build/socketcan_adapter_ros -- -j12 -l12
[2.682s] [ 25%] [32mBuilding CXX object CMakeFiles/socketcan_adapter_ros.dir/src/socketcan_bridge_node.cpp.o[0m
[19.738s] [ 50%] [32m[1mLinking CXX shared library libsocketcan_adapter_ros.so[0m
[20.535s] [ 50%] Built target socketcan_adapter_ros
[20.573s] [ 75%] [32mBuilding CXX object CMakeFiles/socketcan_bridge.dir/src/socketcan_bridge.cpp.o[0m
[26.199s] [100%] [32m[1mLinking CXX executable socketcan_bridge[0m
[26.578s] [100%] Built target socketcan_bridge
[26.602s] Invoked command in '/home/jet_orin/streetlive/test/build/socketcan_adapter_ros' returned '0': AMENT_PREFIX_PATH=/home/jet_orin/streetlive/test/install/socketcan_adapter:${AMENT_PREFIX_PATH} CMAKE_PREFIX_PATH=/home/jet_orin/streetlive/test/install/socketcan_adapter:/home/jet_orin/streetlive/AD-fusionbox/install/zed_ros2:/home/jet_orin/streetlive/AD-fusionbox/install/bringup:/home/jet_orin/streetlive/AD-fusionbox/install/zed_wrapper:/home/jet_orin/streetlive/AD-fusionbox/install/zed_debug:/home/jet_orin/streetlive/AD-fusionbox/install/zed_components:/home/jet_orin/streetlive/AD-fusionbox/install/streetlive_msgs:/home/jet_orin/streetlive/AD-fusionbox/install/msgs:/home/jet_orin/streetlive/AD-fusionbox/install/perception:/home/jet_orin/streetlive/AD-fusionbox/install/offline:/home/jet_orin/streetlive/AD-fusionbox/install/localization:/home/jet_orin/streetlive/AD-fusionbox/install/drivers:/opt/ros/humble LD_LIBRARY_PATH=/home/jet_orin/streetlive/test/install/socketcan_adapter/lib:/home/jet_orin/streetlive/AD-fusionbox/install/zed_components/lib:/opt/ros/humble/opt/rviz_ogre_vendor/lib:/opt/ros/humble/lib/aarch64-linux-gnu:/opt/ros/humble/lib:/usr/local/cuda-12.6/lib64 /usr/bin/cmake --build /home/jet_orin/streetlive/test/build/socketcan_adapter_ros -- -j12 -l12
[26.607s] Invoking command in '/home/jet_orin/streetlive/test/build/socketcan_adapter_ros': AMENT_PREFIX_PATH=/home/jet_orin/streetlive/test/install/socketcan_adapter:${AMENT_PREFIX_PATH} CMAKE_PREFIX_PATH=/home/jet_orin/streetlive/test/install/socketcan_adapter:/home/jet_orin/streetlive/AD-fusionbox/install/zed_ros2:/home/jet_orin/streetlive/AD-fusionbox/install/bringup:/home/jet_orin/streetlive/AD-fusionbox/install/zed_wrapper:/home/jet_orin/streetlive/AD-fusionbox/install/zed_debug:/home/jet_orin/streetlive/AD-fusionbox/install/zed_components:/home/jet_orin/streetlive/AD-fusionbox/install/streetlive_msgs:/home/jet_orin/streetlive/AD-fusionbox/install/msgs:/home/jet_orin/streetlive/AD-fusionbox/install/perception:/home/jet_orin/streetlive/AD-fusionbox/install/offline:/home/jet_orin/streetlive/AD-fusionbox/install/localization:/home/jet_orin/streetlive/AD-fusionbox/install/drivers:/opt/ros/humble LD_LIBRARY_PATH=/home/jet_orin/streetlive/test/install/socketcan_adapter/lib:/home/jet_orin/streetlive/AD-fusionbox/install/zed_components/lib:/opt/ros/humble/opt/rviz_ogre_vendor/lib:/opt/ros/humble/lib/aarch64-linux-gnu:/opt/ros/humble/lib:/usr/local/cuda-12.6/lib64 /usr/bin/cmake --install /home/jet_orin/streetlive/test/build/socketcan_adapter_ros
[26.620s] -- Install configuration: ""
[26.621s] -- Execute custom install script
[26.622s] -- Symlinking: /home/jet_orin/streetlive/test/install/socketcan_adapter_ros/include/socketcan_adapter_ros/socketcan_bridge_node.hpp
[26.638s] -- Symlinking: /home/jet_orin/streetlive/test/install/socketcan_adapter_ros/share/socketcan_adapter_ros/launch/socketcan_bridge_launch.py
[26.655s] -- Symlinking: /home/jet_orin/streetlive/test/install/socketcan_adapter_ros/lib/socketcan_adapter_ros/socketcan_bridge
[26.670s] -- Symlinking: /home/jet_orin/streetlive/test/install/socketcan_adapter_ros/share/socketcan_adapter_ros/environment/library_path.sh
[26.688s] -- Symlinking: /home/jet_orin/streetlive/test/install/socketcan_adapter_ros/share/socketcan_adapter_ros/environment/library_path.dsv
[26.703s] -- Symlinking: /home/jet_orin/streetlive/test/install/socketcan_adapter_ros/share/ament_index/resource_index/package_run_dependencies/socketcan_adapter_ros
[26.718s] -- Symlinking: /home/jet_orin/streetlive/test/install/socketcan_adapter_ros/share/ament_index/resource_index/parent_prefix_path/socketcan_adapter_ros
[26.735s] -- Symlinking: /home/jet_orin/streetlive/test/install/socketcan_adapter_ros/share/socketcan_adapter_ros/environment/ament_prefix_path.sh
[26.753s] -- Symlinking: /home/jet_orin/streetlive/test/install/socketcan_adapter_ros/share/socketcan_adapter_ros/environment/ament_prefix_path.dsv
[26.772s] -- Symlinking: /home/jet_orin/streetlive/test/install/socketcan_adapter_ros/share/socketcan_adapter_ros/environment/path.sh
[26.796s] -- Symlinking: /home/jet_orin/streetlive/test/install/socketcan_adapter_ros/share/socketcan_adapter_ros/environment/path.dsv
[26.812s] -- Symlinking: /home/jet_orin/streetlive/test/install/socketcan_adapter_ros/share/socketcan_adapter_ros/local_setup.bash
[26.828s] -- Symlinking: /home/jet_orin/streetlive/test/install/socketcan_adapter_ros/share/socketcan_adapter_ros/local_setup.sh
[26.844s] -- Symlinking: /home/jet_orin/streetlive/test/install/socketcan_adapter_ros/share/socketcan_adapter_ros/local_setup.zsh
[26.861s] -- Symlinking: /home/jet_orin/streetlive/test/install/socketcan_adapter_ros/share/socketcan_adapter_ros/local_setup.dsv
[26.880s] -- Symlinking: /home/jet_orin/streetlive/test/install/socketcan_adapter_ros/share/socketcan_adapter_ros/package.dsv
[26.897s] -- Symlinking: /home/jet_orin/streetlive/test/install/socketcan_adapter_ros/share/ament_index/resource_index/packages/socketcan_adapter_ros
[26.914s] -- Symlinking: /home/jet_orin/streetlive/test/install/socketcan_adapter_ros/share/socketcan_adapter_ros/cmake/ament_cmake_export_targets-extras.cmake
[26.930s] -- Symlinking: /home/jet_orin/streetlive/test/install/socketcan_adapter_ros/share/socketcan_adapter_ros/cmake/ament_cmake_export_dependencies-extras.cmake
[26.946s] -- Symlinking: /home/jet_orin/streetlive/test/install/socketcan_adapter_ros/share/socketcan_adapter_ros/cmake/socketcan_adapter_rosConfig.cmake
[26.961s] -- Symlinking: /home/jet_orin/streetlive/test/install/socketcan_adapter_ros/share/socketcan_adapter_ros/cmake/socketcan_adapter_rosConfig-version.cmake
[26.980s] -- Symlinking: /home/jet_orin/streetlive/test/install/socketcan_adapter_ros/share/socketcan_adapter_ros/package.xml
[26.998s] -- Installing: /home/jet_orin/streetlive/test/install/socketcan_adapter_ros/lib/libsocketcan_adapter_ros.so
[27.021s] -- Set runtime path of "/home/jet_orin/streetlive/test/install/socketcan_adapter_ros/lib/libsocketcan_adapter_ros.so" to ""
[27.021s] -- Installing: /home/jet_orin/streetlive/test/install/socketcan_adapter_ros/share/socketcan_adapter_ros/cmake/socketcan_adapter_ros_TARGETS.cmake
[27.022s] -- Installing: /home/jet_orin/streetlive/test/install/socketcan_adapter_ros/share/socketcan_adapter_ros/cmake/socketcan_adapter_ros_TARGETS-noconfig.cmake
[27.023s] -- Installing: /home/jet_orin/streetlive/test/install/socketcan_adapter_ros/share/socketcan_adapter_ros/cmake/socketcan_adapter_ros_TARGETSExport.cmake
[27.023s] -- Installing: /home/jet_orin/streetlive/test/install/socketcan_adapter_ros/share/socketcan_adapter_ros/cmake/socketcan_adapter_ros_TARGETSExport-noconfig.cmake
[27.031s] Invoked command in '/home/jet_orin/streetlive/test/build/socketcan_adapter_ros' returned '0': AMENT_PREFIX_PATH=/home/jet_orin/streetlive/test/install/socketcan_adapter:${AMENT_PREFIX_PATH} CMAKE_PREFIX_PATH=/home/jet_orin/streetlive/test/install/socketcan_adapter:/home/jet_orin/streetlive/AD-fusionbox/install/zed_ros2:/home/jet_orin/streetlive/AD-fusionbox/install/bringup:/home/jet_orin/streetlive/AD-fusionbox/install/zed_wrapper:/home/jet_orin/streetlive/AD-fusionbox/install/zed_debug:/home/jet_orin/streetlive/AD-fusionbox/install/zed_components:/home/jet_orin/streetlive/AD-fusionbox/install/streetlive_msgs:/home/jet_orin/streetlive/AD-fusionbox/install/msgs:/home/jet_orin/streetlive/AD-fusionbox/install/perception:/home/jet_orin/streetlive/AD-fusionbox/install/offline:/home/jet_orin/streetlive/AD-fusionbox/install/localization:/home/jet_orin/streetlive/AD-fusionbox/install/drivers:/opt/ros/humble LD_LIBRARY_PATH=/home/jet_orin/streetlive/test/install/socketcan_adapter/lib:/home/jet_orin/streetlive/AD-fusionbox/install/zed_components/lib:/opt/ros/humble/opt/rviz_ogre_vendor/lib:/opt/ros/humble/lib/aarch64-linux-gnu:/opt/ros/humble/lib:/usr/local/cuda-12.6/lib64 /usr/bin/cmake --install /home/jet_orin/streetlive/test/build/socketcan_adapter_ros
