[  5%] Built target nav2_dynamic_msgs__rs
[  5%] Built target nav2_dynamic_msgs__cpp
[ 15%] Built target nav2_dynamic_msgs__rosidl_generator_c
[ 15%] Built target ament_cmake_python_symlink_nav2_dynamic_msgs
[ 27%] Built target nav2_dynamic_msgs__rosidl_typesupport_introspection_cpp
[ 35%] Built target nav2_dynamic_msgs__rosidl_typesupport_fastrtps_cpp
[ 45%] Built target nav2_dynamic_msgs__rosidl_typesupport_fastrtps_c
[ 55%] Built target nav2_dynamic_msgs__rosidl_typesupport_cpp
[ 65%] Built target nav2_dynamic_msgs__rosidl_typesupport_c
[ 75%] Built target nav2_dynamic_msgs__rosidl_typesupport_introspection_c
[ 75%] Built target nav2_dynamic_msgs
[ 77%] Built target nav2_dynamic_msgs__py
[ 85%] Built target nav2_dynamic_msgs__rosidl_generator_py
[ 95%] Built target nav2_dynamic_msgs__rosidl_typesupport_introspection_c__pyext
[ 95%] Built target nav2_dynamic_msgs__rosidl_typesupport_c__pyext
[100%] Built target nav2_dynamic_msgs__rosidl_typesupport_fastrtps_c__pyext
running egg_info
writing nav2_dynamic_msgs.egg-info/PKG-INFO
writing dependency_links to nav2_dynamic_msgs.egg-info/dependency_links.txt
writing top-level names to nav2_dynamic_msgs.egg-info/top_level.txt
reading manifest file 'nav2_dynamic_msgs.egg-info/SOURCES.txt'
writing manifest file 'nav2_dynamic_msgs.egg-info/SOURCES.txt'
[100%] Built target ament_cmake_python_build_nav2_dynamic_msgs_egg
-- Install configuration: ""
-- Execute custom install script
-- Up-to-date symlink: /home/jet_orin/streetlive/test/install/nav2_dynamic_msgs/share/ament_index/resource_index/rosidl_interfaces/nav2_dynamic_msgs
-- Up-to-date symlink: /home/jet_orin/streetlive/test/install/nav2_dynamic_msgs/include/nav2_dynamic_msgs/nav2_dynamic_msgs/msg/detail/obstacle__functions.h
-- Up-to-date symlink: /home/jet_orin/streetlive/test/install/nav2_dynamic_msgs/include/nav2_dynamic_msgs/nav2_dynamic_msgs/msg/detail/obstacle__struct.h
-- Up-to-date symlink: /home/jet_orin/streetlive/test/install/nav2_dynamic_msgs/include/nav2_dynamic_msgs/nav2_dynamic_msgs/msg/detail/obstacle__type_support.h
-- Up-to-date symlink: /home/jet_orin/streetlive/test/install/nav2_dynamic_msgs/include/nav2_dynamic_msgs/nav2_dynamic_msgs/msg/detail/obstacle_array__functions.h
-- Up-to-date symlink: /home/jet_orin/streetlive/test/install/nav2_dynamic_msgs/include/nav2_dynamic_msgs/nav2_dynamic_msgs/msg/detail/obstacle_array__struct.h
-- Up-to-date symlink: /home/jet_orin/streetlive/test/install/nav2_dynamic_msgs/include/nav2_dynamic_msgs/nav2_dynamic_msgs/msg/detail/obstacle_array__type_support.h
-- Up-to-date symlink: /home/jet_orin/streetlive/test/install/nav2_dynamic_msgs/include/nav2_dynamic_msgs/nav2_dynamic_msgs/msg/obstacle.h
-- Up-to-date symlink: /home/jet_orin/streetlive/test/install/nav2_dynamic_msgs/include/nav2_dynamic_msgs/nav2_dynamic_msgs/msg/obstacle_array.h
-- Up-to-date symlink: /home/jet_orin/streetlive/test/install/nav2_dynamic_msgs/include/nav2_dynamic_msgs/nav2_dynamic_msgs/msg/rosidl_generator_c__visibility_control.h
-- Up-to-date symlink: /home/jet_orin/streetlive/test/install/nav2_dynamic_msgs/share/nav2_dynamic_msgs/environment/library_path.sh
-- Up-to-date symlink: /home/jet_orin/streetlive/test/install/nav2_dynamic_msgs/share/nav2_dynamic_msgs/environment/library_path.dsv
-- Up-to-date symlink: /home/jet_orin/streetlive/test/install/nav2_dynamic_msgs/include/nav2_dynamic_msgs/nav2_dynamic_msgs/msg/detail/obstacle__rosidl_typesupport_fastrtps_c.h
-- Up-to-date symlink: /home/jet_orin/streetlive/test/install/nav2_dynamic_msgs/include/nav2_dynamic_msgs/nav2_dynamic_msgs/msg/detail/obstacle_array__rosidl_typesupport_fastrtps_c.h
-- Up-to-date symlink: /home/jet_orin/streetlive/test/install/nav2_dynamic_msgs/include/nav2_dynamic_msgs/nav2_dynamic_msgs/msg/rosidl_typesupport_fastrtps_c__visibility_control.h
-- Up-to-date symlink: /home/jet_orin/streetlive/test/install/nav2_dynamic_msgs/include/nav2_dynamic_msgs/nav2_dynamic_msgs/msg/detail/obstacle__builder.hpp
-- Up-to-date symlink: /home/jet_orin/streetlive/test/install/nav2_dynamic_msgs/include/nav2_dynamic_msgs/nav2_dynamic_msgs/msg/detail/obstacle__struct.hpp
-- Up-to-date symlink: /home/jet_orin/streetlive/test/install/nav2_dynamic_msgs/include/nav2_dynamic_msgs/nav2_dynamic_msgs/msg/detail/obstacle__traits.hpp
-- Up-to-date symlink: /home/jet_orin/streetlive/test/install/nav2_dynamic_msgs/include/nav2_dynamic_msgs/nav2_dynamic_msgs/msg/detail/obstacle__type_support.hpp
-- Up-to-date symlink: /home/jet_orin/streetlive/test/install/nav2_dynamic_msgs/include/nav2_dynamic_msgs/nav2_dynamic_msgs/msg/detail/obstacle_array__builder.hpp
-- Up-to-date symlink: /home/jet_orin/streetlive/test/install/nav2_dynamic_msgs/include/nav2_dynamic_msgs/nav2_dynamic_msgs/msg/detail/obstacle_array__struct.hpp
-- Up-to-date symlink: /home/jet_orin/streetlive/test/install/nav2_dynamic_msgs/include/nav2_dynamic_msgs/nav2_dynamic_msgs/msg/detail/obstacle_array__traits.hpp
-- Up-to-date symlink: /home/jet_orin/streetlive/test/install/nav2_dynamic_msgs/include/nav2_dynamic_msgs/nav2_dynamic_msgs/msg/detail/obstacle_array__type_support.hpp
-- Up-to-date symlink: /home/jet_orin/streetlive/test/install/nav2_dynamic_msgs/include/nav2_dynamic_msgs/nav2_dynamic_msgs/msg/obstacle.hpp
-- Up-to-date symlink: /home/jet_orin/streetlive/test/install/nav2_dynamic_msgs/include/nav2_dynamic_msgs/nav2_dynamic_msgs/msg/obstacle_array.hpp
-- Up-to-date symlink: /home/jet_orin/streetlive/test/install/nav2_dynamic_msgs/include/nav2_dynamic_msgs/nav2_dynamic_msgs/msg/rosidl_generator_cpp__visibility_control.hpp
-- Up-to-date symlink: /home/jet_orin/streetlive/test/install/nav2_dynamic_msgs/include/nav2_dynamic_msgs/nav2_dynamic_msgs/msg/detail/obstacle__rosidl_typesupport_fastrtps_cpp.hpp
-- Up-to-date symlink: /home/jet_orin/streetlive/test/install/nav2_dynamic_msgs/include/nav2_dynamic_msgs/nav2_dynamic_msgs/msg/detail/obstacle_array__rosidl_typesupport_fastrtps_cpp.hpp
-- Up-to-date symlink: /home/jet_orin/streetlive/test/install/nav2_dynamic_msgs/include/nav2_dynamic_msgs/nav2_dynamic_msgs/msg/rosidl_typesupport_fastrtps_cpp__visibility_control.h
-- Up-to-date symlink: /home/jet_orin/streetlive/test/install/nav2_dynamic_msgs/include/nav2_dynamic_msgs/nav2_dynamic_msgs/msg/detail/obstacle__rosidl_typesupport_introspection_c.h
-- Up-to-date symlink: /home/jet_orin/streetlive/test/install/nav2_dynamic_msgs/include/nav2_dynamic_msgs/nav2_dynamic_msgs/msg/detail/obstacle_array__rosidl_typesupport_introspection_c.h
-- Up-to-date symlink: /home/jet_orin/streetlive/test/install/nav2_dynamic_msgs/include/nav2_dynamic_msgs/nav2_dynamic_msgs/msg/rosidl_typesupport_introspection_c__visibility_control.h
-- Up-to-date symlink: /home/jet_orin/streetlive/test/install/nav2_dynamic_msgs/include/nav2_dynamic_msgs/nav2_dynamic_msgs/msg/detail/obstacle__rosidl_typesupport_introspection_cpp.hpp
-- Up-to-date symlink: /home/jet_orin/streetlive/test/install/nav2_dynamic_msgs/include/nav2_dynamic_msgs/nav2_dynamic_msgs/msg/detail/obstacle_array__rosidl_typesupport_introspection_cpp.hpp
-- Up-to-date symlink: /home/jet_orin/streetlive/test/install/nav2_dynamic_msgs/share/nav2_dynamic_msgs/environment/pythonpath.sh
-- Up-to-date symlink: /home/jet_orin/streetlive/test/install/nav2_dynamic_msgs/share/nav2_dynamic_msgs/environment/pythonpath.dsv
-- Up-to-date symlink: /home/jet_orin/streetlive/test/install/nav2_dynamic_msgs/local/lib/python3.10/dist-packages/nav2_dynamic_msgs-0.0.1-py3.10.egg-info/PKG-INFO
-- Up-to-date symlink: /home/jet_orin/streetlive/test/install/nav2_dynamic_msgs/local/lib/python3.10/dist-packages/nav2_dynamic_msgs-0.0.1-py3.10.egg-info/SOURCES.txt
-- Up-to-date symlink: /home/jet_orin/streetlive/test/install/nav2_dynamic_msgs/local/lib/python3.10/dist-packages/nav2_dynamic_msgs-0.0.1-py3.10.egg-info/dependency_links.txt
-- Up-to-date symlink: /home/jet_orin/streetlive/test/install/nav2_dynamic_msgs/local/lib/python3.10/dist-packages/nav2_dynamic_msgs-0.0.1-py3.10.egg-info/top_level.txt
-- Up-to-date symlink: /home/jet_orin/streetlive/test/install/nav2_dynamic_msgs/local/lib/python3.10/dist-packages/nav2_dynamic_msgs/__init__.py
-- Up-to-date symlink: /home/jet_orin/streetlive/test/install/nav2_dynamic_msgs/local/lib/python3.10/dist-packages/nav2_dynamic_msgs/_nav2_dynamic_msgs_s.ep.rosidl_typesupport_c.c
-- Up-to-date symlink: /home/jet_orin/streetlive/test/install/nav2_dynamic_msgs/local/lib/python3.10/dist-packages/nav2_dynamic_msgs/_nav2_dynamic_msgs_s.ep.rosidl_typesupport_fastrtps_c.c
-- Up-to-date symlink: /home/jet_orin/streetlive/test/install/nav2_dynamic_msgs/local/lib/python3.10/dist-packages/nav2_dynamic_msgs/_nav2_dynamic_msgs_s.ep.rosidl_typesupport_introspection_c.c
-- Up-to-date symlink: /home/jet_orin/streetlive/test/install/nav2_dynamic_msgs/local/lib/python3.10/dist-packages/nav2_dynamic_msgs/libnav2_dynamic_msgs__rosidl_generator_py.so
-- Up-to-date symlink: /home/jet_orin/streetlive/test/install/nav2_dynamic_msgs/local/lib/python3.10/dist-packages/nav2_dynamic_msgs/msg/__init__.py
-- Up-to-date symlink: /home/jet_orin/streetlive/test/install/nav2_dynamic_msgs/local/lib/python3.10/dist-packages/nav2_dynamic_msgs/msg/_obstacle.py
-- Up-to-date symlink: /home/jet_orin/streetlive/test/install/nav2_dynamic_msgs/local/lib/python3.10/dist-packages/nav2_dynamic_msgs/msg/_obstacle_array.py
-- Up-to-date symlink: /home/jet_orin/streetlive/test/install/nav2_dynamic_msgs/local/lib/python3.10/dist-packages/nav2_dynamic_msgs/msg/_obstacle_array_s.c
-- Up-to-date symlink: /home/jet_orin/streetlive/test/install/nav2_dynamic_msgs/local/lib/python3.10/dist-packages/nav2_dynamic_msgs/msg/_obstacle_s.c
-- Up-to-date symlink: /home/jet_orin/streetlive/test/install/nav2_dynamic_msgs/local/lib/python3.10/dist-packages/nav2_dynamic_msgs/nav2_dynamic_msgs_s__rosidl_typesupport_c.cpython-310-aarch64-linux-gnu.so
-- Up-to-date symlink: /home/jet_orin/streetlive/test/install/nav2_dynamic_msgs/local/lib/python3.10/dist-packages/nav2_dynamic_msgs/nav2_dynamic_msgs_s__rosidl_typesupport_fastrtps_c.cpython-310-aarch64-linux-gnu.so
-- Up-to-date symlink: /home/jet_orin/streetlive/test/install/nav2_dynamic_msgs/local/lib/python3.10/dist-packages/nav2_dynamic_msgs/nav2_dynamic_msgs_s__rosidl_typesupport_introspection_c.cpython-310-aarch64-linux-gnu.so
-- Up-to-date symlink: /home/jet_orin/streetlive/test/install/nav2_dynamic_msgs/local/lib/python3.10/dist-packages/nav2_dynamic_msgs/nav2_dynamic_msgs_s__rosidl_typesupport_fastrtps_c.cpython-310-aarch64-linux-gnu.so
-- Up-to-date symlink: /home/jet_orin/streetlive/test/install/nav2_dynamic_msgs/local/lib/python3.10/dist-packages/nav2_dynamic_msgs/nav2_dynamic_msgs_s__rosidl_typesupport_introspection_c.cpython-310-aarch64-linux-gnu.so
-- Up-to-date symlink: /home/jet_orin/streetlive/test/install/nav2_dynamic_msgs/local/lib/python3.10/dist-packages/nav2_dynamic_msgs/nav2_dynamic_msgs_s__rosidl_typesupport_c.cpython-310-aarch64-linux-gnu.so
-- Up-to-date symlink: /home/jet_orin/streetlive/test/install/nav2_dynamic_msgs/share/ament_index/resource_index/rust_packages/nav2_dynamic_msgs
-- Up-to-date symlink: /home/jet_orin/streetlive/test/install/nav2_dynamic_msgs/share/nav2_dynamic_msgs/rust/Cargo.toml
-- Up-to-date symlink: /home/jet_orin/streetlive/test/install/nav2_dynamic_msgs/share/nav2_dynamic_msgs/rust/build.rs
-- Up-to-date symlink: /home/jet_orin/streetlive/test/install/nav2_dynamic_msgs/share/nav2_dynamic_msgs/rust/src/lib.rs
-- Up-to-date symlink: /home/jet_orin/streetlive/test/install/nav2_dynamic_msgs/share/nav2_dynamic_msgs/rust/src/msg.rs
-- Up-to-date symlink: /home/jet_orin/streetlive/test/install/nav2_dynamic_msgs/share/nav2_dynamic_msgs/rust/src/msg/rmw.rs
-- Up-to-date symlink: /home/jet_orin/streetlive/test/install/nav2_dynamic_msgs/share/nav2_dynamic_msgs/msg/Obstacle.idl
-- Up-to-date symlink: /home/jet_orin/streetlive/test/install/nav2_dynamic_msgs/share/nav2_dynamic_msgs/msg/ObstacleArray.idl
-- Up-to-date symlink: /home/jet_orin/streetlive/test/install/nav2_dynamic_msgs/share/nav2_dynamic_msgs/msg/Obstacle.msg
-- Up-to-date symlink: /home/jet_orin/streetlive/test/install/nav2_dynamic_msgs/share/nav2_dynamic_msgs/msg/ObstacleArray.msg
-- Up-to-date symlink: /home/jet_orin/streetlive/test/install/nav2_dynamic_msgs/share/ament_index/resource_index/package_run_dependencies/nav2_dynamic_msgs
-- Up-to-date symlink: /home/jet_orin/streetlive/test/install/nav2_dynamic_msgs/share/ament_index/resource_index/parent_prefix_path/nav2_dynamic_msgs
-- Up-to-date symlink: /home/jet_orin/streetlive/test/install/nav2_dynamic_msgs/share/nav2_dynamic_msgs/environment/ament_prefix_path.sh
-- Up-to-date symlink: /home/jet_orin/streetlive/test/install/nav2_dynamic_msgs/share/nav2_dynamic_msgs/environment/ament_prefix_path.dsv
-- Up-to-date symlink: /home/jet_orin/streetlive/test/install/nav2_dynamic_msgs/share/nav2_dynamic_msgs/environment/path.sh
-- Up-to-date symlink: /home/jet_orin/streetlive/test/install/nav2_dynamic_msgs/share/nav2_dynamic_msgs/environment/path.dsv
-- Up-to-date symlink: /home/jet_orin/streetlive/test/install/nav2_dynamic_msgs/share/nav2_dynamic_msgs/local_setup.bash
-- Up-to-date symlink: /home/jet_orin/streetlive/test/install/nav2_dynamic_msgs/share/nav2_dynamic_msgs/local_setup.sh
-- Up-to-date symlink: /home/jet_orin/streetlive/test/install/nav2_dynamic_msgs/share/nav2_dynamic_msgs/local_setup.zsh
-- Up-to-date symlink: /home/jet_orin/streetlive/test/install/nav2_dynamic_msgs/share/nav2_dynamic_msgs/local_setup.dsv
-- Symlinking: /home/jet_orin/streetlive/test/install/nav2_dynamic_msgs/share/nav2_dynamic_msgs/package.dsv
-- Up-to-date symlink: /home/jet_orin/streetlive/test/install/nav2_dynamic_msgs/share/ament_index/resource_index/packages/nav2_dynamic_msgs
-- Up-to-date symlink: /home/jet_orin/streetlive/test/install/nav2_dynamic_msgs/share/nav2_dynamic_msgs/cmake/rosidl_cmake-extras.cmake
-- Up-to-date symlink: /home/jet_orin/streetlive/test/install/nav2_dynamic_msgs/share/nav2_dynamic_msgs/cmake/ament_cmake_export_dependencies-extras.cmake
-- Up-to-date symlink: /home/jet_orin/streetlive/test/install/nav2_dynamic_msgs/share/nav2_dynamic_msgs/cmake/ament_cmake_export_include_directories-extras.cmake
-- Up-to-date symlink: /home/jet_orin/streetlive/test/install/nav2_dynamic_msgs/share/nav2_dynamic_msgs/cmake/ament_cmake_export_libraries-extras.cmake
-- Up-to-date symlink: /home/jet_orin/streetlive/test/install/nav2_dynamic_msgs/share/nav2_dynamic_msgs/cmake/ament_cmake_export_targets-extras.cmake
-- Up-to-date symlink: /home/jet_orin/streetlive/test/install/nav2_dynamic_msgs/share/nav2_dynamic_msgs/cmake/rosidl_cmake_export_typesupport_targets-extras.cmake
-- Up-to-date symlink: /home/jet_orin/streetlive/test/install/nav2_dynamic_msgs/share/nav2_dynamic_msgs/cmake/rosidl_cmake_export_typesupport_libraries-extras.cmake
-- Up-to-date symlink: /home/jet_orin/streetlive/test/install/nav2_dynamic_msgs/share/nav2_dynamic_msgs/cmake/nav2_dynamic_msgsConfig.cmake
-- Up-to-date symlink: /home/jet_orin/streetlive/test/install/nav2_dynamic_msgs/share/nav2_dynamic_msgs/cmake/nav2_dynamic_msgsConfig-version.cmake
-- Up-to-date symlink: /home/jet_orin/streetlive/test/install/nav2_dynamic_msgs/share/nav2_dynamic_msgs/package.xml
-- Up-to-date: /home/jet_orin/streetlive/test/install/nav2_dynamic_msgs/lib/libnav2_dynamic_msgs__rosidl_generator_c.so
-- Up-to-date: /home/jet_orin/streetlive/test/install/nav2_dynamic_msgs/lib/libnav2_dynamic_msgs__rosidl_typesupport_fastrtps_c.so
-- Up-to-date: /home/jet_orin/streetlive/test/install/nav2_dynamic_msgs/lib/libnav2_dynamic_msgs__rosidl_typesupport_fastrtps_cpp.so
-- Up-to-date: /home/jet_orin/streetlive/test/install/nav2_dynamic_msgs/lib/libnav2_dynamic_msgs__rosidl_typesupport_introspection_c.so
-- Up-to-date: /home/jet_orin/streetlive/test/install/nav2_dynamic_msgs/lib/libnav2_dynamic_msgs__rosidl_typesupport_c.so
-- Up-to-date: /home/jet_orin/streetlive/test/install/nav2_dynamic_msgs/lib/libnav2_dynamic_msgs__rosidl_typesupport_introspection_cpp.so
-- Up-to-date: /home/jet_orin/streetlive/test/install/nav2_dynamic_msgs/lib/libnav2_dynamic_msgs__rosidl_typesupport_cpp.so
Listing '/home/jet_orin/streetlive/test/install/nav2_dynamic_msgs/local/lib/python3.10/dist-packages/nav2_dynamic_msgs'...
Listing '/home/jet_orin/streetlive/test/install/nav2_dynamic_msgs/local/lib/python3.10/dist-packages/nav2_dynamic_msgs/msg'...
-- Up-to-date: /home/jet_orin/streetlive/test/install/nav2_dynamic_msgs/lib/libnav2_dynamic_msgs__rosidl_generator_py.so
-- Up-to-date: /home/jet_orin/streetlive/test/install/nav2_dynamic_msgs/share/nav2_dynamic_msgs/cmake/export_nav2_dynamic_msgs__rosidl_generator_cExport.cmake
-- Up-to-date: /home/jet_orin/streetlive/test/install/nav2_dynamic_msgs/share/nav2_dynamic_msgs/cmake/export_nav2_dynamic_msgs__rosidl_generator_cExport-noconfig.cmake
-- Up-to-date: /home/jet_orin/streetlive/test/install/nav2_dynamic_msgs/share/nav2_dynamic_msgs/cmake/export_nav2_dynamic_msgs__rosidl_typesupport_fastrtps_cExport.cmake
-- Up-to-date: /home/jet_orin/streetlive/test/install/nav2_dynamic_msgs/share/nav2_dynamic_msgs/cmake/export_nav2_dynamic_msgs__rosidl_typesupport_fastrtps_cExport-noconfig.cmake
-- Up-to-date: /home/jet_orin/streetlive/test/install/nav2_dynamic_msgs/share/nav2_dynamic_msgs/cmake/export_nav2_dynamic_msgs__rosidl_generator_cppExport.cmake
-- Up-to-date: /home/jet_orin/streetlive/test/install/nav2_dynamic_msgs/share/nav2_dynamic_msgs/cmake/export_nav2_dynamic_msgs__rosidl_typesupport_fastrtps_cppExport.cmake
-- Up-to-date: /home/jet_orin/streetlive/test/install/nav2_dynamic_msgs/share/nav2_dynamic_msgs/cmake/export_nav2_dynamic_msgs__rosidl_typesupport_fastrtps_cppExport-noconfig.cmake
-- Up-to-date: /home/jet_orin/streetlive/test/install/nav2_dynamic_msgs/share/nav2_dynamic_msgs/cmake/nav2_dynamic_msgs__rosidl_typesupport_introspection_cExport.cmake
-- Up-to-date: /home/jet_orin/streetlive/test/install/nav2_dynamic_msgs/share/nav2_dynamic_msgs/cmake/nav2_dynamic_msgs__rosidl_typesupport_introspection_cExport-noconfig.cmake
-- Up-to-date: /home/jet_orin/streetlive/test/install/nav2_dynamic_msgs/share/nav2_dynamic_msgs/cmake/nav2_dynamic_msgs__rosidl_typesupport_cExport.cmake
-- Up-to-date: /home/jet_orin/streetlive/test/install/nav2_dynamic_msgs/share/nav2_dynamic_msgs/cmake/nav2_dynamic_msgs__rosidl_typesupport_cExport-noconfig.cmake
-- Up-to-date: /home/jet_orin/streetlive/test/install/nav2_dynamic_msgs/share/nav2_dynamic_msgs/cmake/nav2_dynamic_msgs__rosidl_typesupport_introspection_cppExport.cmake
-- Up-to-date: /home/jet_orin/streetlive/test/install/nav2_dynamic_msgs/share/nav2_dynamic_msgs/cmake/nav2_dynamic_msgs__rosidl_typesupport_introspection_cppExport-noconfig.cmake
-- Up-to-date: /home/jet_orin/streetlive/test/install/nav2_dynamic_msgs/share/nav2_dynamic_msgs/cmake/nav2_dynamic_msgs__rosidl_typesupport_cppExport.cmake
-- Up-to-date: /home/jet_orin/streetlive/test/install/nav2_dynamic_msgs/share/nav2_dynamic_msgs/cmake/nav2_dynamic_msgs__rosidl_typesupport_cppExport-noconfig.cmake
-- Up-to-date: /home/jet_orin/streetlive/test/install/nav2_dynamic_msgs/share/nav2_dynamic_msgs/cmake/export_nav2_dynamic_msgs__rosidl_generator_pyExport.cmake
-- Up-to-date: /home/jet_orin/streetlive/test/install/nav2_dynamic_msgs/share/nav2_dynamic_msgs/cmake/export_nav2_dynamic_msgs__rosidl_generator_pyExport-noconfig.cmake
