[0.035s] Invoking command in '/home/jet_orin/streetlive/test/build/socketcan_adapter': CMAKE_PREFIX_PATH=${CMAKE_PREFIX_PATH}:/home/jet_orin/streetlive/test/install/kf_hungarian_tracker:/home/jet_orin/streetlive/AD-fusionbox/install/perception:/home/jet_orin/streetlive/AD-fusionbox/install/offline:/home/jet_orin/streetlive/AD-fusionbox/install/localization:/home/jet_orin/streetlive/AD-fusionbox/install/drivers:/opt/ros/humble /usr/bin/cmake --build /home/jet_orin/streetlive/test/build/socketcan_adapter -- -j12 -l12
[0.118s] [ 60%] Built target socketcan_adapter
[0.167s] [100%] Built target can_frame_tests
[0.192s] Invoked command in '/home/jet_orin/streetlive/test/build/socketcan_adapter' returned '0': CMAKE_PREFIX_PATH=${CMAKE_PREFIX_PATH}:/home/jet_orin/streetlive/test/install/kf_hungarian_tracker:/home/jet_orin/streetlive/AD-fusionbox/install/perception:/home/jet_orin/streetlive/AD-fusionbox/install/offline:/home/jet_orin/streetlive/AD-fusionbox/install/localization:/home/jet_orin/streetlive/AD-fusionbox/install/drivers:/opt/ros/humble /usr/bin/cmake --build /home/jet_orin/streetlive/test/build/socketcan_adapter -- -j12 -l12
[0.217s] Invoking command in '/home/jet_orin/streetlive/test/build/socketcan_adapter': CMAKE_PREFIX_PATH=${CMAKE_PREFIX_PATH}:/home/jet_orin/streetlive/test/install/kf_hungarian_tracker:/home/jet_orin/streetlive/AD-fusionbox/install/perception:/home/jet_orin/streetlive/AD-fusionbox/install/offline:/home/jet_orin/streetlive/AD-fusionbox/install/localization:/home/jet_orin/streetlive/AD-fusionbox/install/drivers:/opt/ros/humble /usr/bin/cmake --install /home/jet_orin/streetlive/test/build/socketcan_adapter
[0.235s] -- Install configuration: ""
[0.235s] -- Execute custom install script
[0.236s] -- Up-to-date symlink: /home/jet_orin/streetlive/test/install/socketcan_adapter/include/socketcan_adapter/can_frame.hpp
[0.236s] -- Up-to-date symlink: /home/jet_orin/streetlive/test/install/socketcan_adapter/include/socketcan_adapter/socketcan_adapter.hpp
[0.236s] -- Up-to-date symlink: /home/jet_orin/streetlive/test/install/socketcan_adapter/share/socketcan_adapter/environment/library_path.sh
[0.237s] -- Up-to-date symlink: /home/jet_orin/streetlive/test/install/socketcan_adapter/share/socketcan_adapter/environment/library_path.dsv
[0.237s] -- Up-to-date symlink: /home/jet_orin/streetlive/test/install/socketcan_adapter/share/ament_index/resource_index/package_run_dependencies/socketcan_adapter
[0.237s] -- Up-to-date symlink: /home/jet_orin/streetlive/test/install/socketcan_adapter/share/ament_index/resource_index/parent_prefix_path/socketcan_adapter
[0.237s] -- Up-to-date symlink: /home/jet_orin/streetlive/test/install/socketcan_adapter/share/socketcan_adapter/environment/ament_prefix_path.sh
[0.238s] -- Up-to-date symlink: /home/jet_orin/streetlive/test/install/socketcan_adapter/share/socketcan_adapter/environment/ament_prefix_path.dsv
[0.238s] -- Up-to-date symlink: /home/jet_orin/streetlive/test/install/socketcan_adapter/share/socketcan_adapter/environment/path.sh
[0.238s] -- Up-to-date symlink: /home/jet_orin/streetlive/test/install/socketcan_adapter/share/socketcan_adapter/environment/path.dsv
[0.239s] -- Up-to-date symlink: /home/jet_orin/streetlive/test/install/socketcan_adapter/share/socketcan_adapter/local_setup.bash
[0.239s] -- Up-to-date symlink: /home/jet_orin/streetlive/test/install/socketcan_adapter/share/socketcan_adapter/local_setup.sh
[0.239s] -- Up-to-date symlink: /home/jet_orin/streetlive/test/install/socketcan_adapter/share/socketcan_adapter/local_setup.zsh
[0.239s] -- Up-to-date symlink: /home/jet_orin/streetlive/test/install/socketcan_adapter/share/socketcan_adapter/local_setup.dsv
[0.239s] -- Symlinking: /home/jet_orin/streetlive/test/install/socketcan_adapter/share/socketcan_adapter/package.dsv
[0.258s] -- Up-to-date symlink: /home/jet_orin/streetlive/test/install/socketcan_adapter/share/ament_index/resource_index/packages/socketcan_adapter
[0.259s] -- Up-to-date symlink: /home/jet_orin/streetlive/test/install/socketcan_adapter/share/socketcan_adapter/cmake/ament_cmake_export_targets-extras.cmake
[0.259s] -- Up-to-date symlink: /home/jet_orin/streetlive/test/install/socketcan_adapter/share/socketcan_adapter/cmake/socketcan_adapterConfig.cmake
[0.259s] -- Up-to-date symlink: /home/jet_orin/streetlive/test/install/socketcan_adapter/share/socketcan_adapter/cmake/socketcan_adapterConfig-version.cmake
[0.259s] -- Up-to-date symlink: /home/jet_orin/streetlive/test/install/socketcan_adapter/share/socketcan_adapter/package.xml
[0.260s] -- Up-to-date: /home/jet_orin/streetlive/test/install/socketcan_adapter/lib/libsocketcan_adapter.so
[0.260s] -- Up-to-date: /home/jet_orin/streetlive/test/install/socketcan_adapter/share/socketcan_adapter/cmake/socketcan_adapter_TARGETS.cmake
[0.260s] -- Up-to-date: /home/jet_orin/streetlive/test/install/socketcan_adapter/share/socketcan_adapter/cmake/socketcan_adapter_TARGETS-noconfig.cmake
[0.260s] -- Up-to-date: /home/jet_orin/streetlive/test/install/socketcan_adapter/share/socketcan_adapter/cmake/socketcan_adapter_TARGETSExport.cmake
[0.260s] -- Up-to-date: /home/jet_orin/streetlive/test/install/socketcan_adapter/share/socketcan_adapter/cmake/socketcan_adapter_TARGETSExport-noconfig.cmake
[0.265s] Invoked command in '/home/jet_orin/streetlive/test/build/socketcan_adapter' returned '0': CMAKE_PREFIX_PATH=${CMAKE_PREFIX_PATH}:/home/jet_orin/streetlive/test/install/kf_hungarian_tracker:/home/jet_orin/streetlive/AD-fusionbox/install/perception:/home/jet_orin/streetlive/AD-fusionbox/install/offline:/home/jet_orin/streetlive/AD-fusionbox/install/localization:/home/jet_orin/streetlive/AD-fusionbox/install/drivers:/opt/ros/humble /usr/bin/cmake --install /home/jet_orin/streetlive/test/build/socketcan_adapter
