[0.038s] Invoking command in '/home/jet_orin/streetlive/test/build/nav2_dynamic_msgs': CMAKE_PREFIX_PATH=${CMAKE_PREFIX_PATH}:/home/jet_orin/streetlive/AD-fusionbox/install/perception:/home/jet_orin/streetlive/AD-fusionbox/install/offline:/home/jet_orin/streetlive/AD-fusionbox/install/localization:/home/jet_orin/streetlive/AD-fusionbox/install/drivers:/opt/ros/humble /usr/bin/cmake --build /home/jet_orin/streetlive/test/build/nav2_dynamic_msgs -- -j12 -l12
[0.112s] [35m[1mConsolidate compiler generated dependencies of target nav2_dynamic_msgs__rosidl_generator_c[0m
[0.128s] [  2%] Built target nav2_dynamic_msgs__cpp
[0.128s] [  5%] Built target nav2_dynamic_msgs__rs
[0.141s] [ 15%] Built target nav2_dynamic_msgs__rosidl_generator_c
[0.148s] [35m[1mConsolidate compiler generated dependencies of target nav2_dynamic_msgs__rosidl_typesupport_introspection_cpp[0m
[0.153s] [35m[1mConsolidate compiler generated dependencies of target nav2_dynamic_msgs__rosidl_typesupport_cpp[0m
[0.164s] [35m[1mConsolidate compiler generated dependencies of target nav2_dynamic_msgs__rosidl_typesupport_fastrtps_c[0m
[0.169s] [35m[1mConsolidate compiler generated dependencies of target nav2_dynamic_msgs__rosidl_typesupport_introspection_c[0m
[0.169s] [35m[1mConsolidate compiler generated dependencies of target nav2_dynamic_msgs__rosidl_typesupport_fastrtps_cpp[0m
[0.175s] [ 15%] Built target ament_cmake_python_symlink_nav2_dynamic_msgs
[0.181s] [ 25%] Built target nav2_dynamic_msgs__rosidl_typesupport_introspection_cpp
[0.183s] [35m[1mConsolidate compiler generated dependencies of target nav2_dynamic_msgs__rosidl_typesupport_c[0m
[0.208s] [ 35%] Built target nav2_dynamic_msgs__rosidl_typesupport_cpp
[0.214s] [ 45%] Built target nav2_dynamic_msgs__rosidl_typesupport_c
[0.217s] [ 55%] Built target nav2_dynamic_msgs__rosidl_typesupport_introspection_c
[0.218s] [ 65%] Built target nav2_dynamic_msgs__rosidl_typesupport_fastrtps_c
[0.222s] [ 75%] Built target nav2_dynamic_msgs__rosidl_typesupport_fastrtps_cpp
[0.286s] [ 75%] Built target nav2_dynamic_msgs
[0.337s] [ 77%] Built target nav2_dynamic_msgs__py
[0.359s] [35m[1mConsolidate compiler generated dependencies of target nav2_dynamic_msgs__rosidl_generator_py[0m
[0.390s] [ 85%] Built target nav2_dynamic_msgs__rosidl_generator_py
[0.409s] [35m[1mConsolidate compiler generated dependencies of target nav2_dynamic_msgs__rosidl_typesupport_fastrtps_c__pyext[0m
[0.410s] [35m[1mConsolidate compiler generated dependencies of target nav2_dynamic_msgs__rosidl_typesupport_c__pyext[0m
[0.410s] [35m[1mConsolidate compiler generated dependencies of target nav2_dynamic_msgs__rosidl_typesupport_introspection_c__pyext[0m
[0.437s] [100%] Built target nav2_dynamic_msgs__rosidl_typesupport_c__pyext
[0.437s] [100%] Built target nav2_dynamic_msgs__rosidl_typesupport_introspection_c__pyext
[0.437s] [100%] Built target nav2_dynamic_msgs__rosidl_typesupport_fastrtps_c__pyext
[0.662s] running egg_info
[0.665s] writing nav2_dynamic_msgs.egg-info/PKG-INFO
[0.667s] writing dependency_links to nav2_dynamic_msgs.egg-info/dependency_links.txt
[0.667s] writing top-level names to nav2_dynamic_msgs.egg-info/top_level.txt
[0.669s] reading manifest file 'nav2_dynamic_msgs.egg-info/SOURCES.txt'
[0.671s] writing manifest file 'nav2_dynamic_msgs.egg-info/SOURCES.txt'
[0.753s] [100%] Built target ament_cmake_python_build_nav2_dynamic_msgs_egg
[0.777s] Invoked command in '/home/jet_orin/streetlive/test/build/nav2_dynamic_msgs' returned '0': CMAKE_PREFIX_PATH=${CMAKE_PREFIX_PATH}:/home/jet_orin/streetlive/AD-fusionbox/install/perception:/home/jet_orin/streetlive/AD-fusionbox/install/offline:/home/jet_orin/streetlive/AD-fusionbox/install/localization:/home/jet_orin/streetlive/AD-fusionbox/install/drivers:/opt/ros/humble /usr/bin/cmake --build /home/jet_orin/streetlive/test/build/nav2_dynamic_msgs -- -j12 -l12
[0.781s] Invoking command in '/home/jet_orin/streetlive/test/build/nav2_dynamic_msgs': CMAKE_PREFIX_PATH=${CMAKE_PREFIX_PATH}:/home/jet_orin/streetlive/AD-fusionbox/install/perception:/home/jet_orin/streetlive/AD-fusionbox/install/offline:/home/jet_orin/streetlive/AD-fusionbox/install/localization:/home/jet_orin/streetlive/AD-fusionbox/install/drivers:/opt/ros/humble /usr/bin/cmake --install /home/jet_orin/streetlive/test/build/nav2_dynamic_msgs
[0.798s] -- Install configuration: ""
[0.799s] -- Execute custom install script
[0.801s] -- Up-to-date symlink: /home/jet_orin/streetlive/test/install/nav2_dynamic_msgs/share/ament_index/resource_index/rosidl_interfaces/nav2_dynamic_msgs
[0.802s] -- Up-to-date symlink: /home/jet_orin/streetlive/test/install/nav2_dynamic_msgs/include/nav2_dynamic_msgs/nav2_dynamic_msgs/msg/detail/obstacle__functions.h
[0.802s] -- Up-to-date symlink: /home/jet_orin/streetlive/test/install/nav2_dynamic_msgs/include/nav2_dynamic_msgs/nav2_dynamic_msgs/msg/detail/obstacle__struct.h
[0.802s] -- Up-to-date symlink: /home/jet_orin/streetlive/test/install/nav2_dynamic_msgs/include/nav2_dynamic_msgs/nav2_dynamic_msgs/msg/detail/obstacle__type_support.h
[0.802s] -- Up-to-date symlink: /home/jet_orin/streetlive/test/install/nav2_dynamic_msgs/include/nav2_dynamic_msgs/nav2_dynamic_msgs/msg/detail/obstacle_array__functions.h
[0.803s] -- Up-to-date symlink: /home/jet_orin/streetlive/test/install/nav2_dynamic_msgs/include/nav2_dynamic_msgs/nav2_dynamic_msgs/msg/detail/obstacle_array__struct.h
[0.803s] -- Up-to-date symlink: /home/jet_orin/streetlive/test/install/nav2_dynamic_msgs/include/nav2_dynamic_msgs/nav2_dynamic_msgs/msg/detail/obstacle_array__type_support.h
[0.803s] -- Up-to-date symlink: /home/jet_orin/streetlive/test/install/nav2_dynamic_msgs/include/nav2_dynamic_msgs/nav2_dynamic_msgs/msg/obstacle.h
[0.803s] -- Up-to-date symlink: /home/jet_orin/streetlive/test/install/nav2_dynamic_msgs/include/nav2_dynamic_msgs/nav2_dynamic_msgs/msg/obstacle_array.h
[0.804s] -- Up-to-date symlink: /home/jet_orin/streetlive/test/install/nav2_dynamic_msgs/include/nav2_dynamic_msgs/nav2_dynamic_msgs/msg/rosidl_generator_c__visibility_control.h
[0.804s] -- Up-to-date symlink: /home/jet_orin/streetlive/test/install/nav2_dynamic_msgs/share/nav2_dynamic_msgs/environment/library_path.sh
[0.804s] -- Up-to-date symlink: /home/jet_orin/streetlive/test/install/nav2_dynamic_msgs/share/nav2_dynamic_msgs/environment/library_path.dsv
[0.805s] -- Up-to-date symlink: /home/jet_orin/streetlive/test/install/nav2_dynamic_msgs/include/nav2_dynamic_msgs/nav2_dynamic_msgs/msg/detail/obstacle__rosidl_typesupport_fastrtps_c.h
[0.805s] -- Up-to-date symlink: /home/jet_orin/streetlive/test/install/nav2_dynamic_msgs/include/nav2_dynamic_msgs/nav2_dynamic_msgs/msg/detail/obstacle_array__rosidl_typesupport_fastrtps_c.h
[0.806s] -- Up-to-date symlink: /home/jet_orin/streetlive/test/install/nav2_dynamic_msgs/include/nav2_dynamic_msgs/nav2_dynamic_msgs/msg/rosidl_typesupport_fastrtps_c__visibility_control.h
[0.807s] -- Up-to-date symlink: /home/jet_orin/streetlive/test/install/nav2_dynamic_msgs/include/nav2_dynamic_msgs/nav2_dynamic_msgs/msg/detail/obstacle__builder.hpp
[0.807s] -- Up-to-date symlink: /home/jet_orin/streetlive/test/install/nav2_dynamic_msgs/include/nav2_dynamic_msgs/nav2_dynamic_msgs/msg/detail/obstacle__struct.hpp
[0.807s] -- Up-to-date symlink: /home/jet_orin/streetlive/test/install/nav2_dynamic_msgs/include/nav2_dynamic_msgs/nav2_dynamic_msgs/msg/detail/obstacle__traits.hpp
[0.808s] -- Up-to-date symlink: /home/jet_orin/streetlive/test/install/nav2_dynamic_msgs/include/nav2_dynamic_msgs/nav2_dynamic_msgs/msg/detail/obstacle__type_support.hpp
[0.808s] -- Up-to-date symlink: /home/jet_orin/streetlive/test/install/nav2_dynamic_msgs/include/nav2_dynamic_msgs/nav2_dynamic_msgs/msg/detail/obstacle_array__builder.hpp
[0.809s] -- Up-to-date symlink: /home/jet_orin/streetlive/test/install/nav2_dynamic_msgs/include/nav2_dynamic_msgs/nav2_dynamic_msgs/msg/detail/obstacle_array__struct.hpp
[0.809s] -- Up-to-date symlink: /home/jet_orin/streetlive/test/install/nav2_dynamic_msgs/include/nav2_dynamic_msgs/nav2_dynamic_msgs/msg/detail/obstacle_array__traits.hpp
[0.809s] -- Up-to-date symlink: /home/jet_orin/streetlive/test/install/nav2_dynamic_msgs/include/nav2_dynamic_msgs/nav2_dynamic_msgs/msg/detail/obstacle_array__type_support.hpp
[0.810s] -- Up-to-date symlink: /home/jet_orin/streetlive/test/install/nav2_dynamic_msgs/include/nav2_dynamic_msgs/nav2_dynamic_msgs/msg/obstacle.hpp
[0.810s] -- Up-to-date symlink: /home/jet_orin/streetlive/test/install/nav2_dynamic_msgs/include/nav2_dynamic_msgs/nav2_dynamic_msgs/msg/obstacle_array.hpp
[0.811s] -- Up-to-date symlink: /home/jet_orin/streetlive/test/install/nav2_dynamic_msgs/include/nav2_dynamic_msgs/nav2_dynamic_msgs/msg/rosidl_generator_cpp__visibility_control.hpp
[0.811s] -- Up-to-date symlink: /home/jet_orin/streetlive/test/install/nav2_dynamic_msgs/include/nav2_dynamic_msgs/nav2_dynamic_msgs/msg/detail/obstacle__rosidl_typesupport_fastrtps_cpp.hpp
[0.811s] -- Up-to-date symlink: /home/jet_orin/streetlive/test/install/nav2_dynamic_msgs/include/nav2_dynamic_msgs/nav2_dynamic_msgs/msg/detail/obstacle_array__rosidl_typesupport_fastrtps_cpp.hpp
[0.812s] -- Up-to-date symlink: /home/jet_orin/streetlive/test/install/nav2_dynamic_msgs/include/nav2_dynamic_msgs/nav2_dynamic_msgs/msg/rosidl_typesupport_fastrtps_cpp__visibility_control.h
[0.813s] -- Up-to-date symlink: /home/jet_orin/streetlive/test/install/nav2_dynamic_msgs/include/nav2_dynamic_msgs/nav2_dynamic_msgs/msg/detail/obstacle__rosidl_typesupport_introspection_c.h
[0.813s] -- Up-to-date symlink: /home/jet_orin/streetlive/test/install/nav2_dynamic_msgs/include/nav2_dynamic_msgs/nav2_dynamic_msgs/msg/detail/obstacle_array__rosidl_typesupport_introspection_c.h
[0.814s] -- Up-to-date symlink: /home/jet_orin/streetlive/test/install/nav2_dynamic_msgs/include/nav2_dynamic_msgs/nav2_dynamic_msgs/msg/rosidl_typesupport_introspection_c__visibility_control.h
[0.814s] -- Up-to-date symlink: /home/jet_orin/streetlive/test/install/nav2_dynamic_msgs/include/nav2_dynamic_msgs/nav2_dynamic_msgs/msg/detail/obstacle__rosidl_typesupport_introspection_cpp.hpp
[0.814s] -- Up-to-date symlink: /home/jet_orin/streetlive/test/install/nav2_dynamic_msgs/include/nav2_dynamic_msgs/nav2_dynamic_msgs/msg/detail/obstacle_array__rosidl_typesupport_introspection_cpp.hpp
[0.815s] -- Up-to-date symlink: /home/jet_orin/streetlive/test/install/nav2_dynamic_msgs/share/nav2_dynamic_msgs/environment/pythonpath.sh
[0.815s] -- Up-to-date symlink: /home/jet_orin/streetlive/test/install/nav2_dynamic_msgs/share/nav2_dynamic_msgs/environment/pythonpath.dsv
[0.816s] -- Up-to-date symlink: /home/jet_orin/streetlive/test/install/nav2_dynamic_msgs/local/lib/python3.10/dist-packages/nav2_dynamic_msgs-0.0.1-py3.10.egg-info/PKG-INFO
[0.816s] -- Up-to-date symlink: /home/jet_orin/streetlive/test/install/nav2_dynamic_msgs/local/lib/python3.10/dist-packages/nav2_dynamic_msgs-0.0.1-py3.10.egg-info/SOURCES.txt
[0.817s] -- Up-to-date symlink: /home/jet_orin/streetlive/test/install/nav2_dynamic_msgs/local/lib/python3.10/dist-packages/nav2_dynamic_msgs-0.0.1-py3.10.egg-info/dependency_links.txt
[0.817s] -- Up-to-date symlink: /home/jet_orin/streetlive/test/install/nav2_dynamic_msgs/local/lib/python3.10/dist-packages/nav2_dynamic_msgs-0.0.1-py3.10.egg-info/top_level.txt
[0.818s] -- Up-to-date symlink: /home/jet_orin/streetlive/test/install/nav2_dynamic_msgs/local/lib/python3.10/dist-packages/nav2_dynamic_msgs/__init__.py
[0.819s] -- Up-to-date symlink: /home/jet_orin/streetlive/test/install/nav2_dynamic_msgs/local/lib/python3.10/dist-packages/nav2_dynamic_msgs/_nav2_dynamic_msgs_s.ep.rosidl_typesupport_c.c
[0.819s] -- Up-to-date symlink: /home/jet_orin/streetlive/test/install/nav2_dynamic_msgs/local/lib/python3.10/dist-packages/nav2_dynamic_msgs/_nav2_dynamic_msgs_s.ep.rosidl_typesupport_fastrtps_c.c
[0.819s] -- Up-to-date symlink: /home/jet_orin/streetlive/test/install/nav2_dynamic_msgs/local/lib/python3.10/dist-packages/nav2_dynamic_msgs/_nav2_dynamic_msgs_s.ep.rosidl_typesupport_introspection_c.c
[0.819s] -- Up-to-date symlink: /home/jet_orin/streetlive/test/install/nav2_dynamic_msgs/local/lib/python3.10/dist-packages/nav2_dynamic_msgs/libnav2_dynamic_msgs__rosidl_generator_py.so
[0.820s] -- Up-to-date symlink: /home/jet_orin/streetlive/test/install/nav2_dynamic_msgs/local/lib/python3.10/dist-packages/nav2_dynamic_msgs/msg/__init__.py
[0.820s] -- Up-to-date symlink: /home/jet_orin/streetlive/test/install/nav2_dynamic_msgs/local/lib/python3.10/dist-packages/nav2_dynamic_msgs/msg/_obstacle.py
[0.821s] -- Up-to-date symlink: /home/jet_orin/streetlive/test/install/nav2_dynamic_msgs/local/lib/python3.10/dist-packages/nav2_dynamic_msgs/msg/_obstacle_array.py
[0.821s] -- Up-to-date symlink: /home/jet_orin/streetlive/test/install/nav2_dynamic_msgs/local/lib/python3.10/dist-packages/nav2_dynamic_msgs/msg/_obstacle_array_s.c
[0.822s] -- Up-to-date symlink: /home/jet_orin/streetlive/test/install/nav2_dynamic_msgs/local/lib/python3.10/dist-packages/nav2_dynamic_msgs/msg/_obstacle_s.c
[0.822s] -- Up-to-date symlink: /home/jet_orin/streetlive/test/install/nav2_dynamic_msgs/local/lib/python3.10/dist-packages/nav2_dynamic_msgs/nav2_dynamic_msgs_s__rosidl_typesupport_c.cpython-310-aarch64-linux-gnu.so
[0.822s] -- Up-to-date symlink: /home/jet_orin/streetlive/test/install/nav2_dynamic_msgs/local/lib/python3.10/dist-packages/nav2_dynamic_msgs/nav2_dynamic_msgs_s__rosidl_typesupport_fastrtps_c.cpython-310-aarch64-linux-gnu.so
[0.822s] -- Up-to-date symlink: /home/jet_orin/streetlive/test/install/nav2_dynamic_msgs/local/lib/python3.10/dist-packages/nav2_dynamic_msgs/nav2_dynamic_msgs_s__rosidl_typesupport_introspection_c.cpython-310-aarch64-linux-gnu.so
[0.824s] -- Up-to-date symlink: /home/jet_orin/streetlive/test/install/nav2_dynamic_msgs/local/lib/python3.10/dist-packages/nav2_dynamic_msgs/nav2_dynamic_msgs_s__rosidl_typesupport_fastrtps_c.cpython-310-aarch64-linux-gnu.so
[0.824s] -- Up-to-date symlink: /home/jet_orin/streetlive/test/install/nav2_dynamic_msgs/local/lib/python3.10/dist-packages/nav2_dynamic_msgs/nav2_dynamic_msgs_s__rosidl_typesupport_introspection_c.cpython-310-aarch64-linux-gnu.so
[0.825s] -- Up-to-date symlink: /home/jet_orin/streetlive/test/install/nav2_dynamic_msgs/local/lib/python3.10/dist-packages/nav2_dynamic_msgs/nav2_dynamic_msgs_s__rosidl_typesupport_c.cpython-310-aarch64-linux-gnu.so
[0.826s] -- Up-to-date symlink: /home/jet_orin/streetlive/test/install/nav2_dynamic_msgs/share/ament_index/resource_index/rust_packages/nav2_dynamic_msgs
[0.827s] -- Up-to-date symlink: /home/jet_orin/streetlive/test/install/nav2_dynamic_msgs/share/nav2_dynamic_msgs/rust/Cargo.toml
[0.827s] -- Up-to-date symlink: /home/jet_orin/streetlive/test/install/nav2_dynamic_msgs/share/nav2_dynamic_msgs/rust/build.rs
[0.827s] -- Up-to-date symlink: /home/jet_orin/streetlive/test/install/nav2_dynamic_msgs/share/nav2_dynamic_msgs/rust/src/lib.rs
[0.828s] -- Up-to-date symlink: /home/jet_orin/streetlive/test/install/nav2_dynamic_msgs/share/nav2_dynamic_msgs/rust/src/msg.rs
[0.828s] -- Up-to-date symlink: /home/jet_orin/streetlive/test/install/nav2_dynamic_msgs/share/nav2_dynamic_msgs/rust/src/msg/rmw.rs
[0.828s] -- Up-to-date symlink: /home/jet_orin/streetlive/test/install/nav2_dynamic_msgs/share/nav2_dynamic_msgs/msg/Obstacle.idl
[0.829s] -- Up-to-date symlink: /home/jet_orin/streetlive/test/install/nav2_dynamic_msgs/share/nav2_dynamic_msgs/msg/ObstacleArray.idl
[0.829s] -- Up-to-date symlink: /home/jet_orin/streetlive/test/install/nav2_dynamic_msgs/share/nav2_dynamic_msgs/msg/Obstacle.msg
[0.830s] -- Up-to-date symlink: /home/jet_orin/streetlive/test/install/nav2_dynamic_msgs/share/nav2_dynamic_msgs/msg/ObstacleArray.msg
[0.830s] -- Up-to-date symlink: /home/jet_orin/streetlive/test/install/nav2_dynamic_msgs/share/ament_index/resource_index/package_run_dependencies/nav2_dynamic_msgs
[0.831s] -- Up-to-date symlink: /home/jet_orin/streetlive/test/install/nav2_dynamic_msgs/share/ament_index/resource_index/parent_prefix_path/nav2_dynamic_msgs
[0.831s] -- Up-to-date symlink: /home/jet_orin/streetlive/test/install/nav2_dynamic_msgs/share/nav2_dynamic_msgs/environment/ament_prefix_path.sh
[0.831s] -- Up-to-date symlink: /home/jet_orin/streetlive/test/install/nav2_dynamic_msgs/share/nav2_dynamic_msgs/environment/ament_prefix_path.dsv
[0.832s] -- Up-to-date symlink: /home/jet_orin/streetlive/test/install/nav2_dynamic_msgs/share/nav2_dynamic_msgs/environment/path.sh
[0.832s] -- Up-to-date symlink: /home/jet_orin/streetlive/test/install/nav2_dynamic_msgs/share/nav2_dynamic_msgs/environment/path.dsv
[0.832s] -- Up-to-date symlink: /home/jet_orin/streetlive/test/install/nav2_dynamic_msgs/share/nav2_dynamic_msgs/local_setup.bash
[0.833s] -- Up-to-date symlink: /home/jet_orin/streetlive/test/install/nav2_dynamic_msgs/share/nav2_dynamic_msgs/local_setup.sh
[0.833s] -- Up-to-date symlink: /home/jet_orin/streetlive/test/install/nav2_dynamic_msgs/share/nav2_dynamic_msgs/local_setup.zsh
[0.833s] -- Up-to-date symlink: /home/jet_orin/streetlive/test/install/nav2_dynamic_msgs/share/nav2_dynamic_msgs/local_setup.dsv
[0.833s] -- Symlinking: /home/jet_orin/streetlive/test/install/nav2_dynamic_msgs/share/nav2_dynamic_msgs/package.dsv
[0.850s] -- Up-to-date symlink: /home/jet_orin/streetlive/test/install/nav2_dynamic_msgs/share/ament_index/resource_index/packages/nav2_dynamic_msgs
[0.850s] -- Up-to-date symlink: /home/jet_orin/streetlive/test/install/nav2_dynamic_msgs/share/nav2_dynamic_msgs/cmake/rosidl_cmake-extras.cmake
[0.850s] -- Up-to-date symlink: /home/jet_orin/streetlive/test/install/nav2_dynamic_msgs/share/nav2_dynamic_msgs/cmake/ament_cmake_export_dependencies-extras.cmake
[0.851s] -- Up-to-date symlink: /home/jet_orin/streetlive/test/install/nav2_dynamic_msgs/share/nav2_dynamic_msgs/cmake/ament_cmake_export_include_directories-extras.cmake
[0.851s] -- Up-to-date symlink: /home/jet_orin/streetlive/test/install/nav2_dynamic_msgs/share/nav2_dynamic_msgs/cmake/ament_cmake_export_libraries-extras.cmake
[0.851s] -- Up-to-date symlink: /home/jet_orin/streetlive/test/install/nav2_dynamic_msgs/share/nav2_dynamic_msgs/cmake/ament_cmake_export_targets-extras.cmake
[0.852s] -- Up-to-date symlink: /home/jet_orin/streetlive/test/install/nav2_dynamic_msgs/share/nav2_dynamic_msgs/cmake/rosidl_cmake_export_typesupport_targets-extras.cmake
[0.852s] -- Up-to-date symlink: /home/jet_orin/streetlive/test/install/nav2_dynamic_msgs/share/nav2_dynamic_msgs/cmake/rosidl_cmake_export_typesupport_libraries-extras.cmake
[0.853s] -- Up-to-date symlink: /home/jet_orin/streetlive/test/install/nav2_dynamic_msgs/share/nav2_dynamic_msgs/cmake/nav2_dynamic_msgsConfig.cmake
[0.853s] -- Up-to-date symlink: /home/jet_orin/streetlive/test/install/nav2_dynamic_msgs/share/nav2_dynamic_msgs/cmake/nav2_dynamic_msgsConfig-version.cmake
[0.853s] -- Up-to-date symlink: /home/jet_orin/streetlive/test/install/nav2_dynamic_msgs/share/nav2_dynamic_msgs/package.xml
[0.853s] -- Up-to-date: /home/jet_orin/streetlive/test/install/nav2_dynamic_msgs/lib/libnav2_dynamic_msgs__rosidl_generator_c.so
[0.856s] -- Up-to-date: /home/jet_orin/streetlive/test/install/nav2_dynamic_msgs/lib/libnav2_dynamic_msgs__rosidl_typesupport_fastrtps_c.so
[0.857s] -- Up-to-date: /home/jet_orin/streetlive/test/install/nav2_dynamic_msgs/lib/libnav2_dynamic_msgs__rosidl_typesupport_fastrtps_cpp.so
[0.859s] -- Up-to-date: /home/jet_orin/streetlive/test/install/nav2_dynamic_msgs/lib/libnav2_dynamic_msgs__rosidl_typesupport_introspection_c.so
[0.859s] -- Up-to-date: /home/jet_orin/streetlive/test/install/nav2_dynamic_msgs/lib/libnav2_dynamic_msgs__rosidl_typesupport_c.so
[0.860s] -- Up-to-date: /home/jet_orin/streetlive/test/install/nav2_dynamic_msgs/lib/libnav2_dynamic_msgs__rosidl_typesupport_introspection_cpp.so
[0.862s] -- Up-to-date: /home/jet_orin/streetlive/test/install/nav2_dynamic_msgs/lib/libnav2_dynamic_msgs__rosidl_typesupport_cpp.so
[0.911s] Listing '/home/jet_orin/streetlive/test/install/nav2_dynamic_msgs/local/lib/python3.10/dist-packages/nav2_dynamic_msgs'...
[0.911s] Listing '/home/jet_orin/streetlive/test/install/nav2_dynamic_msgs/local/lib/python3.10/dist-packages/nav2_dynamic_msgs/msg'...
[0.921s] -- Up-to-date: /home/jet_orin/streetlive/test/install/nav2_dynamic_msgs/lib/libnav2_dynamic_msgs__rosidl_generator_py.so
[0.922s] -- Up-to-date: /home/jet_orin/streetlive/test/install/nav2_dynamic_msgs/share/nav2_dynamic_msgs/cmake/export_nav2_dynamic_msgs__rosidl_generator_cExport.cmake
[0.922s] -- Up-to-date: /home/jet_orin/streetlive/test/install/nav2_dynamic_msgs/share/nav2_dynamic_msgs/cmake/export_nav2_dynamic_msgs__rosidl_generator_cExport-noconfig.cmake
[0.922s] -- Up-to-date: /home/jet_orin/streetlive/test/install/nav2_dynamic_msgs/share/nav2_dynamic_msgs/cmake/export_nav2_dynamic_msgs__rosidl_typesupport_fastrtps_cExport.cmake
[0.922s] -- Up-to-date: /home/jet_orin/streetlive/test/install/nav2_dynamic_msgs/share/nav2_dynamic_msgs/cmake/export_nav2_dynamic_msgs__rosidl_typesupport_fastrtps_cExport-noconfig.cmake
[0.923s] -- Up-to-date: /home/jet_orin/streetlive/test/install/nav2_dynamic_msgs/share/nav2_dynamic_msgs/cmake/export_nav2_dynamic_msgs__rosidl_generator_cppExport.cmake
[0.923s] -- Up-to-date: /home/jet_orin/streetlive/test/install/nav2_dynamic_msgs/share/nav2_dynamic_msgs/cmake/export_nav2_dynamic_msgs__rosidl_typesupport_fastrtps_cppExport.cmake
[0.923s] -- Up-to-date: /home/jet_orin/streetlive/test/install/nav2_dynamic_msgs/share/nav2_dynamic_msgs/cmake/export_nav2_dynamic_msgs__rosidl_typesupport_fastrtps_cppExport-noconfig.cmake
[0.924s] -- Up-to-date: /home/jet_orin/streetlive/test/install/nav2_dynamic_msgs/share/nav2_dynamic_msgs/cmake/nav2_dynamic_msgs__rosidl_typesupport_introspection_cExport.cmake
[0.924s] -- Up-to-date: /home/jet_orin/streetlive/test/install/nav2_dynamic_msgs/share/nav2_dynamic_msgs/cmake/nav2_dynamic_msgs__rosidl_typesupport_introspection_cExport-noconfig.cmake
[0.924s] -- Up-to-date: /home/jet_orin/streetlive/test/install/nav2_dynamic_msgs/share/nav2_dynamic_msgs/cmake/nav2_dynamic_msgs__rosidl_typesupport_cExport.cmake
[0.924s] -- Up-to-date: /home/jet_orin/streetlive/test/install/nav2_dynamic_msgs/share/nav2_dynamic_msgs/cmake/nav2_dynamic_msgs__rosidl_typesupport_cExport-noconfig.cmake
[0.925s] -- Up-to-date: /home/jet_orin/streetlive/test/install/nav2_dynamic_msgs/share/nav2_dynamic_msgs/cmake/nav2_dynamic_msgs__rosidl_typesupport_introspection_cppExport.cmake
[0.925s] -- Up-to-date: /home/jet_orin/streetlive/test/install/nav2_dynamic_msgs/share/nav2_dynamic_msgs/cmake/nav2_dynamic_msgs__rosidl_typesupport_introspection_cppExport-noconfig.cmake
[0.925s] -- Up-to-date: /home/jet_orin/streetlive/test/install/nav2_dynamic_msgs/share/nav2_dynamic_msgs/cmake/nav2_dynamic_msgs__rosidl_typesupport_cppExport.cmake
[0.925s] -- Up-to-date: /home/jet_orin/streetlive/test/install/nav2_dynamic_msgs/share/nav2_dynamic_msgs/cmake/nav2_dynamic_msgs__rosidl_typesupport_cppExport-noconfig.cmake
[0.926s] -- Up-to-date: /home/jet_orin/streetlive/test/install/nav2_dynamic_msgs/share/nav2_dynamic_msgs/cmake/export_nav2_dynamic_msgs__rosidl_generator_pyExport.cmake
[0.926s] -- Up-to-date: /home/jet_orin/streetlive/test/install/nav2_dynamic_msgs/share/nav2_dynamic_msgs/cmake/export_nav2_dynamic_msgs__rosidl_generator_pyExport-noconfig.cmake
[0.931s] Invoked command in '/home/jet_orin/streetlive/test/build/nav2_dynamic_msgs' returned '0': CMAKE_PREFIX_PATH=${CMAKE_PREFIX_PATH}:/home/jet_orin/streetlive/AD-fusionbox/install/perception:/home/jet_orin/streetlive/AD-fusionbox/install/offline:/home/jet_orin/streetlive/AD-fusionbox/install/localization:/home/jet_orin/streetlive/AD-fusionbox/install/drivers:/opt/ros/humble /usr/bin/cmake --install /home/jet_orin/streetlive/test/build/nav2_dynamic_msgs
