[0.026s] Invoking command in '/home/jet_orin/streetlive/test/build/socketcan_adapter': CMAKE_PREFIX_PATH=${CMAKE_PREFIX_PATH}:/home/jet_orin/streetlive/AD-fusionbox/install/perception:/home/jet_orin/streetlive/AD-fusionbox/install/offline:/home/jet_orin/streetlive/AD-fusionbox/install/localization:/home/jet_orin/streetlive/AD-fusionbox/install/drivers:/opt/ros/humble /usr/bin/cmake /home/jet_orin/streetlive/test/src/socketcan_adapter/socketcan_adapter -DAMENT_CMAKE_SYMLINK_INSTALL=1 -DCMAKE_INSTALL_PREFIX=/home/jet_orin/streetlive/test/install/socketcan_adapter
[0.175s] -- The C compiler identification is GNU 11.4.0
[0.302s] -- The CXX compiler identification is GNU 11.4.0
[0.327s] -- Detecting C compiler ABI info
[0.456s] -- Detecting C compiler ABI info - done
[0.482s] -- Check for working C compiler: /usr/bin/cc - skipped
[0.482s] -- Detecting C compile features
[0.484s] -- Detecting C compile features - done
[0.494s] -- Detecting CXX compiler ABI info
[0.635s] -- Detecting CXX compiler ABI info - done
[0.660s] -- Check for working CXX compiler: /usr/bin/c++ - skipped
[0.661s] -- Detecting CXX compile features
[0.663s] -- Detecting CXX compile features - done
[0.665s] -- Ubuntu=jammy (22.04) -> Catch2 v2
[0.673s] -- Found ament_cmake: 1.3.14 (/opt/ros/humble/share/ament_cmake/cmake)
[0.996s] -- Found Python3: /usr/bin/python3 (found version "3.10.12") found components: Interpreter 
[1.123s] -- Override CMake install command with custom implementation using symlinks instead of copying resources
[1.224s] -- CAN_AVAILABLE not set - skipping hardware tests (set CAN_AVAILABLE=1 to enable)
[1.354s] -- Configuring done
[1.379s] -- Generating done
[1.389s] -- Build files have been written to: /home/jet_orin/streetlive/test/build/socketcan_adapter
[1.399s] Invoked command in '/home/jet_orin/streetlive/test/build/socketcan_adapter' returned '0': CMAKE_PREFIX_PATH=${CMAKE_PREFIX_PATH}:/home/jet_orin/streetlive/AD-fusionbox/install/perception:/home/jet_orin/streetlive/AD-fusionbox/install/offline:/home/jet_orin/streetlive/AD-fusionbox/install/localization:/home/jet_orin/streetlive/AD-fusionbox/install/drivers:/opt/ros/humble /usr/bin/cmake /home/jet_orin/streetlive/test/src/socketcan_adapter/socketcan_adapter -DAMENT_CMAKE_SYMLINK_INSTALL=1 -DCMAKE_INSTALL_PREFIX=/home/jet_orin/streetlive/test/install/socketcan_adapter
[1.402s] Invoking command in '/home/jet_orin/streetlive/test/build/socketcan_adapter': CMAKE_PREFIX_PATH=${CMAKE_PREFIX_PATH}:/home/jet_orin/streetlive/AD-fusionbox/install/perception:/home/jet_orin/streetlive/AD-fusionbox/install/offline:/home/jet_orin/streetlive/AD-fusionbox/install/localization:/home/jet_orin/streetlive/AD-fusionbox/install/drivers:/opt/ros/humble /usr/bin/cmake --build /home/jet_orin/streetlive/test/build/socketcan_adapter -- -j12 -l12
[1.484s] [ 40%] [32mBuilding CXX object CMakeFiles/socketcan_adapter.dir/src/can_frame.cpp.o[0m
[1.484s] [ 40%] [32mBuilding CXX object CMakeFiles/socketcan_adapter.dir/src/socketcan_adapter.cpp.o[0m
[3.304s] [ 60%] [32m[1mLinking CXX shared library libsocketcan_adapter.so[0m
[3.480s] [ 60%] Built target socketcan_adapter
[3.515s] [ 80%] [32mBuilding CXX object CMakeFiles/can_frame_tests.dir/test/can_frame_test.cpp.o[0m
[5.283s] [100%] [32m[1mLinking CXX executable can_frame_tests[0m
[5.559s] [100%] Built target can_frame_tests
[5.581s] Invoked command in '/home/jet_orin/streetlive/test/build/socketcan_adapter' returned '0': CMAKE_PREFIX_PATH=${CMAKE_PREFIX_PATH}:/home/jet_orin/streetlive/AD-fusionbox/install/perception:/home/jet_orin/streetlive/AD-fusionbox/install/offline:/home/jet_orin/streetlive/AD-fusionbox/install/localization:/home/jet_orin/streetlive/AD-fusionbox/install/drivers:/opt/ros/humble /usr/bin/cmake --build /home/jet_orin/streetlive/test/build/socketcan_adapter -- -j12 -l12
[5.599s] Invoking command in '/home/jet_orin/streetlive/test/build/socketcan_adapter': CMAKE_PREFIX_PATH=${CMAKE_PREFIX_PATH}:/home/jet_orin/streetlive/AD-fusionbox/install/perception:/home/jet_orin/streetlive/AD-fusionbox/install/offline:/home/jet_orin/streetlive/AD-fusionbox/install/localization:/home/jet_orin/streetlive/AD-fusionbox/install/drivers:/opt/ros/humble /usr/bin/cmake --install /home/jet_orin/streetlive/test/build/socketcan_adapter
[5.611s] -- Install configuration: ""
[5.612s] -- Execute custom install script
[5.613s] -- Symlinking: /home/jet_orin/streetlive/test/install/socketcan_adapter/include/socketcan_adapter/can_frame.hpp
[5.631s] -- Symlinking: /home/jet_orin/streetlive/test/install/socketcan_adapter/include/socketcan_adapter/socketcan_adapter.hpp
[5.647s] -- Symlinking: /home/jet_orin/streetlive/test/install/socketcan_adapter/share/socketcan_adapter/environment/library_path.sh
[5.666s] -- Symlinking: /home/jet_orin/streetlive/test/install/socketcan_adapter/share/socketcan_adapter/environment/library_path.dsv
[5.682s] -- Symlinking: /home/jet_orin/streetlive/test/install/socketcan_adapter/share/ament_index/resource_index/package_run_dependencies/socketcan_adapter
[5.701s] -- Symlinking: /home/jet_orin/streetlive/test/install/socketcan_adapter/share/ament_index/resource_index/parent_prefix_path/socketcan_adapter
[5.717s] -- Symlinking: /home/jet_orin/streetlive/test/install/socketcan_adapter/share/socketcan_adapter/environment/ament_prefix_path.sh
[5.737s] -- Symlinking: /home/jet_orin/streetlive/test/install/socketcan_adapter/share/socketcan_adapter/environment/ament_prefix_path.dsv
[5.767s] -- Symlinking: /home/jet_orin/streetlive/test/install/socketcan_adapter/share/socketcan_adapter/environment/path.sh
[5.791s] -- Symlinking: /home/jet_orin/streetlive/test/install/socketcan_adapter/share/socketcan_adapter/environment/path.dsv
[5.808s] -- Symlinking: /home/jet_orin/streetlive/test/install/socketcan_adapter/share/socketcan_adapter/local_setup.bash
[5.826s] -- Symlinking: /home/jet_orin/streetlive/test/install/socketcan_adapter/share/socketcan_adapter/local_setup.sh
[5.863s] -- Symlinking: /home/jet_orin/streetlive/test/install/socketcan_adapter/share/socketcan_adapter/local_setup.zsh
[5.890s] -- Symlinking: /home/jet_orin/streetlive/test/install/socketcan_adapter/share/socketcan_adapter/local_setup.dsv
[5.942s] -- Symlinking: /home/jet_orin/streetlive/test/install/socketcan_adapter/share/socketcan_adapter/package.dsv
[5.989s] -- Symlinking: /home/jet_orin/streetlive/test/install/socketcan_adapter/share/ament_index/resource_index/packages/socketcan_adapter
[6.038s] -- Symlinking: /home/jet_orin/streetlive/test/install/socketcan_adapter/share/socketcan_adapter/cmake/ament_cmake_export_targets-extras.cmake
[6.062s] -- Symlinking: /home/jet_orin/streetlive/test/install/socketcan_adapter/share/socketcan_adapter/cmake/socketcan_adapterConfig.cmake
[6.079s] -- Symlinking: /home/jet_orin/streetlive/test/install/socketcan_adapter/share/socketcan_adapter/cmake/socketcan_adapterConfig-version.cmake
[6.096s] -- Symlinking: /home/jet_orin/streetlive/test/install/socketcan_adapter/share/socketcan_adapter/package.xml
[6.127s] -- Installing: /home/jet_orin/streetlive/test/install/socketcan_adapter/lib/libsocketcan_adapter.so
[6.128s] -- Installing: /home/jet_orin/streetlive/test/install/socketcan_adapter/share/socketcan_adapter/cmake/socketcan_adapter_TARGETS.cmake
[6.128s] -- Installing: /home/jet_orin/streetlive/test/install/socketcan_adapter/share/socketcan_adapter/cmake/socketcan_adapter_TARGETS-noconfig.cmake
[6.129s] -- Installing: /home/jet_orin/streetlive/test/install/socketcan_adapter/share/socketcan_adapter/cmake/socketcan_adapter_TARGETSExport.cmake
[6.129s] -- Installing: /home/jet_orin/streetlive/test/install/socketcan_adapter/share/socketcan_adapter/cmake/socketcan_adapter_TARGETSExport-noconfig.cmake
[6.135s] Invoked command in '/home/jet_orin/streetlive/test/build/socketcan_adapter' returned '0': CMAKE_PREFIX_PATH=${CMAKE_PREFIX_PATH}:/home/jet_orin/streetlive/AD-fusionbox/install/perception:/home/jet_orin/streetlive/AD-fusionbox/install/offline:/home/jet_orin/streetlive/AD-fusionbox/install/localization:/home/jet_orin/streetlive/AD-fusionbox/install/drivers:/opt/ros/humble /usr/bin/cmake --install /home/jet_orin/streetlive/test/build/socketcan_adapter
