[0.032s] Invoking command in '/home/jet_orin/streetlive/test/build/radar_conti_ars408_msgs': CMAKE_PREFIX_PATH=${CMAKE_PREFIX_PATH}:/home/jet_orin/streetlive/AD-fusionbox/install/perception:/home/jet_orin/streetlive/AD-fusionbox/install/offline:/home/jet_orin/streetlive/AD-fusionbox/install/localization:/home/jet_orin/streetlive/AD-fusionbox/install/drivers:/opt/ros/humble /usr/bin/cmake --build /home/jet_orin/streetlive/test/build/radar_conti_ars408_msgs -- -j12 -l12
[0.120s] [35m[1mConsolidate compiler generated dependencies of target radar_conti_ars408_msgs__rosidl_generator_c[0m
[0.132s] [  1%] Built target radar_conti_ars408_msgs__rs
[0.142s] [  1%] Built target radar_conti_ars408_msgs__cpp
[0.160s] [  1%] Built target ament_cmake_python_symlink_radar_conti_ars408_msgs
[0.171s] [35m[1mConsolidate compiler generated dependencies of target radar_conti_ars408_msgs__rosidl_typesupport_fastrtps_cpp[0m
[0.182s] [ 13%] Built target radar_conti_ars408_msgs__rosidl_generator_c
[0.188s] [35m[1mConsolidate compiler generated dependencies of target radar_conti_ars408_msgs__rosidl_typesupport_introspection_cpp[0m
[0.204s] [35m[1mConsolidate compiler generated dependencies of target radar_conti_ars408_msgs__rosidl_typesupport_cpp[0m
[0.230s] [35m[1mConsolidate compiler generated dependencies of target radar_conti_ars408_msgs__rosidl_typesupport_c[0m
[0.241s] [35m[1mConsolidate compiler generated dependencies of target radar_conti_ars408_msgs__rosidl_typesupport_fastrtps_c[0m
[0.242s] [35m[1mConsolidate compiler generated dependencies of target radar_conti_ars408_msgs__rosidl_typesupport_introspection_c[0m
[0.258s] [ 25%] Built target radar_conti_ars408_msgs__rosidl_typesupport_fastrtps_cpp
[0.292s] [ 37%] Built target radar_conti_ars408_msgs__rosidl_typesupport_c
[0.292s] [ 49%] Built target radar_conti_ars408_msgs__rosidl_typesupport_introspection_cpp
[0.307s] [ 61%] Built target radar_conti_ars408_msgs__rosidl_typesupport_introspection_c
[0.314s] [ 73%] Built target radar_conti_ars408_msgs__rosidl_typesupport_cpp
[0.329s] [ 85%] Built target radar_conti_ars408_msgs__rosidl_typesupport_fastrtps_c
[0.374s] [ 85%] Built target radar_conti_ars408_msgs
[0.416s] [ 86%] Built target radar_conti_ars408_msgs__py
[0.445s] [35m[1mConsolidate compiler generated dependencies of target radar_conti_ars408_msgs__rosidl_generator_py[0m
[0.503s] [ 97%] Built target radar_conti_ars408_msgs__rosidl_generator_py
[0.521s] [35m[1mConsolidate compiler generated dependencies of target radar_conti_ars408_msgs__rosidl_typesupport_introspection_c__pyext[0m
[0.521s] [35m[1mConsolidate compiler generated dependencies of target radar_conti_ars408_msgs__rosidl_typesupport_fastrtps_c__pyext[0m
[0.525s] [35m[1mConsolidate compiler generated dependencies of target radar_conti_ars408_msgs__rosidl_typesupport_c__pyext[0m
[0.552s] [ 98%] Built target radar_conti_ars408_msgs__rosidl_typesupport_introspection_c__pyext
[0.552s] [ 99%] Built target radar_conti_ars408_msgs__rosidl_typesupport_fastrtps_c__pyext
[0.559s] [100%] Built target radar_conti_ars408_msgs__rosidl_typesupport_c__pyext
[0.642s] running egg_info
[0.643s] writing radar_conti_ars408_msgs.egg-info/PKG-INFO
[0.645s] writing dependency_links to radar_conti_ars408_msgs.egg-info/dependency_links.txt
[0.646s] writing top-level names to radar_conti_ars408_msgs.egg-info/top_level.txt
[0.649s] reading manifest file 'radar_conti_ars408_msgs.egg-info/SOURCES.txt'
[0.651s] writing manifest file 'radar_conti_ars408_msgs.egg-info/SOURCES.txt'
[0.733s] [100%] Built target ament_cmake_python_build_radar_conti_ars408_msgs_egg
[0.763s] Invoked command in '/home/jet_orin/streetlive/test/build/radar_conti_ars408_msgs' returned '0': CMAKE_PREFIX_PATH=${CMAKE_PREFIX_PATH}:/home/jet_orin/streetlive/AD-fusionbox/install/perception:/home/jet_orin/streetlive/AD-fusionbox/install/offline:/home/jet_orin/streetlive/AD-fusionbox/install/localization:/home/jet_orin/streetlive/AD-fusionbox/install/drivers:/opt/ros/humble /usr/bin/cmake --build /home/jet_orin/streetlive/test/build/radar_conti_ars408_msgs -- -j12 -l12
[0.766s] Invoking command in '/home/jet_orin/streetlive/test/build/radar_conti_ars408_msgs': CMAKE_PREFIX_PATH=${CMAKE_PREFIX_PATH}:/home/jet_orin/streetlive/AD-fusionbox/install/perception:/home/jet_orin/streetlive/AD-fusionbox/install/offline:/home/jet_orin/streetlive/AD-fusionbox/install/localization:/home/jet_orin/streetlive/AD-fusionbox/install/drivers:/opt/ros/humble /usr/bin/cmake --install /home/jet_orin/streetlive/test/build/radar_conti_ars408_msgs
[0.782s] -- Install configuration: ""
[0.783s] -- Execute custom install script
[0.784s] -- Up-to-date symlink: /home/jet_orin/streetlive/test/install/radar_conti_ars408_msgs/share/ament_index/resource_index/rosidl_interfaces/radar_conti_ars408_msgs
[0.786s] -- Up-to-date symlink: /home/jet_orin/streetlive/test/install/radar_conti_ars408_msgs/include/radar_conti_ars408_msgs/radar_conti_ars408_msgs/msg/cluster.h
[0.787s] -- Up-to-date symlink: /home/jet_orin/streetlive/test/install/radar_conti_ars408_msgs/include/radar_conti_ars408_msgs/radar_conti_ars408_msgs/msg/cluster_general.h
[0.787s] -- Up-to-date symlink: /home/jet_orin/streetlive/test/install/radar_conti_ars408_msgs/include/radar_conti_ars408_msgs/radar_conti_ars408_msgs/msg/cluster_list.h
[0.787s] -- Up-to-date symlink: /home/jet_orin/streetlive/test/install/radar_conti_ars408_msgs/include/radar_conti_ars408_msgs/radar_conti_ars408_msgs/msg/cluster_quality.h
[0.788s] -- Up-to-date symlink: /home/jet_orin/streetlive/test/install/radar_conti_ars408_msgs/include/radar_conti_ars408_msgs/radar_conti_ars408_msgs/msg/cluster_status.h
[0.788s] -- Up-to-date symlink: /home/jet_orin/streetlive/test/install/radar_conti_ars408_msgs/include/radar_conti_ars408_msgs/radar_conti_ars408_msgs/msg/detail/cluster__functions.h
[0.788s] -- Up-to-date symlink: /home/jet_orin/streetlive/test/install/radar_conti_ars408_msgs/include/radar_conti_ars408_msgs/radar_conti_ars408_msgs/msg/detail/cluster__struct.h
[0.789s] -- Up-to-date symlink: /home/jet_orin/streetlive/test/install/radar_conti_ars408_msgs/include/radar_conti_ars408_msgs/radar_conti_ars408_msgs/msg/detail/cluster__type_support.h
[0.789s] -- Up-to-date symlink: /home/jet_orin/streetlive/test/install/radar_conti_ars408_msgs/include/radar_conti_ars408_msgs/radar_conti_ars408_msgs/msg/detail/cluster_general__functions.h
[0.789s] -- Up-to-date symlink: /home/jet_orin/streetlive/test/install/radar_conti_ars408_msgs/include/radar_conti_ars408_msgs/radar_conti_ars408_msgs/msg/detail/cluster_general__struct.h
[0.790s] -- Up-to-date symlink: /home/jet_orin/streetlive/test/install/radar_conti_ars408_msgs/include/radar_conti_ars408_msgs/radar_conti_ars408_msgs/msg/detail/cluster_general__type_support.h
[0.790s] -- Up-to-date symlink: /home/jet_orin/streetlive/test/install/radar_conti_ars408_msgs/include/radar_conti_ars408_msgs/radar_conti_ars408_msgs/msg/detail/cluster_list__functions.h
[0.791s] -- Up-to-date symlink: /home/jet_orin/streetlive/test/install/radar_conti_ars408_msgs/include/radar_conti_ars408_msgs/radar_conti_ars408_msgs/msg/detail/cluster_list__struct.h
[0.791s] -- Up-to-date symlink: /home/jet_orin/streetlive/test/install/radar_conti_ars408_msgs/include/radar_conti_ars408_msgs/radar_conti_ars408_msgs/msg/detail/cluster_list__type_support.h
[0.791s] -- Up-to-date symlink: /home/jet_orin/streetlive/test/install/radar_conti_ars408_msgs/include/radar_conti_ars408_msgs/radar_conti_ars408_msgs/msg/detail/cluster_quality__functions.h
[0.791s] -- Up-to-date symlink: /home/jet_orin/streetlive/test/install/radar_conti_ars408_msgs/include/radar_conti_ars408_msgs/radar_conti_ars408_msgs/msg/detail/cluster_quality__struct.h
[0.792s] -- Up-to-date symlink: /home/jet_orin/streetlive/test/install/radar_conti_ars408_msgs/include/radar_conti_ars408_msgs/radar_conti_ars408_msgs/msg/detail/cluster_quality__type_support.h
[0.792s] -- Up-to-date symlink: /home/jet_orin/streetlive/test/install/radar_conti_ars408_msgs/include/radar_conti_ars408_msgs/radar_conti_ars408_msgs/msg/detail/cluster_status__functions.h
[0.792s] -- Up-to-date symlink: /home/jet_orin/streetlive/test/install/radar_conti_ars408_msgs/include/radar_conti_ars408_msgs/radar_conti_ars408_msgs/msg/detail/cluster_status__struct.h
[0.792s] -- Up-to-date symlink: /home/jet_orin/streetlive/test/install/radar_conti_ars408_msgs/include/radar_conti_ars408_msgs/radar_conti_ars408_msgs/msg/detail/cluster_status__type_support.h
[0.792s] -- Up-to-date symlink: /home/jet_orin/streetlive/test/install/radar_conti_ars408_msgs/include/radar_conti_ars408_msgs/radar_conti_ars408_msgs/msg/detail/filter_cfg__functions.h
[0.793s] -- Up-to-date symlink: /home/jet_orin/streetlive/test/install/radar_conti_ars408_msgs/include/radar_conti_ars408_msgs/radar_conti_ars408_msgs/msg/detail/filter_cfg__struct.h
[0.793s] -- Up-to-date symlink: /home/jet_orin/streetlive/test/install/radar_conti_ars408_msgs/include/radar_conti_ars408_msgs/radar_conti_ars408_msgs/msg/detail/filter_cfg__type_support.h
[0.793s] -- Up-to-date symlink: /home/jet_orin/streetlive/test/install/radar_conti_ars408_msgs/include/radar_conti_ars408_msgs/radar_conti_ars408_msgs/msg/detail/filter_state_cfg__functions.h
[0.794s] -- Up-to-date symlink: /home/jet_orin/streetlive/test/install/radar_conti_ars408_msgs/include/radar_conti_ars408_msgs/radar_conti_ars408_msgs/msg/detail/filter_state_cfg__struct.h
[0.794s] -- Up-to-date symlink: /home/jet_orin/streetlive/test/install/radar_conti_ars408_msgs/include/radar_conti_ars408_msgs/radar_conti_ars408_msgs/msg/detail/filter_state_cfg__type_support.h
[0.794s] -- Up-to-date symlink: /home/jet_orin/streetlive/test/install/radar_conti_ars408_msgs/include/radar_conti_ars408_msgs/radar_conti_ars408_msgs/msg/detail/filter_state_cfg_entry_float__functions.h
[0.794s] -- Up-to-date symlink: /home/jet_orin/streetlive/test/install/radar_conti_ars408_msgs/include/radar_conti_ars408_msgs/radar_conti_ars408_msgs/msg/detail/filter_state_cfg_entry_float__struct.h
[0.795s] -- Up-to-date symlink: /home/jet_orin/streetlive/test/install/radar_conti_ars408_msgs/include/radar_conti_ars408_msgs/radar_conti_ars408_msgs/msg/detail/filter_state_cfg_entry_float__type_support.h
[0.795s] -- Up-to-date symlink: /home/jet_orin/streetlive/test/install/radar_conti_ars408_msgs/include/radar_conti_ars408_msgs/radar_conti_ars408_msgs/msg/detail/filter_state_cfg_entry_int__functions.h
[0.795s] -- Up-to-date symlink: /home/jet_orin/streetlive/test/install/radar_conti_ars408_msgs/include/radar_conti_ars408_msgs/radar_conti_ars408_msgs/msg/detail/filter_state_cfg_entry_int__struct.h
[0.795s] -- Up-to-date symlink: /home/jet_orin/streetlive/test/install/radar_conti_ars408_msgs/include/radar_conti_ars408_msgs/radar_conti_ars408_msgs/msg/detail/filter_state_cfg_entry_int__type_support.h
[0.795s] -- Up-to-date symlink: /home/jet_orin/streetlive/test/install/radar_conti_ars408_msgs/include/radar_conti_ars408_msgs/radar_conti_ars408_msgs/msg/detail/filter_state_header__functions.h
[0.796s] -- Up-to-date symlink: /home/jet_orin/streetlive/test/install/radar_conti_ars408_msgs/include/radar_conti_ars408_msgs/radar_conti_ars408_msgs/msg/detail/filter_state_header__struct.h
[0.796s] -- Up-to-date symlink: /home/jet_orin/streetlive/test/install/radar_conti_ars408_msgs/include/radar_conti_ars408_msgs/radar_conti_ars408_msgs/msg/detail/filter_state_header__type_support.h
[0.796s] -- Up-to-date symlink: /home/jet_orin/streetlive/test/install/radar_conti_ars408_msgs/include/radar_conti_ars408_msgs/radar_conti_ars408_msgs/msg/detail/object__functions.h
[0.797s] -- Up-to-date symlink: /home/jet_orin/streetlive/test/install/radar_conti_ars408_msgs/include/radar_conti_ars408_msgs/radar_conti_ars408_msgs/msg/detail/object__struct.h
[0.797s] -- Up-to-date symlink: /home/jet_orin/streetlive/test/install/radar_conti_ars408_msgs/include/radar_conti_ars408_msgs/radar_conti_ars408_msgs/msg/detail/object__type_support.h
[0.797s] -- Up-to-date symlink: /home/jet_orin/streetlive/test/install/radar_conti_ars408_msgs/include/radar_conti_ars408_msgs/radar_conti_ars408_msgs/msg/detail/object_extended__functions.h
[0.797s] -- Up-to-date symlink: /home/jet_orin/streetlive/test/install/radar_conti_ars408_msgs/include/radar_conti_ars408_msgs/radar_conti_ars408_msgs/msg/detail/object_extended__struct.h
[0.798s] -- Up-to-date symlink: /home/jet_orin/streetlive/test/install/radar_conti_ars408_msgs/include/radar_conti_ars408_msgs/radar_conti_ars408_msgs/msg/detail/object_extended__type_support.h
[0.798s] -- Up-to-date symlink: /home/jet_orin/streetlive/test/install/radar_conti_ars408_msgs/include/radar_conti_ars408_msgs/radar_conti_ars408_msgs/msg/detail/object_general__functions.h
[0.798s] -- Up-to-date symlink: /home/jet_orin/streetlive/test/install/radar_conti_ars408_msgs/include/radar_conti_ars408_msgs/radar_conti_ars408_msgs/msg/detail/object_general__struct.h
[0.799s] -- Up-to-date symlink: /home/jet_orin/streetlive/test/install/radar_conti_ars408_msgs/include/radar_conti_ars408_msgs/radar_conti_ars408_msgs/msg/detail/object_general__type_support.h
[0.799s] -- Up-to-date symlink: /home/jet_orin/streetlive/test/install/radar_conti_ars408_msgs/include/radar_conti_ars408_msgs/radar_conti_ars408_msgs/msg/detail/object_list__functions.h
[0.799s] -- Up-to-date symlink: /home/jet_orin/streetlive/test/install/radar_conti_ars408_msgs/include/radar_conti_ars408_msgs/radar_conti_ars408_msgs/msg/detail/object_list__struct.h
[0.799s] -- Up-to-date symlink: /home/jet_orin/streetlive/test/install/radar_conti_ars408_msgs/include/radar_conti_ars408_msgs/radar_conti_ars408_msgs/msg/detail/object_list__type_support.h
[0.800s] -- Up-to-date symlink: /home/jet_orin/streetlive/test/install/radar_conti_ars408_msgs/include/radar_conti_ars408_msgs/radar_conti_ars408_msgs/msg/detail/object_quality__functions.h
[0.800s] -- Up-to-date symlink: /home/jet_orin/streetlive/test/install/radar_conti_ars408_msgs/include/radar_conti_ars408_msgs/radar_conti_ars408_msgs/msg/detail/object_quality__struct.h
[0.800s] -- Up-to-date symlink: /home/jet_orin/streetlive/test/install/radar_conti_ars408_msgs/include/radar_conti_ars408_msgs/radar_conti_ars408_msgs/msg/detail/object_quality__type_support.h
[0.800s] -- Up-to-date symlink: /home/jet_orin/streetlive/test/install/radar_conti_ars408_msgs/include/radar_conti_ars408_msgs/radar_conti_ars408_msgs/msg/detail/object_status__functions.h
[0.800s] -- Up-to-date symlink: /home/jet_orin/streetlive/test/install/radar_conti_ars408_msgs/include/radar_conti_ars408_msgs/radar_conti_ars408_msgs/msg/detail/object_status__struct.h
[0.801s] -- Up-to-date symlink: /home/jet_orin/streetlive/test/install/radar_conti_ars408_msgs/include/radar_conti_ars408_msgs/radar_conti_ars408_msgs/msg/detail/object_status__type_support.h
[0.801s] -- Up-to-date symlink: /home/jet_orin/streetlive/test/install/radar_conti_ars408_msgs/include/radar_conti_ars408_msgs/radar_conti_ars408_msgs/msg/detail/radar_configuration__functions.h
[0.802s] -- Up-to-date symlink: /home/jet_orin/streetlive/test/install/radar_conti_ars408_msgs/include/radar_conti_ars408_msgs/radar_conti_ars408_msgs/msg/detail/radar_configuration__struct.h
[0.802s] -- Up-to-date symlink: /home/jet_orin/streetlive/test/install/radar_conti_ars408_msgs/include/radar_conti_ars408_msgs/radar_conti_ars408_msgs/msg/detail/radar_configuration__type_support.h
[0.803s] -- Up-to-date symlink: /home/jet_orin/streetlive/test/install/radar_conti_ars408_msgs/include/radar_conti_ars408_msgs/radar_conti_ars408_msgs/msg/detail/radar_state__functions.h
[0.803s] -- Up-to-date symlink: /home/jet_orin/streetlive/test/install/radar_conti_ars408_msgs/include/radar_conti_ars408_msgs/radar_conti_ars408_msgs/msg/detail/radar_state__struct.h
[0.803s] -- Up-to-date symlink: /home/jet_orin/streetlive/test/install/radar_conti_ars408_msgs/include/radar_conti_ars408_msgs/radar_conti_ars408_msgs/msg/detail/radar_state__type_support.h
[0.803s] -- Up-to-date symlink: /home/jet_orin/streetlive/test/install/radar_conti_ars408_msgs/include/radar_conti_ars408_msgs/radar_conti_ars408_msgs/msg/detail/version_id__functions.h
[0.804s] -- Up-to-date symlink: /home/jet_orin/streetlive/test/install/radar_conti_ars408_msgs/include/radar_conti_ars408_msgs/radar_conti_ars408_msgs/msg/detail/version_id__struct.h
[0.804s] -- Up-to-date symlink: /home/jet_orin/streetlive/test/install/radar_conti_ars408_msgs/include/radar_conti_ars408_msgs/radar_conti_ars408_msgs/msg/detail/version_id__type_support.h
[0.804s] -- Up-to-date symlink: /home/jet_orin/streetlive/test/install/radar_conti_ars408_msgs/include/radar_conti_ars408_msgs/radar_conti_ars408_msgs/msg/filter_cfg.h
[0.804s] -- Up-to-date symlink: /home/jet_orin/streetlive/test/install/radar_conti_ars408_msgs/include/radar_conti_ars408_msgs/radar_conti_ars408_msgs/msg/filter_state_cfg.h
[0.805s] -- Up-to-date symlink: /home/jet_orin/streetlive/test/install/radar_conti_ars408_msgs/include/radar_conti_ars408_msgs/radar_conti_ars408_msgs/msg/filter_state_cfg_entry_float.h
[0.805s] -- Up-to-date symlink: /home/jet_orin/streetlive/test/install/radar_conti_ars408_msgs/include/radar_conti_ars408_msgs/radar_conti_ars408_msgs/msg/filter_state_cfg_entry_int.h
[0.805s] -- Up-to-date symlink: /home/jet_orin/streetlive/test/install/radar_conti_ars408_msgs/include/radar_conti_ars408_msgs/radar_conti_ars408_msgs/msg/filter_state_header.h
[0.805s] -- Up-to-date symlink: /home/jet_orin/streetlive/test/install/radar_conti_ars408_msgs/include/radar_conti_ars408_msgs/radar_conti_ars408_msgs/msg/object.h
[0.806s] -- Up-to-date symlink: /home/jet_orin/streetlive/test/install/radar_conti_ars408_msgs/include/radar_conti_ars408_msgs/radar_conti_ars408_msgs/msg/object_extended.h
[0.806s] -- Up-to-date symlink: /home/jet_orin/streetlive/test/install/radar_conti_ars408_msgs/include/radar_conti_ars408_msgs/radar_conti_ars408_msgs/msg/object_general.h
[0.806s] -- Up-to-date symlink: /home/jet_orin/streetlive/test/install/radar_conti_ars408_msgs/include/radar_conti_ars408_msgs/radar_conti_ars408_msgs/msg/object_list.h
[0.807s] -- Up-to-date symlink: /home/jet_orin/streetlive/test/install/radar_conti_ars408_msgs/include/radar_conti_ars408_msgs/radar_conti_ars408_msgs/msg/object_quality.h
[0.807s] -- Up-to-date symlink: /home/jet_orin/streetlive/test/install/radar_conti_ars408_msgs/include/radar_conti_ars408_msgs/radar_conti_ars408_msgs/msg/object_status.h
[0.807s] -- Up-to-date symlink: /home/jet_orin/streetlive/test/install/radar_conti_ars408_msgs/include/radar_conti_ars408_msgs/radar_conti_ars408_msgs/msg/radar_configuration.h
[0.808s] -- Up-to-date symlink: /home/jet_orin/streetlive/test/install/radar_conti_ars408_msgs/include/radar_conti_ars408_msgs/radar_conti_ars408_msgs/msg/radar_state.h
[0.808s] -- Up-to-date symlink: /home/jet_orin/streetlive/test/install/radar_conti_ars408_msgs/include/radar_conti_ars408_msgs/radar_conti_ars408_msgs/msg/rosidl_generator_c__visibility_control.h
[0.808s] -- Up-to-date symlink: /home/jet_orin/streetlive/test/install/radar_conti_ars408_msgs/include/radar_conti_ars408_msgs/radar_conti_ars408_msgs/msg/version_id.h
[0.809s] -- Up-to-date symlink: /home/jet_orin/streetlive/test/install/radar_conti_ars408_msgs/include/radar_conti_ars408_msgs/radar_conti_ars408_msgs/srv/detail/set_filter__functions.h
[0.809s] -- Up-to-date symlink: /home/jet_orin/streetlive/test/install/radar_conti_ars408_msgs/include/radar_conti_ars408_msgs/radar_conti_ars408_msgs/srv/detail/set_filter__struct.h
[0.809s] -- Up-to-date symlink: /home/jet_orin/streetlive/test/install/radar_conti_ars408_msgs/include/radar_conti_ars408_msgs/radar_conti_ars408_msgs/srv/detail/set_filter__type_support.h
[0.810s] -- Up-to-date symlink: /home/jet_orin/streetlive/test/install/radar_conti_ars408_msgs/include/radar_conti_ars408_msgs/radar_conti_ars408_msgs/srv/detail/trigger_set_cfg__functions.h
[0.810s] -- Up-to-date symlink: /home/jet_orin/streetlive/test/install/radar_conti_ars408_msgs/include/radar_conti_ars408_msgs/radar_conti_ars408_msgs/srv/detail/trigger_set_cfg__struct.h
[0.810s] -- Up-to-date symlink: /home/jet_orin/streetlive/test/install/radar_conti_ars408_msgs/include/radar_conti_ars408_msgs/radar_conti_ars408_msgs/srv/detail/trigger_set_cfg__type_support.h
[0.811s] -- Up-to-date symlink: /home/jet_orin/streetlive/test/install/radar_conti_ars408_msgs/include/radar_conti_ars408_msgs/radar_conti_ars408_msgs/srv/set_filter.h
[0.811s] -- Up-to-date symlink: /home/jet_orin/streetlive/test/install/radar_conti_ars408_msgs/include/radar_conti_ars408_msgs/radar_conti_ars408_msgs/srv/trigger_set_cfg.h
[0.811s] -- Up-to-date symlink: /home/jet_orin/streetlive/test/install/radar_conti_ars408_msgs/share/radar_conti_ars408_msgs/environment/library_path.sh
[0.812s] -- Up-to-date symlink: /home/jet_orin/streetlive/test/install/radar_conti_ars408_msgs/share/radar_conti_ars408_msgs/environment/library_path.dsv
[0.813s] -- Up-to-date symlink: /home/jet_orin/streetlive/test/install/radar_conti_ars408_msgs/include/radar_conti_ars408_msgs/radar_conti_ars408_msgs/msg/detail/cluster__rosidl_typesupport_fastrtps_c.h
[0.813s] -- Up-to-date symlink: /home/jet_orin/streetlive/test/install/radar_conti_ars408_msgs/include/radar_conti_ars408_msgs/radar_conti_ars408_msgs/msg/detail/cluster_general__rosidl_typesupport_fastrtps_c.h
[0.814s] -- Up-to-date symlink: /home/jet_orin/streetlive/test/install/radar_conti_ars408_msgs/include/radar_conti_ars408_msgs/radar_conti_ars408_msgs/msg/detail/cluster_list__rosidl_typesupport_fastrtps_c.h
[0.814s] -- Up-to-date symlink: /home/jet_orin/streetlive/test/install/radar_conti_ars408_msgs/include/radar_conti_ars408_msgs/radar_conti_ars408_msgs/msg/detail/cluster_quality__rosidl_typesupport_fastrtps_c.h
[0.814s] -- Up-to-date symlink: /home/jet_orin/streetlive/test/install/radar_conti_ars408_msgs/include/radar_conti_ars408_msgs/radar_conti_ars408_msgs/msg/detail/cluster_status__rosidl_typesupport_fastrtps_c.h
[0.814s] -- Up-to-date symlink: /home/jet_orin/streetlive/test/install/radar_conti_ars408_msgs/include/radar_conti_ars408_msgs/radar_conti_ars408_msgs/msg/detail/filter_cfg__rosidl_typesupport_fastrtps_c.h
[0.814s] -- Up-to-date symlink: /home/jet_orin/streetlive/test/install/radar_conti_ars408_msgs/include/radar_conti_ars408_msgs/radar_conti_ars408_msgs/msg/detail/filter_state_cfg__rosidl_typesupport_fastrtps_c.h
[0.814s] -- Up-to-date symlink: /home/jet_orin/streetlive/test/install/radar_conti_ars408_msgs/include/radar_conti_ars408_msgs/radar_conti_ars408_msgs/msg/detail/filter_state_cfg_entry_float__rosidl_typesupport_fastrtps_c.h
[0.815s] -- Up-to-date symlink: /home/jet_orin/streetlive/test/install/radar_conti_ars408_msgs/include/radar_conti_ars408_msgs/radar_conti_ars408_msgs/msg/detail/filter_state_cfg_entry_int__rosidl_typesupport_fastrtps_c.h
[0.815s] -- Up-to-date symlink: /home/jet_orin/streetlive/test/install/radar_conti_ars408_msgs/include/radar_conti_ars408_msgs/radar_conti_ars408_msgs/msg/detail/filter_state_header__rosidl_typesupport_fastrtps_c.h
[0.815s] -- Up-to-date symlink: /home/jet_orin/streetlive/test/install/radar_conti_ars408_msgs/include/radar_conti_ars408_msgs/radar_conti_ars408_msgs/msg/detail/object__rosidl_typesupport_fastrtps_c.h
[0.815s] -- Up-to-date symlink: /home/jet_orin/streetlive/test/install/radar_conti_ars408_msgs/include/radar_conti_ars408_msgs/radar_conti_ars408_msgs/msg/detail/object_extended__rosidl_typesupport_fastrtps_c.h
[0.815s] -- Up-to-date symlink: /home/jet_orin/streetlive/test/install/radar_conti_ars408_msgs/include/radar_conti_ars408_msgs/radar_conti_ars408_msgs/msg/detail/object_general__rosidl_typesupport_fastrtps_c.h
[0.816s] -- Up-to-date symlink: /home/jet_orin/streetlive/test/install/radar_conti_ars408_msgs/include/radar_conti_ars408_msgs/radar_conti_ars408_msgs/msg/detail/object_list__rosidl_typesupport_fastrtps_c.h
[0.816s] -- Up-to-date symlink: /home/jet_orin/streetlive/test/install/radar_conti_ars408_msgs/include/radar_conti_ars408_msgs/radar_conti_ars408_msgs/msg/detail/object_quality__rosidl_typesupport_fastrtps_c.h
[0.817s] -- Up-to-date symlink: /home/jet_orin/streetlive/test/install/radar_conti_ars408_msgs/include/radar_conti_ars408_msgs/radar_conti_ars408_msgs/msg/detail/object_status__rosidl_typesupport_fastrtps_c.h
[0.817s] -- Up-to-date symlink: /home/jet_orin/streetlive/test/install/radar_conti_ars408_msgs/include/radar_conti_ars408_msgs/radar_conti_ars408_msgs/msg/detail/radar_configuration__rosidl_typesupport_fastrtps_c.h
[0.817s] -- Up-to-date symlink: /home/jet_orin/streetlive/test/install/radar_conti_ars408_msgs/include/radar_conti_ars408_msgs/radar_conti_ars408_msgs/msg/detail/radar_state__rosidl_typesupport_fastrtps_c.h
[0.817s] -- Up-to-date symlink: /home/jet_orin/streetlive/test/install/radar_conti_ars408_msgs/include/radar_conti_ars408_msgs/radar_conti_ars408_msgs/msg/detail/version_id__rosidl_typesupport_fastrtps_c.h
[0.817s] -- Up-to-date symlink: /home/jet_orin/streetlive/test/install/radar_conti_ars408_msgs/include/radar_conti_ars408_msgs/radar_conti_ars408_msgs/msg/rosidl_typesupport_fastrtps_c__visibility_control.h
[0.818s] -- Up-to-date symlink: /home/jet_orin/streetlive/test/install/radar_conti_ars408_msgs/include/radar_conti_ars408_msgs/radar_conti_ars408_msgs/srv/detail/set_filter__rosidl_typesupport_fastrtps_c.h
[0.818s] -- Up-to-date symlink: /home/jet_orin/streetlive/test/install/radar_conti_ars408_msgs/include/radar_conti_ars408_msgs/radar_conti_ars408_msgs/srv/detail/trigger_set_cfg__rosidl_typesupport_fastrtps_c.h
[0.818s] -- Up-to-date symlink: /home/jet_orin/streetlive/test/install/radar_conti_ars408_msgs/include/radar_conti_ars408_msgs/radar_conti_ars408_msgs/msg/cluster.hpp
[0.818s] -- Up-to-date symlink: /home/jet_orin/streetlive/test/install/radar_conti_ars408_msgs/include/radar_conti_ars408_msgs/radar_conti_ars408_msgs/msg/cluster_general.hpp
[0.818s] -- Up-to-date symlink: /home/jet_orin/streetlive/test/install/radar_conti_ars408_msgs/include/radar_conti_ars408_msgs/radar_conti_ars408_msgs/msg/cluster_list.hpp
[0.819s] -- Up-to-date symlink: /home/jet_orin/streetlive/test/install/radar_conti_ars408_msgs/include/radar_conti_ars408_msgs/radar_conti_ars408_msgs/msg/cluster_quality.hpp
[0.819s] -- Up-to-date symlink: /home/jet_orin/streetlive/test/install/radar_conti_ars408_msgs/include/radar_conti_ars408_msgs/radar_conti_ars408_msgs/msg/cluster_status.hpp
[0.819s] -- Up-to-date symlink: /home/jet_orin/streetlive/test/install/radar_conti_ars408_msgs/include/radar_conti_ars408_msgs/radar_conti_ars408_msgs/msg/detail/cluster__builder.hpp
[0.819s] -- Up-to-date symlink: /home/jet_orin/streetlive/test/install/radar_conti_ars408_msgs/include/radar_conti_ars408_msgs/radar_conti_ars408_msgs/msg/detail/cluster__struct.hpp
[0.819s] -- Up-to-date symlink: /home/jet_orin/streetlive/test/install/radar_conti_ars408_msgs/include/radar_conti_ars408_msgs/radar_conti_ars408_msgs/msg/detail/cluster__traits.hpp
[0.819s] -- Up-to-date symlink: /home/jet_orin/streetlive/test/install/radar_conti_ars408_msgs/include/radar_conti_ars408_msgs/radar_conti_ars408_msgs/msg/detail/cluster__type_support.hpp
[0.820s] -- Up-to-date symlink: /home/jet_orin/streetlive/test/install/radar_conti_ars408_msgs/include/radar_conti_ars408_msgs/radar_conti_ars408_msgs/msg/detail/cluster_general__builder.hpp
[0.820s] -- Up-to-date symlink: /home/jet_orin/streetlive/test/install/radar_conti_ars408_msgs/include/radar_conti_ars408_msgs/radar_conti_ars408_msgs/msg/detail/cluster_general__struct.hpp
[0.820s] -- Up-to-date symlink: /home/jet_orin/streetlive/test/install/radar_conti_ars408_msgs/include/radar_conti_ars408_msgs/radar_conti_ars408_msgs/msg/detail/cluster_general__traits.hpp
[0.820s] -- Up-to-date symlink: /home/jet_orin/streetlive/test/install/radar_conti_ars408_msgs/include/radar_conti_ars408_msgs/radar_conti_ars408_msgs/msg/detail/cluster_general__type_support.hpp
[0.820s] -- Up-to-date symlink: /home/jet_orin/streetlive/test/install/radar_conti_ars408_msgs/include/radar_conti_ars408_msgs/radar_conti_ars408_msgs/msg/detail/cluster_list__builder.hpp
[0.821s] -- Up-to-date symlink: /home/jet_orin/streetlive/test/install/radar_conti_ars408_msgs/include/radar_conti_ars408_msgs/radar_conti_ars408_msgs/msg/detail/cluster_list__struct.hpp
[0.821s] -- Up-to-date symlink: /home/jet_orin/streetlive/test/install/radar_conti_ars408_msgs/include/radar_conti_ars408_msgs/radar_conti_ars408_msgs/msg/detail/cluster_list__traits.hpp
[0.821s] -- Up-to-date symlink: /home/jet_orin/streetlive/test/install/radar_conti_ars408_msgs/include/radar_conti_ars408_msgs/radar_conti_ars408_msgs/msg/detail/cluster_list__type_support.hpp
[0.821s] -- Up-to-date symlink: /home/jet_orin/streetlive/test/install/radar_conti_ars408_msgs/include/radar_conti_ars408_msgs/radar_conti_ars408_msgs/msg/detail/cluster_quality__builder.hpp
[0.821s] -- Up-to-date symlink: /home/jet_orin/streetlive/test/install/radar_conti_ars408_msgs/include/radar_conti_ars408_msgs/radar_conti_ars408_msgs/msg/detail/cluster_quality__struct.hpp
[0.821s] -- Up-to-date symlink: /home/jet_orin/streetlive/test/install/radar_conti_ars408_msgs/include/radar_conti_ars408_msgs/radar_conti_ars408_msgs/msg/detail/cluster_quality__traits.hpp
[0.822s] -- Up-to-date symlink: /home/jet_orin/streetlive/test/install/radar_conti_ars408_msgs/include/radar_conti_ars408_msgs/radar_conti_ars408_msgs/msg/detail/cluster_quality__type_support.hpp
[0.822s] -- Up-to-date symlink: /home/jet_orin/streetlive/test/install/radar_conti_ars408_msgs/include/radar_conti_ars408_msgs/radar_conti_ars408_msgs/msg/detail/cluster_status__builder.hpp
[0.822s] -- Up-to-date symlink: /home/jet_orin/streetlive/test/install/radar_conti_ars408_msgs/include/radar_conti_ars408_msgs/radar_conti_ars408_msgs/msg/detail/cluster_status__struct.hpp
[0.822s] -- Up-to-date symlink: /home/jet_orin/streetlive/test/install/radar_conti_ars408_msgs/include/radar_conti_ars408_msgs/radar_conti_ars408_msgs/msg/detail/cluster_status__traits.hpp
[0.822s] -- Up-to-date symlink: /home/jet_orin/streetlive/test/install/radar_conti_ars408_msgs/include/radar_conti_ars408_msgs/radar_conti_ars408_msgs/msg/detail/cluster_status__type_support.hpp
[0.822s] -- Up-to-date symlink: /home/jet_orin/streetlive/test/install/radar_conti_ars408_msgs/include/radar_conti_ars408_msgs/radar_conti_ars408_msgs/msg/detail/filter_cfg__builder.hpp
[0.823s] -- Up-to-date symlink: /home/jet_orin/streetlive/test/install/radar_conti_ars408_msgs/include/radar_conti_ars408_msgs/radar_conti_ars408_msgs/msg/detail/filter_cfg__struct.hpp
[0.823s] -- Up-to-date symlink: /home/jet_orin/streetlive/test/install/radar_conti_ars408_msgs/include/radar_conti_ars408_msgs/radar_conti_ars408_msgs/msg/detail/filter_cfg__traits.hpp
[0.823s] -- Up-to-date symlink: /home/jet_orin/streetlive/test/install/radar_conti_ars408_msgs/include/radar_conti_ars408_msgs/radar_conti_ars408_msgs/msg/detail/filter_cfg__type_support.hpp
[0.823s] -- Up-to-date symlink: /home/jet_orin/streetlive/test/install/radar_conti_ars408_msgs/include/radar_conti_ars408_msgs/radar_conti_ars408_msgs/msg/detail/filter_state_cfg__builder.hpp
[0.823s] -- Up-to-date symlink: /home/jet_orin/streetlive/test/install/radar_conti_ars408_msgs/include/radar_conti_ars408_msgs/radar_conti_ars408_msgs/msg/detail/filter_state_cfg__struct.hpp
[0.824s] -- Up-to-date symlink: /home/jet_orin/streetlive/test/install/radar_conti_ars408_msgs/include/radar_conti_ars408_msgs/radar_conti_ars408_msgs/msg/detail/filter_state_cfg__traits.hpp
[0.824s] -- Up-to-date symlink: /home/jet_orin/streetlive/test/install/radar_conti_ars408_msgs/include/radar_conti_ars408_msgs/radar_conti_ars408_msgs/msg/detail/filter_state_cfg__type_support.hpp
[0.824s] -- Up-to-date symlink: /home/jet_orin/streetlive/test/install/radar_conti_ars408_msgs/include/radar_conti_ars408_msgs/radar_conti_ars408_msgs/msg/detail/filter_state_cfg_entry_float__builder.hpp
[0.824s] -- Up-to-date symlink: /home/jet_orin/streetlive/test/install/radar_conti_ars408_msgs/include/radar_conti_ars408_msgs/radar_conti_ars408_msgs/msg/detail/filter_state_cfg_entry_float__struct.hpp
[0.824s] -- Up-to-date symlink: /home/jet_orin/streetlive/test/install/radar_conti_ars408_msgs/include/radar_conti_ars408_msgs/radar_conti_ars408_msgs/msg/detail/filter_state_cfg_entry_float__traits.hpp
[0.825s] -- Up-to-date symlink: /home/jet_orin/streetlive/test/install/radar_conti_ars408_msgs/include/radar_conti_ars408_msgs/radar_conti_ars408_msgs/msg/detail/filter_state_cfg_entry_float__type_support.hpp
[0.825s] -- Up-to-date symlink: /home/jet_orin/streetlive/test/install/radar_conti_ars408_msgs/include/radar_conti_ars408_msgs/radar_conti_ars408_msgs/msg/detail/filter_state_cfg_entry_int__builder.hpp
[0.825s] -- Up-to-date symlink: /home/jet_orin/streetlive/test/install/radar_conti_ars408_msgs/include/radar_conti_ars408_msgs/radar_conti_ars408_msgs/msg/detail/filter_state_cfg_entry_int__struct.hpp
[0.825s] -- Up-to-date symlink: /home/jet_orin/streetlive/test/install/radar_conti_ars408_msgs/include/radar_conti_ars408_msgs/radar_conti_ars408_msgs/msg/detail/filter_state_cfg_entry_int__traits.hpp
[0.825s] -- Up-to-date symlink: /home/jet_orin/streetlive/test/install/radar_conti_ars408_msgs/include/radar_conti_ars408_msgs/radar_conti_ars408_msgs/msg/detail/filter_state_cfg_entry_int__type_support.hpp
[0.825s] -- Up-to-date symlink: /home/jet_orin/streetlive/test/install/radar_conti_ars408_msgs/include/radar_conti_ars408_msgs/radar_conti_ars408_msgs/msg/detail/filter_state_header__builder.hpp
[0.826s] -- Up-to-date symlink: /home/jet_orin/streetlive/test/install/radar_conti_ars408_msgs/include/radar_conti_ars408_msgs/radar_conti_ars408_msgs/msg/detail/filter_state_header__struct.hpp
[0.826s] -- Up-to-date symlink: /home/jet_orin/streetlive/test/install/radar_conti_ars408_msgs/include/radar_conti_ars408_msgs/radar_conti_ars408_msgs/msg/detail/filter_state_header__traits.hpp
[0.826s] -- Up-to-date symlink: /home/jet_orin/streetlive/test/install/radar_conti_ars408_msgs/include/radar_conti_ars408_msgs/radar_conti_ars408_msgs/msg/detail/filter_state_header__type_support.hpp
[0.826s] -- Up-to-date symlink: /home/jet_orin/streetlive/test/install/radar_conti_ars408_msgs/include/radar_conti_ars408_msgs/radar_conti_ars408_msgs/msg/detail/object__builder.hpp
[0.826s] -- Up-to-date symlink: /home/jet_orin/streetlive/test/install/radar_conti_ars408_msgs/include/radar_conti_ars408_msgs/radar_conti_ars408_msgs/msg/detail/object__struct.hpp
[0.826s] -- Up-to-date symlink: /home/jet_orin/streetlive/test/install/radar_conti_ars408_msgs/include/radar_conti_ars408_msgs/radar_conti_ars408_msgs/msg/detail/object__traits.hpp
[0.826s] -- Up-to-date symlink: /home/jet_orin/streetlive/test/install/radar_conti_ars408_msgs/include/radar_conti_ars408_msgs/radar_conti_ars408_msgs/msg/detail/object__type_support.hpp
[0.827s] -- Up-to-date symlink: /home/jet_orin/streetlive/test/install/radar_conti_ars408_msgs/include/radar_conti_ars408_msgs/radar_conti_ars408_msgs/msg/detail/object_extended__builder.hpp
[0.828s] -- Up-to-date symlink: /home/jet_orin/streetlive/test/install/radar_conti_ars408_msgs/include/radar_conti_ars408_msgs/radar_conti_ars408_msgs/msg/detail/object_extended__struct.hpp
[0.828s] -- Up-to-date symlink: /home/jet_orin/streetlive/test/install/radar_conti_ars408_msgs/include/radar_conti_ars408_msgs/radar_conti_ars408_msgs/msg/detail/object_extended__traits.hpp
[0.828s] -- Up-to-date symlink: /home/jet_orin/streetlive/test/install/radar_conti_ars408_msgs/include/radar_conti_ars408_msgs/radar_conti_ars408_msgs/msg/detail/object_extended__type_support.hpp
[0.828s] -- Up-to-date symlink: /home/jet_orin/streetlive/test/install/radar_conti_ars408_msgs/include/radar_conti_ars408_msgs/radar_conti_ars408_msgs/msg/detail/object_general__builder.hpp
[0.828s] -- Up-to-date symlink: /home/jet_orin/streetlive/test/install/radar_conti_ars408_msgs/include/radar_conti_ars408_msgs/radar_conti_ars408_msgs/msg/detail/object_general__struct.hpp
[0.828s] -- Up-to-date symlink: /home/jet_orin/streetlive/test/install/radar_conti_ars408_msgs/include/radar_conti_ars408_msgs/radar_conti_ars408_msgs/msg/detail/object_general__traits.hpp
[0.828s] -- Up-to-date symlink: /home/jet_orin/streetlive/test/install/radar_conti_ars408_msgs/include/radar_conti_ars408_msgs/radar_conti_ars408_msgs/msg/detail/object_general__type_support.hpp
[0.829s] -- Up-to-date symlink: /home/jet_orin/streetlive/test/install/radar_conti_ars408_msgs/include/radar_conti_ars408_msgs/radar_conti_ars408_msgs/msg/detail/object_list__builder.hpp
[0.829s] -- Up-to-date symlink: /home/jet_orin/streetlive/test/install/radar_conti_ars408_msgs/include/radar_conti_ars408_msgs/radar_conti_ars408_msgs/msg/detail/object_list__struct.hpp
[0.829s] -- Up-to-date symlink: /home/jet_orin/streetlive/test/install/radar_conti_ars408_msgs/include/radar_conti_ars408_msgs/radar_conti_ars408_msgs/msg/detail/object_list__traits.hpp
[0.829s] -- Up-to-date symlink: /home/jet_orin/streetlive/test/install/radar_conti_ars408_msgs/include/radar_conti_ars408_msgs/radar_conti_ars408_msgs/msg/detail/object_list__type_support.hpp
[0.829s] -- Up-to-date symlink: /home/jet_orin/streetlive/test/install/radar_conti_ars408_msgs/include/radar_conti_ars408_msgs/radar_conti_ars408_msgs/msg/detail/object_quality__builder.hpp
[0.829s] -- Up-to-date symlink: /home/jet_orin/streetlive/test/install/radar_conti_ars408_msgs/include/radar_conti_ars408_msgs/radar_conti_ars408_msgs/msg/detail/object_quality__struct.hpp
[0.830s] -- Up-to-date symlink: /home/jet_orin/streetlive/test/install/radar_conti_ars408_msgs/include/radar_conti_ars408_msgs/radar_conti_ars408_msgs/msg/detail/object_quality__traits.hpp
[0.830s] -- Up-to-date symlink: /home/jet_orin/streetlive/test/install/radar_conti_ars408_msgs/include/radar_conti_ars408_msgs/radar_conti_ars408_msgs/msg/detail/object_quality__type_support.hpp
[0.830s] -- Up-to-date symlink: /home/jet_orin/streetlive/test/install/radar_conti_ars408_msgs/include/radar_conti_ars408_msgs/radar_conti_ars408_msgs/msg/detail/object_status__builder.hpp
[0.830s] -- Up-to-date symlink: /home/jet_orin/streetlive/test/install/radar_conti_ars408_msgs/include/radar_conti_ars408_msgs/radar_conti_ars408_msgs/msg/detail/object_status__struct.hpp
[0.831s] -- Up-to-date symlink: /home/jet_orin/streetlive/test/install/radar_conti_ars408_msgs/include/radar_conti_ars408_msgs/radar_conti_ars408_msgs/msg/detail/object_status__traits.hpp
[0.831s] -- Up-to-date symlink: /home/jet_orin/streetlive/test/install/radar_conti_ars408_msgs/include/radar_conti_ars408_msgs/radar_conti_ars408_msgs/msg/detail/object_status__type_support.hpp
[0.831s] -- Up-to-date symlink: /home/jet_orin/streetlive/test/install/radar_conti_ars408_msgs/include/radar_conti_ars408_msgs/radar_conti_ars408_msgs/msg/detail/radar_configuration__builder.hpp
[0.831s] -- Up-to-date symlink: /home/jet_orin/streetlive/test/install/radar_conti_ars408_msgs/include/radar_conti_ars408_msgs/radar_conti_ars408_msgs/msg/detail/radar_configuration__struct.hpp
[0.831s] -- Up-to-date symlink: /home/jet_orin/streetlive/test/install/radar_conti_ars408_msgs/include/radar_conti_ars408_msgs/radar_conti_ars408_msgs/msg/detail/radar_configuration__traits.hpp
[0.832s] -- Up-to-date symlink: /home/jet_orin/streetlive/test/install/radar_conti_ars408_msgs/include/radar_conti_ars408_msgs/radar_conti_ars408_msgs/msg/detail/radar_configuration__type_support.hpp
[0.832s] -- Up-to-date symlink: /home/jet_orin/streetlive/test/install/radar_conti_ars408_msgs/include/radar_conti_ars408_msgs/radar_conti_ars408_msgs/msg/detail/radar_state__builder.hpp
[0.832s] -- Up-to-date symlink: /home/jet_orin/streetlive/test/install/radar_conti_ars408_msgs/include/radar_conti_ars408_msgs/radar_conti_ars408_msgs/msg/detail/radar_state__struct.hpp
[0.832s] -- Up-to-date symlink: /home/jet_orin/streetlive/test/install/radar_conti_ars408_msgs/include/radar_conti_ars408_msgs/radar_conti_ars408_msgs/msg/detail/radar_state__traits.hpp
[0.832s] -- Up-to-date symlink: /home/jet_orin/streetlive/test/install/radar_conti_ars408_msgs/include/radar_conti_ars408_msgs/radar_conti_ars408_msgs/msg/detail/radar_state__type_support.hpp
[0.832s] -- Up-to-date symlink: /home/jet_orin/streetlive/test/install/radar_conti_ars408_msgs/include/radar_conti_ars408_msgs/radar_conti_ars408_msgs/msg/detail/version_id__builder.hpp
[0.833s] -- Up-to-date symlink: /home/jet_orin/streetlive/test/install/radar_conti_ars408_msgs/include/radar_conti_ars408_msgs/radar_conti_ars408_msgs/msg/detail/version_id__struct.hpp
[0.833s] -- Up-to-date symlink: /home/jet_orin/streetlive/test/install/radar_conti_ars408_msgs/include/radar_conti_ars408_msgs/radar_conti_ars408_msgs/msg/detail/version_id__traits.hpp
[0.834s] -- Up-to-date symlink: /home/jet_orin/streetlive/test/install/radar_conti_ars408_msgs/include/radar_conti_ars408_msgs/radar_conti_ars408_msgs/msg/detail/version_id__type_support.hpp
[0.834s] -- Up-to-date symlink: /home/jet_orin/streetlive/test/install/radar_conti_ars408_msgs/include/radar_conti_ars408_msgs/radar_conti_ars408_msgs/msg/filter_cfg.hpp
[0.834s] -- Up-to-date symlink: /home/jet_orin/streetlive/test/install/radar_conti_ars408_msgs/include/radar_conti_ars408_msgs/radar_conti_ars408_msgs/msg/filter_state_cfg.hpp
[0.834s] -- Up-to-date symlink: /home/jet_orin/streetlive/test/install/radar_conti_ars408_msgs/include/radar_conti_ars408_msgs/radar_conti_ars408_msgs/msg/filter_state_cfg_entry_float.hpp
[0.834s] -- Up-to-date symlink: /home/jet_orin/streetlive/test/install/radar_conti_ars408_msgs/include/radar_conti_ars408_msgs/radar_conti_ars408_msgs/msg/filter_state_cfg_entry_int.hpp
[0.834s] -- Up-to-date symlink: /home/jet_orin/streetlive/test/install/radar_conti_ars408_msgs/include/radar_conti_ars408_msgs/radar_conti_ars408_msgs/msg/filter_state_header.hpp
[0.835s] -- Up-to-date symlink: /home/jet_orin/streetlive/test/install/radar_conti_ars408_msgs/include/radar_conti_ars408_msgs/radar_conti_ars408_msgs/msg/object.hpp
[0.835s] -- Up-to-date symlink: /home/jet_orin/streetlive/test/install/radar_conti_ars408_msgs/include/radar_conti_ars408_msgs/radar_conti_ars408_msgs/msg/object_extended.hpp
[0.836s] -- Up-to-date symlink: /home/jet_orin/streetlive/test/install/radar_conti_ars408_msgs/include/radar_conti_ars408_msgs/radar_conti_ars408_msgs/msg/object_general.hpp
[0.836s] -- Up-to-date symlink: /home/jet_orin/streetlive/test/install/radar_conti_ars408_msgs/include/radar_conti_ars408_msgs/radar_conti_ars408_msgs/msg/object_list.hpp
[0.836s] -- Up-to-date symlink: /home/jet_orin/streetlive/test/install/radar_conti_ars408_msgs/include/radar_conti_ars408_msgs/radar_conti_ars408_msgs/msg/object_quality.hpp
[0.836s] -- Up-to-date symlink: /home/jet_orin/streetlive/test/install/radar_conti_ars408_msgs/include/radar_conti_ars408_msgs/radar_conti_ars408_msgs/msg/object_status.hpp
[0.837s] -- Up-to-date symlink: /home/jet_orin/streetlive/test/install/radar_conti_ars408_msgs/include/radar_conti_ars408_msgs/radar_conti_ars408_msgs/msg/radar_configuration.hpp
[0.837s] -- Up-to-date symlink: /home/jet_orin/streetlive/test/install/radar_conti_ars408_msgs/include/radar_conti_ars408_msgs/radar_conti_ars408_msgs/msg/radar_state.hpp
[0.837s] -- Up-to-date symlink: /home/jet_orin/streetlive/test/install/radar_conti_ars408_msgs/include/radar_conti_ars408_msgs/radar_conti_ars408_msgs/msg/rosidl_generator_cpp__visibility_control.hpp
[0.837s] -- Up-to-date symlink: /home/jet_orin/streetlive/test/install/radar_conti_ars408_msgs/include/radar_conti_ars408_msgs/radar_conti_ars408_msgs/msg/version_id.hpp
[0.837s] -- Up-to-date symlink: /home/jet_orin/streetlive/test/install/radar_conti_ars408_msgs/include/radar_conti_ars408_msgs/radar_conti_ars408_msgs/srv/detail/set_filter__builder.hpp
[0.837s] -- Up-to-date symlink: /home/jet_orin/streetlive/test/install/radar_conti_ars408_msgs/include/radar_conti_ars408_msgs/radar_conti_ars408_msgs/srv/detail/set_filter__struct.hpp
[0.837s] -- Up-to-date symlink: /home/jet_orin/streetlive/test/install/radar_conti_ars408_msgs/include/radar_conti_ars408_msgs/radar_conti_ars408_msgs/srv/detail/set_filter__traits.hpp
[0.838s] -- Up-to-date symlink: /home/jet_orin/streetlive/test/install/radar_conti_ars408_msgs/include/radar_conti_ars408_msgs/radar_conti_ars408_msgs/srv/detail/set_filter__type_support.hpp
[0.838s] -- Up-to-date symlink: /home/jet_orin/streetlive/test/install/radar_conti_ars408_msgs/include/radar_conti_ars408_msgs/radar_conti_ars408_msgs/srv/detail/trigger_set_cfg__builder.hpp
[0.838s] -- Up-to-date symlink: /home/jet_orin/streetlive/test/install/radar_conti_ars408_msgs/include/radar_conti_ars408_msgs/radar_conti_ars408_msgs/srv/detail/trigger_set_cfg__struct.hpp
[0.838s] -- Up-to-date symlink: /home/jet_orin/streetlive/test/install/radar_conti_ars408_msgs/include/radar_conti_ars408_msgs/radar_conti_ars408_msgs/srv/detail/trigger_set_cfg__traits.hpp
[0.838s] -- Up-to-date symlink: /home/jet_orin/streetlive/test/install/radar_conti_ars408_msgs/include/radar_conti_ars408_msgs/radar_conti_ars408_msgs/srv/detail/trigger_set_cfg__type_support.hpp
[0.838s] -- Up-to-date symlink: /home/jet_orin/streetlive/test/install/radar_conti_ars408_msgs/include/radar_conti_ars408_msgs/radar_conti_ars408_msgs/srv/set_filter.hpp
[0.838s] -- Up-to-date symlink: /home/jet_orin/streetlive/test/install/radar_conti_ars408_msgs/include/radar_conti_ars408_msgs/radar_conti_ars408_msgs/srv/trigger_set_cfg.hpp
[0.839s] -- Up-to-date symlink: /home/jet_orin/streetlive/test/install/radar_conti_ars408_msgs/include/radar_conti_ars408_msgs/radar_conti_ars408_msgs/msg/detail/cluster__rosidl_typesupport_fastrtps_cpp.hpp
[0.839s] -- Up-to-date symlink: /home/jet_orin/streetlive/test/install/radar_conti_ars408_msgs/include/radar_conti_ars408_msgs/radar_conti_ars408_msgs/msg/detail/cluster_general__rosidl_typesupport_fastrtps_cpp.hpp
[0.839s] -- Up-to-date symlink: /home/jet_orin/streetlive/test/install/radar_conti_ars408_msgs/include/radar_conti_ars408_msgs/radar_conti_ars408_msgs/msg/detail/cluster_list__rosidl_typesupport_fastrtps_cpp.hpp
[0.839s] -- Up-to-date symlink: /home/jet_orin/streetlive/test/install/radar_conti_ars408_msgs/include/radar_conti_ars408_msgs/radar_conti_ars408_msgs/msg/detail/cluster_quality__rosidl_typesupport_fastrtps_cpp.hpp
[0.839s] -- Up-to-date symlink: /home/jet_orin/streetlive/test/install/radar_conti_ars408_msgs/include/radar_conti_ars408_msgs/radar_conti_ars408_msgs/msg/detail/cluster_status__rosidl_typesupport_fastrtps_cpp.hpp
[0.839s] -- Up-to-date symlink: /home/jet_orin/streetlive/test/install/radar_conti_ars408_msgs/include/radar_conti_ars408_msgs/radar_conti_ars408_msgs/msg/detail/filter_cfg__rosidl_typesupport_fastrtps_cpp.hpp
[0.840s] -- Up-to-date symlink: /home/jet_orin/streetlive/test/install/radar_conti_ars408_msgs/include/radar_conti_ars408_msgs/radar_conti_ars408_msgs/msg/detail/filter_state_cfg__rosidl_typesupport_fastrtps_cpp.hpp
[0.840s] -- Up-to-date symlink: /home/jet_orin/streetlive/test/install/radar_conti_ars408_msgs/include/radar_conti_ars408_msgs/radar_conti_ars408_msgs/msg/detail/filter_state_cfg_entry_float__rosidl_typesupport_fastrtps_cpp.hpp
[0.840s] -- Up-to-date symlink: /home/jet_orin/streetlive/test/install/radar_conti_ars408_msgs/include/radar_conti_ars408_msgs/radar_conti_ars408_msgs/msg/detail/filter_state_cfg_entry_int__rosidl_typesupport_fastrtps_cpp.hpp
[0.840s] -- Up-to-date symlink: /home/jet_orin/streetlive/test/install/radar_conti_ars408_msgs/include/radar_conti_ars408_msgs/radar_conti_ars408_msgs/msg/detail/filter_state_header__rosidl_typesupport_fastrtps_cpp.hpp
[0.840s] -- Up-to-date symlink: /home/jet_orin/streetlive/test/install/radar_conti_ars408_msgs/include/radar_conti_ars408_msgs/radar_conti_ars408_msgs/msg/detail/object__rosidl_typesupport_fastrtps_cpp.hpp
[0.840s] -- Up-to-date symlink: /home/jet_orin/streetlive/test/install/radar_conti_ars408_msgs/include/radar_conti_ars408_msgs/radar_conti_ars408_msgs/msg/detail/object_extended__rosidl_typesupport_fastrtps_cpp.hpp
[0.840s] -- Up-to-date symlink: /home/jet_orin/streetlive/test/install/radar_conti_ars408_msgs/include/radar_conti_ars408_msgs/radar_conti_ars408_msgs/msg/detail/object_general__rosidl_typesupport_fastrtps_cpp.hpp
[0.841s] -- Up-to-date symlink: /home/jet_orin/streetlive/test/install/radar_conti_ars408_msgs/include/radar_conti_ars408_msgs/radar_conti_ars408_msgs/msg/detail/object_list__rosidl_typesupport_fastrtps_cpp.hpp
[0.841s] -- Up-to-date symlink: /home/jet_orin/streetlive/test/install/radar_conti_ars408_msgs/include/radar_conti_ars408_msgs/radar_conti_ars408_msgs/msg/detail/object_quality__rosidl_typesupport_fastrtps_cpp.hpp
[0.841s] -- Up-to-date symlink: /home/jet_orin/streetlive/test/install/radar_conti_ars408_msgs/include/radar_conti_ars408_msgs/radar_conti_ars408_msgs/msg/detail/object_status__rosidl_typesupport_fastrtps_cpp.hpp
[0.841s] -- Up-to-date symlink: /home/jet_orin/streetlive/test/install/radar_conti_ars408_msgs/include/radar_conti_ars408_msgs/radar_conti_ars408_msgs/msg/detail/radar_configuration__rosidl_typesupport_fastrtps_cpp.hpp
[0.841s] -- Up-to-date symlink: /home/jet_orin/streetlive/test/install/radar_conti_ars408_msgs/include/radar_conti_ars408_msgs/radar_conti_ars408_msgs/msg/detail/radar_state__rosidl_typesupport_fastrtps_cpp.hpp
[0.841s] -- Up-to-date symlink: /home/jet_orin/streetlive/test/install/radar_conti_ars408_msgs/include/radar_conti_ars408_msgs/radar_conti_ars408_msgs/msg/detail/version_id__rosidl_typesupport_fastrtps_cpp.hpp
[0.841s] -- Up-to-date symlink: /home/jet_orin/streetlive/test/install/radar_conti_ars408_msgs/include/radar_conti_ars408_msgs/radar_conti_ars408_msgs/msg/rosidl_typesupport_fastrtps_cpp__visibility_control.h
[0.842s] -- Up-to-date symlink: /home/jet_orin/streetlive/test/install/radar_conti_ars408_msgs/include/radar_conti_ars408_msgs/radar_conti_ars408_msgs/srv/detail/set_filter__rosidl_typesupport_fastrtps_cpp.hpp
[0.842s] -- Up-to-date symlink: /home/jet_orin/streetlive/test/install/radar_conti_ars408_msgs/include/radar_conti_ars408_msgs/radar_conti_ars408_msgs/srv/detail/trigger_set_cfg__rosidl_typesupport_fastrtps_cpp.hpp
[0.842s] -- Up-to-date symlink: /home/jet_orin/streetlive/test/install/radar_conti_ars408_msgs/include/radar_conti_ars408_msgs/radar_conti_ars408_msgs/msg/detail/cluster__rosidl_typesupport_introspection_c.h
[0.842s] -- Up-to-date symlink: /home/jet_orin/streetlive/test/install/radar_conti_ars408_msgs/include/radar_conti_ars408_msgs/radar_conti_ars408_msgs/msg/detail/cluster_general__rosidl_typesupport_introspection_c.h
[0.842s] -- Up-to-date symlink: /home/jet_orin/streetlive/test/install/radar_conti_ars408_msgs/include/radar_conti_ars408_msgs/radar_conti_ars408_msgs/msg/detail/cluster_list__rosidl_typesupport_introspection_c.h
[0.842s] -- Up-to-date symlink: /home/jet_orin/streetlive/test/install/radar_conti_ars408_msgs/include/radar_conti_ars408_msgs/radar_conti_ars408_msgs/msg/detail/cluster_quality__rosidl_typesupport_introspection_c.h
[0.842s] -- Up-to-date symlink: /home/jet_orin/streetlive/test/install/radar_conti_ars408_msgs/include/radar_conti_ars408_msgs/radar_conti_ars408_msgs/msg/detail/cluster_status__rosidl_typesupport_introspection_c.h
[0.842s] -- Up-to-date symlink: /home/jet_orin/streetlive/test/install/radar_conti_ars408_msgs/include/radar_conti_ars408_msgs/radar_conti_ars408_msgs/msg/detail/filter_cfg__rosidl_typesupport_introspection_c.h
[0.843s] -- Up-to-date symlink: /home/jet_orin/streetlive/test/install/radar_conti_ars408_msgs/include/radar_conti_ars408_msgs/radar_conti_ars408_msgs/msg/detail/filter_state_cfg__rosidl_typesupport_introspection_c.h
[0.843s] -- Up-to-date symlink: /home/jet_orin/streetlive/test/install/radar_conti_ars408_msgs/include/radar_conti_ars408_msgs/radar_conti_ars408_msgs/msg/detail/filter_state_cfg_entry_float__rosidl_typesupport_introspection_c.h
[0.843s] -- Up-to-date symlink: /home/jet_orin/streetlive/test/install/radar_conti_ars408_msgs/include/radar_conti_ars408_msgs/radar_conti_ars408_msgs/msg/detail/filter_state_cfg_entry_int__rosidl_typesupport_introspection_c.h
[0.843s] -- Up-to-date symlink: /home/jet_orin/streetlive/test/install/radar_conti_ars408_msgs/include/radar_conti_ars408_msgs/radar_conti_ars408_msgs/msg/detail/filter_state_header__rosidl_typesupport_introspection_c.h
[0.843s] -- Up-to-date symlink: /home/jet_orin/streetlive/test/install/radar_conti_ars408_msgs/include/radar_conti_ars408_msgs/radar_conti_ars408_msgs/msg/detail/object__rosidl_typesupport_introspection_c.h
[0.843s] -- Up-to-date symlink: /home/jet_orin/streetlive/test/install/radar_conti_ars408_msgs/include/radar_conti_ars408_msgs/radar_conti_ars408_msgs/msg/detail/object_extended__rosidl_typesupport_introspection_c.h
[0.843s] -- Up-to-date symlink: /home/jet_orin/streetlive/test/install/radar_conti_ars408_msgs/include/radar_conti_ars408_msgs/radar_conti_ars408_msgs/msg/detail/object_general__rosidl_typesupport_introspection_c.h
[0.843s] -- Up-to-date symlink: /home/jet_orin/streetlive/test/install/radar_conti_ars408_msgs/include/radar_conti_ars408_msgs/radar_conti_ars408_msgs/msg/detail/object_list__rosidl_typesupport_introspection_c.h
[0.844s] -- Up-to-date symlink: /home/jet_orin/streetlive/test/install/radar_conti_ars408_msgs/include/radar_conti_ars408_msgs/radar_conti_ars408_msgs/msg/detail/object_quality__rosidl_typesupport_introspection_c.h
[0.844s] -- Up-to-date symlink: /home/jet_orin/streetlive/test/install/radar_conti_ars408_msgs/include/radar_conti_ars408_msgs/radar_conti_ars408_msgs/msg/detail/object_status__rosidl_typesupport_introspection_c.h
[0.844s] -- Up-to-date symlink: /home/jet_orin/streetlive/test/install/radar_conti_ars408_msgs/include/radar_conti_ars408_msgs/radar_conti_ars408_msgs/msg/detail/radar_configuration__rosidl_typesupport_introspection_c.h
[0.844s] -- Up-to-date symlink: /home/jet_orin/streetlive/test/install/radar_conti_ars408_msgs/include/radar_conti_ars408_msgs/radar_conti_ars408_msgs/msg/detail/radar_state__rosidl_typesupport_introspection_c.h
[0.844s] -- Up-to-date symlink: /home/jet_orin/streetlive/test/install/radar_conti_ars408_msgs/include/radar_conti_ars408_msgs/radar_conti_ars408_msgs/msg/detail/version_id__rosidl_typesupport_introspection_c.h
[0.844s] -- Up-to-date symlink: /home/jet_orin/streetlive/test/install/radar_conti_ars408_msgs/include/radar_conti_ars408_msgs/radar_conti_ars408_msgs/msg/rosidl_typesupport_introspection_c__visibility_control.h
[0.844s] -- Up-to-date symlink: /home/jet_orin/streetlive/test/install/radar_conti_ars408_msgs/include/radar_conti_ars408_msgs/radar_conti_ars408_msgs/srv/detail/set_filter__rosidl_typesupport_introspection_c.h
[0.844s] -- Up-to-date symlink: /home/jet_orin/streetlive/test/install/radar_conti_ars408_msgs/include/radar_conti_ars408_msgs/radar_conti_ars408_msgs/srv/detail/trigger_set_cfg__rosidl_typesupport_introspection_c.h
[0.845s] -- Up-to-date symlink: /home/jet_orin/streetlive/test/install/radar_conti_ars408_msgs/include/radar_conti_ars408_msgs/radar_conti_ars408_msgs/msg/detail/cluster__rosidl_typesupport_introspection_cpp.hpp
[0.845s] -- Up-to-date symlink: /home/jet_orin/streetlive/test/install/radar_conti_ars408_msgs/include/radar_conti_ars408_msgs/radar_conti_ars408_msgs/msg/detail/cluster_general__rosidl_typesupport_introspection_cpp.hpp
[0.845s] -- Up-to-date symlink: /home/jet_orin/streetlive/test/install/radar_conti_ars408_msgs/include/radar_conti_ars408_msgs/radar_conti_ars408_msgs/msg/detail/cluster_list__rosidl_typesupport_introspection_cpp.hpp
[0.845s] -- Up-to-date symlink: /home/jet_orin/streetlive/test/install/radar_conti_ars408_msgs/include/radar_conti_ars408_msgs/radar_conti_ars408_msgs/msg/detail/cluster_quality__rosidl_typesupport_introspection_cpp.hpp
[0.845s] -- Up-to-date symlink: /home/jet_orin/streetlive/test/install/radar_conti_ars408_msgs/include/radar_conti_ars408_msgs/radar_conti_ars408_msgs/msg/detail/cluster_status__rosidl_typesupport_introspection_cpp.hpp
[0.845s] -- Up-to-date symlink: /home/jet_orin/streetlive/test/install/radar_conti_ars408_msgs/include/radar_conti_ars408_msgs/radar_conti_ars408_msgs/msg/detail/filter_cfg__rosidl_typesupport_introspection_cpp.hpp
[0.845s] -- Up-to-date symlink: /home/jet_orin/streetlive/test/install/radar_conti_ars408_msgs/include/radar_conti_ars408_msgs/radar_conti_ars408_msgs/msg/detail/filter_state_cfg__rosidl_typesupport_introspection_cpp.hpp
[0.845s] -- Up-to-date symlink: /home/jet_orin/streetlive/test/install/radar_conti_ars408_msgs/include/radar_conti_ars408_msgs/radar_conti_ars408_msgs/msg/detail/filter_state_cfg_entry_float__rosidl_typesupport_introspection_cpp.hpp
[0.846s] -- Up-to-date symlink: /home/jet_orin/streetlive/test/install/radar_conti_ars408_msgs/include/radar_conti_ars408_msgs/radar_conti_ars408_msgs/msg/detail/filter_state_cfg_entry_int__rosidl_typesupport_introspection_cpp.hpp
[0.846s] -- Up-to-date symlink: /home/jet_orin/streetlive/test/install/radar_conti_ars408_msgs/include/radar_conti_ars408_msgs/radar_conti_ars408_msgs/msg/detail/filter_state_header__rosidl_typesupport_introspection_cpp.hpp
[0.846s] -- Up-to-date symlink: /home/jet_orin/streetlive/test/install/radar_conti_ars408_msgs/include/radar_conti_ars408_msgs/radar_conti_ars408_msgs/msg/detail/object__rosidl_typesupport_introspection_cpp.hpp
[0.846s] -- Up-to-date symlink: /home/jet_orin/streetlive/test/install/radar_conti_ars408_msgs/include/radar_conti_ars408_msgs/radar_conti_ars408_msgs/msg/detail/object_extended__rosidl_typesupport_introspection_cpp.hpp
[0.846s] -- Up-to-date symlink: /home/jet_orin/streetlive/test/install/radar_conti_ars408_msgs/include/radar_conti_ars408_msgs/radar_conti_ars408_msgs/msg/detail/object_general__rosidl_typesupport_introspection_cpp.hpp
[0.846s] -- Up-to-date symlink: /home/jet_orin/streetlive/test/install/radar_conti_ars408_msgs/include/radar_conti_ars408_msgs/radar_conti_ars408_msgs/msg/detail/object_list__rosidl_typesupport_introspection_cpp.hpp
[0.846s] -- Up-to-date symlink: /home/jet_orin/streetlive/test/install/radar_conti_ars408_msgs/include/radar_conti_ars408_msgs/radar_conti_ars408_msgs/msg/detail/object_quality__rosidl_typesupport_introspection_cpp.hpp
[0.847s] -- Up-to-date symlink: /home/jet_orin/streetlive/test/install/radar_conti_ars408_msgs/include/radar_conti_ars408_msgs/radar_conti_ars408_msgs/msg/detail/object_status__rosidl_typesupport_introspection_cpp.hpp
[0.847s] -- Up-to-date symlink: /home/jet_orin/streetlive/test/install/radar_conti_ars408_msgs/include/radar_conti_ars408_msgs/radar_conti_ars408_msgs/msg/detail/radar_configuration__rosidl_typesupport_introspection_cpp.hpp
[0.847s] -- Up-to-date symlink: /home/jet_orin/streetlive/test/install/radar_conti_ars408_msgs/include/radar_conti_ars408_msgs/radar_conti_ars408_msgs/msg/detail/radar_state__rosidl_typesupport_introspection_cpp.hpp
[0.847s] -- Up-to-date symlink: /home/jet_orin/streetlive/test/install/radar_conti_ars408_msgs/include/radar_conti_ars408_msgs/radar_conti_ars408_msgs/msg/detail/version_id__rosidl_typesupport_introspection_cpp.hpp
[0.847s] -- Up-to-date symlink: /home/jet_orin/streetlive/test/install/radar_conti_ars408_msgs/include/radar_conti_ars408_msgs/radar_conti_ars408_msgs/srv/detail/set_filter__rosidl_typesupport_introspection_cpp.hpp
[0.847s] -- Up-to-date symlink: /home/jet_orin/streetlive/test/install/radar_conti_ars408_msgs/include/radar_conti_ars408_msgs/radar_conti_ars408_msgs/srv/detail/trigger_set_cfg__rosidl_typesupport_introspection_cpp.hpp
[0.847s] -- Up-to-date symlink: /home/jet_orin/streetlive/test/install/radar_conti_ars408_msgs/share/radar_conti_ars408_msgs/environment/pythonpath.sh
[0.847s] -- Up-to-date symlink: /home/jet_orin/streetlive/test/install/radar_conti_ars408_msgs/share/radar_conti_ars408_msgs/environment/pythonpath.dsv
[0.847s] -- Up-to-date symlink: /home/jet_orin/streetlive/test/install/radar_conti_ars408_msgs/local/lib/python3.10/dist-packages/radar_conti_ars408_msgs-0.0.0-py3.10.egg-info/PKG-INFO
[0.848s] -- Up-to-date symlink: /home/jet_orin/streetlive/test/install/radar_conti_ars408_msgs/local/lib/python3.10/dist-packages/radar_conti_ars408_msgs-0.0.0-py3.10.egg-info/SOURCES.txt
[0.848s] -- Up-to-date symlink: /home/jet_orin/streetlive/test/install/radar_conti_ars408_msgs/local/lib/python3.10/dist-packages/radar_conti_ars408_msgs-0.0.0-py3.10.egg-info/dependency_links.txt
[0.848s] -- Up-to-date symlink: /home/jet_orin/streetlive/test/install/radar_conti_ars408_msgs/local/lib/python3.10/dist-packages/radar_conti_ars408_msgs-0.0.0-py3.10.egg-info/top_level.txt
[0.848s] -- Up-to-date symlink: /home/jet_orin/streetlive/test/install/radar_conti_ars408_msgs/local/lib/python3.10/dist-packages/radar_conti_ars408_msgs/__init__.py
[0.849s] -- Up-to-date symlink: /home/jet_orin/streetlive/test/install/radar_conti_ars408_msgs/local/lib/python3.10/dist-packages/radar_conti_ars408_msgs/_radar_conti_ars408_msgs_s.ep.rosidl_typesupport_c.c
[0.849s] -- Up-to-date symlink: /home/jet_orin/streetlive/test/install/radar_conti_ars408_msgs/local/lib/python3.10/dist-packages/radar_conti_ars408_msgs/_radar_conti_ars408_msgs_s.ep.rosidl_typesupport_fastrtps_c.c
[0.849s] -- Up-to-date symlink: /home/jet_orin/streetlive/test/install/radar_conti_ars408_msgs/local/lib/python3.10/dist-packages/radar_conti_ars408_msgs/_radar_conti_ars408_msgs_s.ep.rosidl_typesupport_introspection_c.c
[0.849s] -- Up-to-date symlink: /home/jet_orin/streetlive/test/install/radar_conti_ars408_msgs/local/lib/python3.10/dist-packages/radar_conti_ars408_msgs/libradar_conti_ars408_msgs__rosidl_generator_py.so
[0.849s] -- Up-to-date symlink: /home/jet_orin/streetlive/test/install/radar_conti_ars408_msgs/local/lib/python3.10/dist-packages/radar_conti_ars408_msgs/msg/__init__.py
[0.850s] -- Up-to-date symlink: /home/jet_orin/streetlive/test/install/radar_conti_ars408_msgs/local/lib/python3.10/dist-packages/radar_conti_ars408_msgs/msg/_cluster.py
[0.850s] -- Up-to-date symlink: /home/jet_orin/streetlive/test/install/radar_conti_ars408_msgs/local/lib/python3.10/dist-packages/radar_conti_ars408_msgs/msg/_cluster_general.py
[0.850s] -- Up-to-date symlink: /home/jet_orin/streetlive/test/install/radar_conti_ars408_msgs/local/lib/python3.10/dist-packages/radar_conti_ars408_msgs/msg/_cluster_general_s.c
[0.850s] -- Up-to-date symlink: /home/jet_orin/streetlive/test/install/radar_conti_ars408_msgs/local/lib/python3.10/dist-packages/radar_conti_ars408_msgs/msg/_cluster_list.py
[0.850s] -- Up-to-date symlink: /home/jet_orin/streetlive/test/install/radar_conti_ars408_msgs/local/lib/python3.10/dist-packages/radar_conti_ars408_msgs/msg/_cluster_list_s.c
[0.850s] -- Up-to-date symlink: /home/jet_orin/streetlive/test/install/radar_conti_ars408_msgs/local/lib/python3.10/dist-packages/radar_conti_ars408_msgs/msg/_cluster_quality.py
[0.851s] -- Up-to-date symlink: /home/jet_orin/streetlive/test/install/radar_conti_ars408_msgs/local/lib/python3.10/dist-packages/radar_conti_ars408_msgs/msg/_cluster_quality_s.c
[0.851s] -- Up-to-date symlink: /home/jet_orin/streetlive/test/install/radar_conti_ars408_msgs/local/lib/python3.10/dist-packages/radar_conti_ars408_msgs/msg/_cluster_s.c
[0.851s] -- Up-to-date symlink: /home/jet_orin/streetlive/test/install/radar_conti_ars408_msgs/local/lib/python3.10/dist-packages/radar_conti_ars408_msgs/msg/_cluster_status.py
[0.851s] -- Up-to-date symlink: /home/jet_orin/streetlive/test/install/radar_conti_ars408_msgs/local/lib/python3.10/dist-packages/radar_conti_ars408_msgs/msg/_cluster_status_s.c
[0.851s] -- Up-to-date symlink: /home/jet_orin/streetlive/test/install/radar_conti_ars408_msgs/local/lib/python3.10/dist-packages/radar_conti_ars408_msgs/msg/_filter_cfg.py
[0.852s] -- Up-to-date symlink: /home/jet_orin/streetlive/test/install/radar_conti_ars408_msgs/local/lib/python3.10/dist-packages/radar_conti_ars408_msgs/msg/_filter_cfg_s.c
[0.852s] -- Up-to-date symlink: /home/jet_orin/streetlive/test/install/radar_conti_ars408_msgs/local/lib/python3.10/dist-packages/radar_conti_ars408_msgs/msg/_filter_state_cfg.py
[0.852s] -- Up-to-date symlink: /home/jet_orin/streetlive/test/install/radar_conti_ars408_msgs/local/lib/python3.10/dist-packages/radar_conti_ars408_msgs/msg/_filter_state_cfg_entry_float.py
[0.852s] -- Up-to-date symlink: /home/jet_orin/streetlive/test/install/radar_conti_ars408_msgs/local/lib/python3.10/dist-packages/radar_conti_ars408_msgs/msg/_filter_state_cfg_entry_float_s.c
[0.852s] -- Up-to-date symlink: /home/jet_orin/streetlive/test/install/radar_conti_ars408_msgs/local/lib/python3.10/dist-packages/radar_conti_ars408_msgs/msg/_filter_state_cfg_entry_int.py
[0.852s] -- Up-to-date symlink: /home/jet_orin/streetlive/test/install/radar_conti_ars408_msgs/local/lib/python3.10/dist-packages/radar_conti_ars408_msgs/msg/_filter_state_cfg_entry_int_s.c
[0.853s] -- Up-to-date symlink: /home/jet_orin/streetlive/test/install/radar_conti_ars408_msgs/local/lib/python3.10/dist-packages/radar_conti_ars408_msgs/msg/_filter_state_cfg_s.c
[0.853s] -- Up-to-date symlink: /home/jet_orin/streetlive/test/install/radar_conti_ars408_msgs/local/lib/python3.10/dist-packages/radar_conti_ars408_msgs/msg/_filter_state_header.py
[0.853s] -- Up-to-date symlink: /home/jet_orin/streetlive/test/install/radar_conti_ars408_msgs/local/lib/python3.10/dist-packages/radar_conti_ars408_msgs/msg/_filter_state_header_s.c
[0.853s] -- Up-to-date symlink: /home/jet_orin/streetlive/test/install/radar_conti_ars408_msgs/local/lib/python3.10/dist-packages/radar_conti_ars408_msgs/msg/_object.py
[0.853s] -- Up-to-date symlink: /home/jet_orin/streetlive/test/install/radar_conti_ars408_msgs/local/lib/python3.10/dist-packages/radar_conti_ars408_msgs/msg/_object_extended.py
[0.853s] -- Up-to-date symlink: /home/jet_orin/streetlive/test/install/radar_conti_ars408_msgs/local/lib/python3.10/dist-packages/radar_conti_ars408_msgs/msg/_object_extended_s.c
[0.854s] -- Up-to-date symlink: /home/jet_orin/streetlive/test/install/radar_conti_ars408_msgs/local/lib/python3.10/dist-packages/radar_conti_ars408_msgs/msg/_object_general.py
[0.854s] -- Up-to-date symlink: /home/jet_orin/streetlive/test/install/radar_conti_ars408_msgs/local/lib/python3.10/dist-packages/radar_conti_ars408_msgs/msg/_object_general_s.c
[0.854s] -- Up-to-date symlink: /home/jet_orin/streetlive/test/install/radar_conti_ars408_msgs/local/lib/python3.10/dist-packages/radar_conti_ars408_msgs/msg/_object_list.py
[0.854s] -- Up-to-date symlink: /home/jet_orin/streetlive/test/install/radar_conti_ars408_msgs/local/lib/python3.10/dist-packages/radar_conti_ars408_msgs/msg/_object_list_s.c
[0.854s] -- Up-to-date symlink: /home/jet_orin/streetlive/test/install/radar_conti_ars408_msgs/local/lib/python3.10/dist-packages/radar_conti_ars408_msgs/msg/_object_quality.py
[0.854s] -- Up-to-date symlink: /home/jet_orin/streetlive/test/install/radar_conti_ars408_msgs/local/lib/python3.10/dist-packages/radar_conti_ars408_msgs/msg/_object_quality_s.c
[0.855s] -- Up-to-date symlink: /home/jet_orin/streetlive/test/install/radar_conti_ars408_msgs/local/lib/python3.10/dist-packages/radar_conti_ars408_msgs/msg/_object_s.c
[0.855s] -- Up-to-date symlink: /home/jet_orin/streetlive/test/install/radar_conti_ars408_msgs/local/lib/python3.10/dist-packages/radar_conti_ars408_msgs/msg/_object_status.py
[0.855s] -- Up-to-date symlink: /home/jet_orin/streetlive/test/install/radar_conti_ars408_msgs/local/lib/python3.10/dist-packages/radar_conti_ars408_msgs/msg/_object_status_s.c
[0.855s] -- Up-to-date symlink: /home/jet_orin/streetlive/test/install/radar_conti_ars408_msgs/local/lib/python3.10/dist-packages/radar_conti_ars408_msgs/msg/_radar_configuration.py
[0.855s] -- Up-to-date symlink: /home/jet_orin/streetlive/test/install/radar_conti_ars408_msgs/local/lib/python3.10/dist-packages/radar_conti_ars408_msgs/msg/_radar_configuration_s.c
[0.855s] -- Up-to-date symlink: /home/jet_orin/streetlive/test/install/radar_conti_ars408_msgs/local/lib/python3.10/dist-packages/radar_conti_ars408_msgs/msg/_radar_state.py
[0.856s] -- Up-to-date symlink: /home/jet_orin/streetlive/test/install/radar_conti_ars408_msgs/local/lib/python3.10/dist-packages/radar_conti_ars408_msgs/msg/_radar_state_s.c
[0.856s] -- Up-to-date symlink: /home/jet_orin/streetlive/test/install/radar_conti_ars408_msgs/local/lib/python3.10/dist-packages/radar_conti_ars408_msgs/msg/_version_id.py
[0.856s] -- Up-to-date symlink: /home/jet_orin/streetlive/test/install/radar_conti_ars408_msgs/local/lib/python3.10/dist-packages/radar_conti_ars408_msgs/msg/_version_id_s.c
[0.856s] -- Up-to-date symlink: /home/jet_orin/streetlive/test/install/radar_conti_ars408_msgs/local/lib/python3.10/dist-packages/radar_conti_ars408_msgs/radar_conti_ars408_msgs_s__rosidl_typesupport_c.cpython-310-aarch64-linux-gnu.so
[0.856s] -- Up-to-date symlink: /home/jet_orin/streetlive/test/install/radar_conti_ars408_msgs/local/lib/python3.10/dist-packages/radar_conti_ars408_msgs/radar_conti_ars408_msgs_s__rosidl_typesupport_fastrtps_c.cpython-310-aarch64-linux-gnu.so
[0.856s] -- Up-to-date symlink: /home/jet_orin/streetlive/test/install/radar_conti_ars408_msgs/local/lib/python3.10/dist-packages/radar_conti_ars408_msgs/radar_conti_ars408_msgs_s__rosidl_typesupport_introspection_c.cpython-310-aarch64-linux-gnu.so
[0.857s] -- Up-to-date symlink: /home/jet_orin/streetlive/test/install/radar_conti_ars408_msgs/local/lib/python3.10/dist-packages/radar_conti_ars408_msgs/srv/__init__.py
[0.857s] -- Up-to-date symlink: /home/jet_orin/streetlive/test/install/radar_conti_ars408_msgs/local/lib/python3.10/dist-packages/radar_conti_ars408_msgs/srv/_set_filter.py
[0.857s] -- Up-to-date symlink: /home/jet_orin/streetlive/test/install/radar_conti_ars408_msgs/local/lib/python3.10/dist-packages/radar_conti_ars408_msgs/srv/_set_filter_s.c
[0.857s] -- Up-to-date symlink: /home/jet_orin/streetlive/test/install/radar_conti_ars408_msgs/local/lib/python3.10/dist-packages/radar_conti_ars408_msgs/srv/_trigger_set_cfg.py
[0.857s] -- Up-to-date symlink: /home/jet_orin/streetlive/test/install/radar_conti_ars408_msgs/local/lib/python3.10/dist-packages/radar_conti_ars408_msgs/srv/_trigger_set_cfg_s.c
[0.858s] -- Up-to-date symlink: /home/jet_orin/streetlive/test/install/radar_conti_ars408_msgs/local/lib/python3.10/dist-packages/radar_conti_ars408_msgs/radar_conti_ars408_msgs_s__rosidl_typesupport_fastrtps_c.cpython-310-aarch64-linux-gnu.so
[0.858s] -- Up-to-date symlink: /home/jet_orin/streetlive/test/install/radar_conti_ars408_msgs/local/lib/python3.10/dist-packages/radar_conti_ars408_msgs/radar_conti_ars408_msgs_s__rosidl_typesupport_introspection_c.cpython-310-aarch64-linux-gnu.so
[0.859s] -- Up-to-date symlink: /home/jet_orin/streetlive/test/install/radar_conti_ars408_msgs/local/lib/python3.10/dist-packages/radar_conti_ars408_msgs/radar_conti_ars408_msgs_s__rosidl_typesupport_c.cpython-310-aarch64-linux-gnu.so
[0.859s] -- Up-to-date symlink: /home/jet_orin/streetlive/test/install/radar_conti_ars408_msgs/share/ament_index/resource_index/rust_packages/radar_conti_ars408_msgs
[0.860s] -- Up-to-date symlink: /home/jet_orin/streetlive/test/install/radar_conti_ars408_msgs/share/radar_conti_ars408_msgs/rust/Cargo.toml
[0.860s] -- Up-to-date symlink: /home/jet_orin/streetlive/test/install/radar_conti_ars408_msgs/share/radar_conti_ars408_msgs/rust/build.rs
[0.860s] -- Up-to-date symlink: /home/jet_orin/streetlive/test/install/radar_conti_ars408_msgs/share/radar_conti_ars408_msgs/rust/src/lib.rs
[0.860s] -- Up-to-date symlink: /home/jet_orin/streetlive/test/install/radar_conti_ars408_msgs/share/radar_conti_ars408_msgs/rust/src/msg.rs
[0.860s] -- Up-to-date symlink: /home/jet_orin/streetlive/test/install/radar_conti_ars408_msgs/share/radar_conti_ars408_msgs/rust/src/msg/rmw.rs
[0.860s] -- Up-to-date symlink: /home/jet_orin/streetlive/test/install/radar_conti_ars408_msgs/share/radar_conti_ars408_msgs/rust/src/srv.rs
[0.861s] -- Up-to-date symlink: /home/jet_orin/streetlive/test/install/radar_conti_ars408_msgs/share/radar_conti_ars408_msgs/rust/src/srv/rmw.rs
[0.861s] -- Up-to-date symlink: /home/jet_orin/streetlive/test/install/radar_conti_ars408_msgs/share/radar_conti_ars408_msgs/msg/ClusterGeneral.idl
[0.861s] -- Up-to-date symlink: /home/jet_orin/streetlive/test/install/radar_conti_ars408_msgs/share/radar_conti_ars408_msgs/msg/ClusterQuality.idl
[0.861s] -- Up-to-date symlink: /home/jet_orin/streetlive/test/install/radar_conti_ars408_msgs/share/radar_conti_ars408_msgs/msg/ClusterStatus.idl
[0.861s] -- Up-to-date symlink: /home/jet_orin/streetlive/test/install/radar_conti_ars408_msgs/share/radar_conti_ars408_msgs/msg/ObjectGeneral.idl
[0.862s] -- Up-to-date symlink: /home/jet_orin/streetlive/test/install/radar_conti_ars408_msgs/share/radar_conti_ars408_msgs/msg/ObjectExtended.idl
[0.862s] -- Up-to-date symlink: /home/jet_orin/streetlive/test/install/radar_conti_ars408_msgs/share/radar_conti_ars408_msgs/msg/ObjectQuality.idl
[0.862s] -- Up-to-date symlink: /home/jet_orin/streetlive/test/install/radar_conti_ars408_msgs/share/radar_conti_ars408_msgs/msg/ObjectStatus.idl
[0.862s] -- Up-to-date symlink: /home/jet_orin/streetlive/test/install/radar_conti_ars408_msgs/share/radar_conti_ars408_msgs/msg/RadarConfiguration.idl
[0.863s] -- Up-to-date symlink: /home/jet_orin/streetlive/test/install/radar_conti_ars408_msgs/share/radar_conti_ars408_msgs/msg/RadarState.idl
[0.863s] -- Up-to-date symlink: /home/jet_orin/streetlive/test/install/radar_conti_ars408_msgs/share/radar_conti_ars408_msgs/msg/VersionID.idl
[0.863s] -- Up-to-date symlink: /home/jet_orin/streetlive/test/install/radar_conti_ars408_msgs/share/radar_conti_ars408_msgs/msg/Cluster.idl
[0.863s] -- Up-to-date symlink: /home/jet_orin/streetlive/test/install/radar_conti_ars408_msgs/share/radar_conti_ars408_msgs/msg/Object.idl
[0.863s] -- Up-to-date symlink: /home/jet_orin/streetlive/test/install/radar_conti_ars408_msgs/share/radar_conti_ars408_msgs/msg/ClusterList.idl
[0.864s] -- Up-to-date symlink: /home/jet_orin/streetlive/test/install/radar_conti_ars408_msgs/share/radar_conti_ars408_msgs/msg/ObjectList.idl
[0.864s] -- Up-to-date symlink: /home/jet_orin/streetlive/test/install/radar_conti_ars408_msgs/share/radar_conti_ars408_msgs/msg/FilterStateCfgEntryFloat.idl
[0.864s] -- Up-to-date symlink: /home/jet_orin/streetlive/test/install/radar_conti_ars408_msgs/share/radar_conti_ars408_msgs/msg/FilterStateCfgEntryInt.idl
[0.864s] -- Up-to-date symlink: /home/jet_orin/streetlive/test/install/radar_conti_ars408_msgs/share/radar_conti_ars408_msgs/msg/FilterStateCfg.idl
[0.864s] -- Up-to-date symlink: /home/jet_orin/streetlive/test/install/radar_conti_ars408_msgs/share/radar_conti_ars408_msgs/msg/FilterCfg.idl
[0.865s] -- Up-to-date symlink: /home/jet_orin/streetlive/test/install/radar_conti_ars408_msgs/share/radar_conti_ars408_msgs/msg/FilterStateHeader.idl
[0.865s] -- Up-to-date symlink: /home/jet_orin/streetlive/test/install/radar_conti_ars408_msgs/share/radar_conti_ars408_msgs/srv/SetFilter.idl
[0.865s] -- Up-to-date symlink: /home/jet_orin/streetlive/test/install/radar_conti_ars408_msgs/share/radar_conti_ars408_msgs/srv/TriggerSetCfg.idl
[0.865s] -- Up-to-date symlink: /home/jet_orin/streetlive/test/install/radar_conti_ars408_msgs/share/radar_conti_ars408_msgs/msg/ClusterGeneral.msg
[0.865s] -- Up-to-date symlink: /home/jet_orin/streetlive/test/install/radar_conti_ars408_msgs/share/radar_conti_ars408_msgs/msg/ClusterQuality.msg
[0.866s] -- Up-to-date symlink: /home/jet_orin/streetlive/test/install/radar_conti_ars408_msgs/share/radar_conti_ars408_msgs/msg/ClusterStatus.msg
[0.866s] -- Up-to-date symlink: /home/jet_orin/streetlive/test/install/radar_conti_ars408_msgs/share/radar_conti_ars408_msgs/msg/ObjectGeneral.msg
[0.866s] -- Up-to-date symlink: /home/jet_orin/streetlive/test/install/radar_conti_ars408_msgs/share/radar_conti_ars408_msgs/msg/ObjectExtended.msg
[0.866s] -- Up-to-date symlink: /home/jet_orin/streetlive/test/install/radar_conti_ars408_msgs/share/radar_conti_ars408_msgs/msg/ObjectQuality.msg
[0.866s] -- Up-to-date symlink: /home/jet_orin/streetlive/test/install/radar_conti_ars408_msgs/share/radar_conti_ars408_msgs/msg/ObjectStatus.msg
[0.867s] -- Up-to-date symlink: /home/jet_orin/streetlive/test/install/radar_conti_ars408_msgs/share/radar_conti_ars408_msgs/msg/RadarConfiguration.msg
[0.867s] -- Up-to-date symlink: /home/jet_orin/streetlive/test/install/radar_conti_ars408_msgs/share/radar_conti_ars408_msgs/msg/RadarState.msg
[0.867s] -- Up-to-date symlink: /home/jet_orin/streetlive/test/install/radar_conti_ars408_msgs/share/radar_conti_ars408_msgs/msg/VersionID.msg
[0.867s] -- Up-to-date symlink: /home/jet_orin/streetlive/test/install/radar_conti_ars408_msgs/share/radar_conti_ars408_msgs/msg/Cluster.msg
[0.867s] -- Up-to-date symlink: /home/jet_orin/streetlive/test/install/radar_conti_ars408_msgs/share/radar_conti_ars408_msgs/msg/Object.msg
[0.868s] -- Up-to-date symlink: /home/jet_orin/streetlive/test/install/radar_conti_ars408_msgs/share/radar_conti_ars408_msgs/msg/ClusterList.msg
[0.868s] -- Up-to-date symlink: /home/jet_orin/streetlive/test/install/radar_conti_ars408_msgs/share/radar_conti_ars408_msgs/msg/ObjectList.msg
[0.868s] -- Up-to-date symlink: /home/jet_orin/streetlive/test/install/radar_conti_ars408_msgs/share/radar_conti_ars408_msgs/msg/FilterStateCfgEntryFloat.msg
[0.868s] -- Up-to-date symlink: /home/jet_orin/streetlive/test/install/radar_conti_ars408_msgs/share/radar_conti_ars408_msgs/msg/FilterStateCfgEntryInt.msg
[0.868s] -- Up-to-date symlink: /home/jet_orin/streetlive/test/install/radar_conti_ars408_msgs/share/radar_conti_ars408_msgs/msg/FilterStateCfg.msg
[0.869s] -- Up-to-date symlink: /home/jet_orin/streetlive/test/install/radar_conti_ars408_msgs/share/radar_conti_ars408_msgs/msg/FilterCfg.msg
[0.869s] -- Up-to-date symlink: /home/jet_orin/streetlive/test/install/radar_conti_ars408_msgs/share/radar_conti_ars408_msgs/msg/FilterStateHeader.msg
[0.869s] -- Up-to-date symlink: /home/jet_orin/streetlive/test/install/radar_conti_ars408_msgs/share/radar_conti_ars408_msgs/srv/SetFilter.srv
[0.869s] -- Up-to-date symlink: /home/jet_orin/streetlive/test/install/radar_conti_ars408_msgs/share/radar_conti_ars408_msgs/srv/SetFilter_Request.msg
[0.870s] -- Up-to-date symlink: /home/jet_orin/streetlive/test/install/radar_conti_ars408_msgs/share/radar_conti_ars408_msgs/srv/SetFilter_Response.msg
[0.870s] -- Up-to-date symlink: /home/jet_orin/streetlive/test/install/radar_conti_ars408_msgs/share/radar_conti_ars408_msgs/srv/TriggerSetCfg.srv
[0.870s] -- Up-to-date symlink: /home/jet_orin/streetlive/test/install/radar_conti_ars408_msgs/share/radar_conti_ars408_msgs/srv/TriggerSetCfg_Request.msg
[0.870s] -- Up-to-date symlink: /home/jet_orin/streetlive/test/install/radar_conti_ars408_msgs/share/radar_conti_ars408_msgs/srv/TriggerSetCfg_Response.msg
[0.870s] -- Up-to-date symlink: /home/jet_orin/streetlive/test/install/radar_conti_ars408_msgs/share/ament_index/resource_index/package_run_dependencies/radar_conti_ars408_msgs
[0.871s] -- Up-to-date symlink: /home/jet_orin/streetlive/test/install/radar_conti_ars408_msgs/share/ament_index/resource_index/parent_prefix_path/radar_conti_ars408_msgs
[0.871s] -- Up-to-date symlink: /home/jet_orin/streetlive/test/install/radar_conti_ars408_msgs/share/radar_conti_ars408_msgs/environment/ament_prefix_path.sh
[0.871s] -- Up-to-date symlink: /home/jet_orin/streetlive/test/install/radar_conti_ars408_msgs/share/radar_conti_ars408_msgs/environment/ament_prefix_path.dsv
[0.871s] -- Up-to-date symlink: /home/jet_orin/streetlive/test/install/radar_conti_ars408_msgs/share/radar_conti_ars408_msgs/environment/path.sh
[0.871s] -- Up-to-date symlink: /home/jet_orin/streetlive/test/install/radar_conti_ars408_msgs/share/radar_conti_ars408_msgs/environment/path.dsv
[0.872s] -- Up-to-date symlink: /home/jet_orin/streetlive/test/install/radar_conti_ars408_msgs/share/radar_conti_ars408_msgs/local_setup.bash
[0.872s] -- Up-to-date symlink: /home/jet_orin/streetlive/test/install/radar_conti_ars408_msgs/share/radar_conti_ars408_msgs/local_setup.sh
[0.872s] -- Up-to-date symlink: /home/jet_orin/streetlive/test/install/radar_conti_ars408_msgs/share/radar_conti_ars408_msgs/local_setup.zsh
[0.872s] -- Up-to-date symlink: /home/jet_orin/streetlive/test/install/radar_conti_ars408_msgs/share/radar_conti_ars408_msgs/local_setup.dsv
[0.872s] -- Symlinking: /home/jet_orin/streetlive/test/install/radar_conti_ars408_msgs/share/radar_conti_ars408_msgs/package.dsv
[0.891s] -- Up-to-date symlink: /home/jet_orin/streetlive/test/install/radar_conti_ars408_msgs/share/ament_index/resource_index/packages/radar_conti_ars408_msgs
[0.892s] -- Up-to-date symlink: /home/jet_orin/streetlive/test/install/radar_conti_ars408_msgs/share/radar_conti_ars408_msgs/cmake/rosidl_cmake-extras.cmake
[0.892s] -- Up-to-date symlink: /home/jet_orin/streetlive/test/install/radar_conti_ars408_msgs/share/radar_conti_ars408_msgs/cmake/ament_cmake_export_dependencies-extras.cmake
[0.892s] -- Up-to-date symlink: /home/jet_orin/streetlive/test/install/radar_conti_ars408_msgs/share/radar_conti_ars408_msgs/cmake/ament_cmake_export_include_directories-extras.cmake
[0.892s] -- Up-to-date symlink: /home/jet_orin/streetlive/test/install/radar_conti_ars408_msgs/share/radar_conti_ars408_msgs/cmake/ament_cmake_export_libraries-extras.cmake
[0.893s] -- Up-to-date symlink: /home/jet_orin/streetlive/test/install/radar_conti_ars408_msgs/share/radar_conti_ars408_msgs/cmake/ament_cmake_export_targets-extras.cmake
[0.893s] -- Up-to-date symlink: /home/jet_orin/streetlive/test/install/radar_conti_ars408_msgs/share/radar_conti_ars408_msgs/cmake/rosidl_cmake_export_typesupport_targets-extras.cmake
[0.893s] -- Up-to-date symlink: /home/jet_orin/streetlive/test/install/radar_conti_ars408_msgs/share/radar_conti_ars408_msgs/cmake/rosidl_cmake_export_typesupport_libraries-extras.cmake
[0.893s] -- Up-to-date symlink: /home/jet_orin/streetlive/test/install/radar_conti_ars408_msgs/share/radar_conti_ars408_msgs/cmake/radar_conti_ars408_msgsConfig.cmake
[0.893s] -- Up-to-date symlink: /home/jet_orin/streetlive/test/install/radar_conti_ars408_msgs/share/radar_conti_ars408_msgs/cmake/radar_conti_ars408_msgsConfig-version.cmake
[0.894s] -- Up-to-date symlink: /home/jet_orin/streetlive/test/install/radar_conti_ars408_msgs/share/radar_conti_ars408_msgs/package.xml
[0.894s] -- Up-to-date: /home/jet_orin/streetlive/test/install/radar_conti_ars408_msgs/lib/libradar_conti_ars408_msgs__rosidl_generator_c.so
[0.895s] -- Up-to-date: /home/jet_orin/streetlive/test/install/radar_conti_ars408_msgs/lib/libradar_conti_ars408_msgs__rosidl_typesupport_fastrtps_c.so
[0.896s] -- Up-to-date: /home/jet_orin/streetlive/test/install/radar_conti_ars408_msgs/lib/libradar_conti_ars408_msgs__rosidl_typesupport_fastrtps_cpp.so
[0.897s] -- Up-to-date: /home/jet_orin/streetlive/test/install/radar_conti_ars408_msgs/lib/libradar_conti_ars408_msgs__rosidl_typesupport_introspection_c.so
[0.897s] -- Up-to-date: /home/jet_orin/streetlive/test/install/radar_conti_ars408_msgs/lib/libradar_conti_ars408_msgs__rosidl_typesupport_c.so
[0.898s] -- Up-to-date: /home/jet_orin/streetlive/test/install/radar_conti_ars408_msgs/lib/libradar_conti_ars408_msgs__rosidl_typesupport_introspection_cpp.so
[0.898s] -- Up-to-date: /home/jet_orin/streetlive/test/install/radar_conti_ars408_msgs/lib/libradar_conti_ars408_msgs__rosidl_typesupport_cpp.so
[0.972s] Listing '/home/jet_orin/streetlive/test/install/radar_conti_ars408_msgs/local/lib/python3.10/dist-packages/radar_conti_ars408_msgs'...
[0.972s] Listing '/home/jet_orin/streetlive/test/install/radar_conti_ars408_msgs/local/lib/python3.10/dist-packages/radar_conti_ars408_msgs/msg'...
[0.972s] Listing '/home/jet_orin/streetlive/test/install/radar_conti_ars408_msgs/local/lib/python3.10/dist-packages/radar_conti_ars408_msgs/srv'...
[0.982s] -- Up-to-date: /home/jet_orin/streetlive/test/install/radar_conti_ars408_msgs/lib/libradar_conti_ars408_msgs__rosidl_generator_py.so
[0.983s] -- Up-to-date: /home/jet_orin/streetlive/test/install/radar_conti_ars408_msgs/share/radar_conti_ars408_msgs/cmake/export_radar_conti_ars408_msgs__rosidl_generator_cExport.cmake
[0.983s] -- Up-to-date: /home/jet_orin/streetlive/test/install/radar_conti_ars408_msgs/share/radar_conti_ars408_msgs/cmake/export_radar_conti_ars408_msgs__rosidl_generator_cExport-noconfig.cmake
[0.983s] -- Up-to-date: /home/jet_orin/streetlive/test/install/radar_conti_ars408_msgs/share/radar_conti_ars408_msgs/cmake/export_radar_conti_ars408_msgs__rosidl_typesupport_fastrtps_cExport.cmake
[0.984s] -- Up-to-date: /home/jet_orin/streetlive/test/install/radar_conti_ars408_msgs/share/radar_conti_ars408_msgs/cmake/export_radar_conti_ars408_msgs__rosidl_typesupport_fastrtps_cExport-noconfig.cmake
[0.984s] -- Up-to-date: /home/jet_orin/streetlive/test/install/radar_conti_ars408_msgs/share/radar_conti_ars408_msgs/cmake/export_radar_conti_ars408_msgs__rosidl_generator_cppExport.cmake
[0.985s] -- Up-to-date: /home/jet_orin/streetlive/test/install/radar_conti_ars408_msgs/share/radar_conti_ars408_msgs/cmake/export_radar_conti_ars408_msgs__rosidl_typesupport_fastrtps_cppExport.cmake
[0.985s] -- Up-to-date: /home/jet_orin/streetlive/test/install/radar_conti_ars408_msgs/share/radar_conti_ars408_msgs/cmake/export_radar_conti_ars408_msgs__rosidl_typesupport_fastrtps_cppExport-noconfig.cmake
[0.986s] -- Up-to-date: /home/jet_orin/streetlive/test/install/radar_conti_ars408_msgs/share/radar_conti_ars408_msgs/cmake/radar_conti_ars408_msgs__rosidl_typesupport_introspection_cExport.cmake
[0.986s] -- Up-to-date: /home/jet_orin/streetlive/test/install/radar_conti_ars408_msgs/share/radar_conti_ars408_msgs/cmake/radar_conti_ars408_msgs__rosidl_typesupport_introspection_cExport-noconfig.cmake
[0.986s] -- Up-to-date: /home/jet_orin/streetlive/test/install/radar_conti_ars408_msgs/share/radar_conti_ars408_msgs/cmake/radar_conti_ars408_msgs__rosidl_typesupport_cExport.cmake
[0.987s] -- Up-to-date: /home/jet_orin/streetlive/test/install/radar_conti_ars408_msgs/share/radar_conti_ars408_msgs/cmake/radar_conti_ars408_msgs__rosidl_typesupport_cExport-noconfig.cmake
[0.987s] -- Up-to-date: /home/jet_orin/streetlive/test/install/radar_conti_ars408_msgs/share/radar_conti_ars408_msgs/cmake/radar_conti_ars408_msgs__rosidl_typesupport_introspection_cppExport.cmake
[0.987s] -- Up-to-date: /home/jet_orin/streetlive/test/install/radar_conti_ars408_msgs/share/radar_conti_ars408_msgs/cmake/radar_conti_ars408_msgs__rosidl_typesupport_introspection_cppExport-noconfig.cmake
[0.988s] -- Up-to-date: /home/jet_orin/streetlive/test/install/radar_conti_ars408_msgs/share/radar_conti_ars408_msgs/cmake/radar_conti_ars408_msgs__rosidl_typesupport_cppExport.cmake
[0.988s] -- Up-to-date: /home/jet_orin/streetlive/test/install/radar_conti_ars408_msgs/share/radar_conti_ars408_msgs/cmake/radar_conti_ars408_msgs__rosidl_typesupport_cppExport-noconfig.cmake
[0.988s] -- Up-to-date: /home/jet_orin/streetlive/test/install/radar_conti_ars408_msgs/share/radar_conti_ars408_msgs/cmake/export_radar_conti_ars408_msgs__rosidl_generator_pyExport.cmake
[0.988s] -- Up-to-date: /home/jet_orin/streetlive/test/install/radar_conti_ars408_msgs/share/radar_conti_ars408_msgs/cmake/export_radar_conti_ars408_msgs__rosidl_generator_pyExport-noconfig.cmake
[1.436s] Invoked command in '/home/jet_orin/streetlive/test/build/radar_conti_ars408_msgs' returned '0': CMAKE_PREFIX_PATH=${CMAKE_PREFIX_PATH}:/home/jet_orin/streetlive/AD-fusionbox/install/perception:/home/jet_orin/streetlive/AD-fusionbox/install/offline:/home/jet_orin/streetlive/AD-fusionbox/install/localization:/home/jet_orin/streetlive/AD-fusionbox/install/drivers:/opt/ros/humble /usr/bin/cmake --install /home/jet_orin/streetlive/test/build/radar_conti_ars408_msgs
