[0.031s] Invoking command in '/home/jet_orin/streetlive/test/build/radar_conti_ars408': AMENT_PREFIX_PATH=/home/jet_orin/streetlive/test/install/socketcan_adapter:/home/jet_orin/streetlive/test/install/radar_conti_ars408_msgs:/home/jet_orin/streetlive/test/install/nav2_dynamic_msgs:${AMENT_PREFIX_PATH} CMAKE_PREFIX_PATH=/home/jet_orin/streetlive/test/install/socketcan_adapter:/home/jet_orin/streetlive/test/install/radar_conti_ars408_msgs:/home/jet_orin/streetlive/test/install/nav2_dynamic_msgs:/home/jet_orin/streetlive/AD-fusionbox/install/zed_ros2:/home/jet_orin/streetlive/AD-fusionbox/install/bringup:/home/jet_orin/streetlive/AD-fusionbox/install/zed_wrapper:/home/jet_orin/streetlive/AD-fusionbox/install/zed_debug:/home/jet_orin/streetlive/AD-fusionbox/install/zed_components:/home/jet_orin/streetlive/AD-fusionbox/install/streetlive_msgs:/home/jet_orin/streetlive/AD-fusionbox/install/msgs:/home/jet_orin/streetlive/AD-fusionbox/install/perception:/home/jet_orin/streetlive/AD-fusionbox/install/offline:/home/jet_orin/streetlive/AD-fusionbox/install/localization:/home/jet_orin/streetlive/AD-fusionbox/install/drivers:/opt/ros/humble LD_LIBRARY_PATH=/home/jet_orin/streetlive/test/install/socketcan_adapter/lib:/home/jet_orin/streetlive/test/install/radar_conti_ars408_msgs/lib:/home/jet_orin/streetlive/test/install/nav2_dynamic_msgs/lib:/home/jet_orin/streetlive/AD-fusionbox/install/zed_components/lib:/opt/ros/humble/opt/rviz_ogre_vendor/lib:/opt/ros/humble/lib/aarch64-linux-gnu:/opt/ros/humble/lib:/usr/local/cuda-12.6/lib64 PYTHONPATH=/home/jet_orin/streetlive/test/install/radar_conti_ars408_msgs/local/lib/python3.10/dist-packages:/home/jet_orin/streetlive/test/install/nav2_dynamic_msgs/local/lib/python3.10/dist-packages:${PYTHONPATH} /usr/bin/cmake --build /home/jet_orin/streetlive/test/build/radar_conti_ars408 -- -j12 -l12
[0.116s] [35m[1mConsolidate compiler generated dependencies of target radar_conti_ars408_component[0m
[0.162s] [ 12%] [32mBuilding CXX object CMakeFiles/radar_conti_ars408_component.dir/src/radar_conti_ars408_component.cpp.o[0m
[6.147s] [01m[K/home/jet_orin/streetlive/test/src/ars-408/radar_conti_ars408/src/radar_conti_ars408_component.cpp:[m[K In member function ‘[01m[Kvoid FHAC::radar_conti_ars408::can_receive_callback(std::shared_ptr<const polymath::socketcan::CanFrame>)[m[K’:
[6.147s] [01m[K/home/jet_orin/streetlive/test/src/ars-408/radar_conti_ars408/src/radar_conti_ars408_component.cpp:585:19:[m[K [01;35m[Kwarning: [m[Kcomparison of integer expressions of different signedness: ‘[01m[Kint[m[K’ and ‘[01m[Kstd::vector<radar_conti_ars408_msgs::msg::ObjectList_<std::allocator<void> > >::size_type[m[K’ {aka ‘[01m[Klong unsigned int[m[K’} [[01;35m[K]8;;https://gcc.gnu.org/onlinedocs/gcc/Warning-Options.html#index-Wsign-compare-Wsign-compare]8;;[m[K]
[6.147s]   585 |     if ([01;35m[Ksensor_id > object_list_list_.size() - 1[m[K)
[6.147s]       |         [01;35m[K~~~~~~~~~~^~~~~~~~~~~~~~~~~~~~~~~~~~~~~~[m[K
[6.173s] [01m[K/home/jet_orin/streetlive/test/src/ars-408/radar_conti_ars408/src/radar_conti_ars408_component.cpp:[m[K In member function ‘[01m[Kvoid FHAC::radar_conti_ars408::handle_cluster_list(std::shared_ptr<const polymath::socketcan::CanFrame>)[m[K’:
[6.174s] [01m[K/home/jet_orin/streetlive/test/src/ars-408/radar_conti_ars408/src/radar_conti_ars408_component.cpp:742:9:[m[K [01;31m[Kerror: [m[K‘[01m[Kusing Cluster = struct radar_conti_ars408_msgs::msg::Cluster_<std::allocator<void> >[m[K’ {aka ‘[01m[Kstruct radar_conti_ars408_msgs::msg::Cluster_<std::allocator<void> >[m[K’} has no member named ‘[01m[Ksensor_id[m[K’
[6.174s]   742 |       c.[01;31m[Ksensor_id[m[K.data = Get_SensorID_From_MsgID(frame->get_id());
[6.174s]       |         [01;31m[K^~~~~~~~~[m[K
[6.174s] [01m[K/home/jet_orin/streetlive/test/src/ars-408/radar_conti_ars408/src/radar_conti_ars408_component.cpp:745:25:[m[K [01;31m[Kerror: [m[K‘[01m[Kusing _cluster_general_type = struct radar_conti_ars408_msgs::msg::ClusterGeneral_<std::allocator<void> >[m[K’ {aka ‘[01m[Kstruct radar_conti_ars408_msgs::msg::ClusterGeneral_<std::allocator<void> >[m[K’} has no member named ‘[01m[Kclust_distlong[m[K’; did you mean ‘[01m[Kcluster_distlong[m[K’?
[6.174s]   745 |       c.cluster_general.[01;31m[Kclust_distlong[m[K.data =
[6.174s]       |                         [01;31m[K^~~~~~~~~~~~~~[m[K
[6.174s]       |                         [32m[Kcluster_distlong[m[K
[6.202s] [01m[K/home/jet_orin/streetlive/test/src/ars-408/radar_conti_ars408/src/radar_conti_ars408_component.cpp:746:49:[m[K [01;31m[Kerror: [m[K‘[01m[KGET_Cluster_1_General_Clust_DistLong[m[K’ was not declared in this scope; did you mean ‘[01m[KGET_Cluster_1_General_Cluster_DistLong[m[K’?
[6.202s]   746 |           CALC_Cluster_1_General_Clust_DistLong([01;31m[KGET_Cluster_1_General_Clust_DistLong[m[K(frame->get_data()), 1.0);
[6.202s]       |                                                 [01;31m[K^~~~~~~~~~~~~~~~~~~~~~~~~~~~~~~~~~~~[m[K
[6.202s]       |                                                 [32m[KGET_Cluster_1_General_Cluster_DistLong[m[K
[6.226s] [01m[K/home/jet_orin/streetlive/test/src/ars-408/radar_conti_ars408/src/radar_conti_ars408_component.cpp:746:11:[m[K [01;31m[Kerror: [m[K‘[01m[KCALC_Cluster_1_General_Clust_DistLong[m[K’ was not declared in this scope; did you mean ‘[01m[KCALC_Cluster_1_General_Cluster_DistLong[m[K’?
[6.227s]   746 |           [01;31m[KCALC_Cluster_1_General_Clust_DistLong[m[K(GET_Cluster_1_General_Clust_DistLong(frame->get_data()), 1.0);
[6.227s]       |           [01;31m[K^~~~~~~~~~~~~~~~~~~~~~~~~~~~~~~~~~~~~[m[K
[6.227s]       |           [32m[KCALC_Cluster_1_General_Cluster_DistLong[m[K
[6.227s] [01m[K/home/jet_orin/streetlive/test/src/ars-408/radar_conti_ars408/src/radar_conti_ars408_component.cpp:749:25:[m[K [01;31m[Kerror: [m[K‘[01m[Kusing _cluster_general_type = struct radar_conti_ars408_msgs::msg::ClusterGeneral_<std::allocator<void> >[m[K’ {aka ‘[01m[Kstruct radar_conti_ars408_msgs::msg::ClusterGeneral_<std::allocator<void> >[m[K’} has no member named ‘[01m[Kclust_distlat[m[K’; did you mean ‘[01m[Kcluster_distlat[m[K’?
[6.227s]   749 |       c.cluster_general.[01;31m[Kclust_distlat[m[K.data =
[6.227s]       |                         [01;31m[K^~~~~~~~~~~~~[m[K
[6.227s]       |                         [32m[Kcluster_distlat[m[K
[6.250s] [01m[K/home/jet_orin/streetlive/test/src/ars-408/radar_conti_ars408/src/radar_conti_ars408_component.cpp:750:48:[m[K [01;31m[Kerror: [m[K‘[01m[KGET_Cluster_1_General_Clust_DistLat[m[K’ was not declared in this scope; did you mean ‘[01m[KGET_Cluster_1_General_Cluster_DistLat[m[K’?
[6.250s]   750 |           CALC_Cluster_1_General_Clust_DistLat([01;31m[KGET_Cluster_1_General_Clust_DistLat[m[K(frame->get_data()), 1.0);
[6.250s]       |                                                [01;31m[K^~~~~~~~~~~~~~~~~~~~~~~~~~~~~~~~~~~[m[K
[6.250s]       |                                                [32m[KGET_Cluster_1_General_Cluster_DistLat[m[K
[6.275s] [01m[K/home/jet_orin/streetlive/test/src/ars-408/radar_conti_ars408/src/radar_conti_ars408_component.cpp:750:11:[m[K [01;31m[Kerror: [m[K‘[01m[KCALC_Cluster_1_General_Clust_DistLat[m[K’ was not declared in this scope; did you mean ‘[01m[KCALC_Cluster_1_General_Cluster_DistLat[m[K’?
[6.276s]   750 |           [01;31m[KCALC_Cluster_1_General_Clust_DistLat[m[K(GET_Cluster_1_General_Clust_DistLat(frame->get_data()), 1.0);
[6.276s]       |           [01;31m[K^~~~~~~~~~~~~~~~~~~~~~~~~~~~~~~~~~~~[m[K
[6.276s]       |           [32m[KCALC_Cluster_1_General_Cluster_DistLat[m[K
[6.276s] [01m[K/home/jet_orin/streetlive/test/src/ars-408/radar_conti_ars408/src/radar_conti_ars408_component.cpp:753:25:[m[K [01;31m[Kerror: [m[K‘[01m[Kusing _cluster_general_type = struct radar_conti_ars408_msgs::msg::ClusterGeneral_<std::allocator<void> >[m[K’ {aka ‘[01m[Kstruct radar_conti_ars408_msgs::msg::ClusterGeneral_<std::allocator<void> >[m[K’} has no member named ‘[01m[Kclust_vrellong[m[K’; did you mean ‘[01m[Kcluster_vrellong[m[K’?
[6.276s]   753 |       c.cluster_general.[01;31m[Kclust_vrellong[m[K.data =
[6.276s]       |                         [01;31m[K^~~~~~~~~~~~~~[m[K
[6.276s]       |                         [32m[Kcluster_vrellong[m[K
[6.302s] [01m[K/home/jet_orin/streetlive/test/src/ars-408/radar_conti_ars408/src/radar_conti_ars408_component.cpp:754:49:[m[K [01;31m[Kerror: [m[K‘[01m[KGET_Cluster_1_General_Clust_VrelLong[m[K’ was not declared in this scope; did you mean ‘[01m[KGET_Cluster_1_General_Cluster_VrelLong[m[K’?
[6.302s]   754 |           CALC_Cluster_1_General_Clust_VrelLong([01;31m[KGET_Cluster_1_General_Clust_VrelLong[m[K(frame->get_data()), 1.0);
[6.302s]       |                                                 [01;31m[K^~~~~~~~~~~~~~~~~~~~~~~~~~~~~~~~~~~~[m[K
[6.302s]       |                                                 [32m[KGET_Cluster_1_General_Cluster_VrelLong[m[K
[6.325s] [01m[K/home/jet_orin/streetlive/test/src/ars-408/radar_conti_ars408/src/radar_conti_ars408_component.cpp:754:11:[m[K [01;31m[Kerror: [m[K‘[01m[KCALC_Cluster_1_General_Clust_VrelLong[m[K’ was not declared in this scope; did you mean ‘[01m[KCALC_Cluster_1_General_Cluster_VrelLong[m[K’?
[6.325s]   754 |           [01;31m[KCALC_Cluster_1_General_Clust_VrelLong[m[K(GET_Cluster_1_General_Clust_VrelLong(frame->get_data()), 1.0);
[6.325s]       |           [01;31m[K^~~~~~~~~~~~~~~~~~~~~~~~~~~~~~~~~~~~~[m[K
[6.325s]       |           [32m[KCALC_Cluster_1_General_Cluster_VrelLong[m[K
[6.325s] [01m[K/home/jet_orin/streetlive/test/src/ars-408/radar_conti_ars408/src/radar_conti_ars408_component.cpp:757:25:[m[K [01;31m[Kerror: [m[K‘[01m[Kusing _cluster_general_type = struct radar_conti_ars408_msgs::msg::ClusterGeneral_<std::allocator<void> >[m[K’ {aka ‘[01m[Kstruct radar_conti_ars408_msgs::msg::ClusterGeneral_<std::allocator<void> >[m[K’} has no member named ‘[01m[Kclust_vrellat[m[K’; did you mean ‘[01m[Kcluster_vrellat[m[K’?
[6.325s]   757 |       c.cluster_general.[01;31m[Kclust_vrellat[m[K.data =
[6.325s]       |                         [01;31m[K^~~~~~~~~~~~~[m[K
[6.325s]       |                         [32m[Kcluster_vrellat[m[K
[6.347s] [01m[K/home/jet_orin/streetlive/test/src/ars-408/radar_conti_ars408/src/radar_conti_ars408_component.cpp:758:48:[m[K [01;31m[Kerror: [m[K‘[01m[KGET_Cluster_1_General_Clust_VrelLat[m[K’ was not declared in this scope; did you mean ‘[01m[KGET_Cluster_1_General_Cluster_VrelLat[m[K’?
[6.347s]   758 |           CALC_Cluster_1_General_Clust_VrelLat([01;31m[KGET_Cluster_1_General_Clust_VrelLat[m[K(frame->get_data()), 1.0);
[6.347s]       |                                                [01;31m[K^~~~~~~~~~~~~~~~~~~~~~~~~~~~~~~~~~~[m[K
[6.347s]       |                                                [32m[KGET_Cluster_1_General_Cluster_VrelLat[m[K
[6.371s] [01m[K/home/jet_orin/streetlive/test/src/ars-408/radar_conti_ars408/src/radar_conti_ars408_component.cpp:758:11:[m[K [01;31m[Kerror: [m[K‘[01m[KCALC_Cluster_1_General_Clust_VrelLat[m[K’ was not declared in this scope; did you mean ‘[01m[KCALC_Cluster_1_General_Cluster_VrelLat[m[K’?
[6.371s]   758 |           [01;31m[KCALC_Cluster_1_General_Clust_VrelLat[m[K(GET_Cluster_1_General_Clust_VrelLat(frame->get_data()), 1.0);
[6.371s]       |           [01;31m[K^~~~~~~~~~~~~~~~~~~~~~~~~~~~~~~~~~~~[m[K
[6.371s]       |           [32m[KCALC_Cluster_1_General_Cluster_VrelLat[m[K
[6.371s] [01m[K/home/jet_orin/streetlive/test/src/ars-408/radar_conti_ars408/src/radar_conti_ars408_component.cpp:760:25:[m[K [01;31m[Kerror: [m[K‘[01m[Kusing _cluster_general_type = struct radar_conti_ars408_msgs::msg::ClusterGeneral_<std::allocator<void> >[m[K’ {aka ‘[01m[Kstruct radar_conti_ars408_msgs::msg::ClusterGeneral_<std::allocator<void> >[m[K’} has no member named ‘[01m[Kclust_dynprop[m[K’; did you mean ‘[01m[Kcluster_dynprop[m[K’?
[6.371s]   760 |       c.cluster_general.[01;31m[Kclust_dynprop[m[K.data =
[6.372s]       |                         [01;31m[K^~~~~~~~~~~~~[m[K
[6.372s]       |                         [32m[Kcluster_dynprop[m[K
[6.395s] [01m[K/home/jet_orin/streetlive/test/src/ars-408/radar_conti_ars408/src/radar_conti_ars408_component.cpp:761:48:[m[K [01;31m[Kerror: [m[K‘[01m[KGET_Cluster_1_General_Clust_DynProp[m[K’ was not declared in this scope; did you mean ‘[01m[KGET_Cluster_1_General_Cluster_DynProp[m[K’?
[6.395s]   761 |           CALC_Cluster_1_General_Clust_DynProp([01;31m[KGET_Cluster_1_General_Clust_DynProp[m[K(frame->get_data()), 1.0);
[6.395s]       |                                                [01;31m[K^~~~~~~~~~~~~~~~~~~~~~~~~~~~~~~~~~~[m[K
[6.396s]       |                                                [32m[KGET_Cluster_1_General_Cluster_DynProp[m[K
[6.424s] [01m[K/home/jet_orin/streetlive/test/src/ars-408/radar_conti_ars408/src/radar_conti_ars408_component.cpp:761:11:[m[K [01;31m[Kerror: [m[K‘[01m[KCALC_Cluster_1_General_Clust_DynProp[m[K’ was not declared in this scope; did you mean ‘[01m[KCALC_Cluster_1_General_Cluster_DynProp[m[K’?
[6.424s]   761 |           [01;31m[KCALC_Cluster_1_General_Clust_DynProp[m[K(GET_Cluster_1_General_Clust_DynProp(frame->get_data()), 1.0);
[6.424s]       |           [01;31m[K^~~~~~~~~~~~~~~~~~~~~~~~~~~~~~~~~~~~[m[K
[6.424s]       |           [32m[KCALC_Cluster_1_General_Cluster_DynProp[m[K
[6.424s] [01m[K/home/jet_orin/streetlive/test/src/ars-408/radar_conti_ars408/src/radar_conti_ars408_component.cpp:763:25:[m[K [01;31m[Kerror: [m[K‘[01m[Kusing _cluster_general_type = struct radar_conti_ars408_msgs::msg::ClusterGeneral_<std::allocator<void> >[m[K’ {aka ‘[01m[Kstruct radar_conti_ars408_msgs::msg::ClusterGeneral_<std::allocator<void> >[m[K’} has no member named ‘[01m[Kclust_rcs[m[K’; did you mean ‘[01m[Kcluster_rcs[m[K’?
[6.424s]   763 |       c.cluster_general.[01;31m[Kclust_rcs[m[K.data =
[6.425s]       |                         [01;31m[K^~~~~~~~~[m[K
[6.425s]       |                         [32m[Kcluster_rcs[m[K
[6.445s] [01m[K/home/jet_orin/streetlive/test/src/ars-408/radar_conti_ars408/src/radar_conti_ars408_component.cpp:764:44:[m[K [01;31m[Kerror: [m[K‘[01m[KGET_Cluster_1_General_Clust_RCS[m[K’ was not declared in this scope; did you mean ‘[01m[KGET_Cluster_1_General_Cluster_RCS[m[K’?
[6.445s]   764 |           CALC_Cluster_1_General_Clust_RCS([01;31m[KGET_Cluster_1_General_Clust_RCS[m[K(frame->get_data()), 1.0);
[6.445s]       |                                            [01;31m[K^~~~~~~~~~~~~~~~~~~~~~~~~~~~~~~[m[K
[6.445s]       |                                            [32m[KGET_Cluster_1_General_Cluster_RCS[m[K
[6.467s] [01m[K/home/jet_orin/streetlive/test/src/ars-408/radar_conti_ars408/src/radar_conti_ars408_component.cpp:764:11:[m[K [01;31m[Kerror: [m[K‘[01m[KCALC_Cluster_1_General_Clust_RCS[m[K’ was not declared in this scope; did you mean ‘[01m[KCALC_Cluster_1_General_Cluster_RCS[m[K’?
[6.467s]   764 |           [01;31m[KCALC_Cluster_1_General_Clust_RCS[m[K(GET_Cluster_1_General_Clust_RCS(frame->get_data()), 1.0);
[6.467s]       |           [01;31m[K^~~~~~~~~~~~~~~~~~~~~~~~~~~~~~~~[m[K
[6.468s]       |           [32m[KCALC_Cluster_1_General_Cluster_RCS[m[K
[6.599s] [01m[K/home/jet_orin/streetlive/test/src/ars-408/radar_conti_ars408/src/radar_conti_ars408_component.cpp:[m[K In member function ‘[01m[Kvoid FHAC::radar_conti_ars408::publish_cluster_map(int)[m[K’:
[6.600s] [01m[K/home/jet_orin/streetlive/test/src/ars-408/radar_conti_ars408/src/radar_conti_ars408_component.cpp:1078:5:[m[K [01;31m[Kerror: [m[K‘[01m[Kdelte_marker[m[K’ was not declared in this scope; did you mean ‘[01m[Kdelete_marker[m[K’?
[6.600s]  1078 |     [01;31m[Kdelte_marker[m[K.action = visualization_msgs::msg::Marker::DELETEALL;
[6.600s]       |     [01;31m[K^~~~~~~~~~~~[m[K
[6.600s]       |     [32m[Kdelete_marker[m[K
[6.601s] [01m[K/home/jet_orin/streetlive/test/src/ars-408/radar_conti_ars408/src/radar_conti_ars408_component.cpp:1095:62:[m[K [01;31m[Kerror: [m[K‘[01m[Kusing _cluster_general_type = struct radar_conti_ars408_msgs::msg::ClusterGeneral_<std::allocator<void> >[m[K’ {aka ‘[01m[Kstruct radar_conti_ars408_msgs::msg::ClusterGeneral_<std::allocator<void> >[m[K’} has no member named ‘[01m[Kclust_distlong[m[K’; did you mean ‘[01m[Kcluster_distlong[m[K’?
[6.601s]  1095 |      mcluster.pose.position.x = itr->second.cluster_general.[01;31m[Kclust_distlong[m[K.data;
[6.601s]       |                                                             [01;31m[K^~~~~~~~~~~~~~[m[K
[6.601s]       |                                                             [32m[Kcluster_distlong[m[K
[6.602s] [01m[K/home/jet_orin/streetlive/test/src/ars-408/radar_conti_ars408/src/radar_conti_ars408_component.cpp:1096:62:[m[K [01;31m[Kerror: [m[K‘[01m[Kusing _cluster_general_type = struct radar_conti_ars408_msgs::msg::ClusterGeneral_<std::allocator<void> >[m[K’ {aka ‘[01m[Kstruct radar_conti_ars408_msgs::msg::ClusterGeneral_<std::allocator<void> >[m[K’} has no member named ‘[01m[Kclust_distlat[m[K’; did you mean ‘[01m[Kcluster_distlat[m[K’?
[6.602s]  1096 |      mcluster.pose.position.y = itr->second.cluster_general.[01;31m[Kclust_distlat[m[K.data;
[6.602s]       |                                                             [01;31m[K^~~~~~~~~~~~~[m[K
[6.602s]       |                                                             [32m[Kcluster_distlat[m[K
[15.951s] gmake[2]: *** [CMakeFiles/radar_conti_ars408_component.dir/build.make:76: CMakeFiles/radar_conti_ars408_component.dir/src/radar_conti_ars408_component.cpp.o] Error 1
[15.952s] gmake[1]: *** [CMakeFiles/Makefile2:143: CMakeFiles/radar_conti_ars408_component.dir/all] Error 2
[15.952s] gmake: *** [Makefile:146: all] Error 2
[15.958s] Invoked command in '/home/jet_orin/streetlive/test/build/radar_conti_ars408' returned '2': AMENT_PREFIX_PATH=/home/jet_orin/streetlive/test/install/socketcan_adapter:/home/jet_orin/streetlive/test/install/radar_conti_ars408_msgs:/home/jet_orin/streetlive/test/install/nav2_dynamic_msgs:${AMENT_PREFIX_PATH} CMAKE_PREFIX_PATH=/home/jet_orin/streetlive/test/install/socketcan_adapter:/home/jet_orin/streetlive/test/install/radar_conti_ars408_msgs:/home/jet_orin/streetlive/test/install/nav2_dynamic_msgs:/home/jet_orin/streetlive/AD-fusionbox/install/zed_ros2:/home/jet_orin/streetlive/AD-fusionbox/install/bringup:/home/jet_orin/streetlive/AD-fusionbox/install/zed_wrapper:/home/jet_orin/streetlive/AD-fusionbox/install/zed_debug:/home/jet_orin/streetlive/AD-fusionbox/install/zed_components:/home/jet_orin/streetlive/AD-fusionbox/install/streetlive_msgs:/home/jet_orin/streetlive/AD-fusionbox/install/msgs:/home/jet_orin/streetlive/AD-fusionbox/install/perception:/home/jet_orin/streetlive/AD-fusionbox/install/offline:/home/jet_orin/streetlive/AD-fusionbox/install/localization:/home/jet_orin/streetlive/AD-fusionbox/install/drivers:/opt/ros/humble LD_LIBRARY_PATH=/home/jet_orin/streetlive/test/install/socketcan_adapter/lib:/home/jet_orin/streetlive/test/install/radar_conti_ars408_msgs/lib:/home/jet_orin/streetlive/test/install/nav2_dynamic_msgs/lib:/home/jet_orin/streetlive/AD-fusionbox/install/zed_components/lib:/opt/ros/humble/opt/rviz_ogre_vendor/lib:/opt/ros/humble/lib/aarch64-linux-gnu:/opt/ros/humble/lib:/usr/local/cuda-12.6/lib64 PYTHONPATH=/home/jet_orin/streetlive/test/install/radar_conti_ars408_msgs/local/lib/python3.10/dist-packages:/home/jet_orin/streetlive/test/install/nav2_dynamic_msgs/local/lib/python3.10/dist-packages:${PYTHONPATH} /usr/bin/cmake --build /home/jet_orin/streetlive/test/build/radar_conti_ars408 -- -j12 -l12
