-- Found ament_cmake: 1.3.14 (/opt/ros/humble/share/ament_cmake/cmake)
-- Override CMake install command with custom implementation using symlinks instead of copying resources
-- Found ament_index_cpp: 1.4.1 (/opt/ros/humble/share/ament_index_cpp/cmake)
-- Found builtin_interfaces: 1.2.2 (/opt/ros/humble/share/builtin_interfaces/cmake)
-- Found rosidl_generator_c: 3.1.8 (/opt/ros/humble/share/rosidl_generator_c/cmake)
-- Found rosidl_adapter: 3.1.8 (/opt/ros/humble/share/rosidl_adapter/cmake)
-- Found rosidl_generator_cpp: 3.1.8 (/opt/ros/humble/share/rosidl_generator_cpp/cmake)
-- Using all available rosidl_typesupport_c: rosidl_typesupport_fastrtps_c;rosidl_typesupport_introspection_c
-- Using all available rosidl_typesupport_cpp: rosidl_typesupport_fastrtps_cpp;rosidl_typesupport_introspection_cpp
-- Found example_interfaces: 0.9.3 (/opt/ros/humble/share/example_interfaces/cmake)
-- Found nav_msgs: 4.9.1 (/opt/ros/humble/share/nav_msgs/cmake)
-- Found rclcpp: 16.0.19 (/opt/ros/humble/share/rclcpp/cmake)
-- Found rmw_implementation_cmake: 6.1.2 (/opt/ros/humble/share/rmw_implementation_cmake/cmake)
-- Found rmw_fastrtps_cpp: 6.2.10 (/opt/ros/humble/share/rmw_fastrtps_cpp/cmake)
-- Using RMW implementation 'rmw_fastrtps_cpp' as default
-- Found rclcpp_components: 16.0.19 (/opt/ros/humble/share/rclcpp_components/cmake)
-- Found rclcpp_lifecycle: 16.0.19 (/opt/ros/humble/share/rclcpp_lifecycle/cmake)
-- Found can_msgs: 2.0.0 (/opt/ros/humble/share/can_msgs/cmake)
-- Found radar_conti_ars408_msgs: 0.0.0 (/home/jet_orin/streetlive/test/install/radar_conti_ars408_msgs/share/radar_conti_ars408_msgs/cmake)
-- Found visualization_msgs: 4.9.1 (/opt/ros/humble/share/visualization_msgs/cmake)
-- Found tf2_ros: 0.25.20 (/opt/ros/humble/share/tf2_ros/cmake)
-- Found rosidl_default_generators: 1.2.1 (/opt/ros/humble/share/rosidl_default_generators/cmake)
-- Found radar_msgs: 0.2.1 (/opt/ros/humble/share/radar_msgs/cmake)
-- Found nav2_dynamic_msgs: 0.0.1 (/home/jet_orin/streetlive/test/install/nav2_dynamic_msgs/share/nav2_dynamic_msgs/cmake)
-- Found bondcpp: 4.1.4 (/opt/ros/humble/share/bondcpp/cmake)
-- Found socketcan_adapter: 0.2.0 (/home/jet_orin/streetlive/test/install/socketcan_adapter/share/socketcan_adapter/cmake)
-- Configuring done
-- Generating done
-- Build files have been written to: /home/jet_orin/streetlive/test/build/radar_conti_ars408
[35m[1mConsolidate compiler generated dependencies of target radar_conti_ars408_component[0m
[ 12%] [32mBuilding CXX object CMakeFiles/radar_conti_ars408_component.dir/src/radar_conti_ars408_component.cpp.o[0m
