-- Found ament_cmake: 1.3.14 (/opt/ros/humble/share/ament_cmake/cmake)
-- Override CMake install command with custom implementation using symlinks instead of copying resources
-- Found ament_index_cpp: 1.4.1 (/opt/ros/humble/share/ament_index_cpp/cmake)
-- Found builtin_interfaces: 1.2.2 (/opt/ros/humble/share/builtin_interfaces/cmake)
-- Found rosidl_generator_c: 3.1.8 (/opt/ros/humble/share/rosidl_generator_c/cmake)
-- Found rosidl_adapter: 3.1.8 (/opt/ros/humble/share/rosidl_adapter/cmake)
-- Found rosidl_generator_cpp: 3.1.8 (/opt/ros/humble/share/rosidl_generator_cpp/cmake)
-- Using all available rosidl_typesupport_c: rosidl_typesupport_fastrtps_c;rosidl_typesupport_introspection_c
-- Using all available rosidl_typesupport_cpp: rosidl_typesupport_fastrtps_cpp;rosidl_typesupport_introspection_cpp
-- Found example_interfaces: 0.9.3 (/opt/ros/humble/share/example_interfaces/cmake)
-- Found nav_msgs: 4.9.1 (/opt/ros/humble/share/nav_msgs/cmake)
-- Found rclcpp: 16.0.19 (/opt/ros/humble/share/rclcpp/cmake)
-- Found rmw_implementation_cmake: 6.1.2 (/opt/ros/humble/share/rmw_implementation_cmake/cmake)
-- Found rmw_fastrtps_cpp: 6.2.10 (/opt/ros/humble/share/rmw_fastrtps_cpp/cmake)
-- Using RMW implementation 'rmw_fastrtps_cpp' as default
-- Found rclcpp_components: 16.0.19 (/opt/ros/humble/share/rclcpp_components/cmake)
-- Found rclcpp_lifecycle: 16.0.19 (/opt/ros/humble/share/rclcpp_lifecycle/cmake)
-- Found can_msgs: 2.0.0 (/opt/ros/humble/share/can_msgs/cmake)
-- Found radar_conti_ars408_msgs: 0.0.0 (/home/jet_orin/streetlive/test/install/radar_conti_ars408_msgs/share/radar_conti_ars408_msgs/cmake)
-- Found visualization_msgs: 4.9.1 (/opt/ros/humble/share/visualization_msgs/cmake)
-- Found tf2_ros: 0.25.20 (/opt/ros/humble/share/tf2_ros/cmake)
-- Found rosidl_default_generators: 1.2.1 (/opt/ros/humble/share/rosidl_default_generators/cmake)
-- Found radar_msgs: 0.2.1 (/opt/ros/humble/share/radar_msgs/cmake)
-- Found nav2_dynamic_msgs: 0.0.1 (/home/jet_orin/streetlive/test/install/nav2_dynamic_msgs/share/nav2_dynamic_msgs/cmake)
-- Found bondcpp: 4.1.4 (/opt/ros/humble/share/bondcpp/cmake)
-- Found socketcan_adapter: 0.2.0 (/home/jet_orin/streetlive/test/install/socketcan_adapter/share/socketcan_adapter/cmake)
-- Configuring done
-- Generating done
-- Build files have been written to: /home/jet_orin/streetlive/test/build/radar_conti_ars408
[35m[1mConsolidate compiler generated dependencies of target radar_conti_ars408_component[0m
[ 25%] Built target radar_conti_ars408_component
[35m[1mConsolidate compiler generated dependencies of target test_radar_transforms[0m
[35m[1mConsolidate compiler generated dependencies of target test_radar_conti_ars408_component[0m
[35m[1mConsolidate compiler generated dependencies of target radar_conti_ars408_composition[0m
[ 87%] Built target test_radar_conti_ars408_component
[ 87%] Built target radar_conti_ars408_composition
[100%] Built target test_radar_transforms
-- Install configuration: "Release"
-- Execute custom install script
-- Up-to-date symlink: /home/jet_orin/streetlive/test/install/radar_conti_ars408/share/radar_conti_ars408/environment/library_path.sh
-- Up-to-date symlink: /home/jet_orin/streetlive/test/install/radar_conti_ars408/share/radar_conti_ars408/environment/library_path.dsv
-- Up-to-date symlink: /home/jet_orin/streetlive/test/install/radar_conti_ars408/lib/radar_conti_ars408/radar_conti_ars408_composition
-- Up-to-date symlink: /home/jet_orin/streetlive/test/install/radar_conti_ars408/lib/libradar_conti_ars408_component.so
-- Up-to-date symlink: /home/jet_orin/streetlive/test/install/radar_conti_ars408/include/radar_conti_ars408//ars_408_can_defines.h
-- Up-to-date symlink: /home/jet_orin/streetlive/test/install/radar_conti_ars408/include/radar_conti_ars408//offsets.hpp
-- Up-to-date symlink: /home/jet_orin/streetlive/test/install/radar_conti_ars408/include/radar_conti_ars408//radar_conti_ars408_component.hpp
-- Up-to-date symlink: /home/jet_orin/streetlive/test/install/radar_conti_ars408/include/radar_conti_ars408//radar_transforms.hpp
-- Up-to-date symlink: /home/jet_orin/streetlive/test/install/radar_conti_ars408/include/radar_conti_ars408//structs.hpp
-- Up-to-date symlink: /home/jet_orin/streetlive/test/install/radar_conti_ars408/include/radar_conti_ars408//visibility_control.h
-- Up-to-date symlink: /home/jet_orin/streetlive/test/install/radar_conti_ars408/include/radar_conti_ars408//visualization.hpp
-- Up-to-date symlink: /home/jet_orin/streetlive/test/install/radar_conti_ars408/share/radar_conti_ars408/resources/low_poly_911.dae
-- Up-to-date symlink: /home/jet_orin/streetlive/test/install/radar_conti_ars408/share/radar_conti_ars408/launch/radar.launch.py
-- Up-to-date symlink: /home/jet_orin/streetlive/test/install/radar_conti_ars408/share/ament_index/resource_index/package_run_dependencies/radar_conti_ars408
-- Up-to-date symlink: /home/jet_orin/streetlive/test/install/radar_conti_ars408/share/ament_index/resource_index/parent_prefix_path/radar_conti_ars408
-- Up-to-date symlink: /home/jet_orin/streetlive/test/install/radar_conti_ars408/share/radar_conti_ars408/environment/ament_prefix_path.sh
-- Up-to-date symlink: /home/jet_orin/streetlive/test/install/radar_conti_ars408/share/radar_conti_ars408/environment/ament_prefix_path.dsv
-- Up-to-date symlink: /home/jet_orin/streetlive/test/install/radar_conti_ars408/share/radar_conti_ars408/environment/path.sh
-- Up-to-date symlink: /home/jet_orin/streetlive/test/install/radar_conti_ars408/share/radar_conti_ars408/environment/path.dsv
-- Up-to-date symlink: /home/jet_orin/streetlive/test/install/radar_conti_ars408/share/radar_conti_ars408/local_setup.bash
-- Up-to-date symlink: /home/jet_orin/streetlive/test/install/radar_conti_ars408/share/radar_conti_ars408/local_setup.sh
-- Up-to-date symlink: /home/jet_orin/streetlive/test/install/radar_conti_ars408/share/radar_conti_ars408/local_setup.zsh
-- Up-to-date symlink: /home/jet_orin/streetlive/test/install/radar_conti_ars408/share/radar_conti_ars408/local_setup.dsv
-- Symlinking: /home/jet_orin/streetlive/test/install/radar_conti_ars408/share/radar_conti_ars408/package.dsv
-- Up-to-date symlink: /home/jet_orin/streetlive/test/install/radar_conti_ars408/share/ament_index/resource_index/packages/radar_conti_ars408
-- Up-to-date symlink: /home/jet_orin/streetlive/test/install/radar_conti_ars408/share/ament_index/resource_index/rclcpp_components/radar_conti_ars408
-- Up-to-date symlink: /home/jet_orin/streetlive/test/install/radar_conti_ars408/share/radar_conti_ars408/cmake/radar_conti_ars408Config.cmake
-- Up-to-date symlink: /home/jet_orin/streetlive/test/install/radar_conti_ars408/share/radar_conti_ars408/cmake/radar_conti_ars408Config-version.cmake
-- Up-to-date symlink: /home/jet_orin/streetlive/test/install/radar_conti_ars408/share/radar_conti_ars408/package.xml
