[0.030s] Invoking command in '/home/jet_orin/streetlive/test/build/radar_conti_ars408': AMENT_PREFIX_PATH=/home/jet_orin/streetlive/test/install/socketcan_adapter:/home/jet_orin/streetlive/test/install/radar_conti_ars408_msgs:/home/jet_orin/streetlive/test/install/nav2_dynamic_msgs:${AMENT_PREFIX_PATH} CMAKE_PREFIX_PATH=/home/jet_orin/streetlive/test/install/socketcan_adapter:/home/jet_orin/streetlive/test/install/radar_conti_ars408_msgs:/home/jet_orin/streetlive/test/install/nav2_dynamic_msgs:/home/jet_orin/streetlive/AD-fusionbox/install/zed_ros2:/home/jet_orin/streetlive/AD-fusionbox/install/bringup:/home/jet_orin/streetlive/AD-fusionbox/install/zed_wrapper:/home/jet_orin/streetlive/AD-fusionbox/install/zed_debug:/home/jet_orin/streetlive/AD-fusionbox/install/zed_components:/home/jet_orin/streetlive/AD-fusionbox/install/streetlive_msgs:/home/jet_orin/streetlive/AD-fusionbox/install/msgs:/home/jet_orin/streetlive/AD-fusionbox/install/perception:/home/jet_orin/streetlive/AD-fusionbox/install/offline:/home/jet_orin/streetlive/AD-fusionbox/install/localization:/home/jet_orin/streetlive/AD-fusionbox/install/drivers:/opt/ros/humble LD_LIBRARY_PATH=/home/jet_orin/streetlive/test/install/socketcan_adapter/lib:/home/jet_orin/streetlive/test/install/radar_conti_ars408_msgs/lib:/home/jet_orin/streetlive/test/install/nav2_dynamic_msgs/lib:/home/jet_orin/streetlive/AD-fusionbox/install/zed_components/lib:/opt/ros/humble/opt/rviz_ogre_vendor/lib:/opt/ros/humble/lib/aarch64-linux-gnu:/opt/ros/humble/lib:/usr/local/cuda-12.6/lib64 PYTHONPATH=/home/jet_orin/streetlive/test/install/radar_conti_ars408_msgs/local/lib/python3.10/dist-packages:/home/jet_orin/streetlive/test/install/nav2_dynamic_msgs/local/lib/python3.10/dist-packages:${PYTHONPATH} /usr/bin/cmake --build /home/jet_orin/streetlive/test/build/radar_conti_ars408 -- -j12 -l12
[0.111s] [35m[1mConsolidate compiler generated dependencies of target radar_conti_ars408_component[0m
[0.154s] [ 12%] [32mBuilding CXX object CMakeFiles/radar_conti_ars408_component.dir/src/radar_conti_ars408_component.cpp.o[0m
[6.317s] [01m[K/home/jet_orin/streetlive/test/src/ars-408/radar_conti_ars408/src/radar_conti_ars408_component.cpp:[m[K In member function ‘[01m[Kvoid FHAC::radar_conti_ars408::can_receive_callback(std::shared_ptr<const polymath::socketcan::CanFrame>)[m[K’:
[6.317s] [01m[K/home/jet_orin/streetlive/test/src/ars-408/radar_conti_ars408/src/radar_conti_ars408_component.cpp:585:19:[m[K [01;35m[Kwarning: [m[Kcomparison of integer expressions of different signedness: ‘[01m[Kint[m[K’ and ‘[01m[Kstd::vector<radar_conti_ars408_msgs::msg::ObjectList_<std::allocator<void> > >::size_type[m[K’ {aka ‘[01m[Klong unsigned int[m[K’} [[01;35m[K]8;;https://gcc.gnu.org/onlinedocs/gcc/Warning-Options.html#index-Wsign-compare-Wsign-compare]8;;[m[K]
[6.318s]   585 |     if ([01;35m[Ksensor_id > object_list_list_.size() - 1[m[K)
[6.318s]       |         [01;35m[K~~~~~~~~~~^~~~~~~~~~~~~~~~~~~~~~~~~~~~~~[m[K
[42.617s] [ 25%] [32m[1mLinking CXX shared library libradar_conti_ars408_component.so[0m
[43.187s] [ 25%] Built target radar_conti_ars408_component
[43.207s] [35m[1mConsolidate compiler generated dependencies of target test_radar_transforms[0m
[43.208s] [35m[1mConsolidate compiler generated dependencies of target test_radar_conti_ars408_component[0m
[43.209s] [35m[1mConsolidate compiler generated dependencies of target radar_conti_ars408_composition[0m
[43.250s] [ 50%] [32mBuilding CXX object CMakeFiles/radar_conti_ars408_composition.dir/src/radar_conti_ars408_composition.cpp.o[0m
[43.250s] [ 50%] [32m[1mLinking CXX executable test_radar_transforms[0m
[43.252s] [ 62%] [32mBuilding CXX object CMakeFiles/test_radar_conti_ars408_component.dir/test/test_radar_conti_ars408_component.cpp.o[0m
[43.269s] [01m[K/home/jet_orin/streetlive/test/src/ars-408/radar_conti_ars408/test/test_radar_conti_ars408_component.cpp:1:27:[m[K [01;35m[Kwarning: [m[Kmulti-line comment [[01;35m[K]8;;https://gcc.gnu.org/onlinedocs/gcc/Warning-Options.html#index-Wcomment-Wcomment]8;;[m[K]
[43.269s]     1 | #define CATCH_CONFIG_MAIN [01;35m[K/[m[K/ This tells Catch to provide a main() - only do \
[43.269s]       |                           [01;35m[K^[m[K
[43.640s] [ 75%] Built target test_radar_transforms
[50.720s] [ 87%] [32m[1mLinking CXX executable radar_conti_ars408_composition[0m
[51.106s] [ 87%] Built target radar_conti_ars408_composition
[90.997s] [100%] [32m[1mLinking CXX executable test_radar_conti_ars408_component[0m
[91.533s] [100%] Built target test_radar_conti_ars408_component
[91.556s] Invoked command in '/home/jet_orin/streetlive/test/build/radar_conti_ars408' returned '0': AMENT_PREFIX_PATH=/home/jet_orin/streetlive/test/install/socketcan_adapter:/home/jet_orin/streetlive/test/install/radar_conti_ars408_msgs:/home/jet_orin/streetlive/test/install/nav2_dynamic_msgs:${AMENT_PREFIX_PATH} CMAKE_PREFIX_PATH=/home/jet_orin/streetlive/test/install/socketcan_adapter:/home/jet_orin/streetlive/test/install/radar_conti_ars408_msgs:/home/jet_orin/streetlive/test/install/nav2_dynamic_msgs:/home/jet_orin/streetlive/AD-fusionbox/install/zed_ros2:/home/jet_orin/streetlive/AD-fusionbox/install/bringup:/home/jet_orin/streetlive/AD-fusionbox/install/zed_wrapper:/home/jet_orin/streetlive/AD-fusionbox/install/zed_debug:/home/jet_orin/streetlive/AD-fusionbox/install/zed_components:/home/jet_orin/streetlive/AD-fusionbox/install/streetlive_msgs:/home/jet_orin/streetlive/AD-fusionbox/install/msgs:/home/jet_orin/streetlive/AD-fusionbox/install/perception:/home/jet_orin/streetlive/AD-fusionbox/install/offline:/home/jet_orin/streetlive/AD-fusionbox/install/localization:/home/jet_orin/streetlive/AD-fusionbox/install/drivers:/opt/ros/humble LD_LIBRARY_PATH=/home/jet_orin/streetlive/test/install/socketcan_adapter/lib:/home/jet_orin/streetlive/test/install/radar_conti_ars408_msgs/lib:/home/jet_orin/streetlive/test/install/nav2_dynamic_msgs/lib:/home/jet_orin/streetlive/AD-fusionbox/install/zed_components/lib:/opt/ros/humble/opt/rviz_ogre_vendor/lib:/opt/ros/humble/lib/aarch64-linux-gnu:/opt/ros/humble/lib:/usr/local/cuda-12.6/lib64 PYTHONPATH=/home/jet_orin/streetlive/test/install/radar_conti_ars408_msgs/local/lib/python3.10/dist-packages:/home/jet_orin/streetlive/test/install/nav2_dynamic_msgs/local/lib/python3.10/dist-packages:${PYTHONPATH} /usr/bin/cmake --build /home/jet_orin/streetlive/test/build/radar_conti_ars408 -- -j12 -l12
[91.577s] Invoking command in '/home/jet_orin/streetlive/test/build/radar_conti_ars408': AMENT_PREFIX_PATH=/home/jet_orin/streetlive/test/install/socketcan_adapter:/home/jet_orin/streetlive/test/install/radar_conti_ars408_msgs:/home/jet_orin/streetlive/test/install/nav2_dynamic_msgs:${AMENT_PREFIX_PATH} CMAKE_PREFIX_PATH=/home/jet_orin/streetlive/test/install/socketcan_adapter:/home/jet_orin/streetlive/test/install/radar_conti_ars408_msgs:/home/jet_orin/streetlive/test/install/nav2_dynamic_msgs:/home/jet_orin/streetlive/AD-fusionbox/install/zed_ros2:/home/jet_orin/streetlive/AD-fusionbox/install/bringup:/home/jet_orin/streetlive/AD-fusionbox/install/zed_wrapper:/home/jet_orin/streetlive/AD-fusionbox/install/zed_debug:/home/jet_orin/streetlive/AD-fusionbox/install/zed_components:/home/jet_orin/streetlive/AD-fusionbox/install/streetlive_msgs:/home/jet_orin/streetlive/AD-fusionbox/install/msgs:/home/jet_orin/streetlive/AD-fusionbox/install/perception:/home/jet_orin/streetlive/AD-fusionbox/install/offline:/home/jet_orin/streetlive/AD-fusionbox/install/localization:/home/jet_orin/streetlive/AD-fusionbox/install/drivers:/opt/ros/humble LD_LIBRARY_PATH=/home/jet_orin/streetlive/test/install/socketcan_adapter/lib:/home/jet_orin/streetlive/test/install/radar_conti_ars408_msgs/lib:/home/jet_orin/streetlive/test/install/nav2_dynamic_msgs/lib:/home/jet_orin/streetlive/AD-fusionbox/install/zed_components/lib:/opt/ros/humble/opt/rviz_ogre_vendor/lib:/opt/ros/humble/lib/aarch64-linux-gnu:/opt/ros/humble/lib:/usr/local/cuda-12.6/lib64 PYTHONPATH=/home/jet_orin/streetlive/test/install/radar_conti_ars408_msgs/local/lib/python3.10/dist-packages:/home/jet_orin/streetlive/test/install/nav2_dynamic_msgs/local/lib/python3.10/dist-packages:${PYTHONPATH} /usr/bin/cmake --install /home/jet_orin/streetlive/test/build/radar_conti_ars408
[91.591s] -- Install configuration: "Release"
[91.592s] -- Execute custom install script
[91.592s] -- Up-to-date symlink: /home/jet_orin/streetlive/test/install/radar_conti_ars408/share/radar_conti_ars408/environment/library_path.sh
[91.592s] -- Up-to-date symlink: /home/jet_orin/streetlive/test/install/radar_conti_ars408/share/radar_conti_ars408/environment/library_path.dsv
[91.593s] -- Up-to-date symlink: /home/jet_orin/streetlive/test/install/radar_conti_ars408/lib/radar_conti_ars408/radar_conti_ars408_composition
[91.593s] -- Up-to-date symlink: /home/jet_orin/streetlive/test/install/radar_conti_ars408/lib/libradar_conti_ars408_component.so
[91.594s] -- Up-to-date symlink: /home/jet_orin/streetlive/test/install/radar_conti_ars408/include/radar_conti_ars408//ars_408_can_defines.h
[91.594s] -- Up-to-date symlink: /home/jet_orin/streetlive/test/install/radar_conti_ars408/include/radar_conti_ars408//offsets.hpp
[91.596s] -- Up-to-date symlink: /home/jet_orin/streetlive/test/install/radar_conti_ars408/include/radar_conti_ars408//radar_conti_ars408_component.hpp
[91.596s] -- Up-to-date symlink: /home/jet_orin/streetlive/test/install/radar_conti_ars408/include/radar_conti_ars408//radar_transforms.hpp
[91.596s] -- Symlinking: /home/jet_orin/streetlive/test/install/radar_conti_ars408/include/radar_conti_ars408//srr308_can_defines.h
[91.613s] -- Up-to-date symlink: /home/jet_orin/streetlive/test/install/radar_conti_ars408/include/radar_conti_ars408//structs.hpp
[91.613s] -- Up-to-date symlink: /home/jet_orin/streetlive/test/install/radar_conti_ars408/include/radar_conti_ars408//visibility_control.h
[91.613s] -- Up-to-date symlink: /home/jet_orin/streetlive/test/install/radar_conti_ars408/include/radar_conti_ars408//visualization.hpp
[91.614s] -- Up-to-date symlink: /home/jet_orin/streetlive/test/install/radar_conti_ars408/share/radar_conti_ars408/config/radar.yaml
[91.614s] -- Up-to-date symlink: /home/jet_orin/streetlive/test/install/radar_conti_ars408/share/radar_conti_ars408/config/tf_radar_params.yaml
[91.614s] -- Up-to-date symlink: /home/jet_orin/streetlive/test/install/radar_conti_ars408/share/radar_conti_ars408/resources/low_poly_911.dae
[91.615s] -- Up-to-date symlink: /home/jet_orin/streetlive/test/install/radar_conti_ars408/share/radar_conti_ars408/launch/radar.launch.py
[91.615s] -- Up-to-date symlink: /home/jet_orin/streetlive/test/install/radar_conti_ars408/share/radar_conti_ars408/launch/tf_radar_launch.py
[91.615s] -- Up-to-date symlink: /home/jet_orin/streetlive/test/install/radar_conti_ars408/share/ament_index/resource_index/package_run_dependencies/radar_conti_ars408
[91.616s] -- Up-to-date symlink: /home/jet_orin/streetlive/test/install/radar_conti_ars408/share/ament_index/resource_index/parent_prefix_path/radar_conti_ars408
[91.616s] -- Up-to-date symlink: /home/jet_orin/streetlive/test/install/radar_conti_ars408/share/radar_conti_ars408/environment/ament_prefix_path.sh
[91.616s] -- Up-to-date symlink: /home/jet_orin/streetlive/test/install/radar_conti_ars408/share/radar_conti_ars408/environment/ament_prefix_path.dsv
[91.616s] -- Up-to-date symlink: /home/jet_orin/streetlive/test/install/radar_conti_ars408/share/radar_conti_ars408/environment/path.sh
[91.617s] -- Up-to-date symlink: /home/jet_orin/streetlive/test/install/radar_conti_ars408/share/radar_conti_ars408/environment/path.dsv
[91.617s] -- Up-to-date symlink: /home/jet_orin/streetlive/test/install/radar_conti_ars408/share/radar_conti_ars408/local_setup.bash
[91.617s] -- Up-to-date symlink: /home/jet_orin/streetlive/test/install/radar_conti_ars408/share/radar_conti_ars408/local_setup.sh
[91.617s] -- Up-to-date symlink: /home/jet_orin/streetlive/test/install/radar_conti_ars408/share/radar_conti_ars408/local_setup.zsh
[91.617s] -- Up-to-date symlink: /home/jet_orin/streetlive/test/install/radar_conti_ars408/share/radar_conti_ars408/local_setup.dsv
[91.617s] -- Symlinking: /home/jet_orin/streetlive/test/install/radar_conti_ars408/share/radar_conti_ars408/package.dsv
[91.635s] -- Up-to-date symlink: /home/jet_orin/streetlive/test/install/radar_conti_ars408/share/ament_index/resource_index/packages/radar_conti_ars408
[91.635s] -- Up-to-date symlink: /home/jet_orin/streetlive/test/install/radar_conti_ars408/share/ament_index/resource_index/rclcpp_components/radar_conti_ars408
[91.636s] -- Up-to-date symlink: /home/jet_orin/streetlive/test/install/radar_conti_ars408/share/radar_conti_ars408/cmake/radar_conti_ars408Config.cmake
[91.636s] -- Up-to-date symlink: /home/jet_orin/streetlive/test/install/radar_conti_ars408/share/radar_conti_ars408/cmake/radar_conti_ars408Config-version.cmake
[91.636s] -- Up-to-date symlink: /home/jet_orin/streetlive/test/install/radar_conti_ars408/share/radar_conti_ars408/package.xml
[91.642s] Invoked command in '/home/jet_orin/streetlive/test/build/radar_conti_ars408' returned '0': AMENT_PREFIX_PATH=/home/jet_orin/streetlive/test/install/socketcan_adapter:/home/jet_orin/streetlive/test/install/radar_conti_ars408_msgs:/home/jet_orin/streetlive/test/install/nav2_dynamic_msgs:${AMENT_PREFIX_PATH} CMAKE_PREFIX_PATH=/home/jet_orin/streetlive/test/install/socketcan_adapter:/home/jet_orin/streetlive/test/install/radar_conti_ars408_msgs:/home/jet_orin/streetlive/test/install/nav2_dynamic_msgs:/home/jet_orin/streetlive/AD-fusionbox/install/zed_ros2:/home/jet_orin/streetlive/AD-fusionbox/install/bringup:/home/jet_orin/streetlive/AD-fusionbox/install/zed_wrapper:/home/jet_orin/streetlive/AD-fusionbox/install/zed_debug:/home/jet_orin/streetlive/AD-fusionbox/install/zed_components:/home/jet_orin/streetlive/AD-fusionbox/install/streetlive_msgs:/home/jet_orin/streetlive/AD-fusionbox/install/msgs:/home/jet_orin/streetlive/AD-fusionbox/install/perception:/home/jet_orin/streetlive/AD-fusionbox/install/offline:/home/jet_orin/streetlive/AD-fusionbox/install/localization:/home/jet_orin/streetlive/AD-fusionbox/install/drivers:/opt/ros/humble LD_LIBRARY_PATH=/home/jet_orin/streetlive/test/install/socketcan_adapter/lib:/home/jet_orin/streetlive/test/install/radar_conti_ars408_msgs/lib:/home/jet_orin/streetlive/test/install/nav2_dynamic_msgs/lib:/home/jet_orin/streetlive/AD-fusionbox/install/zed_components/lib:/opt/ros/humble/opt/rviz_ogre_vendor/lib:/opt/ros/humble/lib/aarch64-linux-gnu:/opt/ros/humble/lib:/usr/local/cuda-12.6/lib64 PYTHONPATH=/home/jet_orin/streetlive/test/install/radar_conti_ars408_msgs/local/lib/python3.10/dist-packages:/home/jet_orin/streetlive/test/install/nav2_dynamic_msgs/local/lib/python3.10/dist-packages:${PYTHONPATH} /usr/bin/cmake --install /home/jet_orin/streetlive/test/build/radar_conti_ars408
