[0.033s] Invoking command in '/home/jet_orin/streetlive/test/build/radar_conti_ars408': CMAKE_PREFIX_PATH=/home/jet_orin/streetlive/test/install/socketcan_adapter:/home/jet_orin/streetlive/test/install/radar_conti_ars408_msgs:/home/jet_orin/streetlive/test/install/nav2_dynamic_msgs:/home/jet_orin/streetlive/test/install/socketcan_adapter_ros:/home/jet_orin/streetlive/test/install/radar_conti_ars408:/home/jet_orin/streetlive/AD-fusionbox/install/zed_ros2:/home/jet_orin/streetlive/AD-fusionbox/install/bringup:/home/jet_orin/streetlive/AD-fusionbox/install/zed_wrapper:/home/jet_orin/streetlive/AD-fusionbox/install/zed_debug:/home/jet_orin/streetlive/AD-fusionbox/install/zed_components:/home/jet_orin/streetlive/AD-fusionbox/install/streetlive_msgs:/home/jet_orin/streetlive/AD-fusionbox/install/msgs:/home/jet_orin/streetlive/test/install/kf_hungarian_tracker:/home/jet_orin/streetlive/AD-fusionbox/install/perception:/home/jet_orin/streetlive/AD-fusionbox/install/offline:/home/jet_orin/streetlive/AD-fusionbox/install/localization:/home/jet_orin/streetlive/AD-fusionbox/install/drivers:/opt/ros/humble LD_LIBRARY_PATH=/home/jet_orin/streetlive/test/install/socketcan_adapter/lib:/home/jet_orin/streetlive/test/install/radar_conti_ars408_msgs/lib:/home/jet_orin/streetlive/test/install/nav2_dynamic_msgs/lib:/home/jet_orin/streetlive/test/install/socketcan_adapter_ros/lib:/home/jet_orin/streetlive/test/install/radar_conti_ars408/lib:/home/jet_orin/streetlive/AD-fusionbox/install/zed_components/lib:/opt/ros/humble/opt/rviz_ogre_vendor/lib:/opt/ros/humble/lib/aarch64-linux-gnu:/opt/ros/humble/lib:/usr/local/cuda-12.6/lib64 /usr/bin/cmake --build /home/jet_orin/streetlive/test/build/radar_conti_ars408 -- -j12 -l12
[0.118s] [35m[1mConsolidate compiler generated dependencies of target radar_conti_ars408_component[0m
[0.164s] [ 12%] [32mBuilding CXX object CMakeFiles/radar_conti_ars408_component.dir/src/radar_conti_ars408_component.cpp.o[0m
[6.234s] [01m[K/home/jet_orin/streetlive/test/src/ars-408/radar_conti_ars408/src/radar_conti_ars408_component.cpp:[m[K In member function ‘[01m[Kvoid FHAC::radar_conti_ars408::can_receive_callback(std::shared_ptr<const polymath::socketcan::CanFrame>)[m[K’:
[6.234s] [01m[K/home/jet_orin/streetlive/test/src/ars-408/radar_conti_ars408/src/radar_conti_ars408_component.cpp:586:19:[m[K [01;35m[Kwarning: [m[Kcomparison of integer expressions of different signedness: ‘[01m[Kint[m[K’ and ‘[01m[Kstd::vector<radar_conti_ars408_msgs::msg::ObjectList_<std::allocator<void> > >::size_type[m[K’ {aka ‘[01m[Klong unsigned int[m[K’} [[01;35m[K]8;;https://gcc.gnu.org/onlinedocs/gcc/Warning-Options.html#index-Wsign-compare-Wsign-compare]8;;[m[K]
[6.234s]   586 |     if ([01;35m[Ksensor_id > object_list_list_.size() - 1[m[K)
[6.234s]       |         [01;35m[K~~~~~~~~~~^~~~~~~~~~~~~~~~~~~~~~~~~~~~~~[m[K
[42.241s] [ 25%] [32m[1mLinking CXX shared library libradar_conti_ars408_component.so[0m
[42.775s] [ 25%] Built target radar_conti_ars408_component
[42.830s] [ 50%] [32m[1mLinking CXX executable test_radar_conti_ars408_component[0m
[42.830s] [ 50%] [32m[1mLinking CXX executable test_radar_transforms[0m
[42.842s] [ 62%] [32m[1mLinking CXX executable radar_conti_ars408_composition[0m
[43.235s] [ 75%] Built target radar_conti_ars408_composition
[43.262s] [ 87%] Built target test_radar_transforms
[43.390s] [100%] Built target test_radar_conti_ars408_component
[43.415s] Invoked command in '/home/jet_orin/streetlive/test/build/radar_conti_ars408' returned '0': CMAKE_PREFIX_PATH=/home/jet_orin/streetlive/test/install/socketcan_adapter:/home/jet_orin/streetlive/test/install/radar_conti_ars408_msgs:/home/jet_orin/streetlive/test/install/nav2_dynamic_msgs:/home/jet_orin/streetlive/test/install/socketcan_adapter_ros:/home/jet_orin/streetlive/test/install/radar_conti_ars408:/home/jet_orin/streetlive/AD-fusionbox/install/zed_ros2:/home/jet_orin/streetlive/AD-fusionbox/install/bringup:/home/jet_orin/streetlive/AD-fusionbox/install/zed_wrapper:/home/jet_orin/streetlive/AD-fusionbox/install/zed_debug:/home/jet_orin/streetlive/AD-fusionbox/install/zed_components:/home/jet_orin/streetlive/AD-fusionbox/install/streetlive_msgs:/home/jet_orin/streetlive/AD-fusionbox/install/msgs:/home/jet_orin/streetlive/test/install/kf_hungarian_tracker:/home/jet_orin/streetlive/AD-fusionbox/install/perception:/home/jet_orin/streetlive/AD-fusionbox/install/offline:/home/jet_orin/streetlive/AD-fusionbox/install/localization:/home/jet_orin/streetlive/AD-fusionbox/install/drivers:/opt/ros/humble LD_LIBRARY_PATH=/home/jet_orin/streetlive/test/install/socketcan_adapter/lib:/home/jet_orin/streetlive/test/install/radar_conti_ars408_msgs/lib:/home/jet_orin/streetlive/test/install/nav2_dynamic_msgs/lib:/home/jet_orin/streetlive/test/install/socketcan_adapter_ros/lib:/home/jet_orin/streetlive/test/install/radar_conti_ars408/lib:/home/jet_orin/streetlive/AD-fusionbox/install/zed_components/lib:/opt/ros/humble/opt/rviz_ogre_vendor/lib:/opt/ros/humble/lib/aarch64-linux-gnu:/opt/ros/humble/lib:/usr/local/cuda-12.6/lib64 /usr/bin/cmake --build /home/jet_orin/streetlive/test/build/radar_conti_ars408 -- -j12 -l12
[43.439s] Invoking command in '/home/jet_orin/streetlive/test/build/radar_conti_ars408': CMAKE_PREFIX_PATH=/home/jet_orin/streetlive/test/install/socketcan_adapter:/home/jet_orin/streetlive/test/install/radar_conti_ars408_msgs:/home/jet_orin/streetlive/test/install/nav2_dynamic_msgs:/home/jet_orin/streetlive/test/install/socketcan_adapter_ros:/home/jet_orin/streetlive/test/install/radar_conti_ars408:/home/jet_orin/streetlive/AD-fusionbox/install/zed_ros2:/home/jet_orin/streetlive/AD-fusionbox/install/bringup:/home/jet_orin/streetlive/AD-fusionbox/install/zed_wrapper:/home/jet_orin/streetlive/AD-fusionbox/install/zed_debug:/home/jet_orin/streetlive/AD-fusionbox/install/zed_components:/home/jet_orin/streetlive/AD-fusionbox/install/streetlive_msgs:/home/jet_orin/streetlive/AD-fusionbox/install/msgs:/home/jet_orin/streetlive/test/install/kf_hungarian_tracker:/home/jet_orin/streetlive/AD-fusionbox/install/perception:/home/jet_orin/streetlive/AD-fusionbox/install/offline:/home/jet_orin/streetlive/AD-fusionbox/install/localization:/home/jet_orin/streetlive/AD-fusionbox/install/drivers:/opt/ros/humble LD_LIBRARY_PATH=/home/jet_orin/streetlive/test/install/socketcan_adapter/lib:/home/jet_orin/streetlive/test/install/radar_conti_ars408_msgs/lib:/home/jet_orin/streetlive/test/install/nav2_dynamic_msgs/lib:/home/jet_orin/streetlive/test/install/socketcan_adapter_ros/lib:/home/jet_orin/streetlive/test/install/radar_conti_ars408/lib:/home/jet_orin/streetlive/AD-fusionbox/install/zed_components/lib:/opt/ros/humble/opt/rviz_ogre_vendor/lib:/opt/ros/humble/lib/aarch64-linux-gnu:/opt/ros/humble/lib:/usr/local/cuda-12.6/lib64 /usr/bin/cmake --install /home/jet_orin/streetlive/test/build/radar_conti_ars408
[43.454s] -- Install configuration: "Release"
[43.455s] -- Execute custom install script
[43.455s] -- Up-to-date symlink: /home/jet_orin/streetlive/test/install/radar_conti_ars408/share/radar_conti_ars408/environment/library_path.sh
[43.456s] -- Up-to-date symlink: /home/jet_orin/streetlive/test/install/radar_conti_ars408/share/radar_conti_ars408/environment/library_path.dsv
[43.456s] -- Up-to-date symlink: /home/jet_orin/streetlive/test/install/radar_conti_ars408/lib/radar_conti_ars408/radar_conti_ars408_composition
[43.456s] -- Up-to-date symlink: /home/jet_orin/streetlive/test/install/radar_conti_ars408/lib/libradar_conti_ars408_component.so
[43.457s] -- Up-to-date symlink: /home/jet_orin/streetlive/test/install/radar_conti_ars408/include/radar_conti_ars408//ars_408_can_defines.h
[43.457s] -- Up-to-date symlink: /home/jet_orin/streetlive/test/install/radar_conti_ars408/include/radar_conti_ars408//offsets.hpp
[43.458s] -- Up-to-date symlink: /home/jet_orin/streetlive/test/install/radar_conti_ars408/include/radar_conti_ars408//radar_conti_ars408_component.hpp
[43.458s] -- Up-to-date symlink: /home/jet_orin/streetlive/test/install/radar_conti_ars408/include/radar_conti_ars408//radar_transforms.hpp
[43.458s] -- Up-to-date symlink: /home/jet_orin/streetlive/test/install/radar_conti_ars408/include/radar_conti_ars408//srr308_can_defines.h
[43.458s] -- Up-to-date symlink: /home/jet_orin/streetlive/test/install/radar_conti_ars408/include/radar_conti_ars408//structs.hpp
[43.459s] -- Up-to-date symlink: /home/jet_orin/streetlive/test/install/radar_conti_ars408/include/radar_conti_ars408//visibility_control.h
[43.459s] -- Up-to-date symlink: /home/jet_orin/streetlive/test/install/radar_conti_ars408/include/radar_conti_ars408//visualization.hpp
[43.460s] -- Up-to-date symlink: /home/jet_orin/streetlive/test/install/radar_conti_ars408/share/radar_conti_ars408/config/radar.yaml
[43.460s] -- Up-to-date symlink: /home/jet_orin/streetlive/test/install/radar_conti_ars408/share/radar_conti_ars408/config/tf_radar_params.yaml
[43.460s] -- Up-to-date symlink: /home/jet_orin/streetlive/test/install/radar_conti_ars408/share/radar_conti_ars408/resources/low_poly_911.dae
[43.461s] -- Up-to-date symlink: /home/jet_orin/streetlive/test/install/radar_conti_ars408/share/radar_conti_ars408/launch/radar.launch.py
[43.461s] -- Up-to-date symlink: /home/jet_orin/streetlive/test/install/radar_conti_ars408/share/radar_conti_ars408/launch/tf_radar_launch.py
[43.461s] -- Up-to-date symlink: /home/jet_orin/streetlive/test/install/radar_conti_ars408/share/ament_index/resource_index/package_run_dependencies/radar_conti_ars408
[43.461s] -- Up-to-date symlink: /home/jet_orin/streetlive/test/install/radar_conti_ars408/share/ament_index/resource_index/parent_prefix_path/radar_conti_ars408
[43.462s] -- Up-to-date symlink: /home/jet_orin/streetlive/test/install/radar_conti_ars408/share/radar_conti_ars408/environment/ament_prefix_path.sh
[43.462s] -- Up-to-date symlink: /home/jet_orin/streetlive/test/install/radar_conti_ars408/share/radar_conti_ars408/environment/ament_prefix_path.dsv
[43.462s] -- Up-to-date symlink: /home/jet_orin/streetlive/test/install/radar_conti_ars408/share/radar_conti_ars408/environment/path.sh
[43.463s] -- Up-to-date symlink: /home/jet_orin/streetlive/test/install/radar_conti_ars408/share/radar_conti_ars408/environment/path.dsv
[43.463s] -- Up-to-date symlink: /home/jet_orin/streetlive/test/install/radar_conti_ars408/share/radar_conti_ars408/local_setup.bash
[43.463s] -- Up-to-date symlink: /home/jet_orin/streetlive/test/install/radar_conti_ars408/share/radar_conti_ars408/local_setup.sh
[43.464s] -- Up-to-date symlink: /home/jet_orin/streetlive/test/install/radar_conti_ars408/share/radar_conti_ars408/local_setup.zsh
[43.464s] -- Up-to-date symlink: /home/jet_orin/streetlive/test/install/radar_conti_ars408/share/radar_conti_ars408/local_setup.dsv
[43.464s] -- Symlinking: /home/jet_orin/streetlive/test/install/radar_conti_ars408/share/radar_conti_ars408/package.dsv
[43.479s] -- Up-to-date symlink: /home/jet_orin/streetlive/test/install/radar_conti_ars408/share/ament_index/resource_index/packages/radar_conti_ars408
[43.479s] -- Up-to-date symlink: /home/jet_orin/streetlive/test/install/radar_conti_ars408/share/ament_index/resource_index/rclcpp_components/radar_conti_ars408
[43.480s] -- Up-to-date symlink: /home/jet_orin/streetlive/test/install/radar_conti_ars408/share/radar_conti_ars408/cmake/radar_conti_ars408Config.cmake
[43.480s] -- Up-to-date symlink: /home/jet_orin/streetlive/test/install/radar_conti_ars408/share/radar_conti_ars408/cmake/radar_conti_ars408Config-version.cmake
[43.480s] -- Up-to-date symlink: /home/jet_orin/streetlive/test/install/radar_conti_ars408/share/radar_conti_ars408/package.xml
[43.484s] Invoked command in '/home/jet_orin/streetlive/test/build/radar_conti_ars408' returned '0': CMAKE_PREFIX_PATH=/home/jet_orin/streetlive/test/install/socketcan_adapter:/home/jet_orin/streetlive/test/install/radar_conti_ars408_msgs:/home/jet_orin/streetlive/test/install/nav2_dynamic_msgs:/home/jet_orin/streetlive/test/install/socketcan_adapter_ros:/home/jet_orin/streetlive/test/install/radar_conti_ars408:/home/jet_orin/streetlive/AD-fusionbox/install/zed_ros2:/home/jet_orin/streetlive/AD-fusionbox/install/bringup:/home/jet_orin/streetlive/AD-fusionbox/install/zed_wrapper:/home/jet_orin/streetlive/AD-fusionbox/install/zed_debug:/home/jet_orin/streetlive/AD-fusionbox/install/zed_components:/home/jet_orin/streetlive/AD-fusionbox/install/streetlive_msgs:/home/jet_orin/streetlive/AD-fusionbox/install/msgs:/home/jet_orin/streetlive/test/install/kf_hungarian_tracker:/home/jet_orin/streetlive/AD-fusionbox/install/perception:/home/jet_orin/streetlive/AD-fusionbox/install/offline:/home/jet_orin/streetlive/AD-fusionbox/install/localization:/home/jet_orin/streetlive/AD-fusionbox/install/drivers:/opt/ros/humble LD_LIBRARY_PATH=/home/jet_orin/streetlive/test/install/socketcan_adapter/lib:/home/jet_orin/streetlive/test/install/radar_conti_ars408_msgs/lib:/home/jet_orin/streetlive/test/install/nav2_dynamic_msgs/lib:/home/jet_orin/streetlive/test/install/socketcan_adapter_ros/lib:/home/jet_orin/streetlive/test/install/radar_conti_ars408/lib:/home/jet_orin/streetlive/AD-fusionbox/install/zed_components/lib:/opt/ros/humble/opt/rviz_ogre_vendor/lib:/opt/ros/humble/lib/aarch64-linux-gnu:/opt/ros/humble/lib:/usr/local/cuda-12.6/lib64 /usr/bin/cmake --install /home/jet_orin/streetlive/test/build/radar_conti_ars408
