[  0%] Built target radar_conti_ars408_msgs__cpp
[  1%] Built target radar_conti_ars408_msgs__rs
[  1%] Built target ament_cmake_python_symlink_radar_conti_ars408_msgs
[ 13%] Built target radar_conti_ars408_msgs__rosidl_generator_c
[ 25%] Built target radar_conti_ars408_msgs__rosidl_typesupport_introspection_cpp
[ 60%] Built target radar_conti_ars408_msgs__rosidl_typesupport_cpp
[ 63%] Built target radar_conti_ars408_msgs__rosidl_typesupport_c
[ 71%] Built target radar_conti_ars408_msgs__rosidl_typesupport_introspection_c
[ 73%] Built target radar_conti_ars408_msgs__rosidl_typesupport_fastrtps_cpp
[ 85%] Built target radar_conti_ars408_msgs__rosidl_typesupport_fastrtps_c
[ 85%] Built target radar_conti_ars408_msgs
[ 86%] Built target radar_conti_ars408_msgs__py
[ 97%] Built target radar_conti_ars408_msgs__rosidl_generator_py
[100%] Built target radar_conti_ars408_msgs__rosidl_typesupport_introspection_c__pyext
[100%] Built target radar_conti_ars408_msgs__rosidl_typesupport_c__pyext
[100%] Built target radar_conti_ars408_msgs__rosidl_typesupport_fastrtps_c__pyext
running egg_info
writing radar_conti_ars408_msgs.egg-info/PKG-INFO
writing dependency_links to radar_conti_ars408_msgs.egg-info/dependency_links.txt
writing top-level names to radar_conti_ars408_msgs.egg-info/top_level.txt
reading manifest file 'radar_conti_ars408_msgs.egg-info/SOURCES.txt'
writing manifest file 'radar_conti_ars408_msgs.egg-info/SOURCES.txt'
[100%] Built target ament_cmake_python_build_radar_conti_ars408_msgs_egg
-- Install configuration: ""
-- Execute custom install script
-- Up-to-date symlink: /home/jet_orin/streetlive/test/install/radar_conti_ars408_msgs/share/ament_index/resource_index/rosidl_interfaces/radar_conti_ars408_msgs
-- Up-to-date symlink: /home/jet_orin/streetlive/test/install/radar_conti_ars408_msgs/include/radar_conti_ars408_msgs/radar_conti_ars408_msgs/msg/cluster.h
-- Up-to-date symlink: /home/jet_orin/streetlive/test/install/radar_conti_ars408_msgs/include/radar_conti_ars408_msgs/radar_conti_ars408_msgs/msg/cluster_general.h
-- Up-to-date symlink: /home/jet_orin/streetlive/test/install/radar_conti_ars408_msgs/include/radar_conti_ars408_msgs/radar_conti_ars408_msgs/msg/cluster_list.h
-- Up-to-date symlink: /home/jet_orin/streetlive/test/install/radar_conti_ars408_msgs/include/radar_conti_ars408_msgs/radar_conti_ars408_msgs/msg/cluster_quality.h
-- Up-to-date symlink: /home/jet_orin/streetlive/test/install/radar_conti_ars408_msgs/include/radar_conti_ars408_msgs/radar_conti_ars408_msgs/msg/cluster_status.h
-- Up-to-date symlink: /home/jet_orin/streetlive/test/install/radar_conti_ars408_msgs/include/radar_conti_ars408_msgs/radar_conti_ars408_msgs/msg/detail/cluster__functions.h
-- Up-to-date symlink: /home/jet_orin/streetlive/test/install/radar_conti_ars408_msgs/include/radar_conti_ars408_msgs/radar_conti_ars408_msgs/msg/detail/cluster__struct.h
-- Up-to-date symlink: /home/jet_orin/streetlive/test/install/radar_conti_ars408_msgs/include/radar_conti_ars408_msgs/radar_conti_ars408_msgs/msg/detail/cluster__type_support.h
-- Up-to-date symlink: /home/jet_orin/streetlive/test/install/radar_conti_ars408_msgs/include/radar_conti_ars408_msgs/radar_conti_ars408_msgs/msg/detail/cluster_general__functions.h
-- Up-to-date symlink: /home/jet_orin/streetlive/test/install/radar_conti_ars408_msgs/include/radar_conti_ars408_msgs/radar_conti_ars408_msgs/msg/detail/cluster_general__struct.h
-- Up-to-date symlink: /home/jet_orin/streetlive/test/install/radar_conti_ars408_msgs/include/radar_conti_ars408_msgs/radar_conti_ars408_msgs/msg/detail/cluster_general__type_support.h
-- Up-to-date symlink: /home/jet_orin/streetlive/test/install/radar_conti_ars408_msgs/include/radar_conti_ars408_msgs/radar_conti_ars408_msgs/msg/detail/cluster_list__functions.h
-- Up-to-date symlink: /home/jet_orin/streetlive/test/install/radar_conti_ars408_msgs/include/radar_conti_ars408_msgs/radar_conti_ars408_msgs/msg/detail/cluster_list__struct.h
-- Up-to-date symlink: /home/jet_orin/streetlive/test/install/radar_conti_ars408_msgs/include/radar_conti_ars408_msgs/radar_conti_ars408_msgs/msg/detail/cluster_list__type_support.h
-- Up-to-date symlink: /home/jet_orin/streetlive/test/install/radar_conti_ars408_msgs/include/radar_conti_ars408_msgs/radar_conti_ars408_msgs/msg/detail/cluster_quality__functions.h
-- Up-to-date symlink: /home/jet_orin/streetlive/test/install/radar_conti_ars408_msgs/include/radar_conti_ars408_msgs/radar_conti_ars408_msgs/msg/detail/cluster_quality__struct.h
-- Up-to-date symlink: /home/jet_orin/streetlive/test/install/radar_conti_ars408_msgs/include/radar_conti_ars408_msgs/radar_conti_ars408_msgs/msg/detail/cluster_quality__type_support.h
-- Up-to-date symlink: /home/jet_orin/streetlive/test/install/radar_conti_ars408_msgs/include/radar_conti_ars408_msgs/radar_conti_ars408_msgs/msg/detail/cluster_status__functions.h
-- Up-to-date symlink: /home/jet_orin/streetlive/test/install/radar_conti_ars408_msgs/include/radar_conti_ars408_msgs/radar_conti_ars408_msgs/msg/detail/cluster_status__struct.h
-- Up-to-date symlink: /home/jet_orin/streetlive/test/install/radar_conti_ars408_msgs/include/radar_conti_ars408_msgs/radar_conti_ars408_msgs/msg/detail/cluster_status__type_support.h
-- Up-to-date symlink: /home/jet_orin/streetlive/test/install/radar_conti_ars408_msgs/include/radar_conti_ars408_msgs/radar_conti_ars408_msgs/msg/detail/filter_cfg__functions.h
-- Up-to-date symlink: /home/jet_orin/streetlive/test/install/radar_conti_ars408_msgs/include/radar_conti_ars408_msgs/radar_conti_ars408_msgs/msg/detail/filter_cfg__struct.h
-- Up-to-date symlink: /home/jet_orin/streetlive/test/install/radar_conti_ars408_msgs/include/radar_conti_ars408_msgs/radar_conti_ars408_msgs/msg/detail/filter_cfg__type_support.h
-- Up-to-date symlink: /home/jet_orin/streetlive/test/install/radar_conti_ars408_msgs/include/radar_conti_ars408_msgs/radar_conti_ars408_msgs/msg/detail/filter_state_cfg__functions.h
-- Up-to-date symlink: /home/jet_orin/streetlive/test/install/radar_conti_ars408_msgs/include/radar_conti_ars408_msgs/radar_conti_ars408_msgs/msg/detail/filter_state_cfg__struct.h
-- Up-to-date symlink: /home/jet_orin/streetlive/test/install/radar_conti_ars408_msgs/include/radar_conti_ars408_msgs/radar_conti_ars408_msgs/msg/detail/filter_state_cfg__type_support.h
-- Up-to-date symlink: /home/jet_orin/streetlive/test/install/radar_conti_ars408_msgs/include/radar_conti_ars408_msgs/radar_conti_ars408_msgs/msg/detail/filter_state_cfg_entry_float__functions.h
-- Up-to-date symlink: /home/jet_orin/streetlive/test/install/radar_conti_ars408_msgs/include/radar_conti_ars408_msgs/radar_conti_ars408_msgs/msg/detail/filter_state_cfg_entry_float__struct.h
-- Up-to-date symlink: /home/jet_orin/streetlive/test/install/radar_conti_ars408_msgs/include/radar_conti_ars408_msgs/radar_conti_ars408_msgs/msg/detail/filter_state_cfg_entry_float__type_support.h
-- Up-to-date symlink: /home/jet_orin/streetlive/test/install/radar_conti_ars408_msgs/include/radar_conti_ars408_msgs/radar_conti_ars408_msgs/msg/detail/filter_state_cfg_entry_int__functions.h
-- Up-to-date symlink: /home/jet_orin/streetlive/test/install/radar_conti_ars408_msgs/include/radar_conti_ars408_msgs/radar_conti_ars408_msgs/msg/detail/filter_state_cfg_entry_int__struct.h
-- Up-to-date symlink: /home/jet_orin/streetlive/test/install/radar_conti_ars408_msgs/include/radar_conti_ars408_msgs/radar_conti_ars408_msgs/msg/detail/filter_state_cfg_entry_int__type_support.h
-- Up-to-date symlink: /home/jet_orin/streetlive/test/install/radar_conti_ars408_msgs/include/radar_conti_ars408_msgs/radar_conti_ars408_msgs/msg/detail/filter_state_header__functions.h
-- Up-to-date symlink: /home/jet_orin/streetlive/test/install/radar_conti_ars408_msgs/include/radar_conti_ars408_msgs/radar_conti_ars408_msgs/msg/detail/filter_state_header__struct.h
-- Up-to-date symlink: /home/jet_orin/streetlive/test/install/radar_conti_ars408_msgs/include/radar_conti_ars408_msgs/radar_conti_ars408_msgs/msg/detail/filter_state_header__type_support.h
-- Up-to-date symlink: /home/jet_orin/streetlive/test/install/radar_conti_ars408_msgs/include/radar_conti_ars408_msgs/radar_conti_ars408_msgs/msg/detail/object__functions.h
-- Up-to-date symlink: /home/jet_orin/streetlive/test/install/radar_conti_ars408_msgs/include/radar_conti_ars408_msgs/radar_conti_ars408_msgs/msg/detail/object__struct.h
-- Up-to-date symlink: /home/jet_orin/streetlive/test/install/radar_conti_ars408_msgs/include/radar_conti_ars408_msgs/radar_conti_ars408_msgs/msg/detail/object__type_support.h
-- Up-to-date symlink: /home/jet_orin/streetlive/test/install/radar_conti_ars408_msgs/include/radar_conti_ars408_msgs/radar_conti_ars408_msgs/msg/detail/object_extended__functions.h
-- Up-to-date symlink: /home/jet_orin/streetlive/test/install/radar_conti_ars408_msgs/include/radar_conti_ars408_msgs/radar_conti_ars408_msgs/msg/detail/object_extended__struct.h
-- Up-to-date symlink: /home/jet_orin/streetlive/test/install/radar_conti_ars408_msgs/include/radar_conti_ars408_msgs/radar_conti_ars408_msgs/msg/detail/object_extended__type_support.h
-- Up-to-date symlink: /home/jet_orin/streetlive/test/install/radar_conti_ars408_msgs/include/radar_conti_ars408_msgs/radar_conti_ars408_msgs/msg/detail/object_general__functions.h
-- Up-to-date symlink: /home/jet_orin/streetlive/test/install/radar_conti_ars408_msgs/include/radar_conti_ars408_msgs/radar_conti_ars408_msgs/msg/detail/object_general__struct.h
-- Up-to-date symlink: /home/jet_orin/streetlive/test/install/radar_conti_ars408_msgs/include/radar_conti_ars408_msgs/radar_conti_ars408_msgs/msg/detail/object_general__type_support.h
-- Up-to-date symlink: /home/jet_orin/streetlive/test/install/radar_conti_ars408_msgs/include/radar_conti_ars408_msgs/radar_conti_ars408_msgs/msg/detail/object_list__functions.h
-- Up-to-date symlink: /home/jet_orin/streetlive/test/install/radar_conti_ars408_msgs/include/radar_conti_ars408_msgs/radar_conti_ars408_msgs/msg/detail/object_list__struct.h
-- Up-to-date symlink: /home/jet_orin/streetlive/test/install/radar_conti_ars408_msgs/include/radar_conti_ars408_msgs/radar_conti_ars408_msgs/msg/detail/object_list__type_support.h
-- Up-to-date symlink: /home/jet_orin/streetlive/test/install/radar_conti_ars408_msgs/include/radar_conti_ars408_msgs/radar_conti_ars408_msgs/msg/detail/object_quality__functions.h
-- Up-to-date symlink: /home/jet_orin/streetlive/test/install/radar_conti_ars408_msgs/include/radar_conti_ars408_msgs/radar_conti_ars408_msgs/msg/detail/object_quality__struct.h
-- Up-to-date symlink: /home/jet_orin/streetlive/test/install/radar_conti_ars408_msgs/include/radar_conti_ars408_msgs/radar_conti_ars408_msgs/msg/detail/object_quality__type_support.h
-- Up-to-date symlink: /home/jet_orin/streetlive/test/install/radar_conti_ars408_msgs/include/radar_conti_ars408_msgs/radar_conti_ars408_msgs/msg/detail/object_status__functions.h
-- Up-to-date symlink: /home/jet_orin/streetlive/test/install/radar_conti_ars408_msgs/include/radar_conti_ars408_msgs/radar_conti_ars408_msgs/msg/detail/object_status__struct.h
-- Up-to-date symlink: /home/jet_orin/streetlive/test/install/radar_conti_ars408_msgs/include/radar_conti_ars408_msgs/radar_conti_ars408_msgs/msg/detail/object_status__type_support.h
-- Up-to-date symlink: /home/jet_orin/streetlive/test/install/radar_conti_ars408_msgs/include/radar_conti_ars408_msgs/radar_conti_ars408_msgs/msg/detail/radar_configuration__functions.h
-- Up-to-date symlink: /home/jet_orin/streetlive/test/install/radar_conti_ars408_msgs/include/radar_conti_ars408_msgs/radar_conti_ars408_msgs/msg/detail/radar_configuration__struct.h
-- Up-to-date symlink: /home/jet_orin/streetlive/test/install/radar_conti_ars408_msgs/include/radar_conti_ars408_msgs/radar_conti_ars408_msgs/msg/detail/radar_configuration__type_support.h
-- Up-to-date symlink: /home/jet_orin/streetlive/test/install/radar_conti_ars408_msgs/include/radar_conti_ars408_msgs/radar_conti_ars408_msgs/msg/detail/radar_state__functions.h
-- Up-to-date symlink: /home/jet_orin/streetlive/test/install/radar_conti_ars408_msgs/include/radar_conti_ars408_msgs/radar_conti_ars408_msgs/msg/detail/radar_state__struct.h
-- Up-to-date symlink: /home/jet_orin/streetlive/test/install/radar_conti_ars408_msgs/include/radar_conti_ars408_msgs/radar_conti_ars408_msgs/msg/detail/radar_state__type_support.h
-- Up-to-date symlink: /home/jet_orin/streetlive/test/install/radar_conti_ars408_msgs/include/radar_conti_ars408_msgs/radar_conti_ars408_msgs/msg/detail/version_id__functions.h
-- Up-to-date symlink: /home/jet_orin/streetlive/test/install/radar_conti_ars408_msgs/include/radar_conti_ars408_msgs/radar_conti_ars408_msgs/msg/detail/version_id__struct.h
-- Up-to-date symlink: /home/jet_orin/streetlive/test/install/radar_conti_ars408_msgs/include/radar_conti_ars408_msgs/radar_conti_ars408_msgs/msg/detail/version_id__type_support.h
-- Up-to-date symlink: /home/jet_orin/streetlive/test/install/radar_conti_ars408_msgs/include/radar_conti_ars408_msgs/radar_conti_ars408_msgs/msg/filter_cfg.h
-- Up-to-date symlink: /home/jet_orin/streetlive/test/install/radar_conti_ars408_msgs/include/radar_conti_ars408_msgs/radar_conti_ars408_msgs/msg/filter_state_cfg.h
-- Up-to-date symlink: /home/jet_orin/streetlive/test/install/radar_conti_ars408_msgs/include/radar_conti_ars408_msgs/radar_conti_ars408_msgs/msg/filter_state_cfg_entry_float.h
-- Up-to-date symlink: /home/jet_orin/streetlive/test/install/radar_conti_ars408_msgs/include/radar_conti_ars408_msgs/radar_conti_ars408_msgs/msg/filter_state_cfg_entry_int.h
-- Up-to-date symlink: /home/jet_orin/streetlive/test/install/radar_conti_ars408_msgs/include/radar_conti_ars408_msgs/radar_conti_ars408_msgs/msg/filter_state_header.h
-- Up-to-date symlink: /home/jet_orin/streetlive/test/install/radar_conti_ars408_msgs/include/radar_conti_ars408_msgs/radar_conti_ars408_msgs/msg/object.h
-- Up-to-date symlink: /home/jet_orin/streetlive/test/install/radar_conti_ars408_msgs/include/radar_conti_ars408_msgs/radar_conti_ars408_msgs/msg/object_extended.h
-- Up-to-date symlink: /home/jet_orin/streetlive/test/install/radar_conti_ars408_msgs/include/radar_conti_ars408_msgs/radar_conti_ars408_msgs/msg/object_general.h
-- Up-to-date symlink: /home/jet_orin/streetlive/test/install/radar_conti_ars408_msgs/include/radar_conti_ars408_msgs/radar_conti_ars408_msgs/msg/object_list.h
-- Up-to-date symlink: /home/jet_orin/streetlive/test/install/radar_conti_ars408_msgs/include/radar_conti_ars408_msgs/radar_conti_ars408_msgs/msg/object_quality.h
-- Up-to-date symlink: /home/jet_orin/streetlive/test/install/radar_conti_ars408_msgs/include/radar_conti_ars408_msgs/radar_conti_ars408_msgs/msg/object_status.h
-- Up-to-date symlink: /home/jet_orin/streetlive/test/install/radar_conti_ars408_msgs/include/radar_conti_ars408_msgs/radar_conti_ars408_msgs/msg/radar_configuration.h
-- Up-to-date symlink: /home/jet_orin/streetlive/test/install/radar_conti_ars408_msgs/include/radar_conti_ars408_msgs/radar_conti_ars408_msgs/msg/radar_state.h
-- Up-to-date symlink: /home/jet_orin/streetlive/test/install/radar_conti_ars408_msgs/include/radar_conti_ars408_msgs/radar_conti_ars408_msgs/msg/rosidl_generator_c__visibility_control.h
-- Up-to-date symlink: /home/jet_orin/streetlive/test/install/radar_conti_ars408_msgs/include/radar_conti_ars408_msgs/radar_conti_ars408_msgs/msg/version_id.h
-- Up-to-date symlink: /home/jet_orin/streetlive/test/install/radar_conti_ars408_msgs/include/radar_conti_ars408_msgs/radar_conti_ars408_msgs/srv/detail/set_filter__functions.h
-- Up-to-date symlink: /home/jet_orin/streetlive/test/install/radar_conti_ars408_msgs/include/radar_conti_ars408_msgs/radar_conti_ars408_msgs/srv/detail/set_filter__struct.h
-- Up-to-date symlink: /home/jet_orin/streetlive/test/install/radar_conti_ars408_msgs/include/radar_conti_ars408_msgs/radar_conti_ars408_msgs/srv/detail/set_filter__type_support.h
-- Up-to-date symlink: /home/jet_orin/streetlive/test/install/radar_conti_ars408_msgs/include/radar_conti_ars408_msgs/radar_conti_ars408_msgs/srv/detail/trigger_set_cfg__functions.h
-- Up-to-date symlink: /home/jet_orin/streetlive/test/install/radar_conti_ars408_msgs/include/radar_conti_ars408_msgs/radar_conti_ars408_msgs/srv/detail/trigger_set_cfg__struct.h
-- Up-to-date symlink: /home/jet_orin/streetlive/test/install/radar_conti_ars408_msgs/include/radar_conti_ars408_msgs/radar_conti_ars408_msgs/srv/detail/trigger_set_cfg__type_support.h
-- Up-to-date symlink: /home/jet_orin/streetlive/test/install/radar_conti_ars408_msgs/include/radar_conti_ars408_msgs/radar_conti_ars408_msgs/srv/set_filter.h
-- Up-to-date symlink: /home/jet_orin/streetlive/test/install/radar_conti_ars408_msgs/include/radar_conti_ars408_msgs/radar_conti_ars408_msgs/srv/trigger_set_cfg.h
-- Up-to-date symlink: /home/jet_orin/streetlive/test/install/radar_conti_ars408_msgs/share/radar_conti_ars408_msgs/environment/library_path.sh
-- Up-to-date symlink: /home/jet_orin/streetlive/test/install/radar_conti_ars408_msgs/share/radar_conti_ars408_msgs/environment/library_path.dsv
-- Up-to-date symlink: /home/jet_orin/streetlive/test/install/radar_conti_ars408_msgs/include/radar_conti_ars408_msgs/radar_conti_ars408_msgs/msg/detail/cluster__rosidl_typesupport_fastrtps_c.h
-- Up-to-date symlink: /home/jet_orin/streetlive/test/install/radar_conti_ars408_msgs/include/radar_conti_ars408_msgs/radar_conti_ars408_msgs/msg/detail/cluster_general__rosidl_typesupport_fastrtps_c.h
-- Up-to-date symlink: /home/jet_orin/streetlive/test/install/radar_conti_ars408_msgs/include/radar_conti_ars408_msgs/radar_conti_ars408_msgs/msg/detail/cluster_list__rosidl_typesupport_fastrtps_c.h
-- Up-to-date symlink: /home/jet_orin/streetlive/test/install/radar_conti_ars408_msgs/include/radar_conti_ars408_msgs/radar_conti_ars408_msgs/msg/detail/cluster_quality__rosidl_typesupport_fastrtps_c.h
-- Up-to-date symlink: /home/jet_orin/streetlive/test/install/radar_conti_ars408_msgs/include/radar_conti_ars408_msgs/radar_conti_ars408_msgs/msg/detail/cluster_status__rosidl_typesupport_fastrtps_c.h
-- Up-to-date symlink: /home/jet_orin/streetlive/test/install/radar_conti_ars408_msgs/include/radar_conti_ars408_msgs/radar_conti_ars408_msgs/msg/detail/filter_cfg__rosidl_typesupport_fastrtps_c.h
-- Up-to-date symlink: /home/jet_orin/streetlive/test/install/radar_conti_ars408_msgs/include/radar_conti_ars408_msgs/radar_conti_ars408_msgs/msg/detail/filter_state_cfg__rosidl_typesupport_fastrtps_c.h
-- Up-to-date symlink: /home/jet_orin/streetlive/test/install/radar_conti_ars408_msgs/include/radar_conti_ars408_msgs/radar_conti_ars408_msgs/msg/detail/filter_state_cfg_entry_float__rosidl_typesupport_fastrtps_c.h
-- Up-to-date symlink: /home/jet_orin/streetlive/test/install/radar_conti_ars408_msgs/include/radar_conti_ars408_msgs/radar_conti_ars408_msgs/msg/detail/filter_state_cfg_entry_int__rosidl_typesupport_fastrtps_c.h
-- Up-to-date symlink: /home/jet_orin/streetlive/test/install/radar_conti_ars408_msgs/include/radar_conti_ars408_msgs/radar_conti_ars408_msgs/msg/detail/filter_state_header__rosidl_typesupport_fastrtps_c.h
-- Up-to-date symlink: /home/jet_orin/streetlive/test/install/radar_conti_ars408_msgs/include/radar_conti_ars408_msgs/radar_conti_ars408_msgs/msg/detail/object__rosidl_typesupport_fastrtps_c.h
-- Up-to-date symlink: /home/jet_orin/streetlive/test/install/radar_conti_ars408_msgs/include/radar_conti_ars408_msgs/radar_conti_ars408_msgs/msg/detail/object_extended__rosidl_typesupport_fastrtps_c.h
-- Up-to-date symlink: /home/jet_orin/streetlive/test/install/radar_conti_ars408_msgs/include/radar_conti_ars408_msgs/radar_conti_ars408_msgs/msg/detail/object_general__rosidl_typesupport_fastrtps_c.h
-- Up-to-date symlink: /home/jet_orin/streetlive/test/install/radar_conti_ars408_msgs/include/radar_conti_ars408_msgs/radar_conti_ars408_msgs/msg/detail/object_list__rosidl_typesupport_fastrtps_c.h
-- Up-to-date symlink: /home/jet_orin/streetlive/test/install/radar_conti_ars408_msgs/include/radar_conti_ars408_msgs/radar_conti_ars408_msgs/msg/detail/object_quality__rosidl_typesupport_fastrtps_c.h
-- Up-to-date symlink: /home/jet_orin/streetlive/test/install/radar_conti_ars408_msgs/include/radar_conti_ars408_msgs/radar_conti_ars408_msgs/msg/detail/object_status__rosidl_typesupport_fastrtps_c.h
-- Up-to-date symlink: /home/jet_orin/streetlive/test/install/radar_conti_ars408_msgs/include/radar_conti_ars408_msgs/radar_conti_ars408_msgs/msg/detail/radar_configuration__rosidl_typesupport_fastrtps_c.h
-- Up-to-date symlink: /home/jet_orin/streetlive/test/install/radar_conti_ars408_msgs/include/radar_conti_ars408_msgs/radar_conti_ars408_msgs/msg/detail/radar_state__rosidl_typesupport_fastrtps_c.h
-- Up-to-date symlink: /home/jet_orin/streetlive/test/install/radar_conti_ars408_msgs/include/radar_conti_ars408_msgs/radar_conti_ars408_msgs/msg/detail/version_id__rosidl_typesupport_fastrtps_c.h
-- Up-to-date symlink: /home/jet_orin/streetlive/test/install/radar_conti_ars408_msgs/include/radar_conti_ars408_msgs/radar_conti_ars408_msgs/msg/rosidl_typesupport_fastrtps_c__visibility_control.h
-- Up-to-date symlink: /home/jet_orin/streetlive/test/install/radar_conti_ars408_msgs/include/radar_conti_ars408_msgs/radar_conti_ars408_msgs/srv/detail/set_filter__rosidl_typesupport_fastrtps_c.h
-- Up-to-date symlink: /home/jet_orin/streetlive/test/install/radar_conti_ars408_msgs/include/radar_conti_ars408_msgs/radar_conti_ars408_msgs/srv/detail/trigger_set_cfg__rosidl_typesupport_fastrtps_c.h
-- Up-to-date symlink: /home/jet_orin/streetlive/test/install/radar_conti_ars408_msgs/include/radar_conti_ars408_msgs/radar_conti_ars408_msgs/msg/cluster.hpp
-- Up-to-date symlink: /home/jet_orin/streetlive/test/install/radar_conti_ars408_msgs/include/radar_conti_ars408_msgs/radar_conti_ars408_msgs/msg/cluster_general.hpp
-- Up-to-date symlink: /home/jet_orin/streetlive/test/install/radar_conti_ars408_msgs/include/radar_conti_ars408_msgs/radar_conti_ars408_msgs/msg/cluster_list.hpp
-- Up-to-date symlink: /home/jet_orin/streetlive/test/install/radar_conti_ars408_msgs/include/radar_conti_ars408_msgs/radar_conti_ars408_msgs/msg/cluster_quality.hpp
-- Up-to-date symlink: /home/jet_orin/streetlive/test/install/radar_conti_ars408_msgs/include/radar_conti_ars408_msgs/radar_conti_ars408_msgs/msg/cluster_status.hpp
-- Up-to-date symlink: /home/jet_orin/streetlive/test/install/radar_conti_ars408_msgs/include/radar_conti_ars408_msgs/radar_conti_ars408_msgs/msg/detail/cluster__builder.hpp
-- Up-to-date symlink: /home/jet_orin/streetlive/test/install/radar_conti_ars408_msgs/include/radar_conti_ars408_msgs/radar_conti_ars408_msgs/msg/detail/cluster__struct.hpp
-- Up-to-date symlink: /home/jet_orin/streetlive/test/install/radar_conti_ars408_msgs/include/radar_conti_ars408_msgs/radar_conti_ars408_msgs/msg/detail/cluster__traits.hpp
-- Up-to-date symlink: /home/jet_orin/streetlive/test/install/radar_conti_ars408_msgs/include/radar_conti_ars408_msgs/radar_conti_ars408_msgs/msg/detail/cluster__type_support.hpp
-- Up-to-date symlink: /home/jet_orin/streetlive/test/install/radar_conti_ars408_msgs/include/radar_conti_ars408_msgs/radar_conti_ars408_msgs/msg/detail/cluster_general__builder.hpp
-- Up-to-date symlink: /home/jet_orin/streetlive/test/install/radar_conti_ars408_msgs/include/radar_conti_ars408_msgs/radar_conti_ars408_msgs/msg/detail/cluster_general__struct.hpp
-- Up-to-date symlink: /home/jet_orin/streetlive/test/install/radar_conti_ars408_msgs/include/radar_conti_ars408_msgs/radar_conti_ars408_msgs/msg/detail/cluster_general__traits.hpp
-- Up-to-date symlink: /home/jet_orin/streetlive/test/install/radar_conti_ars408_msgs/include/radar_conti_ars408_msgs/radar_conti_ars408_msgs/msg/detail/cluster_general__type_support.hpp
-- Up-to-date symlink: /home/jet_orin/streetlive/test/install/radar_conti_ars408_msgs/include/radar_conti_ars408_msgs/radar_conti_ars408_msgs/msg/detail/cluster_list__builder.hpp
-- Up-to-date symlink: /home/jet_orin/streetlive/test/install/radar_conti_ars408_msgs/include/radar_conti_ars408_msgs/radar_conti_ars408_msgs/msg/detail/cluster_list__struct.hpp
-- Up-to-date symlink: /home/jet_orin/streetlive/test/install/radar_conti_ars408_msgs/include/radar_conti_ars408_msgs/radar_conti_ars408_msgs/msg/detail/cluster_list__traits.hpp
-- Up-to-date symlink: /home/jet_orin/streetlive/test/install/radar_conti_ars408_msgs/include/radar_conti_ars408_msgs/radar_conti_ars408_msgs/msg/detail/cluster_list__type_support.hpp
-- Up-to-date symlink: /home/jet_orin/streetlive/test/install/radar_conti_ars408_msgs/include/radar_conti_ars408_msgs/radar_conti_ars408_msgs/msg/detail/cluster_quality__builder.hpp
-- Up-to-date symlink: /home/jet_orin/streetlive/test/install/radar_conti_ars408_msgs/include/radar_conti_ars408_msgs/radar_conti_ars408_msgs/msg/detail/cluster_quality__struct.hpp
-- Up-to-date symlink: /home/jet_orin/streetlive/test/install/radar_conti_ars408_msgs/include/radar_conti_ars408_msgs/radar_conti_ars408_msgs/msg/detail/cluster_quality__traits.hpp
-- Up-to-date symlink: /home/jet_orin/streetlive/test/install/radar_conti_ars408_msgs/include/radar_conti_ars408_msgs/radar_conti_ars408_msgs/msg/detail/cluster_quality__type_support.hpp
-- Up-to-date symlink: /home/jet_orin/streetlive/test/install/radar_conti_ars408_msgs/include/radar_conti_ars408_msgs/radar_conti_ars408_msgs/msg/detail/cluster_status__builder.hpp
-- Up-to-date symlink: /home/jet_orin/streetlive/test/install/radar_conti_ars408_msgs/include/radar_conti_ars408_msgs/radar_conti_ars408_msgs/msg/detail/cluster_status__struct.hpp
-- Up-to-date symlink: /home/jet_orin/streetlive/test/install/radar_conti_ars408_msgs/include/radar_conti_ars408_msgs/radar_conti_ars408_msgs/msg/detail/cluster_status__traits.hpp
-- Up-to-date symlink: /home/jet_orin/streetlive/test/install/radar_conti_ars408_msgs/include/radar_conti_ars408_msgs/radar_conti_ars408_msgs/msg/detail/cluster_status__type_support.hpp
-- Up-to-date symlink: /home/jet_orin/streetlive/test/install/radar_conti_ars408_msgs/include/radar_conti_ars408_msgs/radar_conti_ars408_msgs/msg/detail/filter_cfg__builder.hpp
-- Up-to-date symlink: /home/jet_orin/streetlive/test/install/radar_conti_ars408_msgs/include/radar_conti_ars408_msgs/radar_conti_ars408_msgs/msg/detail/filter_cfg__struct.hpp
-- Up-to-date symlink: /home/jet_orin/streetlive/test/install/radar_conti_ars408_msgs/include/radar_conti_ars408_msgs/radar_conti_ars408_msgs/msg/detail/filter_cfg__traits.hpp
-- Up-to-date symlink: /home/jet_orin/streetlive/test/install/radar_conti_ars408_msgs/include/radar_conti_ars408_msgs/radar_conti_ars408_msgs/msg/detail/filter_cfg__type_support.hpp
-- Up-to-date symlink: /home/jet_orin/streetlive/test/install/radar_conti_ars408_msgs/include/radar_conti_ars408_msgs/radar_conti_ars408_msgs/msg/detail/filter_state_cfg__builder.hpp
-- Up-to-date symlink: /home/jet_orin/streetlive/test/install/radar_conti_ars408_msgs/include/radar_conti_ars408_msgs/radar_conti_ars408_msgs/msg/detail/filter_state_cfg__struct.hpp
-- Up-to-date symlink: /home/jet_orin/streetlive/test/install/radar_conti_ars408_msgs/include/radar_conti_ars408_msgs/radar_conti_ars408_msgs/msg/detail/filter_state_cfg__traits.hpp
-- Up-to-date symlink: /home/jet_orin/streetlive/test/install/radar_conti_ars408_msgs/include/radar_conti_ars408_msgs/radar_conti_ars408_msgs/msg/detail/filter_state_cfg__type_support.hpp
-- Up-to-date symlink: /home/jet_orin/streetlive/test/install/radar_conti_ars408_msgs/include/radar_conti_ars408_msgs/radar_conti_ars408_msgs/msg/detail/filter_state_cfg_entry_float__builder.hpp
-- Up-to-date symlink: /home/jet_orin/streetlive/test/install/radar_conti_ars408_msgs/include/radar_conti_ars408_msgs/radar_conti_ars408_msgs/msg/detail/filter_state_cfg_entry_float__struct.hpp
-- Up-to-date symlink: /home/jet_orin/streetlive/test/install/radar_conti_ars408_msgs/include/radar_conti_ars408_msgs/radar_conti_ars408_msgs/msg/detail/filter_state_cfg_entry_float__traits.hpp
-- Up-to-date symlink: /home/jet_orin/streetlive/test/install/radar_conti_ars408_msgs/include/radar_conti_ars408_msgs/radar_conti_ars408_msgs/msg/detail/filter_state_cfg_entry_float__type_support.hpp
-- Up-to-date symlink: /home/jet_orin/streetlive/test/install/radar_conti_ars408_msgs/include/radar_conti_ars408_msgs/radar_conti_ars408_msgs/msg/detail/filter_state_cfg_entry_int__builder.hpp
-- Up-to-date symlink: /home/jet_orin/streetlive/test/install/radar_conti_ars408_msgs/include/radar_conti_ars408_msgs/radar_conti_ars408_msgs/msg/detail/filter_state_cfg_entry_int__struct.hpp
-- Up-to-date symlink: /home/jet_orin/streetlive/test/install/radar_conti_ars408_msgs/include/radar_conti_ars408_msgs/radar_conti_ars408_msgs/msg/detail/filter_state_cfg_entry_int__traits.hpp
-- Up-to-date symlink: /home/jet_orin/streetlive/test/install/radar_conti_ars408_msgs/include/radar_conti_ars408_msgs/radar_conti_ars408_msgs/msg/detail/filter_state_cfg_entry_int__type_support.hpp
-- Up-to-date symlink: /home/jet_orin/streetlive/test/install/radar_conti_ars408_msgs/include/radar_conti_ars408_msgs/radar_conti_ars408_msgs/msg/detail/filter_state_header__builder.hpp
-- Up-to-date symlink: /home/jet_orin/streetlive/test/install/radar_conti_ars408_msgs/include/radar_conti_ars408_msgs/radar_conti_ars408_msgs/msg/detail/filter_state_header__struct.hpp
-- Up-to-date symlink: /home/jet_orin/streetlive/test/install/radar_conti_ars408_msgs/include/radar_conti_ars408_msgs/radar_conti_ars408_msgs/msg/detail/filter_state_header__traits.hpp
-- Up-to-date symlink: /home/jet_orin/streetlive/test/install/radar_conti_ars408_msgs/include/radar_conti_ars408_msgs/radar_conti_ars408_msgs/msg/detail/filter_state_header__type_support.hpp
-- Up-to-date symlink: /home/jet_orin/streetlive/test/install/radar_conti_ars408_msgs/include/radar_conti_ars408_msgs/radar_conti_ars408_msgs/msg/detail/object__builder.hpp
-- Up-to-date symlink: /home/jet_orin/streetlive/test/install/radar_conti_ars408_msgs/include/radar_conti_ars408_msgs/radar_conti_ars408_msgs/msg/detail/object__struct.hpp
-- Up-to-date symlink: /home/jet_orin/streetlive/test/install/radar_conti_ars408_msgs/include/radar_conti_ars408_msgs/radar_conti_ars408_msgs/msg/detail/object__traits.hpp
-- Up-to-date symlink: /home/jet_orin/streetlive/test/install/radar_conti_ars408_msgs/include/radar_conti_ars408_msgs/radar_conti_ars408_msgs/msg/detail/object__type_support.hpp
-- Up-to-date symlink: /home/jet_orin/streetlive/test/install/radar_conti_ars408_msgs/include/radar_conti_ars408_msgs/radar_conti_ars408_msgs/msg/detail/object_extended__builder.hpp
-- Up-to-date symlink: /home/jet_orin/streetlive/test/install/radar_conti_ars408_msgs/include/radar_conti_ars408_msgs/radar_conti_ars408_msgs/msg/detail/object_extended__struct.hpp
-- Up-to-date symlink: /home/jet_orin/streetlive/test/install/radar_conti_ars408_msgs/include/radar_conti_ars408_msgs/radar_conti_ars408_msgs/msg/detail/object_extended__traits.hpp
-- Up-to-date symlink: /home/jet_orin/streetlive/test/install/radar_conti_ars408_msgs/include/radar_conti_ars408_msgs/radar_conti_ars408_msgs/msg/detail/object_extended__type_support.hpp
-- Up-to-date symlink: /home/jet_orin/streetlive/test/install/radar_conti_ars408_msgs/include/radar_conti_ars408_msgs/radar_conti_ars408_msgs/msg/detail/object_general__builder.hpp
-- Up-to-date symlink: /home/jet_orin/streetlive/test/install/radar_conti_ars408_msgs/include/radar_conti_ars408_msgs/radar_conti_ars408_msgs/msg/detail/object_general__struct.hpp
-- Up-to-date symlink: /home/jet_orin/streetlive/test/install/radar_conti_ars408_msgs/include/radar_conti_ars408_msgs/radar_conti_ars408_msgs/msg/detail/object_general__traits.hpp
-- Up-to-date symlink: /home/jet_orin/streetlive/test/install/radar_conti_ars408_msgs/include/radar_conti_ars408_msgs/radar_conti_ars408_msgs/msg/detail/object_general__type_support.hpp
-- Up-to-date symlink: /home/jet_orin/streetlive/test/install/radar_conti_ars408_msgs/include/radar_conti_ars408_msgs/radar_conti_ars408_msgs/msg/detail/object_list__builder.hpp
-- Up-to-date symlink: /home/jet_orin/streetlive/test/install/radar_conti_ars408_msgs/include/radar_conti_ars408_msgs/radar_conti_ars408_msgs/msg/detail/object_list__struct.hpp
-- Up-to-date symlink: /home/jet_orin/streetlive/test/install/radar_conti_ars408_msgs/include/radar_conti_ars408_msgs/radar_conti_ars408_msgs/msg/detail/object_list__traits.hpp
-- Up-to-date symlink: /home/jet_orin/streetlive/test/install/radar_conti_ars408_msgs/include/radar_conti_ars408_msgs/radar_conti_ars408_msgs/msg/detail/object_list__type_support.hpp
-- Up-to-date symlink: /home/jet_orin/streetlive/test/install/radar_conti_ars408_msgs/include/radar_conti_ars408_msgs/radar_conti_ars408_msgs/msg/detail/object_quality__builder.hpp
-- Up-to-date symlink: /home/jet_orin/streetlive/test/install/radar_conti_ars408_msgs/include/radar_conti_ars408_msgs/radar_conti_ars408_msgs/msg/detail/object_quality__struct.hpp
-- Up-to-date symlink: /home/jet_orin/streetlive/test/install/radar_conti_ars408_msgs/include/radar_conti_ars408_msgs/radar_conti_ars408_msgs/msg/detail/object_quality__traits.hpp
-- Up-to-date symlink: /home/jet_orin/streetlive/test/install/radar_conti_ars408_msgs/include/radar_conti_ars408_msgs/radar_conti_ars408_msgs/msg/detail/object_quality__type_support.hpp
-- Up-to-date symlink: /home/jet_orin/streetlive/test/install/radar_conti_ars408_msgs/include/radar_conti_ars408_msgs/radar_conti_ars408_msgs/msg/detail/object_status__builder.hpp
-- Up-to-date symlink: /home/jet_orin/streetlive/test/install/radar_conti_ars408_msgs/include/radar_conti_ars408_msgs/radar_conti_ars408_msgs/msg/detail/object_status__struct.hpp
-- Up-to-date symlink: /home/jet_orin/streetlive/test/install/radar_conti_ars408_msgs/include/radar_conti_ars408_msgs/radar_conti_ars408_msgs/msg/detail/object_status__traits.hpp
-- Up-to-date symlink: /home/jet_orin/streetlive/test/install/radar_conti_ars408_msgs/include/radar_conti_ars408_msgs/radar_conti_ars408_msgs/msg/detail/object_status__type_support.hpp
-- Up-to-date symlink: /home/jet_orin/streetlive/test/install/radar_conti_ars408_msgs/include/radar_conti_ars408_msgs/radar_conti_ars408_msgs/msg/detail/radar_configuration__builder.hpp
-- Up-to-date symlink: /home/jet_orin/streetlive/test/install/radar_conti_ars408_msgs/include/radar_conti_ars408_msgs/radar_conti_ars408_msgs/msg/detail/radar_configuration__struct.hpp
-- Up-to-date symlink: /home/jet_orin/streetlive/test/install/radar_conti_ars408_msgs/include/radar_conti_ars408_msgs/radar_conti_ars408_msgs/msg/detail/radar_configuration__traits.hpp
-- Up-to-date symlink: /home/jet_orin/streetlive/test/install/radar_conti_ars408_msgs/include/radar_conti_ars408_msgs/radar_conti_ars408_msgs/msg/detail/radar_configuration__type_support.hpp
-- Up-to-date symlink: /home/jet_orin/streetlive/test/install/radar_conti_ars408_msgs/include/radar_conti_ars408_msgs/radar_conti_ars408_msgs/msg/detail/radar_state__builder.hpp
-- Up-to-date symlink: /home/jet_orin/streetlive/test/install/radar_conti_ars408_msgs/include/radar_conti_ars408_msgs/radar_conti_ars408_msgs/msg/detail/radar_state__struct.hpp
-- Up-to-date symlink: /home/jet_orin/streetlive/test/install/radar_conti_ars408_msgs/include/radar_conti_ars408_msgs/radar_conti_ars408_msgs/msg/detail/radar_state__traits.hpp
-- Up-to-date symlink: /home/jet_orin/streetlive/test/install/radar_conti_ars408_msgs/include/radar_conti_ars408_msgs/radar_conti_ars408_msgs/msg/detail/radar_state__type_support.hpp
-- Up-to-date symlink: /home/jet_orin/streetlive/test/install/radar_conti_ars408_msgs/include/radar_conti_ars408_msgs/radar_conti_ars408_msgs/msg/detail/version_id__builder.hpp
-- Up-to-date symlink: /home/jet_orin/streetlive/test/install/radar_conti_ars408_msgs/include/radar_conti_ars408_msgs/radar_conti_ars408_msgs/msg/detail/version_id__struct.hpp
-- Up-to-date symlink: /home/jet_orin/streetlive/test/install/radar_conti_ars408_msgs/include/radar_conti_ars408_msgs/radar_conti_ars408_msgs/msg/detail/version_id__traits.hpp
-- Up-to-date symlink: /home/jet_orin/streetlive/test/install/radar_conti_ars408_msgs/include/radar_conti_ars408_msgs/radar_conti_ars408_msgs/msg/detail/version_id__type_support.hpp
-- Up-to-date symlink: /home/jet_orin/streetlive/test/install/radar_conti_ars408_msgs/include/radar_conti_ars408_msgs/radar_conti_ars408_msgs/msg/filter_cfg.hpp
-- Up-to-date symlink: /home/jet_orin/streetlive/test/install/radar_conti_ars408_msgs/include/radar_conti_ars408_msgs/radar_conti_ars408_msgs/msg/filter_state_cfg.hpp
-- Up-to-date symlink: /home/jet_orin/streetlive/test/install/radar_conti_ars408_msgs/include/radar_conti_ars408_msgs/radar_conti_ars408_msgs/msg/filter_state_cfg_entry_float.hpp
-- Up-to-date symlink: /home/jet_orin/streetlive/test/install/radar_conti_ars408_msgs/include/radar_conti_ars408_msgs/radar_conti_ars408_msgs/msg/filter_state_cfg_entry_int.hpp
-- Up-to-date symlink: /home/jet_orin/streetlive/test/install/radar_conti_ars408_msgs/include/radar_conti_ars408_msgs/radar_conti_ars408_msgs/msg/filter_state_header.hpp
-- Up-to-date symlink: /home/jet_orin/streetlive/test/install/radar_conti_ars408_msgs/include/radar_conti_ars408_msgs/radar_conti_ars408_msgs/msg/object.hpp
-- Up-to-date symlink: /home/jet_orin/streetlive/test/install/radar_conti_ars408_msgs/include/radar_conti_ars408_msgs/radar_conti_ars408_msgs/msg/object_extended.hpp
-- Up-to-date symlink: /home/jet_orin/streetlive/test/install/radar_conti_ars408_msgs/include/radar_conti_ars408_msgs/radar_conti_ars408_msgs/msg/object_general.hpp
-- Up-to-date symlink: /home/jet_orin/streetlive/test/install/radar_conti_ars408_msgs/include/radar_conti_ars408_msgs/radar_conti_ars408_msgs/msg/object_list.hpp
-- Up-to-date symlink: /home/jet_orin/streetlive/test/install/radar_conti_ars408_msgs/include/radar_conti_ars408_msgs/radar_conti_ars408_msgs/msg/object_quality.hpp
-- Up-to-date symlink: /home/jet_orin/streetlive/test/install/radar_conti_ars408_msgs/include/radar_conti_ars408_msgs/radar_conti_ars408_msgs/msg/object_status.hpp
-- Up-to-date symlink: /home/jet_orin/streetlive/test/install/radar_conti_ars408_msgs/include/radar_conti_ars408_msgs/radar_conti_ars408_msgs/msg/radar_configuration.hpp
-- Up-to-date symlink: /home/jet_orin/streetlive/test/install/radar_conti_ars408_msgs/include/radar_conti_ars408_msgs/radar_conti_ars408_msgs/msg/radar_state.hpp
-- Up-to-date symlink: /home/jet_orin/streetlive/test/install/radar_conti_ars408_msgs/include/radar_conti_ars408_msgs/radar_conti_ars408_msgs/msg/rosidl_generator_cpp__visibility_control.hpp
-- Up-to-date symlink: /home/jet_orin/streetlive/test/install/radar_conti_ars408_msgs/include/radar_conti_ars408_msgs/radar_conti_ars408_msgs/msg/version_id.hpp
-- Up-to-date symlink: /home/jet_orin/streetlive/test/install/radar_conti_ars408_msgs/include/radar_conti_ars408_msgs/radar_conti_ars408_msgs/srv/detail/set_filter__builder.hpp
-- Up-to-date symlink: /home/jet_orin/streetlive/test/install/radar_conti_ars408_msgs/include/radar_conti_ars408_msgs/radar_conti_ars408_msgs/srv/detail/set_filter__struct.hpp
-- Up-to-date symlink: /home/jet_orin/streetlive/test/install/radar_conti_ars408_msgs/include/radar_conti_ars408_msgs/radar_conti_ars408_msgs/srv/detail/set_filter__traits.hpp
-- Up-to-date symlink: /home/jet_orin/streetlive/test/install/radar_conti_ars408_msgs/include/radar_conti_ars408_msgs/radar_conti_ars408_msgs/srv/detail/set_filter__type_support.hpp
-- Up-to-date symlink: /home/jet_orin/streetlive/test/install/radar_conti_ars408_msgs/include/radar_conti_ars408_msgs/radar_conti_ars408_msgs/srv/detail/trigger_set_cfg__builder.hpp
-- Up-to-date symlink: /home/jet_orin/streetlive/test/install/radar_conti_ars408_msgs/include/radar_conti_ars408_msgs/radar_conti_ars408_msgs/srv/detail/trigger_set_cfg__struct.hpp
-- Up-to-date symlink: /home/jet_orin/streetlive/test/install/radar_conti_ars408_msgs/include/radar_conti_ars408_msgs/radar_conti_ars408_msgs/srv/detail/trigger_set_cfg__traits.hpp
-- Up-to-date symlink: /home/jet_orin/streetlive/test/install/radar_conti_ars408_msgs/include/radar_conti_ars408_msgs/radar_conti_ars408_msgs/srv/detail/trigger_set_cfg__type_support.hpp
-- Up-to-date symlink: /home/jet_orin/streetlive/test/install/radar_conti_ars408_msgs/include/radar_conti_ars408_msgs/radar_conti_ars408_msgs/srv/set_filter.hpp
-- Up-to-date symlink: /home/jet_orin/streetlive/test/install/radar_conti_ars408_msgs/include/radar_conti_ars408_msgs/radar_conti_ars408_msgs/srv/trigger_set_cfg.hpp
-- Up-to-date symlink: /home/jet_orin/streetlive/test/install/radar_conti_ars408_msgs/include/radar_conti_ars408_msgs/radar_conti_ars408_msgs/msg/detail/cluster__rosidl_typesupport_fastrtps_cpp.hpp
-- Up-to-date symlink: /home/jet_orin/streetlive/test/install/radar_conti_ars408_msgs/include/radar_conti_ars408_msgs/radar_conti_ars408_msgs/msg/detail/cluster_general__rosidl_typesupport_fastrtps_cpp.hpp
-- Up-to-date symlink: /home/jet_orin/streetlive/test/install/radar_conti_ars408_msgs/include/radar_conti_ars408_msgs/radar_conti_ars408_msgs/msg/detail/cluster_list__rosidl_typesupport_fastrtps_cpp.hpp
-- Up-to-date symlink: /home/jet_orin/streetlive/test/install/radar_conti_ars408_msgs/include/radar_conti_ars408_msgs/radar_conti_ars408_msgs/msg/detail/cluster_quality__rosidl_typesupport_fastrtps_cpp.hpp
-- Up-to-date symlink: /home/jet_orin/streetlive/test/install/radar_conti_ars408_msgs/include/radar_conti_ars408_msgs/radar_conti_ars408_msgs/msg/detail/cluster_status__rosidl_typesupport_fastrtps_cpp.hpp
-- Up-to-date symlink: /home/jet_orin/streetlive/test/install/radar_conti_ars408_msgs/include/radar_conti_ars408_msgs/radar_conti_ars408_msgs/msg/detail/filter_cfg__rosidl_typesupport_fastrtps_cpp.hpp
-- Up-to-date symlink: /home/jet_orin/streetlive/test/install/radar_conti_ars408_msgs/include/radar_conti_ars408_msgs/radar_conti_ars408_msgs/msg/detail/filter_state_cfg__rosidl_typesupport_fastrtps_cpp.hpp
-- Up-to-date symlink: /home/jet_orin/streetlive/test/install/radar_conti_ars408_msgs/include/radar_conti_ars408_msgs/radar_conti_ars408_msgs/msg/detail/filter_state_cfg_entry_float__rosidl_typesupport_fastrtps_cpp.hpp
-- Up-to-date symlink: /home/jet_orin/streetlive/test/install/radar_conti_ars408_msgs/include/radar_conti_ars408_msgs/radar_conti_ars408_msgs/msg/detail/filter_state_cfg_entry_int__rosidl_typesupport_fastrtps_cpp.hpp
-- Up-to-date symlink: /home/jet_orin/streetlive/test/install/radar_conti_ars408_msgs/include/radar_conti_ars408_msgs/radar_conti_ars408_msgs/msg/detail/filter_state_header__rosidl_typesupport_fastrtps_cpp.hpp
-- Up-to-date symlink: /home/jet_orin/streetlive/test/install/radar_conti_ars408_msgs/include/radar_conti_ars408_msgs/radar_conti_ars408_msgs/msg/detail/object__rosidl_typesupport_fastrtps_cpp.hpp
-- Up-to-date symlink: /home/jet_orin/streetlive/test/install/radar_conti_ars408_msgs/include/radar_conti_ars408_msgs/radar_conti_ars408_msgs/msg/detail/object_extended__rosidl_typesupport_fastrtps_cpp.hpp
-- Up-to-date symlink: /home/jet_orin/streetlive/test/install/radar_conti_ars408_msgs/include/radar_conti_ars408_msgs/radar_conti_ars408_msgs/msg/detail/object_general__rosidl_typesupport_fastrtps_cpp.hpp
-- Up-to-date symlink: /home/jet_orin/streetlive/test/install/radar_conti_ars408_msgs/include/radar_conti_ars408_msgs/radar_conti_ars408_msgs/msg/detail/object_list__rosidl_typesupport_fastrtps_cpp.hpp
-- Up-to-date symlink: /home/jet_orin/streetlive/test/install/radar_conti_ars408_msgs/include/radar_conti_ars408_msgs/radar_conti_ars408_msgs/msg/detail/object_quality__rosidl_typesupport_fastrtps_cpp.hpp
-- Up-to-date symlink: /home/jet_orin/streetlive/test/install/radar_conti_ars408_msgs/include/radar_conti_ars408_msgs/radar_conti_ars408_msgs/msg/detail/object_status__rosidl_typesupport_fastrtps_cpp.hpp
-- Up-to-date symlink: /home/jet_orin/streetlive/test/install/radar_conti_ars408_msgs/include/radar_conti_ars408_msgs/radar_conti_ars408_msgs/msg/detail/radar_configuration__rosidl_typesupport_fastrtps_cpp.hpp
-- Up-to-date symlink: /home/jet_orin/streetlive/test/install/radar_conti_ars408_msgs/include/radar_conti_ars408_msgs/radar_conti_ars408_msgs/msg/detail/radar_state__rosidl_typesupport_fastrtps_cpp.hpp
-- Up-to-date symlink: /home/jet_orin/streetlive/test/install/radar_conti_ars408_msgs/include/radar_conti_ars408_msgs/radar_conti_ars408_msgs/msg/detail/version_id__rosidl_typesupport_fastrtps_cpp.hpp
-- Up-to-date symlink: /home/jet_orin/streetlive/test/install/radar_conti_ars408_msgs/include/radar_conti_ars408_msgs/radar_conti_ars408_msgs/msg/rosidl_typesupport_fastrtps_cpp__visibility_control.h
-- Up-to-date symlink: /home/jet_orin/streetlive/test/install/radar_conti_ars408_msgs/include/radar_conti_ars408_msgs/radar_conti_ars408_msgs/srv/detail/set_filter__rosidl_typesupport_fastrtps_cpp.hpp
-- Up-to-date symlink: /home/jet_orin/streetlive/test/install/radar_conti_ars408_msgs/include/radar_conti_ars408_msgs/radar_conti_ars408_msgs/srv/detail/trigger_set_cfg__rosidl_typesupport_fastrtps_cpp.hpp
-- Up-to-date symlink: /home/jet_orin/streetlive/test/install/radar_conti_ars408_msgs/include/radar_conti_ars408_msgs/radar_conti_ars408_msgs/msg/detail/cluster__rosidl_typesupport_introspection_c.h
-- Up-to-date symlink: /home/jet_orin/streetlive/test/install/radar_conti_ars408_msgs/include/radar_conti_ars408_msgs/radar_conti_ars408_msgs/msg/detail/cluster_general__rosidl_typesupport_introspection_c.h
-- Up-to-date symlink: /home/jet_orin/streetlive/test/install/radar_conti_ars408_msgs/include/radar_conti_ars408_msgs/radar_conti_ars408_msgs/msg/detail/cluster_list__rosidl_typesupport_introspection_c.h
-- Up-to-date symlink: /home/jet_orin/streetlive/test/install/radar_conti_ars408_msgs/include/radar_conti_ars408_msgs/radar_conti_ars408_msgs/msg/detail/cluster_quality__rosidl_typesupport_introspection_c.h
-- Up-to-date symlink: /home/jet_orin/streetlive/test/install/radar_conti_ars408_msgs/include/radar_conti_ars408_msgs/radar_conti_ars408_msgs/msg/detail/cluster_status__rosidl_typesupport_introspection_c.h
-- Up-to-date symlink: /home/jet_orin/streetlive/test/install/radar_conti_ars408_msgs/include/radar_conti_ars408_msgs/radar_conti_ars408_msgs/msg/detail/filter_cfg__rosidl_typesupport_introspection_c.h
-- Up-to-date symlink: /home/jet_orin/streetlive/test/install/radar_conti_ars408_msgs/include/radar_conti_ars408_msgs/radar_conti_ars408_msgs/msg/detail/filter_state_cfg__rosidl_typesupport_introspection_c.h
-- Up-to-date symlink: /home/jet_orin/streetlive/test/install/radar_conti_ars408_msgs/include/radar_conti_ars408_msgs/radar_conti_ars408_msgs/msg/detail/filter_state_cfg_entry_float__rosidl_typesupport_introspection_c.h
-- Up-to-date symlink: /home/jet_orin/streetlive/test/install/radar_conti_ars408_msgs/include/radar_conti_ars408_msgs/radar_conti_ars408_msgs/msg/detail/filter_state_cfg_entry_int__rosidl_typesupport_introspection_c.h
-- Up-to-date symlink: /home/jet_orin/streetlive/test/install/radar_conti_ars408_msgs/include/radar_conti_ars408_msgs/radar_conti_ars408_msgs/msg/detail/filter_state_header__rosidl_typesupport_introspection_c.h
-- Up-to-date symlink: /home/jet_orin/streetlive/test/install/radar_conti_ars408_msgs/include/radar_conti_ars408_msgs/radar_conti_ars408_msgs/msg/detail/object__rosidl_typesupport_introspection_c.h
-- Up-to-date symlink: /home/jet_orin/streetlive/test/install/radar_conti_ars408_msgs/include/radar_conti_ars408_msgs/radar_conti_ars408_msgs/msg/detail/object_extended__rosidl_typesupport_introspection_c.h
-- Up-to-date symlink: /home/jet_orin/streetlive/test/install/radar_conti_ars408_msgs/include/radar_conti_ars408_msgs/radar_conti_ars408_msgs/msg/detail/object_general__rosidl_typesupport_introspection_c.h
-- Up-to-date symlink: /home/jet_orin/streetlive/test/install/radar_conti_ars408_msgs/include/radar_conti_ars408_msgs/radar_conti_ars408_msgs/msg/detail/object_list__rosidl_typesupport_introspection_c.h
-- Up-to-date symlink: /home/jet_orin/streetlive/test/install/radar_conti_ars408_msgs/include/radar_conti_ars408_msgs/radar_conti_ars408_msgs/msg/detail/object_quality__rosidl_typesupport_introspection_c.h
-- Up-to-date symlink: /home/jet_orin/streetlive/test/install/radar_conti_ars408_msgs/include/radar_conti_ars408_msgs/radar_conti_ars408_msgs/msg/detail/object_status__rosidl_typesupport_introspection_c.h
-- Up-to-date symlink: /home/jet_orin/streetlive/test/install/radar_conti_ars408_msgs/include/radar_conti_ars408_msgs/radar_conti_ars408_msgs/msg/detail/radar_configuration__rosidl_typesupport_introspection_c.h
-- Up-to-date symlink: /home/jet_orin/streetlive/test/install/radar_conti_ars408_msgs/include/radar_conti_ars408_msgs/radar_conti_ars408_msgs/msg/detail/radar_state__rosidl_typesupport_introspection_c.h
-- Up-to-date symlink: /home/jet_orin/streetlive/test/install/radar_conti_ars408_msgs/include/radar_conti_ars408_msgs/radar_conti_ars408_msgs/msg/detail/version_id__rosidl_typesupport_introspection_c.h
-- Up-to-date symlink: /home/jet_orin/streetlive/test/install/radar_conti_ars408_msgs/include/radar_conti_ars408_msgs/radar_conti_ars408_msgs/msg/rosidl_typesupport_introspection_c__visibility_control.h
-- Up-to-date symlink: /home/jet_orin/streetlive/test/install/radar_conti_ars408_msgs/include/radar_conti_ars408_msgs/radar_conti_ars408_msgs/srv/detail/set_filter__rosidl_typesupport_introspection_c.h
-- Up-to-date symlink: /home/jet_orin/streetlive/test/install/radar_conti_ars408_msgs/include/radar_conti_ars408_msgs/radar_conti_ars408_msgs/srv/detail/trigger_set_cfg__rosidl_typesupport_introspection_c.h
-- Up-to-date symlink: /home/jet_orin/streetlive/test/install/radar_conti_ars408_msgs/include/radar_conti_ars408_msgs/radar_conti_ars408_msgs/msg/detail/cluster__rosidl_typesupport_introspection_cpp.hpp
-- Up-to-date symlink: /home/jet_orin/streetlive/test/install/radar_conti_ars408_msgs/include/radar_conti_ars408_msgs/radar_conti_ars408_msgs/msg/detail/cluster_general__rosidl_typesupport_introspection_cpp.hpp
-- Up-to-date symlink: /home/jet_orin/streetlive/test/install/radar_conti_ars408_msgs/include/radar_conti_ars408_msgs/radar_conti_ars408_msgs/msg/detail/cluster_list__rosidl_typesupport_introspection_cpp.hpp
-- Up-to-date symlink: /home/jet_orin/streetlive/test/install/radar_conti_ars408_msgs/include/radar_conti_ars408_msgs/radar_conti_ars408_msgs/msg/detail/cluster_quality__rosidl_typesupport_introspection_cpp.hpp
-- Up-to-date symlink: /home/jet_orin/streetlive/test/install/radar_conti_ars408_msgs/include/radar_conti_ars408_msgs/radar_conti_ars408_msgs/msg/detail/cluster_status__rosidl_typesupport_introspection_cpp.hpp
-- Up-to-date symlink: /home/jet_orin/streetlive/test/install/radar_conti_ars408_msgs/include/radar_conti_ars408_msgs/radar_conti_ars408_msgs/msg/detail/filter_cfg__rosidl_typesupport_introspection_cpp.hpp
-- Up-to-date symlink: /home/jet_orin/streetlive/test/install/radar_conti_ars408_msgs/include/radar_conti_ars408_msgs/radar_conti_ars408_msgs/msg/detail/filter_state_cfg__rosidl_typesupport_introspection_cpp.hpp
-- Up-to-date symlink: /home/jet_orin/streetlive/test/install/radar_conti_ars408_msgs/include/radar_conti_ars408_msgs/radar_conti_ars408_msgs/msg/detail/filter_state_cfg_entry_float__rosidl_typesupport_introspection_cpp.hpp
-- Up-to-date symlink: /home/jet_orin/streetlive/test/install/radar_conti_ars408_msgs/include/radar_conti_ars408_msgs/radar_conti_ars408_msgs/msg/detail/filter_state_cfg_entry_int__rosidl_typesupport_introspection_cpp.hpp
-- Up-to-date symlink: /home/jet_orin/streetlive/test/install/radar_conti_ars408_msgs/include/radar_conti_ars408_msgs/radar_conti_ars408_msgs/msg/detail/filter_state_header__rosidl_typesupport_introspection_cpp.hpp
-- Up-to-date symlink: /home/jet_orin/streetlive/test/install/radar_conti_ars408_msgs/include/radar_conti_ars408_msgs/radar_conti_ars408_msgs/msg/detail/object__rosidl_typesupport_introspection_cpp.hpp
-- Up-to-date symlink: /home/jet_orin/streetlive/test/install/radar_conti_ars408_msgs/include/radar_conti_ars408_msgs/radar_conti_ars408_msgs/msg/detail/object_extended__rosidl_typesupport_introspection_cpp.hpp
-- Up-to-date symlink: /home/jet_orin/streetlive/test/install/radar_conti_ars408_msgs/include/radar_conti_ars408_msgs/radar_conti_ars408_msgs/msg/detail/object_general__rosidl_typesupport_introspection_cpp.hpp
-- Up-to-date symlink: /home/jet_orin/streetlive/test/install/radar_conti_ars408_msgs/include/radar_conti_ars408_msgs/radar_conti_ars408_msgs/msg/detail/object_list__rosidl_typesupport_introspection_cpp.hpp
-- Up-to-date symlink: /home/jet_orin/streetlive/test/install/radar_conti_ars408_msgs/include/radar_conti_ars408_msgs/radar_conti_ars408_msgs/msg/detail/object_quality__rosidl_typesupport_introspection_cpp.hpp
-- Up-to-date symlink: /home/jet_orin/streetlive/test/install/radar_conti_ars408_msgs/include/radar_conti_ars408_msgs/radar_conti_ars408_msgs/msg/detail/object_status__rosidl_typesupport_introspection_cpp.hpp
-- Up-to-date symlink: /home/jet_orin/streetlive/test/install/radar_conti_ars408_msgs/include/radar_conti_ars408_msgs/radar_conti_ars408_msgs/msg/detail/radar_configuration__rosidl_typesupport_introspection_cpp.hpp
-- Up-to-date symlink: /home/jet_orin/streetlive/test/install/radar_conti_ars408_msgs/include/radar_conti_ars408_msgs/radar_conti_ars408_msgs/msg/detail/radar_state__rosidl_typesupport_introspection_cpp.hpp
-- Up-to-date symlink: /home/jet_orin/streetlive/test/install/radar_conti_ars408_msgs/include/radar_conti_ars408_msgs/radar_conti_ars408_msgs/msg/detail/version_id__rosidl_typesupport_introspection_cpp.hpp
-- Up-to-date symlink: /home/jet_orin/streetlive/test/install/radar_conti_ars408_msgs/include/radar_conti_ars408_msgs/radar_conti_ars408_msgs/srv/detail/set_filter__rosidl_typesupport_introspection_cpp.hpp
-- Up-to-date symlink: /home/jet_orin/streetlive/test/install/radar_conti_ars408_msgs/include/radar_conti_ars408_msgs/radar_conti_ars408_msgs/srv/detail/trigger_set_cfg__rosidl_typesupport_introspection_cpp.hpp
-- Up-to-date symlink: /home/jet_orin/streetlive/test/install/radar_conti_ars408_msgs/share/radar_conti_ars408_msgs/environment/pythonpath.sh
-- Up-to-date symlink: /home/jet_orin/streetlive/test/install/radar_conti_ars408_msgs/share/radar_conti_ars408_msgs/environment/pythonpath.dsv
-- Up-to-date symlink: /home/jet_orin/streetlive/test/install/radar_conti_ars408_msgs/local/lib/python3.10/dist-packages/radar_conti_ars408_msgs-0.0.0-py3.10.egg-info/PKG-INFO
-- Up-to-date symlink: /home/jet_orin/streetlive/test/install/radar_conti_ars408_msgs/local/lib/python3.10/dist-packages/radar_conti_ars408_msgs-0.0.0-py3.10.egg-info/SOURCES.txt
-- Up-to-date symlink: /home/jet_orin/streetlive/test/install/radar_conti_ars408_msgs/local/lib/python3.10/dist-packages/radar_conti_ars408_msgs-0.0.0-py3.10.egg-info/dependency_links.txt
-- Up-to-date symlink: /home/jet_orin/streetlive/test/install/radar_conti_ars408_msgs/local/lib/python3.10/dist-packages/radar_conti_ars408_msgs-0.0.0-py3.10.egg-info/top_level.txt
-- Up-to-date symlink: /home/jet_orin/streetlive/test/install/radar_conti_ars408_msgs/local/lib/python3.10/dist-packages/radar_conti_ars408_msgs/__init__.py
-- Up-to-date symlink: /home/jet_orin/streetlive/test/install/radar_conti_ars408_msgs/local/lib/python3.10/dist-packages/radar_conti_ars408_msgs/_radar_conti_ars408_msgs_s.ep.rosidl_typesupport_c.c
-- Up-to-date symlink: /home/jet_orin/streetlive/test/install/radar_conti_ars408_msgs/local/lib/python3.10/dist-packages/radar_conti_ars408_msgs/_radar_conti_ars408_msgs_s.ep.rosidl_typesupport_fastrtps_c.c
-- Up-to-date symlink: /home/jet_orin/streetlive/test/install/radar_conti_ars408_msgs/local/lib/python3.10/dist-packages/radar_conti_ars408_msgs/_radar_conti_ars408_msgs_s.ep.rosidl_typesupport_introspection_c.c
-- Up-to-date symlink: /home/jet_orin/streetlive/test/install/radar_conti_ars408_msgs/local/lib/python3.10/dist-packages/radar_conti_ars408_msgs/libradar_conti_ars408_msgs__rosidl_generator_py.so
-- Up-to-date symlink: /home/jet_orin/streetlive/test/install/radar_conti_ars408_msgs/local/lib/python3.10/dist-packages/radar_conti_ars408_msgs/msg/__init__.py
-- Up-to-date symlink: /home/jet_orin/streetlive/test/install/radar_conti_ars408_msgs/local/lib/python3.10/dist-packages/radar_conti_ars408_msgs/msg/_cluster.py
-- Up-to-date symlink: /home/jet_orin/streetlive/test/install/radar_conti_ars408_msgs/local/lib/python3.10/dist-packages/radar_conti_ars408_msgs/msg/_cluster_general.py
-- Up-to-date symlink: /home/jet_orin/streetlive/test/install/radar_conti_ars408_msgs/local/lib/python3.10/dist-packages/radar_conti_ars408_msgs/msg/_cluster_general_s.c
-- Up-to-date symlink: /home/jet_orin/streetlive/test/install/radar_conti_ars408_msgs/local/lib/python3.10/dist-packages/radar_conti_ars408_msgs/msg/_cluster_list.py
-- Up-to-date symlink: /home/jet_orin/streetlive/test/install/radar_conti_ars408_msgs/local/lib/python3.10/dist-packages/radar_conti_ars408_msgs/msg/_cluster_list_s.c
-- Up-to-date symlink: /home/jet_orin/streetlive/test/install/radar_conti_ars408_msgs/local/lib/python3.10/dist-packages/radar_conti_ars408_msgs/msg/_cluster_quality.py
-- Up-to-date symlink: /home/jet_orin/streetlive/test/install/radar_conti_ars408_msgs/local/lib/python3.10/dist-packages/radar_conti_ars408_msgs/msg/_cluster_quality_s.c
-- Up-to-date symlink: /home/jet_orin/streetlive/test/install/radar_conti_ars408_msgs/local/lib/python3.10/dist-packages/radar_conti_ars408_msgs/msg/_cluster_s.c
-- Up-to-date symlink: /home/jet_orin/streetlive/test/install/radar_conti_ars408_msgs/local/lib/python3.10/dist-packages/radar_conti_ars408_msgs/msg/_cluster_status.py
-- Up-to-date symlink: /home/jet_orin/streetlive/test/install/radar_conti_ars408_msgs/local/lib/python3.10/dist-packages/radar_conti_ars408_msgs/msg/_cluster_status_s.c
-- Up-to-date symlink: /home/jet_orin/streetlive/test/install/radar_conti_ars408_msgs/local/lib/python3.10/dist-packages/radar_conti_ars408_msgs/msg/_filter_cfg.py
-- Up-to-date symlink: /home/jet_orin/streetlive/test/install/radar_conti_ars408_msgs/local/lib/python3.10/dist-packages/radar_conti_ars408_msgs/msg/_filter_cfg_s.c
-- Up-to-date symlink: /home/jet_orin/streetlive/test/install/radar_conti_ars408_msgs/local/lib/python3.10/dist-packages/radar_conti_ars408_msgs/msg/_filter_state_cfg.py
-- Up-to-date symlink: /home/jet_orin/streetlive/test/install/radar_conti_ars408_msgs/local/lib/python3.10/dist-packages/radar_conti_ars408_msgs/msg/_filter_state_cfg_entry_float.py
-- Up-to-date symlink: /home/jet_orin/streetlive/test/install/radar_conti_ars408_msgs/local/lib/python3.10/dist-packages/radar_conti_ars408_msgs/msg/_filter_state_cfg_entry_float_s.c
-- Up-to-date symlink: /home/jet_orin/streetlive/test/install/radar_conti_ars408_msgs/local/lib/python3.10/dist-packages/radar_conti_ars408_msgs/msg/_filter_state_cfg_entry_int.py
-- Up-to-date symlink: /home/jet_orin/streetlive/test/install/radar_conti_ars408_msgs/local/lib/python3.10/dist-packages/radar_conti_ars408_msgs/msg/_filter_state_cfg_entry_int_s.c
-- Up-to-date symlink: /home/jet_orin/streetlive/test/install/radar_conti_ars408_msgs/local/lib/python3.10/dist-packages/radar_conti_ars408_msgs/msg/_filter_state_cfg_s.c
-- Up-to-date symlink: /home/jet_orin/streetlive/test/install/radar_conti_ars408_msgs/local/lib/python3.10/dist-packages/radar_conti_ars408_msgs/msg/_filter_state_header.py
-- Up-to-date symlink: /home/jet_orin/streetlive/test/install/radar_conti_ars408_msgs/local/lib/python3.10/dist-packages/radar_conti_ars408_msgs/msg/_filter_state_header_s.c
-- Up-to-date symlink: /home/jet_orin/streetlive/test/install/radar_conti_ars408_msgs/local/lib/python3.10/dist-packages/radar_conti_ars408_msgs/msg/_object.py
-- Up-to-date symlink: /home/jet_orin/streetlive/test/install/radar_conti_ars408_msgs/local/lib/python3.10/dist-packages/radar_conti_ars408_msgs/msg/_object_extended.py
-- Up-to-date symlink: /home/jet_orin/streetlive/test/install/radar_conti_ars408_msgs/local/lib/python3.10/dist-packages/radar_conti_ars408_msgs/msg/_object_extended_s.c
-- Up-to-date symlink: /home/jet_orin/streetlive/test/install/radar_conti_ars408_msgs/local/lib/python3.10/dist-packages/radar_conti_ars408_msgs/msg/_object_general.py
-- Up-to-date symlink: /home/jet_orin/streetlive/test/install/radar_conti_ars408_msgs/local/lib/python3.10/dist-packages/radar_conti_ars408_msgs/msg/_object_general_s.c
-- Up-to-date symlink: /home/jet_orin/streetlive/test/install/radar_conti_ars408_msgs/local/lib/python3.10/dist-packages/radar_conti_ars408_msgs/msg/_object_list.py
-- Up-to-date symlink: /home/jet_orin/streetlive/test/install/radar_conti_ars408_msgs/local/lib/python3.10/dist-packages/radar_conti_ars408_msgs/msg/_object_list_s.c
-- Up-to-date symlink: /home/jet_orin/streetlive/test/install/radar_conti_ars408_msgs/local/lib/python3.10/dist-packages/radar_conti_ars408_msgs/msg/_object_quality.py
-- Up-to-date symlink: /home/jet_orin/streetlive/test/install/radar_conti_ars408_msgs/local/lib/python3.10/dist-packages/radar_conti_ars408_msgs/msg/_object_quality_s.c
-- Up-to-date symlink: /home/jet_orin/streetlive/test/install/radar_conti_ars408_msgs/local/lib/python3.10/dist-packages/radar_conti_ars408_msgs/msg/_object_s.c
-- Up-to-date symlink: /home/jet_orin/streetlive/test/install/radar_conti_ars408_msgs/local/lib/python3.10/dist-packages/radar_conti_ars408_msgs/msg/_object_status.py
-- Up-to-date symlink: /home/jet_orin/streetlive/test/install/radar_conti_ars408_msgs/local/lib/python3.10/dist-packages/radar_conti_ars408_msgs/msg/_object_status_s.c
-- Up-to-date symlink: /home/jet_orin/streetlive/test/install/radar_conti_ars408_msgs/local/lib/python3.10/dist-packages/radar_conti_ars408_msgs/msg/_radar_configuration.py
-- Up-to-date symlink: /home/jet_orin/streetlive/test/install/radar_conti_ars408_msgs/local/lib/python3.10/dist-packages/radar_conti_ars408_msgs/msg/_radar_configuration_s.c
-- Up-to-date symlink: /home/jet_orin/streetlive/test/install/radar_conti_ars408_msgs/local/lib/python3.10/dist-packages/radar_conti_ars408_msgs/msg/_radar_state.py
-- Up-to-date symlink: /home/jet_orin/streetlive/test/install/radar_conti_ars408_msgs/local/lib/python3.10/dist-packages/radar_conti_ars408_msgs/msg/_radar_state_s.c
-- Up-to-date symlink: /home/jet_orin/streetlive/test/install/radar_conti_ars408_msgs/local/lib/python3.10/dist-packages/radar_conti_ars408_msgs/msg/_version_id.py
-- Up-to-date symlink: /home/jet_orin/streetlive/test/install/radar_conti_ars408_msgs/local/lib/python3.10/dist-packages/radar_conti_ars408_msgs/msg/_version_id_s.c
-- Up-to-date symlink: /home/jet_orin/streetlive/test/install/radar_conti_ars408_msgs/local/lib/python3.10/dist-packages/radar_conti_ars408_msgs/radar_conti_ars408_msgs_s__rosidl_typesupport_c.cpython-310-aarch64-linux-gnu.so
-- Up-to-date symlink: /home/jet_orin/streetlive/test/install/radar_conti_ars408_msgs/local/lib/python3.10/dist-packages/radar_conti_ars408_msgs/radar_conti_ars408_msgs_s__rosidl_typesupport_fastrtps_c.cpython-310-aarch64-linux-gnu.so
-- Up-to-date symlink: /home/jet_orin/streetlive/test/install/radar_conti_ars408_msgs/local/lib/python3.10/dist-packages/radar_conti_ars408_msgs/radar_conti_ars408_msgs_s__rosidl_typesupport_introspection_c.cpython-310-aarch64-linux-gnu.so
-- Up-to-date symlink: /home/jet_orin/streetlive/test/install/radar_conti_ars408_msgs/local/lib/python3.10/dist-packages/radar_conti_ars408_msgs/srv/__init__.py
-- Up-to-date symlink: /home/jet_orin/streetlive/test/install/radar_conti_ars408_msgs/local/lib/python3.10/dist-packages/radar_conti_ars408_msgs/srv/_set_filter.py
-- Up-to-date symlink: /home/jet_orin/streetlive/test/install/radar_conti_ars408_msgs/local/lib/python3.10/dist-packages/radar_conti_ars408_msgs/srv/_set_filter_s.c
-- Up-to-date symlink: /home/jet_orin/streetlive/test/install/radar_conti_ars408_msgs/local/lib/python3.10/dist-packages/radar_conti_ars408_msgs/srv/_trigger_set_cfg.py
-- Up-to-date symlink: /home/jet_orin/streetlive/test/install/radar_conti_ars408_msgs/local/lib/python3.10/dist-packages/radar_conti_ars408_msgs/srv/_trigger_set_cfg_s.c
-- Up-to-date symlink: /home/jet_orin/streetlive/test/install/radar_conti_ars408_msgs/local/lib/python3.10/dist-packages/radar_conti_ars408_msgs/radar_conti_ars408_msgs_s__rosidl_typesupport_fastrtps_c.cpython-310-aarch64-linux-gnu.so
-- Up-to-date symlink: /home/jet_orin/streetlive/test/install/radar_conti_ars408_msgs/local/lib/python3.10/dist-packages/radar_conti_ars408_msgs/radar_conti_ars408_msgs_s__rosidl_typesupport_introspection_c.cpython-310-aarch64-linux-gnu.so
-- Up-to-date symlink: /home/jet_orin/streetlive/test/install/radar_conti_ars408_msgs/local/lib/python3.10/dist-packages/radar_conti_ars408_msgs/radar_conti_ars408_msgs_s__rosidl_typesupport_c.cpython-310-aarch64-linux-gnu.so
-- Up-to-date symlink: /home/jet_orin/streetlive/test/install/radar_conti_ars408_msgs/share/ament_index/resource_index/rust_packages/radar_conti_ars408_msgs
-- Up-to-date symlink: /home/jet_orin/streetlive/test/install/radar_conti_ars408_msgs/share/radar_conti_ars408_msgs/rust/Cargo.toml
-- Up-to-date symlink: /home/jet_orin/streetlive/test/install/radar_conti_ars408_msgs/share/radar_conti_ars408_msgs/rust/build.rs
-- Up-to-date symlink: /home/jet_orin/streetlive/test/install/radar_conti_ars408_msgs/share/radar_conti_ars408_msgs/rust/src/lib.rs
-- Up-to-date symlink: /home/jet_orin/streetlive/test/install/radar_conti_ars408_msgs/share/radar_conti_ars408_msgs/rust/src/msg.rs
-- Up-to-date symlink: /home/jet_orin/streetlive/test/install/radar_conti_ars408_msgs/share/radar_conti_ars408_msgs/rust/src/msg/rmw.rs
-- Up-to-date symlink: /home/jet_orin/streetlive/test/install/radar_conti_ars408_msgs/share/radar_conti_ars408_msgs/rust/src/srv.rs
-- Up-to-date symlink: /home/jet_orin/streetlive/test/install/radar_conti_ars408_msgs/share/radar_conti_ars408_msgs/rust/src/srv/rmw.rs
-- Up-to-date symlink: /home/jet_orin/streetlive/test/install/radar_conti_ars408_msgs/share/radar_conti_ars408_msgs/msg/ClusterGeneral.idl
-- Up-to-date symlink: /home/jet_orin/streetlive/test/install/radar_conti_ars408_msgs/share/radar_conti_ars408_msgs/msg/ClusterQuality.idl
-- Up-to-date symlink: /home/jet_orin/streetlive/test/install/radar_conti_ars408_msgs/share/radar_conti_ars408_msgs/msg/ClusterStatus.idl
-- Up-to-date symlink: /home/jet_orin/streetlive/test/install/radar_conti_ars408_msgs/share/radar_conti_ars408_msgs/msg/ObjectGeneral.idl
-- Up-to-date symlink: /home/jet_orin/streetlive/test/install/radar_conti_ars408_msgs/share/radar_conti_ars408_msgs/msg/ObjectExtended.idl
-- Up-to-date symlink: /home/jet_orin/streetlive/test/install/radar_conti_ars408_msgs/share/radar_conti_ars408_msgs/msg/ObjectQuality.idl
-- Up-to-date symlink: /home/jet_orin/streetlive/test/install/radar_conti_ars408_msgs/share/radar_conti_ars408_msgs/msg/ObjectStatus.idl
-- Up-to-date symlink: /home/jet_orin/streetlive/test/install/radar_conti_ars408_msgs/share/radar_conti_ars408_msgs/msg/RadarConfiguration.idl
-- Up-to-date symlink: /home/jet_orin/streetlive/test/install/radar_conti_ars408_msgs/share/radar_conti_ars408_msgs/msg/RadarState.idl
-- Up-to-date symlink: /home/jet_orin/streetlive/test/install/radar_conti_ars408_msgs/share/radar_conti_ars408_msgs/msg/VersionID.idl
-- Up-to-date symlink: /home/jet_orin/streetlive/test/install/radar_conti_ars408_msgs/share/radar_conti_ars408_msgs/msg/Cluster.idl
-- Up-to-date symlink: /home/jet_orin/streetlive/test/install/radar_conti_ars408_msgs/share/radar_conti_ars408_msgs/msg/Object.idl
-- Up-to-date symlink: /home/jet_orin/streetlive/test/install/radar_conti_ars408_msgs/share/radar_conti_ars408_msgs/msg/ClusterList.idl
-- Up-to-date symlink: /home/jet_orin/streetlive/test/install/radar_conti_ars408_msgs/share/radar_conti_ars408_msgs/msg/ObjectList.idl
-- Up-to-date symlink: /home/jet_orin/streetlive/test/install/radar_conti_ars408_msgs/share/radar_conti_ars408_msgs/msg/FilterStateCfgEntryFloat.idl
-- Up-to-date symlink: /home/jet_orin/streetlive/test/install/radar_conti_ars408_msgs/share/radar_conti_ars408_msgs/msg/FilterStateCfgEntryInt.idl
-- Up-to-date symlink: /home/jet_orin/streetlive/test/install/radar_conti_ars408_msgs/share/radar_conti_ars408_msgs/msg/FilterStateCfg.idl
-- Up-to-date symlink: /home/jet_orin/streetlive/test/install/radar_conti_ars408_msgs/share/radar_conti_ars408_msgs/msg/FilterCfg.idl
-- Up-to-date symlink: /home/jet_orin/streetlive/test/install/radar_conti_ars408_msgs/share/radar_conti_ars408_msgs/msg/FilterStateHeader.idl
-- Up-to-date symlink: /home/jet_orin/streetlive/test/install/radar_conti_ars408_msgs/share/radar_conti_ars408_msgs/srv/SetFilter.idl
-- Up-to-date symlink: /home/jet_orin/streetlive/test/install/radar_conti_ars408_msgs/share/radar_conti_ars408_msgs/srv/TriggerSetCfg.idl
-- Up-to-date symlink: /home/jet_orin/streetlive/test/install/radar_conti_ars408_msgs/share/radar_conti_ars408_msgs/msg/ClusterGeneral.msg
-- Up-to-date symlink: /home/jet_orin/streetlive/test/install/radar_conti_ars408_msgs/share/radar_conti_ars408_msgs/msg/ClusterQuality.msg
-- Up-to-date symlink: /home/jet_orin/streetlive/test/install/radar_conti_ars408_msgs/share/radar_conti_ars408_msgs/msg/ClusterStatus.msg
-- Up-to-date symlink: /home/jet_orin/streetlive/test/install/radar_conti_ars408_msgs/share/radar_conti_ars408_msgs/msg/ObjectGeneral.msg
-- Up-to-date symlink: /home/jet_orin/streetlive/test/install/radar_conti_ars408_msgs/share/radar_conti_ars408_msgs/msg/ObjectExtended.msg
-- Up-to-date symlink: /home/jet_orin/streetlive/test/install/radar_conti_ars408_msgs/share/radar_conti_ars408_msgs/msg/ObjectQuality.msg
-- Up-to-date symlink: /home/jet_orin/streetlive/test/install/radar_conti_ars408_msgs/share/radar_conti_ars408_msgs/msg/ObjectStatus.msg
-- Up-to-date symlink: /home/jet_orin/streetlive/test/install/radar_conti_ars408_msgs/share/radar_conti_ars408_msgs/msg/RadarConfiguration.msg
-- Up-to-date symlink: /home/jet_orin/streetlive/test/install/radar_conti_ars408_msgs/share/radar_conti_ars408_msgs/msg/RadarState.msg
-- Up-to-date symlink: /home/jet_orin/streetlive/test/install/radar_conti_ars408_msgs/share/radar_conti_ars408_msgs/msg/VersionID.msg
-- Up-to-date symlink: /home/jet_orin/streetlive/test/install/radar_conti_ars408_msgs/share/radar_conti_ars408_msgs/msg/Cluster.msg
-- Up-to-date symlink: /home/jet_orin/streetlive/test/install/radar_conti_ars408_msgs/share/radar_conti_ars408_msgs/msg/Object.msg
-- Up-to-date symlink: /home/jet_orin/streetlive/test/install/radar_conti_ars408_msgs/share/radar_conti_ars408_msgs/msg/ClusterList.msg
-- Up-to-date symlink: /home/jet_orin/streetlive/test/install/radar_conti_ars408_msgs/share/radar_conti_ars408_msgs/msg/ObjectList.msg
-- Up-to-date symlink: /home/jet_orin/streetlive/test/install/radar_conti_ars408_msgs/share/radar_conti_ars408_msgs/msg/FilterStateCfgEntryFloat.msg
-- Up-to-date symlink: /home/jet_orin/streetlive/test/install/radar_conti_ars408_msgs/share/radar_conti_ars408_msgs/msg/FilterStateCfgEntryInt.msg
-- Up-to-date symlink: /home/jet_orin/streetlive/test/install/radar_conti_ars408_msgs/share/radar_conti_ars408_msgs/msg/FilterStateCfg.msg
-- Up-to-date symlink: /home/jet_orin/streetlive/test/install/radar_conti_ars408_msgs/share/radar_conti_ars408_msgs/msg/FilterCfg.msg
-- Up-to-date symlink: /home/jet_orin/streetlive/test/install/radar_conti_ars408_msgs/share/radar_conti_ars408_msgs/msg/FilterStateHeader.msg
-- Up-to-date symlink: /home/jet_orin/streetlive/test/install/radar_conti_ars408_msgs/share/radar_conti_ars408_msgs/srv/SetFilter.srv
-- Up-to-date symlink: /home/jet_orin/streetlive/test/install/radar_conti_ars408_msgs/share/radar_conti_ars408_msgs/srv/SetFilter_Request.msg
-- Up-to-date symlink: /home/jet_orin/streetlive/test/install/radar_conti_ars408_msgs/share/radar_conti_ars408_msgs/srv/SetFilter_Response.msg
-- Up-to-date symlink: /home/jet_orin/streetlive/test/install/radar_conti_ars408_msgs/share/radar_conti_ars408_msgs/srv/TriggerSetCfg.srv
-- Up-to-date symlink: /home/jet_orin/streetlive/test/install/radar_conti_ars408_msgs/share/radar_conti_ars408_msgs/srv/TriggerSetCfg_Request.msg
-- Up-to-date symlink: /home/jet_orin/streetlive/test/install/radar_conti_ars408_msgs/share/radar_conti_ars408_msgs/srv/TriggerSetCfg_Response.msg
-- Up-to-date symlink: /home/jet_orin/streetlive/test/install/radar_conti_ars408_msgs/share/ament_index/resource_index/package_run_dependencies/radar_conti_ars408_msgs
-- Up-to-date symlink: /home/jet_orin/streetlive/test/install/radar_conti_ars408_msgs/share/ament_index/resource_index/parent_prefix_path/radar_conti_ars408_msgs
-- Up-to-date symlink: /home/jet_orin/streetlive/test/install/radar_conti_ars408_msgs/share/radar_conti_ars408_msgs/environment/ament_prefix_path.sh
-- Up-to-date symlink: /home/jet_orin/streetlive/test/install/radar_conti_ars408_msgs/share/radar_conti_ars408_msgs/environment/ament_prefix_path.dsv
-- Up-to-date symlink: /home/jet_orin/streetlive/test/install/radar_conti_ars408_msgs/share/radar_conti_ars408_msgs/environment/path.sh
-- Up-to-date symlink: /home/jet_orin/streetlive/test/install/radar_conti_ars408_msgs/share/radar_conti_ars408_msgs/environment/path.dsv
-- Up-to-date symlink: /home/jet_orin/streetlive/test/install/radar_conti_ars408_msgs/share/radar_conti_ars408_msgs/local_setup.bash
-- Up-to-date symlink: /home/jet_orin/streetlive/test/install/radar_conti_ars408_msgs/share/radar_conti_ars408_msgs/local_setup.sh
-- Up-to-date symlink: /home/jet_orin/streetlive/test/install/radar_conti_ars408_msgs/share/radar_conti_ars408_msgs/local_setup.zsh
-- Up-to-date symlink: /home/jet_orin/streetlive/test/install/radar_conti_ars408_msgs/share/radar_conti_ars408_msgs/local_setup.dsv
-- Symlinking: /home/jet_orin/streetlive/test/install/radar_conti_ars408_msgs/share/radar_conti_ars408_msgs/package.dsv
-- Up-to-date symlink: /home/jet_orin/streetlive/test/install/radar_conti_ars408_msgs/share/ament_index/resource_index/packages/radar_conti_ars408_msgs
-- Up-to-date symlink: /home/jet_orin/streetlive/test/install/radar_conti_ars408_msgs/share/radar_conti_ars408_msgs/cmake/rosidl_cmake-extras.cmake
-- Up-to-date symlink: /home/jet_orin/streetlive/test/install/radar_conti_ars408_msgs/share/radar_conti_ars408_msgs/cmake/ament_cmake_export_dependencies-extras.cmake
-- Up-to-date symlink: /home/jet_orin/streetlive/test/install/radar_conti_ars408_msgs/share/radar_conti_ars408_msgs/cmake/ament_cmake_export_include_directories-extras.cmake
-- Up-to-date symlink: /home/jet_orin/streetlive/test/install/radar_conti_ars408_msgs/share/radar_conti_ars408_msgs/cmake/ament_cmake_export_libraries-extras.cmake
-- Up-to-date symlink: /home/jet_orin/streetlive/test/install/radar_conti_ars408_msgs/share/radar_conti_ars408_msgs/cmake/ament_cmake_export_targets-extras.cmake
-- Up-to-date symlink: /home/jet_orin/streetlive/test/install/radar_conti_ars408_msgs/share/radar_conti_ars408_msgs/cmake/rosidl_cmake_export_typesupport_targets-extras.cmake
-- Up-to-date symlink: /home/jet_orin/streetlive/test/install/radar_conti_ars408_msgs/share/radar_conti_ars408_msgs/cmake/rosidl_cmake_export_typesupport_libraries-extras.cmake
-- Up-to-date symlink: /home/jet_orin/streetlive/test/install/radar_conti_ars408_msgs/share/radar_conti_ars408_msgs/cmake/radar_conti_ars408_msgsConfig.cmake
-- Up-to-date symlink: /home/jet_orin/streetlive/test/install/radar_conti_ars408_msgs/share/radar_conti_ars408_msgs/cmake/radar_conti_ars408_msgsConfig-version.cmake
-- Up-to-date symlink: /home/jet_orin/streetlive/test/install/radar_conti_ars408_msgs/share/radar_conti_ars408_msgs/package.xml
-- Up-to-date: /home/jet_orin/streetlive/test/install/radar_conti_ars408_msgs/lib/libradar_conti_ars408_msgs__rosidl_generator_c.so
-- Up-to-date: /home/jet_orin/streetlive/test/install/radar_conti_ars408_msgs/lib/libradar_conti_ars408_msgs__rosidl_typesupport_fastrtps_c.so
-- Up-to-date: /home/jet_orin/streetlive/test/install/radar_conti_ars408_msgs/lib/libradar_conti_ars408_msgs__rosidl_typesupport_fastrtps_cpp.so
-- Up-to-date: /home/jet_orin/streetlive/test/install/radar_conti_ars408_msgs/lib/libradar_conti_ars408_msgs__rosidl_typesupport_introspection_c.so
-- Up-to-date: /home/jet_orin/streetlive/test/install/radar_conti_ars408_msgs/lib/libradar_conti_ars408_msgs__rosidl_typesupport_c.so
-- Up-to-date: /home/jet_orin/streetlive/test/install/radar_conti_ars408_msgs/lib/libradar_conti_ars408_msgs__rosidl_typesupport_introspection_cpp.so
-- Up-to-date: /home/jet_orin/streetlive/test/install/radar_conti_ars408_msgs/lib/libradar_conti_ars408_msgs__rosidl_typesupport_cpp.so
Listing '/home/jet_orin/streetlive/test/install/radar_conti_ars408_msgs/local/lib/python3.10/dist-packages/radar_conti_ars408_msgs'...
Listing '/home/jet_orin/streetlive/test/install/radar_conti_ars408_msgs/local/lib/python3.10/dist-packages/radar_conti_ars408_msgs/msg'...
Listing '/home/jet_orin/streetlive/test/install/radar_conti_ars408_msgs/local/lib/python3.10/dist-packages/radar_conti_ars408_msgs/srv'...
-- Up-to-date: /home/jet_orin/streetlive/test/install/radar_conti_ars408_msgs/lib/libradar_conti_ars408_msgs__rosidl_generator_py.so
-- Up-to-date: /home/jet_orin/streetlive/test/install/radar_conti_ars408_msgs/share/radar_conti_ars408_msgs/cmake/export_radar_conti_ars408_msgs__rosidl_generator_cExport.cmake
-- Up-to-date: /home/jet_orin/streetlive/test/install/radar_conti_ars408_msgs/share/radar_conti_ars408_msgs/cmake/export_radar_conti_ars408_msgs__rosidl_generator_cExport-noconfig.cmake
-- Up-to-date: /home/jet_orin/streetlive/test/install/radar_conti_ars408_msgs/share/radar_conti_ars408_msgs/cmake/export_radar_conti_ars408_msgs__rosidl_typesupport_fastrtps_cExport.cmake
-- Up-to-date: /home/jet_orin/streetlive/test/install/radar_conti_ars408_msgs/share/radar_conti_ars408_msgs/cmake/export_radar_conti_ars408_msgs__rosidl_typesupport_fastrtps_cExport-noconfig.cmake
-- Up-to-date: /home/jet_orin/streetlive/test/install/radar_conti_ars408_msgs/share/radar_conti_ars408_msgs/cmake/export_radar_conti_ars408_msgs__rosidl_generator_cppExport.cmake
-- Up-to-date: /home/jet_orin/streetlive/test/install/radar_conti_ars408_msgs/share/radar_conti_ars408_msgs/cmake/export_radar_conti_ars408_msgs__rosidl_typesupport_fastrtps_cppExport.cmake
-- Up-to-date: /home/jet_orin/streetlive/test/install/radar_conti_ars408_msgs/share/radar_conti_ars408_msgs/cmake/export_radar_conti_ars408_msgs__rosidl_typesupport_fastrtps_cppExport-noconfig.cmake
-- Up-to-date: /home/jet_orin/streetlive/test/install/radar_conti_ars408_msgs/share/radar_conti_ars408_msgs/cmake/radar_conti_ars408_msgs__rosidl_typesupport_introspection_cExport.cmake
-- Up-to-date: /home/jet_orin/streetlive/test/install/radar_conti_ars408_msgs/share/radar_conti_ars408_msgs/cmake/radar_conti_ars408_msgs__rosidl_typesupport_introspection_cExport-noconfig.cmake
-- Up-to-date: /home/jet_orin/streetlive/test/install/radar_conti_ars408_msgs/share/radar_conti_ars408_msgs/cmake/radar_conti_ars408_msgs__rosidl_typesupport_cExport.cmake
-- Up-to-date: /home/jet_orin/streetlive/test/install/radar_conti_ars408_msgs/share/radar_conti_ars408_msgs/cmake/radar_conti_ars408_msgs__rosidl_typesupport_cExport-noconfig.cmake
-- Up-to-date: /home/jet_orin/streetlive/test/install/radar_conti_ars408_msgs/share/radar_conti_ars408_msgs/cmake/radar_conti_ars408_msgs__rosidl_typesupport_introspection_cppExport.cmake
-- Up-to-date: /home/jet_orin/streetlive/test/install/radar_conti_ars408_msgs/share/radar_conti_ars408_msgs/cmake/radar_conti_ars408_msgs__rosidl_typesupport_introspection_cppExport-noconfig.cmake
-- Up-to-date: /home/jet_orin/streetlive/test/install/radar_conti_ars408_msgs/share/radar_conti_ars408_msgs/cmake/radar_conti_ars408_msgs__rosidl_typesupport_cppExport.cmake
-- Up-to-date: /home/jet_orin/streetlive/test/install/radar_conti_ars408_msgs/share/radar_conti_ars408_msgs/cmake/radar_conti_ars408_msgs__rosidl_typesupport_cppExport-noconfig.cmake
-- Up-to-date: /home/jet_orin/streetlive/test/install/radar_conti_ars408_msgs/share/radar_conti_ars408_msgs/cmake/export_radar_conti_ars408_msgs__rosidl_generator_pyExport.cmake
-- Up-to-date: /home/jet_orin/streetlive/test/install/radar_conti_ars408_msgs/share/radar_conti_ars408_msgs/cmake/export_radar_conti_ars408_msgs__rosidl_generator_pyExport-noconfig.cmake
