[0.177s] DEBUG:colcon:Command line arguments: ['/usr/bin/colcon', 'build', '--symlink-install']
[0.177s] DEBUG:colcon:Parsed command line arguments: Namespace(log_base=None, log_level=None, verb_name='build', build_base='build', install_base='install', merge_install=False, symlink_install=True, test_result_base=None, continue_on_error=False, executor='parallel', parallel_workers=12, event_handlers=None, ignore_user_meta=False, metas=['./colcon.meta'], base_paths=['.'], packages_ignore=None, packages_ignore_regex=None, paths=None, packages_up_to=None, packages_up_to_regex=None, packages_above=None, packages_above_and_dependencies=None, packages_above_depth=None, packages_select_by_dep=None, packages_skip_by_dep=None, packages_skip_up_to=None, packages_select_build_failed=False, packages_skip_build_finished=False, packages_select_test_failures=False, packages_skip_test_passed=False, packages_select=None, packages_skip=None, packages_select_regex=None, packages_skip_regex=None, packages_start=None, packages_end=None, allow_overriding=[], cmake_args=None, cmake_target=None, cmake_target_skip_unavailable=False, cmake_clean_cache=False, cmake_clean_first=False, cmake_force_configure=False, ament_cmake_args=None, catkin_cmake_args=None, catkin_skip_building_tests=False, mixin_files=None, mixin=None, verb_parser=<colcon_mixin.mixin.mixin_argument.MixinArgumentDecorator object at 0xffffa4af8070>, verb_extension=<colcon_core.verb.build.BuildVerb object at 0xffffa4abfac0>, main=<bound method BuildVerb.main of <colcon_core.verb.build.BuildVerb object at 0xffffa4abfac0>>, mixin_verb=('build',))
[0.452s] Level 1:colcon.colcon_core.package_discovery:discover_packages(colcon_meta) check parameters
[0.452s] Level 1:colcon.colcon_core.package_discovery:discover_packages(recursive) check parameters
[0.452s] Level 1:colcon.colcon_core.package_discovery:discover_packages(ignore) check parameters
[0.452s] Level 1:colcon.colcon_core.package_discovery:discover_packages(path) check parameters
[0.452s] Level 1:colcon.colcon_core.package_discovery:discover_packages(colcon_meta) discover
[0.452s] Level 1:colcon.colcon_core.package_discovery:discover_packages(recursive) discover
[0.452s] INFO:colcon.colcon_core.package_discovery:Crawling recursively for packages in '/home/jet_orin/streetlive/test'
[0.453s] Level 1:colcon.colcon_core.package_identification:_identify(.) by extensions ['ignore', 'ignore_ament_install']
[0.453s] Level 1:colcon.colcon_core.package_identification:_identify(.) by extension 'ignore'
[0.453s] Level 1:colcon.colcon_core.package_identification:_identify(.) by extension 'ignore_ament_install'
[0.453s] Level 1:colcon.colcon_core.package_identification:_identify(.) by extensions ['colcon_pkg']
[0.453s] Level 1:colcon.colcon_core.package_identification:_identify(.) by extension 'colcon_pkg'
[0.453s] Level 1:colcon.colcon_core.package_identification:_identify(.) by extensions ['colcon_meta']
[0.453s] Level 1:colcon.colcon_core.package_identification:_identify(.) by extension 'colcon_meta'
[0.453s] Level 1:colcon.colcon_core.package_identification:_identify(.) by extensions ['ros']
[0.453s] Level 1:colcon.colcon_core.package_identification:_identify(.) by extension 'ros'
[0.470s] Level 1:colcon.colcon_core.package_identification:_identify(.) by extensions ['cmake', 'python']
[0.470s] Level 1:colcon.colcon_core.package_identification:_identify(.) by extension 'cmake'
[0.470s] Level 1:colcon.colcon_core.package_identification:_identify(.) by extension 'python'
[0.470s] Level 1:colcon.colcon_core.package_identification:_identify(.) by extensions ['python_setup_py']
[0.470s] Level 1:colcon.colcon_core.package_identification:_identify(.) by extension 'python_setup_py'
[0.471s] Level 1:colcon.colcon_core.package_identification:_identify(build) by extensions ['ignore', 'ignore_ament_install']
[0.471s] Level 1:colcon.colcon_core.package_identification:_identify(build) by extension 'ignore'
[0.471s] Level 1:colcon.colcon_core.package_identification:_identify(build) ignored
[0.471s] Level 1:colcon.colcon_core.package_identification:_identify(install) by extensions ['ignore', 'ignore_ament_install']
[0.471s] Level 1:colcon.colcon_core.package_identification:_identify(install) by extension 'ignore'
[0.471s] Level 1:colcon.colcon_core.package_identification:_identify(install) ignored
[0.472s] Level 1:colcon.colcon_core.package_identification:_identify(log) by extensions ['ignore', 'ignore_ament_install']
[0.472s] Level 1:colcon.colcon_core.package_identification:_identify(log) by extension 'ignore'
[0.472s] Level 1:colcon.colcon_core.package_identification:_identify(log) ignored
[0.472s] Level 1:colcon.colcon_core.package_identification:_identify(src) by extensions ['ignore', 'ignore_ament_install']
[0.472s] Level 1:colcon.colcon_core.package_identification:_identify(src) by extension 'ignore'
[0.472s] Level 1:colcon.colcon_core.package_identification:_identify(src) by extension 'ignore_ament_install'
[0.472s] Level 1:colcon.colcon_core.package_identification:_identify(src) by extensions ['colcon_pkg']
[0.472s] Level 1:colcon.colcon_core.package_identification:_identify(src) by extension 'colcon_pkg'
[0.472s] Level 1:colcon.colcon_core.package_identification:_identify(src) by extensions ['colcon_meta']
[0.472s] Level 1:colcon.colcon_core.package_identification:_identify(src) by extension 'colcon_meta'
[0.472s] Level 1:colcon.colcon_core.package_identification:_identify(src) by extensions ['ros']
[0.473s] Level 1:colcon.colcon_core.package_identification:_identify(src) by extension 'ros'
[0.473s] Level 1:colcon.colcon_core.package_identification:_identify(src) by extensions ['cmake', 'python']
[0.473s] Level 1:colcon.colcon_core.package_identification:_identify(src) by extension 'cmake'
[0.473s] Level 1:colcon.colcon_core.package_identification:_identify(src) by extension 'python'
[0.473s] Level 1:colcon.colcon_core.package_identification:_identify(src) by extensions ['python_setup_py']
[0.473s] Level 1:colcon.colcon_core.package_identification:_identify(src) by extension 'python_setup_py'
[0.473s] Level 1:colcon.colcon_core.package_identification:_identify(src/ars-408) by extensions ['ignore', 'ignore_ament_install']
[0.473s] Level 1:colcon.colcon_core.package_identification:_identify(src/ars-408) by extension 'ignore'
[0.473s] Level 1:colcon.colcon_core.package_identification:_identify(src/ars-408) by extension 'ignore_ament_install'
[0.473s] Level 1:colcon.colcon_core.package_identification:_identify(src/ars-408) by extensions ['colcon_pkg']
[0.473s] Level 1:colcon.colcon_core.package_identification:_identify(src/ars-408) by extension 'colcon_pkg'
[0.474s] Level 1:colcon.colcon_core.package_identification:_identify(src/ars-408) by extensions ['colcon_meta']
[0.474s] Level 1:colcon.colcon_core.package_identification:_identify(src/ars-408) by extension 'colcon_meta'
[0.474s] Level 1:colcon.colcon_core.package_identification:_identify(src/ars-408) by extensions ['ros']
[0.474s] Level 1:colcon.colcon_core.package_identification:_identify(src/ars-408) by extension 'ros'
[0.474s] Level 1:colcon.colcon_core.package_identification:_identify(src/ars-408) by extensions ['cmake', 'python']
[0.474s] Level 1:colcon.colcon_core.package_identification:_identify(src/ars-408) by extension 'cmake'
[0.474s] Level 1:colcon.colcon_core.package_identification:_identify(src/ars-408) by extension 'python'
[0.474s] Level 1:colcon.colcon_core.package_identification:_identify(src/ars-408) by extensions ['python_setup_py']
[0.474s] Level 1:colcon.colcon_core.package_identification:_identify(src/ars-408) by extension 'python_setup_py'
[0.474s] Level 1:colcon.colcon_core.package_identification:_identify(src/ars-408/radar_conti_ars408) by extensions ['ignore', 'ignore_ament_install']
[0.474s] Level 1:colcon.colcon_core.package_identification:_identify(src/ars-408/radar_conti_ars408) by extension 'ignore'
[0.474s] Level 1:colcon.colcon_core.package_identification:_identify(src/ars-408/radar_conti_ars408) by extension 'ignore_ament_install'
[0.475s] Level 1:colcon.colcon_core.package_identification:_identify(src/ars-408/radar_conti_ars408) by extensions ['colcon_pkg']
[0.475s] Level 1:colcon.colcon_core.package_identification:_identify(src/ars-408/radar_conti_ars408) by extension 'colcon_pkg'
[0.475s] Level 1:colcon.colcon_core.package_identification:_identify(src/ars-408/radar_conti_ars408) by extensions ['colcon_meta']
[0.475s] Level 1:colcon.colcon_core.package_identification:_identify(src/ars-408/radar_conti_ars408) by extension 'colcon_meta'
[0.475s] Level 1:colcon.colcon_core.package_identification:_identify(src/ars-408/radar_conti_ars408) by extensions ['ros']
[0.475s] Level 1:colcon.colcon_core.package_identification:_identify(src/ars-408/radar_conti_ars408) by extension 'ros'
[0.475s] Level 1:colcon.colcon_core.package_identification:_identify(src/ars-408/radar_conti_ars408) by extensions ['cmake', 'python']
[0.475s] Level 1:colcon.colcon_core.package_identification:_identify(src/ars-408/radar_conti_ars408) by extension 'cmake'
[0.475s] Level 1:colcon.colcon_core.package_identification:_identify(src/ars-408/radar_conti_ars408) by extension 'python'
[0.475s] Level 1:colcon.colcon_core.package_identification:_identify(src/ars-408/radar_conti_ars408) by extensions ['python_setup_py']
[0.475s] Level 1:colcon.colcon_core.package_identification:_identify(src/ars-408/radar_conti_ars408) by extension 'python_setup_py'
[0.475s] Level 1:colcon.colcon_core.package_identification:_identify(src/ars-408/radar_conti_ars408/src) by extensions ['ignore', 'ignore_ament_install']
[0.476s] Level 1:colcon.colcon_core.package_identification:_identify(src/ars-408/radar_conti_ars408/src) by extension 'ignore'
[0.476s] Level 1:colcon.colcon_core.package_identification:_identify(src/ars-408/radar_conti_ars408/src) by extension 'ignore_ament_install'
[0.476s] Level 1:colcon.colcon_core.package_identification:_identify(src/ars-408/radar_conti_ars408/src) by extensions ['colcon_pkg']
[0.476s] Level 1:colcon.colcon_core.package_identification:_identify(src/ars-408/radar_conti_ars408/src) by extension 'colcon_pkg'
[0.476s] Level 1:colcon.colcon_core.package_identification:_identify(src/ars-408/radar_conti_ars408/src) by extensions ['colcon_meta']
[0.476s] Level 1:colcon.colcon_core.package_identification:_identify(src/ars-408/radar_conti_ars408/src) by extension 'colcon_meta'
[0.476s] Level 1:colcon.colcon_core.package_identification:_identify(src/ars-408/radar_conti_ars408/src) by extensions ['ros']
[0.476s] Level 1:colcon.colcon_core.package_identification:_identify(src/ars-408/radar_conti_ars408/src) by extension 'ros'
[0.481s] DEBUG:colcon.colcon_core.package_identification:Package 'src/ars-408/radar_conti_ars408/src' with type 'ros.ament_cmake' and name 'radar_conti_ars408'
[0.481s] Level 1:colcon.colcon_core.package_identification:_identify(src/ars-408/radar_conti_ars408_msgs) by extensions ['ignore', 'ignore_ament_install']
[0.481s] Level 1:colcon.colcon_core.package_identification:_identify(src/ars-408/radar_conti_ars408_msgs) by extension 'ignore'
[0.481s] Level 1:colcon.colcon_core.package_identification:_identify(src/ars-408/radar_conti_ars408_msgs) by extension 'ignore_ament_install'
[0.481s] Level 1:colcon.colcon_core.package_identification:_identify(src/ars-408/radar_conti_ars408_msgs) by extensions ['colcon_pkg']
[0.481s] Level 1:colcon.colcon_core.package_identification:_identify(src/ars-408/radar_conti_ars408_msgs) by extension 'colcon_pkg'
[0.481s] Level 1:colcon.colcon_core.package_identification:_identify(src/ars-408/radar_conti_ars408_msgs) by extensions ['colcon_meta']
[0.482s] Level 1:colcon.colcon_core.package_identification:_identify(src/ars-408/radar_conti_ars408_msgs) by extension 'colcon_meta'
[0.482s] Level 1:colcon.colcon_core.package_identification:_identify(src/ars-408/radar_conti_ars408_msgs) by extensions ['ros']
[0.482s] Level 1:colcon.colcon_core.package_identification:_identify(src/ars-408/radar_conti_ars408_msgs) by extension 'ros'
[0.483s] DEBUG:colcon.colcon_core.package_identification:Package 'src/ars-408/radar_conti_ars408_msgs' with type 'ros.ament_cmake' and name 'radar_conti_ars408_msgs'
[0.483s] Level 1:colcon.colcon_core.package_identification:_identify(src/navigation2_dynamic) by extensions ['ignore', 'ignore_ament_install']
[0.483s] Level 1:colcon.colcon_core.package_identification:_identify(src/navigation2_dynamic) by extension 'ignore'
[0.483s] Level 1:colcon.colcon_core.package_identification:_identify(src/navigation2_dynamic) by extension 'ignore_ament_install'
[0.483s] Level 1:colcon.colcon_core.package_identification:_identify(src/navigation2_dynamic) by extensions ['colcon_pkg']
[0.483s] Level 1:colcon.colcon_core.package_identification:_identify(src/navigation2_dynamic) by extension 'colcon_pkg'
[0.483s] Level 1:colcon.colcon_core.package_identification:_identify(src/navigation2_dynamic) by extensions ['colcon_meta']
[0.483s] Level 1:colcon.colcon_core.package_identification:_identify(src/navigation2_dynamic) by extension 'colcon_meta'
[0.483s] Level 1:colcon.colcon_core.package_identification:_identify(src/navigation2_dynamic) by extensions ['ros']
[0.484s] Level 1:colcon.colcon_core.package_identification:_identify(src/navigation2_dynamic) by extension 'ros'
[0.484s] Level 1:colcon.colcon_core.package_identification:_identify(src/navigation2_dynamic) by extensions ['cmake', 'python']
[0.484s] Level 1:colcon.colcon_core.package_identification:_identify(src/navigation2_dynamic) by extension 'cmake'
[0.484s] Level 1:colcon.colcon_core.package_identification:_identify(src/navigation2_dynamic) by extension 'python'
[0.484s] Level 1:colcon.colcon_core.package_identification:_identify(src/navigation2_dynamic) by extensions ['python_setup_py']
[0.484s] Level 1:colcon.colcon_core.package_identification:_identify(src/navigation2_dynamic) by extension 'python_setup_py'
[0.484s] Level 1:colcon.colcon_core.package_identification:_identify(src/navigation2_dynamic/kf_hungarian_tracker) by extensions ['ignore', 'ignore_ament_install']
[0.484s] Level 1:colcon.colcon_core.package_identification:_identify(src/navigation2_dynamic/kf_hungarian_tracker) by extension 'ignore'
[0.484s] Level 1:colcon.colcon_core.package_identification:_identify(src/navigation2_dynamic/kf_hungarian_tracker) by extension 'ignore_ament_install'
[0.484s] Level 1:colcon.colcon_core.package_identification:_identify(src/navigation2_dynamic/kf_hungarian_tracker) by extensions ['colcon_pkg']
[0.485s] Level 1:colcon.colcon_core.package_identification:_identify(src/navigation2_dynamic/kf_hungarian_tracker) by extension 'colcon_pkg'
[0.485s] Level 1:colcon.colcon_core.package_identification:_identify(src/navigation2_dynamic/kf_hungarian_tracker) by extensions ['colcon_meta']
[0.485s] Level 1:colcon.colcon_core.package_identification:_identify(src/navigation2_dynamic/kf_hungarian_tracker) by extension 'colcon_meta'
[0.485s] Level 1:colcon.colcon_core.package_identification:_identify(src/navigation2_dynamic/kf_hungarian_tracker) by extensions ['ros']
[0.485s] Level 1:colcon.colcon_core.package_identification:_identify(src/navigation2_dynamic/kf_hungarian_tracker) by extension 'ros'
[0.486s] DEBUG:colcon.colcon_core.package_identification:Package 'src/navigation2_dynamic/kf_hungarian_tracker' with type 'ros.ament_python' and name 'kf_hungarian_tracker'
[0.486s] Level 1:colcon.colcon_core.package_identification:_identify(src/navigation2_dynamic/nav2_dynamic_msgs) by extensions ['ignore', 'ignore_ament_install']
[0.486s] Level 1:colcon.colcon_core.package_identification:_identify(src/navigation2_dynamic/nav2_dynamic_msgs) by extension 'ignore'
[0.486s] Level 1:colcon.colcon_core.package_identification:_identify(src/navigation2_dynamic/nav2_dynamic_msgs) by extension 'ignore_ament_install'
[0.486s] Level 1:colcon.colcon_core.package_identification:_identify(src/navigation2_dynamic/nav2_dynamic_msgs) by extensions ['colcon_pkg']
[0.486s] Level 1:colcon.colcon_core.package_identification:_identify(src/navigation2_dynamic/nav2_dynamic_msgs) by extension 'colcon_pkg'
[0.486s] Level 1:colcon.colcon_core.package_identification:_identify(src/navigation2_dynamic/nav2_dynamic_msgs) by extensions ['colcon_meta']
[0.486s] Level 1:colcon.colcon_core.package_identification:_identify(src/navigation2_dynamic/nav2_dynamic_msgs) by extension 'colcon_meta'
[0.486s] Level 1:colcon.colcon_core.package_identification:_identify(src/navigation2_dynamic/nav2_dynamic_msgs) by extensions ['ros']
[0.486s] Level 1:colcon.colcon_core.package_identification:_identify(src/navigation2_dynamic/nav2_dynamic_msgs) by extension 'ros'
[0.487s] DEBUG:colcon.colcon_core.package_identification:Package 'src/navigation2_dynamic/nav2_dynamic_msgs' with type 'ros.ament_cmake' and name 'nav2_dynamic_msgs'
[0.488s] Level 1:colcon.colcon_core.package_identification:_identify(src/socketcan_adapter) by extensions ['ignore', 'ignore_ament_install']
[0.488s] Level 1:colcon.colcon_core.package_identification:_identify(src/socketcan_adapter) by extension 'ignore'
[0.488s] Level 1:colcon.colcon_core.package_identification:_identify(src/socketcan_adapter) by extension 'ignore_ament_install'
[0.488s] Level 1:colcon.colcon_core.package_identification:_identify(src/socketcan_adapter) by extensions ['colcon_pkg']
[0.488s] Level 1:colcon.colcon_core.package_identification:_identify(src/socketcan_adapter) by extension 'colcon_pkg'
[0.488s] Level 1:colcon.colcon_core.package_identification:_identify(src/socketcan_adapter) by extensions ['colcon_meta']
[0.488s] Level 1:colcon.colcon_core.package_identification:_identify(src/socketcan_adapter) by extension 'colcon_meta'
[0.488s] Level 1:colcon.colcon_core.package_identification:_identify(src/socketcan_adapter) by extensions ['ros']
[0.488s] Level 1:colcon.colcon_core.package_identification:_identify(src/socketcan_adapter) by extension 'ros'
[0.489s] Level 1:colcon.colcon_core.package_identification:_identify(src/socketcan_adapter) by extensions ['cmake', 'python']
[0.489s] Level 1:colcon.colcon_core.package_identification:_identify(src/socketcan_adapter) by extension 'cmake'
[0.489s] Level 1:colcon.colcon_core.package_identification:_identify(src/socketcan_adapter) by extension 'python'
[0.489s] Level 1:colcon.colcon_core.package_identification:_identify(src/socketcan_adapter) by extensions ['python_setup_py']
[0.489s] Level 1:colcon.colcon_core.package_identification:_identify(src/socketcan_adapter) by extension 'python_setup_py'
[0.489s] Level 1:colcon.colcon_core.package_identification:_identify(src/socketcan_adapter/socketcan_adapter) by extensions ['ignore', 'ignore_ament_install']
[0.489s] Level 1:colcon.colcon_core.package_identification:_identify(src/socketcan_adapter/socketcan_adapter) by extension 'ignore'
[0.489s] Level 1:colcon.colcon_core.package_identification:_identify(src/socketcan_adapter/socketcan_adapter) by extension 'ignore_ament_install'
[0.489s] Level 1:colcon.colcon_core.package_identification:_identify(src/socketcan_adapter/socketcan_adapter) by extensions ['colcon_pkg']
[0.489s] Level 1:colcon.colcon_core.package_identification:_identify(src/socketcan_adapter/socketcan_adapter) by extension 'colcon_pkg'
[0.489s] Level 1:colcon.colcon_core.package_identification:_identify(src/socketcan_adapter/socketcan_adapter) by extensions ['colcon_meta']
[0.489s] Level 1:colcon.colcon_core.package_identification:_identify(src/socketcan_adapter/socketcan_adapter) by extension 'colcon_meta'
[0.490s] Level 1:colcon.colcon_core.package_identification:_identify(src/socketcan_adapter/socketcan_adapter) by extensions ['ros']
[0.490s] Level 1:colcon.colcon_core.package_identification:_identify(src/socketcan_adapter/socketcan_adapter) by extension 'ros'
[0.490s] DEBUG:colcon.colcon_core.package_identification:Package 'src/socketcan_adapter/socketcan_adapter' with type 'ros.ament_cmake' and name 'socketcan_adapter'
[0.490s] Level 1:colcon.colcon_core.package_identification:_identify(src/socketcan_adapter/socketcan_adapter_ros) by extensions ['ignore', 'ignore_ament_install']
[0.491s] Level 1:colcon.colcon_core.package_identification:_identify(src/socketcan_adapter/socketcan_adapter_ros) by extension 'ignore'
[0.491s] Level 1:colcon.colcon_core.package_identification:_identify(src/socketcan_adapter/socketcan_adapter_ros) by extension 'ignore_ament_install'
[0.491s] Level 1:colcon.colcon_core.package_identification:_identify(src/socketcan_adapter/socketcan_adapter_ros) by extensions ['colcon_pkg']
[0.491s] Level 1:colcon.colcon_core.package_identification:_identify(src/socketcan_adapter/socketcan_adapter_ros) by extension 'colcon_pkg'
[0.491s] Level 1:colcon.colcon_core.package_identification:_identify(src/socketcan_adapter/socketcan_adapter_ros) by extensions ['colcon_meta']
[0.491s] Level 1:colcon.colcon_core.package_identification:_identify(src/socketcan_adapter/socketcan_adapter_ros) by extension 'colcon_meta'
[0.491s] Level 1:colcon.colcon_core.package_identification:_identify(src/socketcan_adapter/socketcan_adapter_ros) by extensions ['ros']
[0.491s] Level 1:colcon.colcon_core.package_identification:_identify(src/socketcan_adapter/socketcan_adapter_ros) by extension 'ros'
[0.492s] DEBUG:colcon.colcon_core.package_identification:Package 'src/socketcan_adapter/socketcan_adapter_ros' with type 'ros.ament_cmake' and name 'socketcan_adapter_ros'
[0.492s] Level 1:colcon.colcon_core.package_discovery:discover_packages(recursive) using defaults
[0.492s] Level 1:colcon.colcon_core.package_discovery:discover_packages(ignore) discover
[0.492s] Level 1:colcon.colcon_core.package_discovery:discover_packages(ignore) using defaults
[0.492s] Level 1:colcon.colcon_core.package_discovery:discover_packages(path) discover
[0.492s] Level 1:colcon.colcon_core.package_discovery:discover_packages(path) using defaults
[0.557s] Level 1:colcon.colcon_core.package_discovery:discover_packages(prefix_path) check parameters
[0.557s] Level 1:colcon.colcon_core.package_discovery:discover_packages(prefix_path) discover
[0.561s] DEBUG:colcon.colcon_installed_package_information.package_discovery:Found 11 installed packages in /home/jet_orin/streetlive/AD-fusionbox/install
[0.563s] DEBUG:colcon.colcon_installed_package_information.package_discovery:Found 332 installed packages in /opt/ros/humble
[0.565s] Level 1:colcon.colcon_core.package_discovery:discover_packages(prefix_path) using defaults
[0.629s] Level 5:colcon.colcon_core.verb:set package 'nav2_dynamic_msgs' build argument 'cmake_args' from command line to 'None'
[0.629s] Level 5:colcon.colcon_core.verb:set package 'nav2_dynamic_msgs' build argument 'cmake_target' from command line to 'None'
[0.629s] Level 5:colcon.colcon_core.verb:set package 'nav2_dynamic_msgs' build argument 'cmake_target_skip_unavailable' from command line to 'False'
[0.629s] Level 5:colcon.colcon_core.verb:set package 'nav2_dynamic_msgs' build argument 'cmake_clean_cache' from command line to 'False'
[0.629s] Level 5:colcon.colcon_core.verb:set package 'nav2_dynamic_msgs' build argument 'cmake_clean_first' from command line to 'False'
[0.629s] Level 5:colcon.colcon_core.verb:set package 'nav2_dynamic_msgs' build argument 'cmake_force_configure' from command line to 'False'
[0.629s] Level 5:colcon.colcon_core.verb:set package 'nav2_dynamic_msgs' build argument 'ament_cmake_args' from command line to 'None'
[0.629s] Level 5:colcon.colcon_core.verb:set package 'nav2_dynamic_msgs' build argument 'catkin_cmake_args' from command line to 'None'
[0.629s] Level 5:colcon.colcon_core.verb:set package 'nav2_dynamic_msgs' build argument 'catkin_skip_building_tests' from command line to 'False'
[0.630s] DEBUG:colcon.colcon_core.verb:Building package 'nav2_dynamic_msgs' with the following arguments: {'ament_cmake_args': None, 'build_base': '/home/jet_orin/streetlive/test/build/nav2_dynamic_msgs', 'catkin_cmake_args': None, 'catkin_skip_building_tests': False, 'cmake_args': None, 'cmake_clean_cache': False, 'cmake_clean_first': False, 'cmake_force_configure': False, 'cmake_target': None, 'cmake_target_skip_unavailable': False, 'install_base': '/home/jet_orin/streetlive/test/install/nav2_dynamic_msgs', 'merge_install': False, 'path': '/home/jet_orin/streetlive/test/src/navigation2_dynamic/nav2_dynamic_msgs', 'symlink_install': True, 'test_result_base': None}
[0.630s] Level 5:colcon.colcon_core.verb:set package 'radar_conti_ars408_msgs' build argument 'cmake_args' from command line to 'None'
[0.630s] Level 5:colcon.colcon_core.verb:set package 'radar_conti_ars408_msgs' build argument 'cmake_target' from command line to 'None'
[0.630s] Level 5:colcon.colcon_core.verb:set package 'radar_conti_ars408_msgs' build argument 'cmake_target_skip_unavailable' from command line to 'False'
[0.630s] Level 5:colcon.colcon_core.verb:set package 'radar_conti_ars408_msgs' build argument 'cmake_clean_cache' from command line to 'False'
[0.630s] Level 5:colcon.colcon_core.verb:set package 'radar_conti_ars408_msgs' build argument 'cmake_clean_first' from command line to 'False'
[0.630s] Level 5:colcon.colcon_core.verb:set package 'radar_conti_ars408_msgs' build argument 'cmake_force_configure' from command line to 'False'
[0.630s] Level 5:colcon.colcon_core.verb:set package 'radar_conti_ars408_msgs' build argument 'ament_cmake_args' from command line to 'None'
[0.630s] Level 5:colcon.colcon_core.verb:set package 'radar_conti_ars408_msgs' build argument 'catkin_cmake_args' from command line to 'None'
[0.630s] Level 5:colcon.colcon_core.verb:set package 'radar_conti_ars408_msgs' build argument 'catkin_skip_building_tests' from command line to 'False'
[0.630s] DEBUG:colcon.colcon_core.verb:Building package 'radar_conti_ars408_msgs' with the following arguments: {'ament_cmake_args': None, 'build_base': '/home/jet_orin/streetlive/test/build/radar_conti_ars408_msgs', 'catkin_cmake_args': None, 'catkin_skip_building_tests': False, 'cmake_args': None, 'cmake_clean_cache': False, 'cmake_clean_first': False, 'cmake_force_configure': False, 'cmake_target': None, 'cmake_target_skip_unavailable': False, 'install_base': '/home/jet_orin/streetlive/test/install/radar_conti_ars408_msgs', 'merge_install': False, 'path': '/home/jet_orin/streetlive/test/src/ars-408/radar_conti_ars408_msgs', 'symlink_install': True, 'test_result_base': None}
[0.631s] Level 5:colcon.colcon_core.verb:set package 'socketcan_adapter' build argument 'cmake_args' from command line to 'None'
[0.631s] Level 5:colcon.colcon_core.verb:set package 'socketcan_adapter' build argument 'cmake_target' from command line to 'None'
[0.631s] Level 5:colcon.colcon_core.verb:set package 'socketcan_adapter' build argument 'cmake_target_skip_unavailable' from command line to 'False'
[0.631s] Level 5:colcon.colcon_core.verb:set package 'socketcan_adapter' build argument 'cmake_clean_cache' from command line to 'False'
[0.631s] Level 5:colcon.colcon_core.verb:set package 'socketcan_adapter' build argument 'cmake_clean_first' from command line to 'False'
[0.631s] Level 5:colcon.colcon_core.verb:set package 'socketcan_adapter' build argument 'cmake_force_configure' from command line to 'False'
[0.631s] Level 5:colcon.colcon_core.verb:set package 'socketcan_adapter' build argument 'ament_cmake_args' from command line to 'None'
[0.631s] Level 5:colcon.colcon_core.verb:set package 'socketcan_adapter' build argument 'catkin_cmake_args' from command line to 'None'
[0.631s] Level 5:colcon.colcon_core.verb:set package 'socketcan_adapter' build argument 'catkin_skip_building_tests' from command line to 'False'
[0.631s] DEBUG:colcon.colcon_core.verb:Building package 'socketcan_adapter' with the following arguments: {'ament_cmake_args': None, 'build_base': '/home/jet_orin/streetlive/test/build/socketcan_adapter', 'catkin_cmake_args': None, 'catkin_skip_building_tests': False, 'cmake_args': None, 'cmake_clean_cache': False, 'cmake_clean_first': False, 'cmake_force_configure': False, 'cmake_target': None, 'cmake_target_skip_unavailable': False, 'install_base': '/home/jet_orin/streetlive/test/install/socketcan_adapter', 'merge_install': False, 'path': '/home/jet_orin/streetlive/test/src/socketcan_adapter/socketcan_adapter', 'symlink_install': True, 'test_result_base': None}
[0.632s] Level 5:colcon.colcon_core.verb:set package 'kf_hungarian_tracker' build argument 'cmake_args' from command line to 'None'
[0.632s] Level 5:colcon.colcon_core.verb:set package 'kf_hungarian_tracker' build argument 'cmake_target' from command line to 'None'
[0.632s] Level 5:colcon.colcon_core.verb:set package 'kf_hungarian_tracker' build argument 'cmake_target_skip_unavailable' from command line to 'False'
[0.632s] Level 5:colcon.colcon_core.verb:set package 'kf_hungarian_tracker' build argument 'cmake_clean_cache' from command line to 'False'
[0.632s] Level 5:colcon.colcon_core.verb:set package 'kf_hungarian_tracker' build argument 'cmake_clean_first' from command line to 'False'
[0.632s] Level 5:colcon.colcon_core.verb:set package 'kf_hungarian_tracker' build argument 'cmake_force_configure' from command line to 'False'
[0.632s] Level 5:colcon.colcon_core.verb:set package 'kf_hungarian_tracker' build argument 'ament_cmake_args' from command line to 'None'
[0.632s] Level 5:colcon.colcon_core.verb:set package 'kf_hungarian_tracker' build argument 'catkin_cmake_args' from command line to 'None'
[0.632s] Level 5:colcon.colcon_core.verb:set package 'kf_hungarian_tracker' build argument 'catkin_skip_building_tests' from command line to 'False'
[0.632s] DEBUG:colcon.colcon_core.verb:Building package 'kf_hungarian_tracker' with the following arguments: {'ament_cmake_args': None, 'build_base': '/home/jet_orin/streetlive/test/build/kf_hungarian_tracker', 'catkin_cmake_args': None, 'catkin_skip_building_tests': False, 'cmake_args': None, 'cmake_clean_cache': False, 'cmake_clean_first': False, 'cmake_force_configure': False, 'cmake_target': None, 'cmake_target_skip_unavailable': False, 'install_base': '/home/jet_orin/streetlive/test/install/kf_hungarian_tracker', 'merge_install': False, 'path': '/home/jet_orin/streetlive/test/src/navigation2_dynamic/kf_hungarian_tracker', 'symlink_install': True, 'test_result_base': None}
[0.633s] Level 5:colcon.colcon_core.verb:set package 'radar_conti_ars408' build argument 'cmake_args' from command line to 'None'
[0.633s] Level 5:colcon.colcon_core.verb:set package 'radar_conti_ars408' build argument 'cmake_target' from command line to 'None'
[0.633s] Level 5:colcon.colcon_core.verb:set package 'radar_conti_ars408' build argument 'cmake_target_skip_unavailable' from command line to 'False'
[0.633s] Level 5:colcon.colcon_core.verb:set package 'radar_conti_ars408' build argument 'cmake_clean_cache' from command line to 'False'
[0.633s] Level 5:colcon.colcon_core.verb:set package 'radar_conti_ars408' build argument 'cmake_clean_first' from command line to 'False'
[0.633s] Level 5:colcon.colcon_core.verb:set package 'radar_conti_ars408' build argument 'cmake_force_configure' from command line to 'False'
[0.633s] Level 5:colcon.colcon_core.verb:set package 'radar_conti_ars408' build argument 'ament_cmake_args' from command line to 'None'
[0.633s] Level 5:colcon.colcon_core.verb:set package 'radar_conti_ars408' build argument 'catkin_cmake_args' from command line to 'None'
[0.633s] Level 5:colcon.colcon_core.verb:set package 'radar_conti_ars408' build argument 'catkin_skip_building_tests' from command line to 'False'
[0.633s] DEBUG:colcon.colcon_core.verb:Building package 'radar_conti_ars408' with the following arguments: {'ament_cmake_args': None, 'build_base': '/home/jet_orin/streetlive/test/build/radar_conti_ars408', 'catkin_cmake_args': None, 'catkin_skip_building_tests': False, 'cmake_args': None, 'cmake_clean_cache': False, 'cmake_clean_first': False, 'cmake_force_configure': False, 'cmake_target': None, 'cmake_target_skip_unavailable': False, 'install_base': '/home/jet_orin/streetlive/test/install/radar_conti_ars408', 'merge_install': False, 'path': '/home/jet_orin/streetlive/test/src/ars-408/radar_conti_ars408/src', 'symlink_install': True, 'test_result_base': None}
[0.633s] Level 5:colcon.colcon_core.verb:set package 'socketcan_adapter_ros' build argument 'cmake_args' from command line to 'None'
[0.633s] Level 5:colcon.colcon_core.verb:set package 'socketcan_adapter_ros' build argument 'cmake_target' from command line to 'None'
[0.633s] Level 5:colcon.colcon_core.verb:set package 'socketcan_adapter_ros' build argument 'cmake_target_skip_unavailable' from command line to 'False'
[0.633s] Level 5:colcon.colcon_core.verb:set package 'socketcan_adapter_ros' build argument 'cmake_clean_cache' from command line to 'False'
[0.633s] Level 5:colcon.colcon_core.verb:set package 'socketcan_adapter_ros' build argument 'cmake_clean_first' from command line to 'False'
[0.634s] Level 5:colcon.colcon_core.verb:set package 'socketcan_adapter_ros' build argument 'cmake_force_configure' from command line to 'False'
[0.634s] Level 5:colcon.colcon_core.verb:set package 'socketcan_adapter_ros' build argument 'ament_cmake_args' from command line to 'None'
[0.634s] Level 5:colcon.colcon_core.verb:set package 'socketcan_adapter_ros' build argument 'catkin_cmake_args' from command line to 'None'
[0.634s] Level 5:colcon.colcon_core.verb:set package 'socketcan_adapter_ros' build argument 'catkin_skip_building_tests' from command line to 'False'
[0.634s] DEBUG:colcon.colcon_core.verb:Building package 'socketcan_adapter_ros' with the following arguments: {'ament_cmake_args': None, 'build_base': '/home/jet_orin/streetlive/test/build/socketcan_adapter_ros', 'catkin_cmake_args': None, 'catkin_skip_building_tests': False, 'cmake_args': None, 'cmake_clean_cache': False, 'cmake_clean_first': False, 'cmake_force_configure': False, 'cmake_target': None, 'cmake_target_skip_unavailable': False, 'install_base': '/home/jet_orin/streetlive/test/install/socketcan_adapter_ros', 'merge_install': False, 'path': '/home/jet_orin/streetlive/test/src/socketcan_adapter/socketcan_adapter_ros', 'symlink_install': True, 'test_result_base': None}
[0.634s] INFO:colcon.colcon_core.executor:Executing jobs using 'parallel' executor
[0.636s] DEBUG:colcon.colcon_parallel_executor.executor.parallel:run_until_complete
[0.637s] INFO:colcon.colcon_ros.task.ament_cmake.build:Building ROS package in '/home/jet_orin/streetlive/test/src/navigation2_dynamic/nav2_dynamic_msgs' with build type 'ament_cmake'
[0.637s] INFO:colcon.colcon_cmake.task.cmake.build:Building CMake package in '/home/jet_orin/streetlive/test/src/navigation2_dynamic/nav2_dynamic_msgs'
[0.640s] INFO:colcon.colcon_core.plugin_system:Skipping extension 'colcon_core.shell.bat': Not used on non-Windows systems
[0.641s] INFO:colcon.colcon_core.shell:Skip shell extension 'powershell' for command environment: Not usable outside of PowerShell
[0.641s] DEBUG:colcon.colcon_core.shell:Skip shell extension 'dsv' for command environment
[0.647s] INFO:colcon.colcon_ros.task.ament_cmake.build:Building ROS package in '/home/jet_orin/streetlive/test/src/socketcan_adapter/socketcan_adapter' with build type 'ament_cmake'
[0.648s] INFO:colcon.colcon_cmake.task.cmake.build:Building CMake package in '/home/jet_orin/streetlive/test/src/socketcan_adapter/socketcan_adapter'
[0.648s] INFO:colcon.colcon_core.shell:Skip shell extension 'powershell' for command environment: Not usable outside of PowerShell
[0.648s] DEBUG:colcon.colcon_core.shell:Skip shell extension 'dsv' for command environment
[0.654s] INFO:colcon.colcon_ros.task.ament_cmake.build:Building ROS package in '/home/jet_orin/streetlive/test/src/ars-408/radar_conti_ars408_msgs' with build type 'ament_cmake'
[0.654s] INFO:colcon.colcon_cmake.task.cmake.build:Building CMake package in '/home/jet_orin/streetlive/test/src/ars-408/radar_conti_ars408_msgs'
[0.655s] INFO:colcon.colcon_core.shell:Skip shell extension 'powershell' for command environment: Not usable outside of PowerShell
[0.655s] DEBUG:colcon.colcon_core.shell:Skip shell extension 'dsv' for command environment
[0.668s] DEBUG:colcon.colcon_core.event_handler.log_command:Invoking command in '/home/jet_orin/streetlive/test/build/nav2_dynamic_msgs': CMAKE_PREFIX_PATH=${CMAKE_PREFIX_PATH}:/home/jet_orin/streetlive/AD-fusionbox/install/perception:/home/jet_orin/streetlive/AD-fusionbox/install/offline:/home/jet_orin/streetlive/AD-fusionbox/install/localization:/home/jet_orin/streetlive/AD-fusionbox/install/drivers:/opt/ros/humble /usr/bin/cmake --build /home/jet_orin/streetlive/test/build/nav2_dynamic_msgs -- -j12 -l12
[0.677s] DEBUG:colcon.colcon_core.event_handler.log_command:Invoking command in '/home/jet_orin/streetlive/test/build/socketcan_adapter': CMAKE_PREFIX_PATH=${CMAKE_PREFIX_PATH}:/home/jet_orin/streetlive/AD-fusionbox/install/perception:/home/jet_orin/streetlive/AD-fusionbox/install/offline:/home/jet_orin/streetlive/AD-fusionbox/install/localization:/home/jet_orin/streetlive/AD-fusionbox/install/drivers:/opt/ros/humble /usr/bin/cmake --build /home/jet_orin/streetlive/test/build/socketcan_adapter -- -j12 -l12
[0.684s] DEBUG:colcon.colcon_core.event_handler.log_command:Invoking command in '/home/jet_orin/streetlive/test/build/radar_conti_ars408_msgs': CMAKE_PREFIX_PATH=${CMAKE_PREFIX_PATH}:/home/jet_orin/streetlive/AD-fusionbox/install/perception:/home/jet_orin/streetlive/AD-fusionbox/install/offline:/home/jet_orin/streetlive/AD-fusionbox/install/localization:/home/jet_orin/streetlive/AD-fusionbox/install/drivers:/opt/ros/humble /usr/bin/cmake --build /home/jet_orin/streetlive/test/build/radar_conti_ars408_msgs -- -j12 -l12
[0.827s] DEBUG:colcon.colcon_core.event_handler.log_command:Invoked command in '/home/jet_orin/streetlive/test/build/socketcan_adapter' returned '0': CMAKE_PREFIX_PATH=${CMAKE_PREFIX_PATH}:/home/jet_orin/streetlive/AD-fusionbox/install/perception:/home/jet_orin/streetlive/AD-fusionbox/install/offline:/home/jet_orin/streetlive/AD-fusionbox/install/localization:/home/jet_orin/streetlive/AD-fusionbox/install/drivers:/opt/ros/humble /usr/bin/cmake --build /home/jet_orin/streetlive/test/build/socketcan_adapter -- -j12 -l12
[0.844s] DEBUG:colcon.colcon_core.event_handler.log_command:Invoking command in '/home/jet_orin/streetlive/test/build/socketcan_adapter': CMAKE_PREFIX_PATH=${CMAKE_PREFIX_PATH}:/home/jet_orin/streetlive/AD-fusionbox/install/perception:/home/jet_orin/streetlive/AD-fusionbox/install/offline:/home/jet_orin/streetlive/AD-fusionbox/install/localization:/home/jet_orin/streetlive/AD-fusionbox/install/drivers:/opt/ros/humble /usr/bin/cmake --install /home/jet_orin/streetlive/test/build/socketcan_adapter
[0.892s] Level 1:colcon.colcon_core.environment:create_environment_scripts_only(socketcan_adapter)
[0.894s] DEBUG:colcon.colcon_core.event_handler.log_command:Invoked command in '/home/jet_orin/streetlive/test/build/socketcan_adapter' returned '0': CMAKE_PREFIX_PATH=${CMAKE_PREFIX_PATH}:/home/jet_orin/streetlive/AD-fusionbox/install/perception:/home/jet_orin/streetlive/AD-fusionbox/install/offline:/home/jet_orin/streetlive/AD-fusionbox/install/localization:/home/jet_orin/streetlive/AD-fusionbox/install/drivers:/opt/ros/humble /usr/bin/cmake --install /home/jet_orin/streetlive/test/build/socketcan_adapter
[0.899s] Level 1:colcon.colcon_core.environment:checking '/home/jet_orin/streetlive/test/install/socketcan_adapter' for CMake module files
[0.900s] Level 1:colcon.colcon_core.environment:checking '/home/jet_orin/streetlive/test/install/socketcan_adapter' for CMake config files
[0.900s] Level 1:colcon.colcon_core.shell:create_environment_hook('socketcan_adapter', 'cmake_prefix_path')
[0.901s] INFO:colcon.colcon_core.shell:Creating environment hook '/home/jet_orin/streetlive/test/install/socketcan_adapter/share/socketcan_adapter/hook/cmake_prefix_path.ps1'
[0.902s] INFO:colcon.colcon_core.shell:Creating environment descriptor '/home/jet_orin/streetlive/test/install/socketcan_adapter/share/socketcan_adapter/hook/cmake_prefix_path.dsv'
[0.903s] INFO:colcon.colcon_core.shell:Creating environment hook '/home/jet_orin/streetlive/test/install/socketcan_adapter/share/socketcan_adapter/hook/cmake_prefix_path.sh'
[0.905s] Level 1:colcon.colcon_core.environment:checking '/home/jet_orin/streetlive/test/install/socketcan_adapter/lib'
[0.905s] Level 1:colcon.colcon_core.shell:create_environment_hook('socketcan_adapter', 'ld_library_path_lib')
[0.905s] INFO:colcon.colcon_core.shell:Creating environment hook '/home/jet_orin/streetlive/test/install/socketcan_adapter/share/socketcan_adapter/hook/ld_library_path_lib.ps1'
[0.907s] INFO:colcon.colcon_core.shell:Creating environment descriptor '/home/jet_orin/streetlive/test/install/socketcan_adapter/share/socketcan_adapter/hook/ld_library_path_lib.dsv'
[0.908s] INFO:colcon.colcon_core.shell:Creating environment hook '/home/jet_orin/streetlive/test/install/socketcan_adapter/share/socketcan_adapter/hook/ld_library_path_lib.sh'
[0.909s] Level 1:colcon.colcon_core.environment:checking '/home/jet_orin/streetlive/test/install/socketcan_adapter/bin'
[0.909s] Level 1:colcon.colcon_core.environment:checking '/home/jet_orin/streetlive/test/install/socketcan_adapter/lib/pkgconfig/socketcan_adapter.pc'
[0.910s] Level 1:colcon.colcon_core.environment:checking '/home/jet_orin/streetlive/test/install/socketcan_adapter/lib/python3.10/site-packages'
[0.910s] Level 1:colcon.colcon_core.environment:checking '/home/jet_orin/streetlive/test/install/socketcan_adapter/bin'
[0.911s] INFO:colcon.colcon_core.shell:Creating package script '/home/jet_orin/streetlive/test/install/socketcan_adapter/share/socketcan_adapter/package.ps1'
[0.913s] INFO:colcon.colcon_core.shell:Creating package descriptor '/home/jet_orin/streetlive/test/install/socketcan_adapter/share/socketcan_adapter/package.dsv'
[0.914s] INFO:colcon.colcon_core.shell:Creating package script '/home/jet_orin/streetlive/test/install/socketcan_adapter/share/socketcan_adapter/package.sh'
[0.915s] INFO:colcon.colcon_core.shell:Creating package script '/home/jet_orin/streetlive/test/install/socketcan_adapter/share/socketcan_adapter/package.bash'
[0.916s] INFO:colcon.colcon_core.shell:Creating package script '/home/jet_orin/streetlive/test/install/socketcan_adapter/share/socketcan_adapter/package.zsh'
[0.918s] Level 1:colcon.colcon_core.environment:create_file_with_runtime_dependencies(/home/jet_orin/streetlive/test/install/socketcan_adapter/share/colcon-core/packages/socketcan_adapter)
[0.920s] Level 1:colcon.colcon_core.environment:create_environment_scripts_only(socketcan_adapter)
[0.920s] Level 1:colcon.colcon_core.environment:checking '/home/jet_orin/streetlive/test/install/socketcan_adapter' for CMake module files
[0.921s] Level 1:colcon.colcon_core.environment:checking '/home/jet_orin/streetlive/test/install/socketcan_adapter' for CMake config files
[0.922s] Level 1:colcon.colcon_core.shell:create_environment_hook('socketcan_adapter', 'cmake_prefix_path')
[0.922s] INFO:colcon.colcon_core.shell:Creating environment hook '/home/jet_orin/streetlive/test/install/socketcan_adapter/share/socketcan_adapter/hook/cmake_prefix_path.ps1'
[0.923s] INFO:colcon.colcon_core.shell:Creating environment descriptor '/home/jet_orin/streetlive/test/install/socketcan_adapter/share/socketcan_adapter/hook/cmake_prefix_path.dsv'
[0.924s] INFO:colcon.colcon_core.shell:Creating environment hook '/home/jet_orin/streetlive/test/install/socketcan_adapter/share/socketcan_adapter/hook/cmake_prefix_path.sh'
[0.925s] Level 1:colcon.colcon_core.environment:checking '/home/jet_orin/streetlive/test/install/socketcan_adapter/lib'
[0.926s] Level 1:colcon.colcon_core.shell:create_environment_hook('socketcan_adapter', 'ld_library_path_lib')
[0.926s] INFO:colcon.colcon_core.shell:Creating environment hook '/home/jet_orin/streetlive/test/install/socketcan_adapter/share/socketcan_adapter/hook/ld_library_path_lib.ps1'
[0.927s] INFO:colcon.colcon_core.shell:Creating environment descriptor '/home/jet_orin/streetlive/test/install/socketcan_adapter/share/socketcan_adapter/hook/ld_library_path_lib.dsv'
[0.927s] INFO:colcon.colcon_core.shell:Creating environment hook '/home/jet_orin/streetlive/test/install/socketcan_adapter/share/socketcan_adapter/hook/ld_library_path_lib.sh'
[0.928s] Level 1:colcon.colcon_core.environment:checking '/home/jet_orin/streetlive/test/install/socketcan_adapter/bin'
[0.928s] Level 1:colcon.colcon_core.environment:checking '/home/jet_orin/streetlive/test/install/socketcan_adapter/lib/pkgconfig/socketcan_adapter.pc'
[0.929s] Level 1:colcon.colcon_core.environment:checking '/home/jet_orin/streetlive/test/install/socketcan_adapter/lib/python3.10/site-packages'
[0.929s] Level 1:colcon.colcon_core.environment:checking '/home/jet_orin/streetlive/test/install/socketcan_adapter/bin'
[0.930s] INFO:colcon.colcon_core.shell:Creating package script '/home/jet_orin/streetlive/test/install/socketcan_adapter/share/socketcan_adapter/package.ps1'
[0.931s] INFO:colcon.colcon_core.shell:Creating package descriptor '/home/jet_orin/streetlive/test/install/socketcan_adapter/share/socketcan_adapter/package.dsv'
[0.932s] INFO:colcon.colcon_core.shell:Creating package script '/home/jet_orin/streetlive/test/install/socketcan_adapter/share/socketcan_adapter/package.sh'
[0.933s] INFO:colcon.colcon_core.shell:Creating package script '/home/jet_orin/streetlive/test/install/socketcan_adapter/share/socketcan_adapter/package.bash'
[0.934s] INFO:colcon.colcon_core.shell:Creating package script '/home/jet_orin/streetlive/test/install/socketcan_adapter/share/socketcan_adapter/package.zsh'
[0.934s] Level 1:colcon.colcon_core.environment:create_file_with_runtime_dependencies(/home/jet_orin/streetlive/test/install/socketcan_adapter/share/colcon-core/packages/socketcan_adapter)
[0.935s] INFO:colcon.colcon_ros.task.ament_cmake.build:Building ROS package in '/home/jet_orin/streetlive/test/src/socketcan_adapter/socketcan_adapter_ros' with build type 'ament_cmake'
[0.935s] INFO:colcon.colcon_cmake.task.cmake.build:Building CMake package in '/home/jet_orin/streetlive/test/src/socketcan_adapter/socketcan_adapter_ros'
[0.936s] INFO:colcon.colcon_core.shell:Skip shell extension 'powershell' for command environment: Not usable outside of PowerShell
[0.936s] DEBUG:colcon.colcon_core.shell:Skip shell extension 'dsv' for command environment
[0.958s] DEBUG:colcon.colcon_core.event_handler.log_command:Invoking command in '/home/jet_orin/streetlive/test/build/socketcan_adapter_ros': AMENT_PREFIX_PATH=/home/jet_orin/streetlive/test/install/socketcan_adapter:${AMENT_PREFIX_PATH} CMAKE_PREFIX_PATH=/home/jet_orin/streetlive/test/install/socketcan_adapter:/home/jet_orin/streetlive/AD-fusionbox/install/zed_ros2:/home/jet_orin/streetlive/AD-fusionbox/install/bringup:/home/jet_orin/streetlive/AD-fusionbox/install/zed_wrapper:/home/jet_orin/streetlive/AD-fusionbox/install/zed_debug:/home/jet_orin/streetlive/AD-fusionbox/install/zed_components:/home/jet_orin/streetlive/AD-fusionbox/install/streetlive_msgs:/home/jet_orin/streetlive/AD-fusionbox/install/msgs:/home/jet_orin/streetlive/AD-fusionbox/install/perception:/home/jet_orin/streetlive/AD-fusionbox/install/offline:/home/jet_orin/streetlive/AD-fusionbox/install/localization:/home/jet_orin/streetlive/AD-fusionbox/install/drivers:/opt/ros/humble LD_LIBRARY_PATH=/home/jet_orin/streetlive/test/install/socketcan_adapter/lib:/home/jet_orin/streetlive/AD-fusionbox/install/zed_components/lib:/opt/ros/humble/opt/rviz_ogre_vendor/lib:/opt/ros/humble/lib/aarch64-linux-gnu:/opt/ros/humble/lib:/usr/local/cuda-12.6/lib64 /usr/bin/cmake --build /home/jet_orin/streetlive/test/build/socketcan_adapter_ros -- -j12 -l12
[1.122s] DEBUG:colcon.colcon_core.event_handler.log_command:Invoked command in '/home/jet_orin/streetlive/test/build/socketcan_adapter_ros' returned '0': AMENT_PREFIX_PATH=/home/jet_orin/streetlive/test/install/socketcan_adapter:${AMENT_PREFIX_PATH} CMAKE_PREFIX_PATH=/home/jet_orin/streetlive/test/install/socketcan_adapter:/home/jet_orin/streetlive/AD-fusionbox/install/zed_ros2:/home/jet_orin/streetlive/AD-fusionbox/install/bringup:/home/jet_orin/streetlive/AD-fusionbox/install/zed_wrapper:/home/jet_orin/streetlive/AD-fusionbox/install/zed_debug:/home/jet_orin/streetlive/AD-fusionbox/install/zed_components:/home/jet_orin/streetlive/AD-fusionbox/install/streetlive_msgs:/home/jet_orin/streetlive/AD-fusionbox/install/msgs:/home/jet_orin/streetlive/AD-fusionbox/install/perception:/home/jet_orin/streetlive/AD-fusionbox/install/offline:/home/jet_orin/streetlive/AD-fusionbox/install/localization:/home/jet_orin/streetlive/AD-fusionbox/install/drivers:/opt/ros/humble LD_LIBRARY_PATH=/home/jet_orin/streetlive/test/install/socketcan_adapter/lib:/home/jet_orin/streetlive/AD-fusionbox/install/zed_components/lib:/opt/ros/humble/opt/rviz_ogre_vendor/lib:/opt/ros/humble/lib/aarch64-linux-gnu:/opt/ros/humble/lib:/usr/local/cuda-12.6/lib64 /usr/bin/cmake --build /home/jet_orin/streetlive/test/build/socketcan_adapter_ros -- -j12 -l12
[1.126s] DEBUG:colcon.colcon_core.event_handler.log_command:Invoking command in '/home/jet_orin/streetlive/test/build/socketcan_adapter_ros': AMENT_PREFIX_PATH=/home/jet_orin/streetlive/test/install/socketcan_adapter:${AMENT_PREFIX_PATH} CMAKE_PREFIX_PATH=/home/jet_orin/streetlive/test/install/socketcan_adapter:/home/jet_orin/streetlive/AD-fusionbox/install/zed_ros2:/home/jet_orin/streetlive/AD-fusionbox/install/bringup:/home/jet_orin/streetlive/AD-fusionbox/install/zed_wrapper:/home/jet_orin/streetlive/AD-fusionbox/install/zed_debug:/home/jet_orin/streetlive/AD-fusionbox/install/zed_components:/home/jet_orin/streetlive/AD-fusionbox/install/streetlive_msgs:/home/jet_orin/streetlive/AD-fusionbox/install/msgs:/home/jet_orin/streetlive/AD-fusionbox/install/perception:/home/jet_orin/streetlive/AD-fusionbox/install/offline:/home/jet_orin/streetlive/AD-fusionbox/install/localization:/home/jet_orin/streetlive/AD-fusionbox/install/drivers:/opt/ros/humble LD_LIBRARY_PATH=/home/jet_orin/streetlive/test/install/socketcan_adapter/lib:/home/jet_orin/streetlive/AD-fusionbox/install/zed_components/lib:/opt/ros/humble/opt/rviz_ogre_vendor/lib:/opt/ros/humble/lib/aarch64-linux-gnu:/opt/ros/humble/lib:/usr/local/cuda-12.6/lib64 /usr/bin/cmake --install /home/jet_orin/streetlive/test/build/socketcan_adapter_ros
[1.166s] Level 1:colcon.colcon_core.environment:create_environment_scripts_only(socketcan_adapter_ros)
[1.167s] Level 1:colcon.colcon_core.environment:checking '/home/jet_orin/streetlive/test/install/socketcan_adapter_ros' for CMake module files
[1.167s] DEBUG:colcon.colcon_core.event_handler.log_command:Invoked command in '/home/jet_orin/streetlive/test/build/socketcan_adapter_ros' returned '0': AMENT_PREFIX_PATH=/home/jet_orin/streetlive/test/install/socketcan_adapter:${AMENT_PREFIX_PATH} CMAKE_PREFIX_PATH=/home/jet_orin/streetlive/test/install/socketcan_adapter:/home/jet_orin/streetlive/AD-fusionbox/install/zed_ros2:/home/jet_orin/streetlive/AD-fusionbox/install/bringup:/home/jet_orin/streetlive/AD-fusionbox/install/zed_wrapper:/home/jet_orin/streetlive/AD-fusionbox/install/zed_debug:/home/jet_orin/streetlive/AD-fusionbox/install/zed_components:/home/jet_orin/streetlive/AD-fusionbox/install/streetlive_msgs:/home/jet_orin/streetlive/AD-fusionbox/install/msgs:/home/jet_orin/streetlive/AD-fusionbox/install/perception:/home/jet_orin/streetlive/AD-fusionbox/install/offline:/home/jet_orin/streetlive/AD-fusionbox/install/localization:/home/jet_orin/streetlive/AD-fusionbox/install/drivers:/opt/ros/humble LD_LIBRARY_PATH=/home/jet_orin/streetlive/test/install/socketcan_adapter/lib:/home/jet_orin/streetlive/AD-fusionbox/install/zed_components/lib:/opt/ros/humble/opt/rviz_ogre_vendor/lib:/opt/ros/humble/lib/aarch64-linux-gnu:/opt/ros/humble/lib:/usr/local/cuda-12.6/lib64 /usr/bin/cmake --install /home/jet_orin/streetlive/test/build/socketcan_adapter_ros
[1.169s] Level 1:colcon.colcon_core.environment:checking '/home/jet_orin/streetlive/test/install/socketcan_adapter_ros' for CMake config files
[1.170s] Level 1:colcon.colcon_core.shell:create_environment_hook('socketcan_adapter_ros', 'cmake_prefix_path')
[1.171s] INFO:colcon.colcon_core.shell:Creating environment hook '/home/jet_orin/streetlive/test/install/socketcan_adapter_ros/share/socketcan_adapter_ros/hook/cmake_prefix_path.ps1'
[1.173s] INFO:colcon.colcon_core.shell:Creating environment descriptor '/home/jet_orin/streetlive/test/install/socketcan_adapter_ros/share/socketcan_adapter_ros/hook/cmake_prefix_path.dsv'
[1.174s] INFO:colcon.colcon_core.shell:Creating environment hook '/home/jet_orin/streetlive/test/install/socketcan_adapter_ros/share/socketcan_adapter_ros/hook/cmake_prefix_path.sh'
[1.176s] Level 1:colcon.colcon_core.environment:checking '/home/jet_orin/streetlive/test/install/socketcan_adapter_ros/lib'
[1.176s] Level 1:colcon.colcon_core.shell:create_environment_hook('socketcan_adapter_ros', 'ld_library_path_lib')
[1.177s] INFO:colcon.colcon_core.shell:Creating environment hook '/home/jet_orin/streetlive/test/install/socketcan_adapter_ros/share/socketcan_adapter_ros/hook/ld_library_path_lib.ps1'
[1.179s] INFO:colcon.colcon_core.shell:Creating environment descriptor '/home/jet_orin/streetlive/test/install/socketcan_adapter_ros/share/socketcan_adapter_ros/hook/ld_library_path_lib.dsv'
[1.180s] INFO:colcon.colcon_core.shell:Creating environment hook '/home/jet_orin/streetlive/test/install/socketcan_adapter_ros/share/socketcan_adapter_ros/hook/ld_library_path_lib.sh'
[1.180s] Level 1:colcon.colcon_core.environment:checking '/home/jet_orin/streetlive/test/install/socketcan_adapter_ros/bin'
[1.180s] Level 1:colcon.colcon_core.environment:checking '/home/jet_orin/streetlive/test/install/socketcan_adapter_ros/lib/pkgconfig/socketcan_adapter_ros.pc'
[1.181s] Level 1:colcon.colcon_core.environment:checking '/home/jet_orin/streetlive/test/install/socketcan_adapter_ros/lib/python3.10/site-packages'
[1.181s] Level 1:colcon.colcon_core.environment:checking '/home/jet_orin/streetlive/test/install/socketcan_adapter_ros/bin'
[1.182s] INFO:colcon.colcon_core.shell:Creating package script '/home/jet_orin/streetlive/test/install/socketcan_adapter_ros/share/socketcan_adapter_ros/package.ps1'
[1.183s] INFO:colcon.colcon_core.shell:Creating package descriptor '/home/jet_orin/streetlive/test/install/socketcan_adapter_ros/share/socketcan_adapter_ros/package.dsv'
[1.185s] INFO:colcon.colcon_core.shell:Creating package script '/home/jet_orin/streetlive/test/install/socketcan_adapter_ros/share/socketcan_adapter_ros/package.sh'
[1.186s] INFO:colcon.colcon_core.shell:Creating package script '/home/jet_orin/streetlive/test/install/socketcan_adapter_ros/share/socketcan_adapter_ros/package.bash'
[1.187s] INFO:colcon.colcon_core.shell:Creating package script '/home/jet_orin/streetlive/test/install/socketcan_adapter_ros/share/socketcan_adapter_ros/package.zsh'
[1.187s] Level 1:colcon.colcon_core.environment:create_file_with_runtime_dependencies(/home/jet_orin/streetlive/test/install/socketcan_adapter_ros/share/colcon-core/packages/socketcan_adapter_ros)
[1.189s] Level 1:colcon.colcon_core.environment:create_environment_scripts_only(socketcan_adapter_ros)
[1.190s] Level 1:colcon.colcon_core.environment:checking '/home/jet_orin/streetlive/test/install/socketcan_adapter_ros' for CMake module files
[1.192s] Level 1:colcon.colcon_core.environment:checking '/home/jet_orin/streetlive/test/install/socketcan_adapter_ros' for CMake config files
[1.193s] Level 1:colcon.colcon_core.shell:create_environment_hook('socketcan_adapter_ros', 'cmake_prefix_path')
[1.194s] INFO:colcon.colcon_core.shell:Creating environment hook '/home/jet_orin/streetlive/test/install/socketcan_adapter_ros/share/socketcan_adapter_ros/hook/cmake_prefix_path.ps1'
[1.195s] INFO:colcon.colcon_core.shell:Creating environment descriptor '/home/jet_orin/streetlive/test/install/socketcan_adapter_ros/share/socketcan_adapter_ros/hook/cmake_prefix_path.dsv'
[1.196s] INFO:colcon.colcon_core.shell:Creating environment hook '/home/jet_orin/streetlive/test/install/socketcan_adapter_ros/share/socketcan_adapter_ros/hook/cmake_prefix_path.sh'
[1.197s] Level 1:colcon.colcon_core.environment:checking '/home/jet_orin/streetlive/test/install/socketcan_adapter_ros/lib'
[1.197s] Level 1:colcon.colcon_core.shell:create_environment_hook('socketcan_adapter_ros', 'ld_library_path_lib')
[1.197s] INFO:colcon.colcon_core.shell:Creating environment hook '/home/jet_orin/streetlive/test/install/socketcan_adapter_ros/share/socketcan_adapter_ros/hook/ld_library_path_lib.ps1'
[1.198s] INFO:colcon.colcon_core.shell:Creating environment descriptor '/home/jet_orin/streetlive/test/install/socketcan_adapter_ros/share/socketcan_adapter_ros/hook/ld_library_path_lib.dsv'
[1.199s] INFO:colcon.colcon_core.shell:Creating environment hook '/home/jet_orin/streetlive/test/install/socketcan_adapter_ros/share/socketcan_adapter_ros/hook/ld_library_path_lib.sh'
[1.200s] Level 1:colcon.colcon_core.environment:checking '/home/jet_orin/streetlive/test/install/socketcan_adapter_ros/bin'
[1.200s] Level 1:colcon.colcon_core.environment:checking '/home/jet_orin/streetlive/test/install/socketcan_adapter_ros/lib/pkgconfig/socketcan_adapter_ros.pc'
[1.200s] Level 1:colcon.colcon_core.environment:checking '/home/jet_orin/streetlive/test/install/socketcan_adapter_ros/lib/python3.10/site-packages'
[1.201s] Level 1:colcon.colcon_core.environment:checking '/home/jet_orin/streetlive/test/install/socketcan_adapter_ros/bin'
[1.201s] INFO:colcon.colcon_core.shell:Creating package script '/home/jet_orin/streetlive/test/install/socketcan_adapter_ros/share/socketcan_adapter_ros/package.ps1'
[1.203s] INFO:colcon.colcon_core.shell:Creating package descriptor '/home/jet_orin/streetlive/test/install/socketcan_adapter_ros/share/socketcan_adapter_ros/package.dsv'
[1.204s] INFO:colcon.colcon_core.shell:Creating package script '/home/jet_orin/streetlive/test/install/socketcan_adapter_ros/share/socketcan_adapter_ros/package.sh'
[1.205s] INFO:colcon.colcon_core.shell:Creating package script '/home/jet_orin/streetlive/test/install/socketcan_adapter_ros/share/socketcan_adapter_ros/package.bash'
[1.206s] INFO:colcon.colcon_core.shell:Creating package script '/home/jet_orin/streetlive/test/install/socketcan_adapter_ros/share/socketcan_adapter_ros/package.zsh'
[1.208s] Level 1:colcon.colcon_core.environment:create_file_with_runtime_dependencies(/home/jet_orin/streetlive/test/install/socketcan_adapter_ros/share/colcon-core/packages/socketcan_adapter_ros)
[1.338s] DEBUG:colcon.colcon_core.event_handler.log_command:Invoked command in '/home/jet_orin/streetlive/test/build/nav2_dynamic_msgs' returned '0': CMAKE_PREFIX_PATH=${CMAKE_PREFIX_PATH}:/home/jet_orin/streetlive/AD-fusionbox/install/perception:/home/jet_orin/streetlive/AD-fusionbox/install/offline:/home/jet_orin/streetlive/AD-fusionbox/install/localization:/home/jet_orin/streetlive/AD-fusionbox/install/drivers:/opt/ros/humble /usr/bin/cmake --build /home/jet_orin/streetlive/test/build/nav2_dynamic_msgs -- -j12 -l12
[1.344s] DEBUG:colcon.colcon_core.event_handler.log_command:Invoking command in '/home/jet_orin/streetlive/test/build/nav2_dynamic_msgs': CMAKE_PREFIX_PATH=${CMAKE_PREFIX_PATH}:/home/jet_orin/streetlive/AD-fusionbox/install/perception:/home/jet_orin/streetlive/AD-fusionbox/install/offline:/home/jet_orin/streetlive/AD-fusionbox/install/localization:/home/jet_orin/streetlive/AD-fusionbox/install/drivers:/opt/ros/humble /usr/bin/cmake --install /home/jet_orin/streetlive/test/build/nav2_dynamic_msgs
[1.423s] DEBUG:colcon.colcon_core.event_handler.log_command:Invoked command in '/home/jet_orin/streetlive/test/build/radar_conti_ars408_msgs' returned '0': CMAKE_PREFIX_PATH=${CMAKE_PREFIX_PATH}:/home/jet_orin/streetlive/AD-fusionbox/install/perception:/home/jet_orin/streetlive/AD-fusionbox/install/offline:/home/jet_orin/streetlive/AD-fusionbox/install/localization:/home/jet_orin/streetlive/AD-fusionbox/install/drivers:/opt/ros/humble /usr/bin/cmake --build /home/jet_orin/streetlive/test/build/radar_conti_ars408_msgs -- -j12 -l12
[1.428s] DEBUG:colcon.colcon_core.event_handler.log_command:Invoking command in '/home/jet_orin/streetlive/test/build/radar_conti_ars408_msgs': CMAKE_PREFIX_PATH=${CMAKE_PREFIX_PATH}:/home/jet_orin/streetlive/AD-fusionbox/install/perception:/home/jet_orin/streetlive/AD-fusionbox/install/offline:/home/jet_orin/streetlive/AD-fusionbox/install/localization:/home/jet_orin/streetlive/AD-fusionbox/install/drivers:/opt/ros/humble /usr/bin/cmake --install /home/jet_orin/streetlive/test/build/radar_conti_ars408_msgs
[1.481s] Level 1:colcon.colcon_core.environment:create_environment_scripts_only(nav2_dynamic_msgs)
[1.482s] Level 1:colcon.colcon_core.environment:checking '/home/jet_orin/streetlive/test/install/nav2_dynamic_msgs' for CMake module files
[1.490s] Level 1:colcon.colcon_core.environment:checking '/home/jet_orin/streetlive/test/install/nav2_dynamic_msgs' for CMake config files
[1.495s] Level 1:colcon.colcon_core.shell:create_environment_hook('nav2_dynamic_msgs', 'cmake_prefix_path')
[1.496s] INFO:colcon.colcon_core.shell:Creating environment hook '/home/jet_orin/streetlive/test/install/nav2_dynamic_msgs/share/nav2_dynamic_msgs/hook/cmake_prefix_path.ps1'
[1.499s] INFO:colcon.colcon_core.shell:Creating environment descriptor '/home/jet_orin/streetlive/test/install/nav2_dynamic_msgs/share/nav2_dynamic_msgs/hook/cmake_prefix_path.dsv'
[1.501s] INFO:colcon.colcon_core.shell:Creating environment hook '/home/jet_orin/streetlive/test/install/nav2_dynamic_msgs/share/nav2_dynamic_msgs/hook/cmake_prefix_path.sh'
[1.504s] Level 1:colcon.colcon_core.environment:checking '/home/jet_orin/streetlive/test/install/nav2_dynamic_msgs/lib'
[1.504s] Level 1:colcon.colcon_core.shell:create_environment_hook('nav2_dynamic_msgs', 'ld_library_path_lib')
[1.504s] INFO:colcon.colcon_core.shell:Creating environment hook '/home/jet_orin/streetlive/test/install/nav2_dynamic_msgs/share/nav2_dynamic_msgs/hook/ld_library_path_lib.ps1'
[1.505s] INFO:colcon.colcon_core.shell:Creating environment descriptor '/home/jet_orin/streetlive/test/install/nav2_dynamic_msgs/share/nav2_dynamic_msgs/hook/ld_library_path_lib.dsv'
[1.507s] INFO:colcon.colcon_core.shell:Creating environment hook '/home/jet_orin/streetlive/test/install/nav2_dynamic_msgs/share/nav2_dynamic_msgs/hook/ld_library_path_lib.sh'
[1.509s] Level 1:colcon.colcon_core.environment:checking '/home/jet_orin/streetlive/test/install/nav2_dynamic_msgs/bin'
[1.509s] Level 1:colcon.colcon_core.environment:checking '/home/jet_orin/streetlive/test/install/nav2_dynamic_msgs/lib/pkgconfig/nav2_dynamic_msgs.pc'
[1.509s] DEBUG:colcon.colcon_core.event_handler.log_command:Invoked command in '/home/jet_orin/streetlive/test/build/nav2_dynamic_msgs' returned '0': CMAKE_PREFIX_PATH=${CMAKE_PREFIX_PATH}:/home/jet_orin/streetlive/AD-fusionbox/install/perception:/home/jet_orin/streetlive/AD-fusionbox/install/offline:/home/jet_orin/streetlive/AD-fusionbox/install/localization:/home/jet_orin/streetlive/AD-fusionbox/install/drivers:/opt/ros/humble /usr/bin/cmake --install /home/jet_orin/streetlive/test/build/nav2_dynamic_msgs
[1.510s] Level 1:colcon.colcon_core.environment:checking '/home/jet_orin/streetlive/test/install/nav2_dynamic_msgs/lib/python3.10/site-packages'
[1.511s] Level 1:colcon.colcon_core.environment:checking '/home/jet_orin/streetlive/test/install/nav2_dynamic_msgs/bin'
[1.512s] INFO:colcon.colcon_core.shell:Creating package script '/home/jet_orin/streetlive/test/install/nav2_dynamic_msgs/share/nav2_dynamic_msgs/package.ps1'
[1.515s] INFO:colcon.colcon_core.shell:Creating package descriptor '/home/jet_orin/streetlive/test/install/nav2_dynamic_msgs/share/nav2_dynamic_msgs/package.dsv'
[1.516s] INFO:colcon.colcon_core.shell:Creating package script '/home/jet_orin/streetlive/test/install/nav2_dynamic_msgs/share/nav2_dynamic_msgs/package.sh'
[1.518s] INFO:colcon.colcon_core.shell:Creating package script '/home/jet_orin/streetlive/test/install/nav2_dynamic_msgs/share/nav2_dynamic_msgs/package.bash'
[1.520s] INFO:colcon.colcon_core.shell:Creating package script '/home/jet_orin/streetlive/test/install/nav2_dynamic_msgs/share/nav2_dynamic_msgs/package.zsh'
[1.520s] Level 1:colcon.colcon_core.environment:create_file_with_runtime_dependencies(/home/jet_orin/streetlive/test/install/nav2_dynamic_msgs/share/colcon-core/packages/nav2_dynamic_msgs)
[1.522s] Level 1:colcon.colcon_core.environment:create_environment_scripts_only(nav2_dynamic_msgs)
[1.523s] Level 1:colcon.colcon_core.environment:checking '/home/jet_orin/streetlive/test/install/nav2_dynamic_msgs' for CMake module files
[1.528s] Level 1:colcon.colcon_core.environment:checking '/home/jet_orin/streetlive/test/install/nav2_dynamic_msgs' for CMake config files
[1.532s] Level 1:colcon.colcon_core.shell:create_environment_hook('nav2_dynamic_msgs', 'cmake_prefix_path')
[1.532s] INFO:colcon.colcon_core.shell:Creating environment hook '/home/jet_orin/streetlive/test/install/nav2_dynamic_msgs/share/nav2_dynamic_msgs/hook/cmake_prefix_path.ps1'
[1.534s] INFO:colcon.colcon_core.shell:Creating environment descriptor '/home/jet_orin/streetlive/test/install/nav2_dynamic_msgs/share/nav2_dynamic_msgs/hook/cmake_prefix_path.dsv'
[1.535s] INFO:colcon.colcon_core.shell:Creating environment hook '/home/jet_orin/streetlive/test/install/nav2_dynamic_msgs/share/nav2_dynamic_msgs/hook/cmake_prefix_path.sh'
[1.536s] Level 1:colcon.colcon_core.environment:checking '/home/jet_orin/streetlive/test/install/nav2_dynamic_msgs/lib'
[1.536s] Level 1:colcon.colcon_core.shell:create_environment_hook('nav2_dynamic_msgs', 'ld_library_path_lib')
[1.537s] INFO:colcon.colcon_core.shell:Creating environment hook '/home/jet_orin/streetlive/test/install/nav2_dynamic_msgs/share/nav2_dynamic_msgs/hook/ld_library_path_lib.ps1'
[1.539s] INFO:colcon.colcon_core.shell:Creating environment descriptor '/home/jet_orin/streetlive/test/install/nav2_dynamic_msgs/share/nav2_dynamic_msgs/hook/ld_library_path_lib.dsv'
[1.540s] INFO:colcon.colcon_core.shell:Creating environment hook '/home/jet_orin/streetlive/test/install/nav2_dynamic_msgs/share/nav2_dynamic_msgs/hook/ld_library_path_lib.sh'
[1.540s] Level 1:colcon.colcon_core.environment:checking '/home/jet_orin/streetlive/test/install/nav2_dynamic_msgs/bin'
[1.541s] Level 1:colcon.colcon_core.environment:checking '/home/jet_orin/streetlive/test/install/nav2_dynamic_msgs/lib/pkgconfig/nav2_dynamic_msgs.pc'
[1.541s] Level 1:colcon.colcon_core.environment:checking '/home/jet_orin/streetlive/test/install/nav2_dynamic_msgs/lib/python3.10/site-packages'
[1.543s] Level 1:colcon.colcon_core.environment:checking '/home/jet_orin/streetlive/test/install/nav2_dynamic_msgs/bin'
[1.544s] INFO:colcon.colcon_core.shell:Creating package script '/home/jet_orin/streetlive/test/install/nav2_dynamic_msgs/share/nav2_dynamic_msgs/package.ps1'
[1.547s] INFO:colcon.colcon_core.shell:Creating package descriptor '/home/jet_orin/streetlive/test/install/nav2_dynamic_msgs/share/nav2_dynamic_msgs/package.dsv'
[1.548s] INFO:colcon.colcon_core.shell:Creating package script '/home/jet_orin/streetlive/test/install/nav2_dynamic_msgs/share/nav2_dynamic_msgs/package.sh'
[1.549s] INFO:colcon.colcon_core.shell:Creating package script '/home/jet_orin/streetlive/test/install/nav2_dynamic_msgs/share/nav2_dynamic_msgs/package.bash'
[1.550s] INFO:colcon.colcon_core.shell:Creating package script '/home/jet_orin/streetlive/test/install/nav2_dynamic_msgs/share/nav2_dynamic_msgs/package.zsh'
[1.552s] Level 1:colcon.colcon_core.environment:create_file_with_runtime_dependencies(/home/jet_orin/streetlive/test/install/nav2_dynamic_msgs/share/colcon-core/packages/nav2_dynamic_msgs)
[1.553s] INFO:colcon.colcon_ros.task.ament_python.build:Building ROS package in '/home/jet_orin/streetlive/test/src/navigation2_dynamic/kf_hungarian_tracker' with build type 'ament_python'
[1.553s] Level 1:colcon.colcon_core.shell:create_environment_hook('kf_hungarian_tracker', 'ament_prefix_path')
[1.553s] INFO:colcon.colcon_core.shell:Creating environment hook '/home/jet_orin/streetlive/test/install/kf_hungarian_tracker/share/kf_hungarian_tracker/hook/ament_prefix_path.ps1'
[1.555s] INFO:colcon.colcon_core.shell:Creating environment descriptor '/home/jet_orin/streetlive/test/install/kf_hungarian_tracker/share/kf_hungarian_tracker/hook/ament_prefix_path.dsv'
[1.556s] INFO:colcon.colcon_core.shell:Creating environment hook '/home/jet_orin/streetlive/test/install/kf_hungarian_tracker/share/kf_hungarian_tracker/hook/ament_prefix_path.sh'
[1.558s] INFO:colcon.colcon_core.shell:Skip shell extension 'powershell' for command environment: Not usable outside of PowerShell
[1.558s] DEBUG:colcon.colcon_core.shell:Skip shell extension 'dsv' for command environment
[2.049s] INFO:colcon.colcon_core.task.python.build:Building Python package in '/home/jet_orin/streetlive/test/src/navigation2_dynamic/kf_hungarian_tracker'
[2.050s] INFO:colcon.colcon_core.shell:Skip shell extension 'powershell' for command environment: Not usable outside of PowerShell
[2.050s] DEBUG:colcon.colcon_core.shell:Skip shell extension 'dsv' for command environment
[2.065s] Level 1:colcon.colcon_core.environment:create_environment_scripts_only(radar_conti_ars408_msgs)
[2.066s] Level 1:colcon.colcon_core.environment:checking '/home/jet_orin/streetlive/test/install/radar_conti_ars408_msgs' for CMake module files
[2.067s] DEBUG:colcon.colcon_core.event_handler.log_command:Invoked command in '/home/jet_orin/streetlive/test/build/radar_conti_ars408_msgs' returned '0': CMAKE_PREFIX_PATH=${CMAKE_PREFIX_PATH}:/home/jet_orin/streetlive/AD-fusionbox/install/perception:/home/jet_orin/streetlive/AD-fusionbox/install/offline:/home/jet_orin/streetlive/AD-fusionbox/install/localization:/home/jet_orin/streetlive/AD-fusionbox/install/drivers:/opt/ros/humble /usr/bin/cmake --install /home/jet_orin/streetlive/test/build/radar_conti_ars408_msgs
[2.070s] Level 1:colcon.colcon_core.environment:checking '/home/jet_orin/streetlive/test/install/radar_conti_ars408_msgs' for CMake config files
[2.071s] Level 1:colcon.colcon_core.shell:create_environment_hook('radar_conti_ars408_msgs', 'cmake_prefix_path')
[2.072s] INFO:colcon.colcon_core.shell:Creating environment hook '/home/jet_orin/streetlive/test/install/radar_conti_ars408_msgs/share/radar_conti_ars408_msgs/hook/cmake_prefix_path.ps1'
[2.074s] INFO:colcon.colcon_core.shell:Creating environment descriptor '/home/jet_orin/streetlive/test/install/radar_conti_ars408_msgs/share/radar_conti_ars408_msgs/hook/cmake_prefix_path.dsv'
[2.075s] INFO:colcon.colcon_core.shell:Creating environment hook '/home/jet_orin/streetlive/test/install/radar_conti_ars408_msgs/share/radar_conti_ars408_msgs/hook/cmake_prefix_path.sh'
[2.076s] Level 1:colcon.colcon_core.environment:checking '/home/jet_orin/streetlive/test/install/radar_conti_ars408_msgs/lib'
[2.076s] Level 1:colcon.colcon_core.shell:create_environment_hook('radar_conti_ars408_msgs', 'ld_library_path_lib')
[2.076s] INFO:colcon.colcon_core.shell:Creating environment hook '/home/jet_orin/streetlive/test/install/radar_conti_ars408_msgs/share/radar_conti_ars408_msgs/hook/ld_library_path_lib.ps1'
[2.078s] INFO:colcon.colcon_core.shell:Creating environment descriptor '/home/jet_orin/streetlive/test/install/radar_conti_ars408_msgs/share/radar_conti_ars408_msgs/hook/ld_library_path_lib.dsv'
[2.079s] INFO:colcon.colcon_core.shell:Creating environment hook '/home/jet_orin/streetlive/test/install/radar_conti_ars408_msgs/share/radar_conti_ars408_msgs/hook/ld_library_path_lib.sh'
[2.080s] Level 1:colcon.colcon_core.environment:checking '/home/jet_orin/streetlive/test/install/radar_conti_ars408_msgs/bin'
[2.080s] Level 1:colcon.colcon_core.environment:checking '/home/jet_orin/streetlive/test/install/radar_conti_ars408_msgs/lib/pkgconfig/radar_conti_ars408_msgs.pc'
[2.081s] Level 1:colcon.colcon_core.environment:checking '/home/jet_orin/streetlive/test/install/radar_conti_ars408_msgs/lib/python3.10/site-packages'
[2.082s] Level 1:colcon.colcon_core.environment:checking '/home/jet_orin/streetlive/test/install/radar_conti_ars408_msgs/bin'
[2.083s] INFO:colcon.colcon_core.shell:Creating package script '/home/jet_orin/streetlive/test/install/radar_conti_ars408_msgs/share/radar_conti_ars408_msgs/package.ps1'
[2.086s] INFO:colcon.colcon_core.shell:Creating package descriptor '/home/jet_orin/streetlive/test/install/radar_conti_ars408_msgs/share/radar_conti_ars408_msgs/package.dsv'
[2.088s] INFO:colcon.colcon_core.shell:Creating package script '/home/jet_orin/streetlive/test/install/radar_conti_ars408_msgs/share/radar_conti_ars408_msgs/package.sh'
[2.089s] INFO:colcon.colcon_core.shell:Creating package script '/home/jet_orin/streetlive/test/install/radar_conti_ars408_msgs/share/radar_conti_ars408_msgs/package.bash'
[2.090s] INFO:colcon.colcon_core.shell:Creating package script '/home/jet_orin/streetlive/test/install/radar_conti_ars408_msgs/share/radar_conti_ars408_msgs/package.zsh'
[2.091s] Level 1:colcon.colcon_core.environment:create_file_with_runtime_dependencies(/home/jet_orin/streetlive/test/install/radar_conti_ars408_msgs/share/colcon-core/packages/radar_conti_ars408_msgs)
[2.092s] Level 1:colcon.colcon_core.environment:create_environment_scripts_only(radar_conti_ars408_msgs)
[2.093s] Level 1:colcon.colcon_core.environment:checking '/home/jet_orin/streetlive/test/install/radar_conti_ars408_msgs' for CMake module files
[2.094s] Level 1:colcon.colcon_core.environment:checking '/home/jet_orin/streetlive/test/install/radar_conti_ars408_msgs' for CMake config files
[2.094s] Level 1:colcon.colcon_core.shell:create_environment_hook('radar_conti_ars408_msgs', 'cmake_prefix_path')
[2.095s] INFO:colcon.colcon_core.shell:Creating environment hook '/home/jet_orin/streetlive/test/install/radar_conti_ars408_msgs/share/radar_conti_ars408_msgs/hook/cmake_prefix_path.ps1'
[2.095s] INFO:colcon.colcon_core.shell:Creating environment descriptor '/home/jet_orin/streetlive/test/install/radar_conti_ars408_msgs/share/radar_conti_ars408_msgs/hook/cmake_prefix_path.dsv'
[2.096s] INFO:colcon.colcon_core.shell:Creating environment hook '/home/jet_orin/streetlive/test/install/radar_conti_ars408_msgs/share/radar_conti_ars408_msgs/hook/cmake_prefix_path.sh'
[2.098s] Level 1:colcon.colcon_core.environment:checking '/home/jet_orin/streetlive/test/install/radar_conti_ars408_msgs/lib'
[2.098s] Level 1:colcon.colcon_core.shell:create_environment_hook('radar_conti_ars408_msgs', 'ld_library_path_lib')
[2.099s] INFO:colcon.colcon_core.shell:Creating environment hook '/home/jet_orin/streetlive/test/install/radar_conti_ars408_msgs/share/radar_conti_ars408_msgs/hook/ld_library_path_lib.ps1'
[2.099s] INFO:colcon.colcon_core.shell:Creating environment descriptor '/home/jet_orin/streetlive/test/install/radar_conti_ars408_msgs/share/radar_conti_ars408_msgs/hook/ld_library_path_lib.dsv'
[2.100s] INFO:colcon.colcon_core.shell:Creating environment hook '/home/jet_orin/streetlive/test/install/radar_conti_ars408_msgs/share/radar_conti_ars408_msgs/hook/ld_library_path_lib.sh'
[2.101s] Level 1:colcon.colcon_core.environment:checking '/home/jet_orin/streetlive/test/install/radar_conti_ars408_msgs/bin'
[2.101s] Level 1:colcon.colcon_core.environment:checking '/home/jet_orin/streetlive/test/install/radar_conti_ars408_msgs/lib/pkgconfig/radar_conti_ars408_msgs.pc'
[2.101s] Level 1:colcon.colcon_core.environment:checking '/home/jet_orin/streetlive/test/install/radar_conti_ars408_msgs/lib/python3.10/site-packages'
[2.102s] Level 1:colcon.colcon_core.environment:checking '/home/jet_orin/streetlive/test/install/radar_conti_ars408_msgs/bin'
[2.103s] INFO:colcon.colcon_core.shell:Creating package script '/home/jet_orin/streetlive/test/install/radar_conti_ars408_msgs/share/radar_conti_ars408_msgs/package.ps1'
[2.105s] INFO:colcon.colcon_core.shell:Creating package descriptor '/home/jet_orin/streetlive/test/install/radar_conti_ars408_msgs/share/radar_conti_ars408_msgs/package.dsv'
[2.106s] INFO:colcon.colcon_core.shell:Creating package script '/home/jet_orin/streetlive/test/install/radar_conti_ars408_msgs/share/radar_conti_ars408_msgs/package.sh'
[2.107s] INFO:colcon.colcon_core.shell:Creating package script '/home/jet_orin/streetlive/test/install/radar_conti_ars408_msgs/share/radar_conti_ars408_msgs/package.bash'
[2.108s] INFO:colcon.colcon_core.shell:Creating package script '/home/jet_orin/streetlive/test/install/radar_conti_ars408_msgs/share/radar_conti_ars408_msgs/package.zsh'
[2.108s] Level 1:colcon.colcon_core.environment:create_file_with_runtime_dependencies(/home/jet_orin/streetlive/test/install/radar_conti_ars408_msgs/share/colcon-core/packages/radar_conti_ars408_msgs)
[2.110s] INFO:colcon.colcon_ros.task.ament_cmake.build:Building ROS package in '/home/jet_orin/streetlive/test/src/ars-408/radar_conti_ars408/src' with build type 'ament_cmake'
[2.110s] INFO:colcon.colcon_cmake.task.cmake.build:Building CMake package in '/home/jet_orin/streetlive/test/src/ars-408/radar_conti_ars408/src'
[2.110s] INFO:colcon.colcon_core.shell:Skip shell extension 'powershell' for command environment: Not usable outside of PowerShell
[2.111s] DEBUG:colcon.colcon_core.shell:Skip shell extension 'dsv' for command environment
[2.145s] DEBUG:colcon.colcon_core.event_handler.log_command:Invoking command in '/home/jet_orin/streetlive/test/build/radar_conti_ars408': AMENT_PREFIX_PATH=/home/jet_orin/streetlive/test/install/socketcan_adapter:/home/jet_orin/streetlive/test/install/radar_conti_ars408_msgs:/home/jet_orin/streetlive/test/install/nav2_dynamic_msgs:${AMENT_PREFIX_PATH} CMAKE_PREFIX_PATH=/home/jet_orin/streetlive/test/install/socketcan_adapter:/home/jet_orin/streetlive/test/install/radar_conti_ars408_msgs:/home/jet_orin/streetlive/test/install/nav2_dynamic_msgs:/home/jet_orin/streetlive/AD-fusionbox/install/zed_ros2:/home/jet_orin/streetlive/AD-fusionbox/install/bringup:/home/jet_orin/streetlive/AD-fusionbox/install/zed_wrapper:/home/jet_orin/streetlive/AD-fusionbox/install/zed_debug:/home/jet_orin/streetlive/AD-fusionbox/install/zed_components:/home/jet_orin/streetlive/AD-fusionbox/install/streetlive_msgs:/home/jet_orin/streetlive/AD-fusionbox/install/msgs:/home/jet_orin/streetlive/AD-fusionbox/install/perception:/home/jet_orin/streetlive/AD-fusionbox/install/offline:/home/jet_orin/streetlive/AD-fusionbox/install/localization:/home/jet_orin/streetlive/AD-fusionbox/install/drivers:/opt/ros/humble LD_LIBRARY_PATH=/home/jet_orin/streetlive/test/install/socketcan_adapter/lib:/home/jet_orin/streetlive/test/install/radar_conti_ars408_msgs/lib:/home/jet_orin/streetlive/test/install/nav2_dynamic_msgs/lib:/home/jet_orin/streetlive/AD-fusionbox/install/zed_components/lib:/opt/ros/humble/opt/rviz_ogre_vendor/lib:/opt/ros/humble/lib/aarch64-linux-gnu:/opt/ros/humble/lib:/usr/local/cuda-12.6/lib64 PYTHONPATH=/home/jet_orin/streetlive/test/install/radar_conti_ars408_msgs/local/lib/python3.10/dist-packages:/home/jet_orin/streetlive/test/install/nav2_dynamic_msgs/local/lib/python3.10/dist-packages:${PYTHONPATH} /usr/bin/cmake --build /home/jet_orin/streetlive/test/build/radar_conti_ars408 -- -j12 -l12
[2.784s] DEBUG:colcon.colcon_core.event_handler.log_command:Invoking command in '/home/jet_orin/streetlive/test/build/kf_hungarian_tracker': AMENT_PREFIX_PATH=/home/jet_orin/streetlive/test/install/nav2_dynamic_msgs:${AMENT_PREFIX_PATH} CMAKE_PREFIX_PATH=/home/jet_orin/streetlive/test/install/nav2_dynamic_msgs:${CMAKE_PREFIX_PATH} LD_LIBRARY_PATH=/home/jet_orin/streetlive/test/install/nav2_dynamic_msgs/lib:/home/jet_orin/streetlive/AD-fusionbox/install/zed_components/lib:/opt/ros/humble/opt/rviz_ogre_vendor/lib:/opt/ros/humble/lib/aarch64-linux-gnu:/opt/ros/humble/lib:/usr/local/cuda-12.6/lib64 PYTHONPATH=/home/jet_orin/streetlive/test/build/kf_hungarian_tracker/prefix_override:/usr/lib/python3/dist-packages/colcon_core/task/python/colcon_distutils_commands:/home/jet_orin/streetlive/test/install/kf_hungarian_tracker/lib/python3.10/site-packages:/home/jet_orin/streetlive/test/install/nav2_dynamic_msgs/local/lib/python3.10/dist-packages:${PYTHONPATH} /usr/bin/python3 -W ignore:setup.py install is deprecated -W ignore:easy_install command is deprecated setup.py develop --editable --build-directory /home/jet_orin/streetlive/test/build/kf_hungarian_tracker/build --no-deps symlink_data
[3.686s] Level 1:colcon.colcon_core.shell:create_environment_hook('kf_hungarian_tracker', 'pythonpath_develop')
[3.687s] INFO:colcon.colcon_core.shell:Creating environment hook '/home/jet_orin/streetlive/test/build/kf_hungarian_tracker/share/kf_hungarian_tracker/hook/pythonpath_develop.ps1'
[3.687s] DEBUG:colcon.colcon_core.event_handler.log_command:Invoked command in '/home/jet_orin/streetlive/test/build/kf_hungarian_tracker' returned '0': AMENT_PREFIX_PATH=/home/jet_orin/streetlive/test/install/nav2_dynamic_msgs:${AMENT_PREFIX_PATH} CMAKE_PREFIX_PATH=/home/jet_orin/streetlive/test/install/nav2_dynamic_msgs:${CMAKE_PREFIX_PATH} LD_LIBRARY_PATH=/home/jet_orin/streetlive/test/install/nav2_dynamic_msgs/lib:/home/jet_orin/streetlive/AD-fusionbox/install/zed_components/lib:/opt/ros/humble/opt/rviz_ogre_vendor/lib:/opt/ros/humble/lib/aarch64-linux-gnu:/opt/ros/humble/lib:/usr/local/cuda-12.6/lib64 PYTHONPATH=/home/jet_orin/streetlive/test/build/kf_hungarian_tracker/prefix_override:/usr/lib/python3/dist-packages/colcon_core/task/python/colcon_distutils_commands:/home/jet_orin/streetlive/test/install/kf_hungarian_tracker/lib/python3.10/site-packages:/home/jet_orin/streetlive/test/install/nav2_dynamic_msgs/local/lib/python3.10/dist-packages:${PYTHONPATH} /usr/bin/python3 -W ignore:setup.py install is deprecated -W ignore:easy_install command is deprecated setup.py develop --editable --build-directory /home/jet_orin/streetlive/test/build/kf_hungarian_tracker/build --no-deps symlink_data
[3.688s] INFO:colcon.colcon_core.shell:Creating environment descriptor '/home/jet_orin/streetlive/test/build/kf_hungarian_tracker/share/kf_hungarian_tracker/hook/pythonpath_develop.dsv'
[3.689s] INFO:colcon.colcon_core.shell:Creating environment hook '/home/jet_orin/streetlive/test/build/kf_hungarian_tracker/share/kf_hungarian_tracker/hook/pythonpath_develop.sh'
[3.690s] Level 1:colcon.colcon_core.environment:checking '/home/jet_orin/streetlive/test/install/kf_hungarian_tracker' for CMake module files
[3.691s] Level 1:colcon.colcon_core.environment:checking '/home/jet_orin/streetlive/test/install/kf_hungarian_tracker' for CMake config files
[3.692s] Level 1:colcon.colcon_core.environment:checking '/home/jet_orin/streetlive/test/install/kf_hungarian_tracker/lib'
[3.692s] Level 1:colcon.colcon_core.environment:checking '/home/jet_orin/streetlive/test/install/kf_hungarian_tracker/bin'
[3.693s] Level 1:colcon.colcon_core.environment:checking '/home/jet_orin/streetlive/test/install/kf_hungarian_tracker/lib/pkgconfig/kf_hungarian_tracker.pc'
[3.693s] Level 1:colcon.colcon_core.environment:checking '/home/jet_orin/streetlive/test/install/kf_hungarian_tracker/lib/python3.10/site-packages'
[3.693s] Level 1:colcon.colcon_core.shell:create_environment_hook('kf_hungarian_tracker', 'pythonpath')
[3.694s] INFO:colcon.colcon_core.shell:Creating environment hook '/home/jet_orin/streetlive/test/install/kf_hungarian_tracker/share/kf_hungarian_tracker/hook/pythonpath.ps1'
[3.695s] INFO:colcon.colcon_core.shell:Creating environment descriptor '/home/jet_orin/streetlive/test/install/kf_hungarian_tracker/share/kf_hungarian_tracker/hook/pythonpath.dsv'
[3.695s] INFO:colcon.colcon_core.shell:Creating environment hook '/home/jet_orin/streetlive/test/install/kf_hungarian_tracker/share/kf_hungarian_tracker/hook/pythonpath.sh'
[3.697s] Level 1:colcon.colcon_core.environment:checking '/home/jet_orin/streetlive/test/install/kf_hungarian_tracker/bin'
[3.697s] Level 1:colcon.colcon_core.environment:create_environment_scripts_only(kf_hungarian_tracker)
[3.698s] INFO:colcon.colcon_core.shell:Creating package script '/home/jet_orin/streetlive/test/install/kf_hungarian_tracker/share/kf_hungarian_tracker/package.ps1'
[3.699s] INFO:colcon.colcon_core.shell:Creating package descriptor '/home/jet_orin/streetlive/test/install/kf_hungarian_tracker/share/kf_hungarian_tracker/package.dsv'
[3.700s] INFO:colcon.colcon_core.shell:Creating package script '/home/jet_orin/streetlive/test/install/kf_hungarian_tracker/share/kf_hungarian_tracker/package.sh'
[3.701s] INFO:colcon.colcon_core.shell:Creating package script '/home/jet_orin/streetlive/test/install/kf_hungarian_tracker/share/kf_hungarian_tracker/package.bash'
[3.701s] INFO:colcon.colcon_core.shell:Creating package script '/home/jet_orin/streetlive/test/install/kf_hungarian_tracker/share/kf_hungarian_tracker/package.zsh'
[3.702s] Level 1:colcon.colcon_core.environment:create_file_with_runtime_dependencies(/home/jet_orin/streetlive/test/install/kf_hungarian_tracker/share/colcon-core/packages/kf_hungarian_tracker)
[45.180s] DEBUG:colcon.colcon_core.event_handler.log_command:Invoked command in '/home/jet_orin/streetlive/test/build/radar_conti_ars408' returned '0': AMENT_PREFIX_PATH=/home/jet_orin/streetlive/test/install/socketcan_adapter:/home/jet_orin/streetlive/test/install/radar_conti_ars408_msgs:/home/jet_orin/streetlive/test/install/nav2_dynamic_msgs:${AMENT_PREFIX_PATH} CMAKE_PREFIX_PATH=/home/jet_orin/streetlive/test/install/socketcan_adapter:/home/jet_orin/streetlive/test/install/radar_conti_ars408_msgs:/home/jet_orin/streetlive/test/install/nav2_dynamic_msgs:/home/jet_orin/streetlive/AD-fusionbox/install/zed_ros2:/home/jet_orin/streetlive/AD-fusionbox/install/bringup:/home/jet_orin/streetlive/AD-fusionbox/install/zed_wrapper:/home/jet_orin/streetlive/AD-fusionbox/install/zed_debug:/home/jet_orin/streetlive/AD-fusionbox/install/zed_components:/home/jet_orin/streetlive/AD-fusionbox/install/streetlive_msgs:/home/jet_orin/streetlive/AD-fusionbox/install/msgs:/home/jet_orin/streetlive/AD-fusionbox/install/perception:/home/jet_orin/streetlive/AD-fusionbox/install/offline:/home/jet_orin/streetlive/AD-fusionbox/install/localization:/home/jet_orin/streetlive/AD-fusionbox/install/drivers:/opt/ros/humble LD_LIBRARY_PATH=/home/jet_orin/streetlive/test/install/socketcan_adapter/lib:/home/jet_orin/streetlive/test/install/radar_conti_ars408_msgs/lib:/home/jet_orin/streetlive/test/install/nav2_dynamic_msgs/lib:/home/jet_orin/streetlive/AD-fusionbox/install/zed_components/lib:/opt/ros/humble/opt/rviz_ogre_vendor/lib:/opt/ros/humble/lib/aarch64-linux-gnu:/opt/ros/humble/lib:/usr/local/cuda-12.6/lib64 PYTHONPATH=/home/jet_orin/streetlive/test/install/radar_conti_ars408_msgs/local/lib/python3.10/dist-packages:/home/jet_orin/streetlive/test/install/nav2_dynamic_msgs/local/lib/python3.10/dist-packages:${PYTHONPATH} /usr/bin/cmake --build /home/jet_orin/streetlive/test/build/radar_conti_ars408 -- -j12 -l12
[45.186s] DEBUG:colcon.colcon_core.event_handler.log_command:Invoking command in '/home/jet_orin/streetlive/test/build/radar_conti_ars408': AMENT_PREFIX_PATH=/home/jet_orin/streetlive/test/install/socketcan_adapter:/home/jet_orin/streetlive/test/install/radar_conti_ars408_msgs:/home/jet_orin/streetlive/test/install/nav2_dynamic_msgs:${AMENT_PREFIX_PATH} CMAKE_PREFIX_PATH=/home/jet_orin/streetlive/test/install/socketcan_adapter:/home/jet_orin/streetlive/test/install/radar_conti_ars408_msgs:/home/jet_orin/streetlive/test/install/nav2_dynamic_msgs:/home/jet_orin/streetlive/AD-fusionbox/install/zed_ros2:/home/jet_orin/streetlive/AD-fusionbox/install/bringup:/home/jet_orin/streetlive/AD-fusionbox/install/zed_wrapper:/home/jet_orin/streetlive/AD-fusionbox/install/zed_debug:/home/jet_orin/streetlive/AD-fusionbox/install/zed_components:/home/jet_orin/streetlive/AD-fusionbox/install/streetlive_msgs:/home/jet_orin/streetlive/AD-fusionbox/install/msgs:/home/jet_orin/streetlive/AD-fusionbox/install/perception:/home/jet_orin/streetlive/AD-fusionbox/install/offline:/home/jet_orin/streetlive/AD-fusionbox/install/localization:/home/jet_orin/streetlive/AD-fusionbox/install/drivers:/opt/ros/humble LD_LIBRARY_PATH=/home/jet_orin/streetlive/test/install/socketcan_adapter/lib:/home/jet_orin/streetlive/test/install/radar_conti_ars408_msgs/lib:/home/jet_orin/streetlive/test/install/nav2_dynamic_msgs/lib:/home/jet_orin/streetlive/AD-fusionbox/install/zed_components/lib:/opt/ros/humble/opt/rviz_ogre_vendor/lib:/opt/ros/humble/lib/aarch64-linux-gnu:/opt/ros/humble/lib:/usr/local/cuda-12.6/lib64 PYTHONPATH=/home/jet_orin/streetlive/test/install/radar_conti_ars408_msgs/local/lib/python3.10/dist-packages:/home/jet_orin/streetlive/test/install/nav2_dynamic_msgs/local/lib/python3.10/dist-packages:${PYTHONPATH} /usr/bin/cmake --install /home/jet_orin/streetlive/test/build/radar_conti_ars408
[45.243s] Level 1:colcon.colcon_core.environment:create_environment_scripts_only(radar_conti_ars408)
[45.244s] Level 1:colcon.colcon_core.environment:checking '/home/jet_orin/streetlive/test/install/radar_conti_ars408' for CMake module files
[45.246s] DEBUG:colcon.colcon_core.event_handler.log_command:Invoked command in '/home/jet_orin/streetlive/test/build/radar_conti_ars408' returned '0': AMENT_PREFIX_PATH=/home/jet_orin/streetlive/test/install/socketcan_adapter:/home/jet_orin/streetlive/test/install/radar_conti_ars408_msgs:/home/jet_orin/streetlive/test/install/nav2_dynamic_msgs:${AMENT_PREFIX_PATH} CMAKE_PREFIX_PATH=/home/jet_orin/streetlive/test/install/socketcan_adapter:/home/jet_orin/streetlive/test/install/radar_conti_ars408_msgs:/home/jet_orin/streetlive/test/install/nav2_dynamic_msgs:/home/jet_orin/streetlive/AD-fusionbox/install/zed_ros2:/home/jet_orin/streetlive/AD-fusionbox/install/bringup:/home/jet_orin/streetlive/AD-fusionbox/install/zed_wrapper:/home/jet_orin/streetlive/AD-fusionbox/install/zed_debug:/home/jet_orin/streetlive/AD-fusionbox/install/zed_components:/home/jet_orin/streetlive/AD-fusionbox/install/streetlive_msgs:/home/jet_orin/streetlive/AD-fusionbox/install/msgs:/home/jet_orin/streetlive/AD-fusionbox/install/perception:/home/jet_orin/streetlive/AD-fusionbox/install/offline:/home/jet_orin/streetlive/AD-fusionbox/install/localization:/home/jet_orin/streetlive/AD-fusionbox/install/drivers:/opt/ros/humble LD_LIBRARY_PATH=/home/jet_orin/streetlive/test/install/socketcan_adapter/lib:/home/jet_orin/streetlive/test/install/radar_conti_ars408_msgs/lib:/home/jet_orin/streetlive/test/install/nav2_dynamic_msgs/lib:/home/jet_orin/streetlive/AD-fusionbox/install/zed_components/lib:/opt/ros/humble/opt/rviz_ogre_vendor/lib:/opt/ros/humble/lib/aarch64-linux-gnu:/opt/ros/humble/lib:/usr/local/cuda-12.6/lib64 PYTHONPATH=/home/jet_orin/streetlive/test/install/radar_conti_ars408_msgs/local/lib/python3.10/dist-packages:/home/jet_orin/streetlive/test/install/nav2_dynamic_msgs/local/lib/python3.10/dist-packages:${PYTHONPATH} /usr/bin/cmake --install /home/jet_orin/streetlive/test/build/radar_conti_ars408
[45.247s] Level 1:colcon.colcon_core.environment:checking '/home/jet_orin/streetlive/test/install/radar_conti_ars408' for CMake config files
[45.249s] Level 1:colcon.colcon_core.shell:create_environment_hook('radar_conti_ars408', 'cmake_prefix_path')
[45.250s] INFO:colcon.colcon_core.shell:Creating environment hook '/home/jet_orin/streetlive/test/install/radar_conti_ars408/share/radar_conti_ars408/hook/cmake_prefix_path.ps1'
[45.252s] INFO:colcon.colcon_core.shell:Creating environment descriptor '/home/jet_orin/streetlive/test/install/radar_conti_ars408/share/radar_conti_ars408/hook/cmake_prefix_path.dsv'
[45.252s] INFO:colcon.colcon_core.shell:Creating environment hook '/home/jet_orin/streetlive/test/install/radar_conti_ars408/share/radar_conti_ars408/hook/cmake_prefix_path.sh'
[45.254s] Level 1:colcon.colcon_core.environment:checking '/home/jet_orin/streetlive/test/install/radar_conti_ars408/lib'
[45.254s] Level 1:colcon.colcon_core.shell:create_environment_hook('radar_conti_ars408', 'ld_library_path_lib')
[45.254s] INFO:colcon.colcon_core.shell:Creating environment hook '/home/jet_orin/streetlive/test/install/radar_conti_ars408/share/radar_conti_ars408/hook/ld_library_path_lib.ps1'
[45.256s] INFO:colcon.colcon_core.shell:Creating environment descriptor '/home/jet_orin/streetlive/test/install/radar_conti_ars408/share/radar_conti_ars408/hook/ld_library_path_lib.dsv'
[45.256s] INFO:colcon.colcon_core.shell:Creating environment hook '/home/jet_orin/streetlive/test/install/radar_conti_ars408/share/radar_conti_ars408/hook/ld_library_path_lib.sh'
[45.257s] Level 1:colcon.colcon_core.environment:checking '/home/jet_orin/streetlive/test/install/radar_conti_ars408/bin'
[45.257s] Level 1:colcon.colcon_core.environment:checking '/home/jet_orin/streetlive/test/install/radar_conti_ars408/lib/pkgconfig/radar_conti_ars408.pc'
[45.258s] Level 1:colcon.colcon_core.environment:checking '/home/jet_orin/streetlive/test/install/radar_conti_ars408/lib/python3.10/site-packages'
[45.258s] Level 1:colcon.colcon_core.environment:checking '/home/jet_orin/streetlive/test/install/radar_conti_ars408/bin'
[45.260s] INFO:colcon.colcon_core.shell:Creating package script '/home/jet_orin/streetlive/test/install/radar_conti_ars408/share/radar_conti_ars408/package.ps1'
[45.263s] INFO:colcon.colcon_core.shell:Creating package descriptor '/home/jet_orin/streetlive/test/install/radar_conti_ars408/share/radar_conti_ars408/package.dsv'
[45.264s] INFO:colcon.colcon_core.shell:Creating package script '/home/jet_orin/streetlive/test/install/radar_conti_ars408/share/radar_conti_ars408/package.sh'
[45.265s] INFO:colcon.colcon_core.shell:Creating package script '/home/jet_orin/streetlive/test/install/radar_conti_ars408/share/radar_conti_ars408/package.bash'
[45.266s] INFO:colcon.colcon_core.shell:Creating package script '/home/jet_orin/streetlive/test/install/radar_conti_ars408/share/radar_conti_ars408/package.zsh'
[45.268s] Level 1:colcon.colcon_core.environment:create_file_with_runtime_dependencies(/home/jet_orin/streetlive/test/install/radar_conti_ars408/share/colcon-core/packages/radar_conti_ars408)
[45.269s] Level 1:colcon.colcon_core.environment:create_environment_scripts_only(radar_conti_ars408)
[45.269s] Level 1:colcon.colcon_core.environment:checking '/home/jet_orin/streetlive/test/install/radar_conti_ars408' for CMake module files
[45.270s] Level 1:colcon.colcon_core.environment:checking '/home/jet_orin/streetlive/test/install/radar_conti_ars408' for CMake config files
[45.271s] Level 1:colcon.colcon_core.shell:create_environment_hook('radar_conti_ars408', 'cmake_prefix_path')
[45.272s] INFO:colcon.colcon_core.shell:Creating environment hook '/home/jet_orin/streetlive/test/install/radar_conti_ars408/share/radar_conti_ars408/hook/cmake_prefix_path.ps1'
[45.274s] INFO:colcon.colcon_core.shell:Creating environment descriptor '/home/jet_orin/streetlive/test/install/radar_conti_ars408/share/radar_conti_ars408/hook/cmake_prefix_path.dsv'
[45.275s] INFO:colcon.colcon_core.shell:Creating environment hook '/home/jet_orin/streetlive/test/install/radar_conti_ars408/share/radar_conti_ars408/hook/cmake_prefix_path.sh'
[45.276s] Level 1:colcon.colcon_core.environment:checking '/home/jet_orin/streetlive/test/install/radar_conti_ars408/lib'
[45.276s] Level 1:colcon.colcon_core.shell:create_environment_hook('radar_conti_ars408', 'ld_library_path_lib')
[45.277s] INFO:colcon.colcon_core.shell:Creating environment hook '/home/jet_orin/streetlive/test/install/radar_conti_ars408/share/radar_conti_ars408/hook/ld_library_path_lib.ps1'
[45.278s] INFO:colcon.colcon_core.shell:Creating environment descriptor '/home/jet_orin/streetlive/test/install/radar_conti_ars408/share/radar_conti_ars408/hook/ld_library_path_lib.dsv'
[45.279s] INFO:colcon.colcon_core.shell:Creating environment hook '/home/jet_orin/streetlive/test/install/radar_conti_ars408/share/radar_conti_ars408/hook/ld_library_path_lib.sh'
[45.280s] Level 1:colcon.colcon_core.environment:checking '/home/jet_orin/streetlive/test/install/radar_conti_ars408/bin'
[45.280s] Level 1:colcon.colcon_core.environment:checking '/home/jet_orin/streetlive/test/install/radar_conti_ars408/lib/pkgconfig/radar_conti_ars408.pc'
[45.281s] Level 1:colcon.colcon_core.environment:checking '/home/jet_orin/streetlive/test/install/radar_conti_ars408/lib/python3.10/site-packages'
[45.281s] Level 1:colcon.colcon_core.environment:checking '/home/jet_orin/streetlive/test/install/radar_conti_ars408/bin'
[45.282s] INFO:colcon.colcon_core.shell:Creating package script '/home/jet_orin/streetlive/test/install/radar_conti_ars408/share/radar_conti_ars408/package.ps1'
[45.283s] INFO:colcon.colcon_core.shell:Creating package descriptor '/home/jet_orin/streetlive/test/install/radar_conti_ars408/share/radar_conti_ars408/package.dsv'
[45.284s] INFO:colcon.colcon_core.shell:Creating package script '/home/jet_orin/streetlive/test/install/radar_conti_ars408/share/radar_conti_ars408/package.sh'
[45.286s] INFO:colcon.colcon_core.shell:Creating package script '/home/jet_orin/streetlive/test/install/radar_conti_ars408/share/radar_conti_ars408/package.bash'
[45.287s] INFO:colcon.colcon_core.shell:Creating package script '/home/jet_orin/streetlive/test/install/radar_conti_ars408/share/radar_conti_ars408/package.zsh'
[45.288s] Level 1:colcon.colcon_core.environment:create_file_with_runtime_dependencies(/home/jet_orin/streetlive/test/install/radar_conti_ars408/share/colcon-core/packages/radar_conti_ars408)
[45.289s] DEBUG:colcon.colcon_parallel_executor.executor.parallel:closing loop
[45.289s] DEBUG:colcon.colcon_parallel_executor.executor.parallel:loop closed
[45.289s] DEBUG:colcon.colcon_parallel_executor.executor.parallel:run_until_complete finished with '0'
[45.290s] DEBUG:colcon.colcon_core.event_reactor:joining thread
[45.308s] INFO:colcon.colcon_core.plugin_system:Skipping extension 'colcon_notification.desktop_notification.terminal_notifier': Not used on non-Darwin systems
[45.308s] INFO:colcon.colcon_core.plugin_system:Skipping extension 'colcon_notification.desktop_notification.win32': Not used on non-Windows systems
[45.309s] INFO:colcon.colcon_notification.desktop_notification:Sending desktop notification using 'notify2'
[45.370s] DEBUG:colcon.colcon_core.event_reactor:joined thread
[45.372s] INFO:colcon.colcon_core.shell:Creating prefix script '/home/jet_orin/streetlive/test/install/local_setup.ps1'
[45.375s] INFO:colcon.colcon_core.shell:Creating prefix util module '/home/jet_orin/streetlive/test/install/_local_setup_util_ps1.py'
[45.377s] INFO:colcon.colcon_core.shell:Creating prefix chain script '/home/jet_orin/streetlive/test/install/setup.ps1'
[45.382s] INFO:colcon.colcon_core.shell:Creating prefix script '/home/jet_orin/streetlive/test/install/local_setup.sh'
[45.384s] INFO:colcon.colcon_core.shell:Creating prefix util module '/home/jet_orin/streetlive/test/install/_local_setup_util_sh.py'
[45.387s] INFO:colcon.colcon_core.shell:Creating prefix chain script '/home/jet_orin/streetlive/test/install/setup.sh'
[45.391s] INFO:colcon.colcon_core.shell:Creating prefix script '/home/jet_orin/streetlive/test/install/local_setup.bash'
[45.393s] INFO:colcon.colcon_core.shell:Creating prefix chain script '/home/jet_orin/streetlive/test/install/setup.bash'
[45.397s] INFO:colcon.colcon_core.shell:Creating prefix script '/home/jet_orin/streetlive/test/install/local_setup.zsh'
[45.399s] INFO:colcon.colcon_core.shell:Creating prefix chain script '/home/jet_orin/streetlive/test/install/setup.zsh'
