[0.032s] Invoking command in '/home/jet_orin/streetlive/test/build/radar_conti_ars408': AMENT_PREFIX_PATH=/home/jet_orin/streetlive/test/install/socketcan_adapter:/home/jet_orin/streetlive/test/install/radar_conti_ars408_msgs:/home/jet_orin/streetlive/test/install/nav2_dynamic_msgs:${AMENT_PREFIX_PATH} CMAKE_PREFIX_PATH=/home/jet_orin/streetlive/test/install/socketcan_adapter:/home/jet_orin/streetlive/test/install/radar_conti_ars408_msgs:/home/jet_orin/streetlive/test/install/nav2_dynamic_msgs:/home/jet_orin/streetlive/AD-fusionbox/install/zed_ros2:/home/jet_orin/streetlive/AD-fusionbox/install/bringup:/home/jet_orin/streetlive/AD-fusionbox/install/zed_wrapper:/home/jet_orin/streetlive/AD-fusionbox/install/zed_debug:/home/jet_orin/streetlive/AD-fusionbox/install/zed_components:/home/jet_orin/streetlive/AD-fusionbox/install/streetlive_msgs:/home/jet_orin/streetlive/AD-fusionbox/install/msgs:/home/jet_orin/streetlive/AD-fusionbox/install/perception:/home/jet_orin/streetlive/AD-fusionbox/install/offline:/home/jet_orin/streetlive/AD-fusionbox/install/localization:/home/jet_orin/streetlive/AD-fusionbox/install/drivers:/opt/ros/humble LD_LIBRARY_PATH=/home/jet_orin/streetlive/test/install/socketcan_adapter/lib:/home/jet_orin/streetlive/test/install/radar_conti_ars408_msgs/lib:/home/jet_orin/streetlive/test/install/nav2_dynamic_msgs/lib:/home/jet_orin/streetlive/AD-fusionbox/install/zed_components/lib:/opt/ros/humble/opt/rviz_ogre_vendor/lib:/opt/ros/humble/lib/aarch64-linux-gnu:/opt/ros/humble/lib:/usr/local/cuda-12.6/lib64 PYTHONPATH=/home/jet_orin/streetlive/test/install/radar_conti_ars408_msgs/local/lib/python3.10/dist-packages:/home/jet_orin/streetlive/test/install/nav2_dynamic_msgs/local/lib/python3.10/dist-packages:${PYTHONPATH} /usr/bin/cmake --build /home/jet_orin/streetlive/test/build/radar_conti_ars408 -- -j12 -l12
[0.117s] [35m[1mConsolidate compiler generated dependencies of target radar_conti_ars408_component[0m
[0.161s] [ 12%] [32mBuilding CXX object CMakeFiles/radar_conti_ars408_component.dir/src/radar_conti_ars408_component.cpp.o[0m
[6.361s] [01m[K/home/jet_orin/streetlive/test/src/ars-408/radar_conti_ars408/src/radar_conti_ars408_component.cpp:[m[K In member function ‘[01m[Kvoid FHAC::radar_conti_ars408::can_receive_callback(std::shared_ptr<const polymath::socketcan::CanFrame>)[m[K’:
[6.361s] [01m[K/home/jet_orin/streetlive/test/src/ars-408/radar_conti_ars408/src/radar_conti_ars408_component.cpp:585:19:[m[K [01;35m[Kwarning: [m[Kcomparison of integer expressions of different signedness: ‘[01m[Kint[m[K’ and ‘[01m[Kstd::vector<radar_conti_ars408_msgs::msg::ObjectList_<std::allocator<void> > >::size_type[m[K’ {aka ‘[01m[Klong unsigned int[m[K’} [[01;35m[K]8;;https://gcc.gnu.org/onlinedocs/gcc/Warning-Options.html#index-Wsign-compare-Wsign-compare]8;;[m[K]
[6.361s]   585 |     if ([01;35m[Ksensor_id > object_list_list_.size() - 1[m[K)
[6.361s]       |         [01;35m[K~~~~~~~~~~^~~~~~~~~~~~~~~~~~~~~~~~~~~~~~[m[K
[6.388s] [01m[K/home/jet_orin/streetlive/test/src/ars-408/radar_conti_ars408/src/radar_conti_ars408_component.cpp:[m[K In member function ‘[01m[Kvoid FHAC::radar_conti_ars408::handle_cluster_list(std::shared_ptr<const polymath::socketcan::CanFrame>)[m[K’:
[6.388s] [01m[K/home/jet_orin/streetlive/test/src/ars-408/radar_conti_ars408/src/radar_conti_ars408_component.cpp:742:9:[m[K [01;31m[Kerror: [m[K‘[01m[Kusing Cluster = struct radar_conti_ars408_msgs::msg::Cluster_<std::allocator<void> >[m[K’ {aka ‘[01m[Kstruct radar_conti_ars408_msgs::msg::Cluster_<std::allocator<void> >[m[K’} has no member named ‘[01m[Ksensor_id[m[K’
[6.388s]   742 |       c.[01;31m[Ksensor_id[m[K.data = Get_SensorID_From_MsgID(frame->get_id());
[6.389s]       |         [01;31m[K^~~~~~~~~[m[K
[6.415s] [01m[K/home/jet_orin/streetlive/test/src/ars-408/radar_conti_ars408/src/radar_conti_ars408_component.cpp:746:49:[m[K [01;31m[Kerror: [m[K‘[01m[KGET_Cluster_1_General_Clust_DistLong[m[K’ was not declared in this scope; did you mean ‘[01m[KGET_Cluster_1_General_Cluster_DistLong[m[K’?
[6.415s]   746 |           CALC_Cluster_1_General_Clust_DistLong([01;31m[KGET_Cluster_1_General_Clust_DistLong[m[K(frame->get_data()), 1.0);
[6.415s]       |                                                 [01;31m[K^~~~~~~~~~~~~~~~~~~~~~~~~~~~~~~~~~~~[m[K
[6.416s]       |                                                 [32m[KGET_Cluster_1_General_Cluster_DistLong[m[K
[6.438s] [01m[K/home/jet_orin/streetlive/test/src/ars-408/radar_conti_ars408/src/radar_conti_ars408_component.cpp:746:11:[m[K [01;31m[Kerror: [m[K‘[01m[KCALC_Cluster_1_General_Clust_DistLong[m[K’ was not declared in this scope; did you mean ‘[01m[KCALC_Cluster_1_General_Cluster_DistLong[m[K’?
[6.439s]   746 |           [01;31m[KCALC_Cluster_1_General_Clust_DistLong[m[K(GET_Cluster_1_General_Clust_DistLong(frame->get_data()), 1.0);
[6.439s]       |           [01;31m[K^~~~~~~~~~~~~~~~~~~~~~~~~~~~~~~~~~~~~[m[K
[6.440s]       |           [32m[KCALC_Cluster_1_General_Cluster_DistLong[m[K
[6.461s] [01m[K/home/jet_orin/streetlive/test/src/ars-408/radar_conti_ars408/src/radar_conti_ars408_component.cpp:750:48:[m[K [01;31m[Kerror: [m[K‘[01m[KGET_Cluster_1_General_Clust_DistLat[m[K’ was not declared in this scope; did you mean ‘[01m[KGET_Cluster_1_General_Cluster_DistLat[m[K’?
[6.461s]   750 |           CALC_Cluster_1_General_Clust_DistLat([01;31m[KGET_Cluster_1_General_Clust_DistLat[m[K(frame->get_data()), 1.0);
[6.462s]       |                                                [01;31m[K^~~~~~~~~~~~~~~~~~~~~~~~~~~~~~~~~~~[m[K
[6.462s]       |                                                [32m[KGET_Cluster_1_General_Cluster_DistLat[m[K
[6.487s] [01m[K/home/jet_orin/streetlive/test/src/ars-408/radar_conti_ars408/src/radar_conti_ars408_component.cpp:750:11:[m[K [01;31m[Kerror: [m[K‘[01m[KCALC_Cluster_1_General_Clust_DistLat[m[K’ was not declared in this scope; did you mean ‘[01m[KCALC_Cluster_1_General_Cluster_DistLat[m[K’?
[6.488s]   750 |           [01;31m[KCALC_Cluster_1_General_Clust_DistLat[m[K(GET_Cluster_1_General_Clust_DistLat(frame->get_data()), 1.0);
[6.488s]       |           [01;31m[K^~~~~~~~~~~~~~~~~~~~~~~~~~~~~~~~~~~~[m[K
[6.488s]       |           [32m[KCALC_Cluster_1_General_Cluster_DistLat[m[K
[6.512s] [01m[K/home/jet_orin/streetlive/test/src/ars-408/radar_conti_ars408/src/radar_conti_ars408_component.cpp:754:49:[m[K [01;31m[Kerror: [m[K‘[01m[KGET_Cluster_1_General_Clust_VrelLong[m[K’ was not declared in this scope; did you mean ‘[01m[KGET_Cluster_1_General_Cluster_VrelLong[m[K’?
[6.513s]   754 |           CALC_Cluster_1_General_Clust_VrelLong([01;31m[KGET_Cluster_1_General_Clust_VrelLong[m[K(frame->get_data()), 1.0);
[6.513s]       |                                                 [01;31m[K^~~~~~~~~~~~~~~~~~~~~~~~~~~~~~~~~~~~[m[K
[6.513s]       |                                                 [32m[KGET_Cluster_1_General_Cluster_VrelLong[m[K
[6.538s] [01m[K/home/jet_orin/streetlive/test/src/ars-408/radar_conti_ars408/src/radar_conti_ars408_component.cpp:754:11:[m[K [01;31m[Kerror: [m[K‘[01m[KCALC_Cluster_1_General_Clust_VrelLong[m[K’ was not declared in this scope; did you mean ‘[01m[KCALC_Cluster_1_General_Cluster_VrelLong[m[K’?
[6.538s]   754 |           [01;31m[KCALC_Cluster_1_General_Clust_VrelLong[m[K(GET_Cluster_1_General_Clust_VrelLong(frame->get_data()), 1.0);
[6.539s]       |           [01;31m[K^~~~~~~~~~~~~~~~~~~~~~~~~~~~~~~~~~~~~[m[K
[6.539s]       |           [32m[KCALC_Cluster_1_General_Cluster_VrelLong[m[K
[6.561s] [01m[K/home/jet_orin/streetlive/test/src/ars-408/radar_conti_ars408/src/radar_conti_ars408_component.cpp:758:48:[m[K [01;31m[Kerror: [m[K‘[01m[KGET_Cluster_1_General_Clust_VrelLat[m[K’ was not declared in this scope; did you mean ‘[01m[KGET_Cluster_1_General_Cluster_VrelLat[m[K’?
[6.561s]   758 |           CALC_Cluster_1_General_Clust_VrelLat([01;31m[KGET_Cluster_1_General_Clust_VrelLat[m[K(frame->get_data()), 1.0);
[6.561s]       |                                                [01;31m[K^~~~~~~~~~~~~~~~~~~~~~~~~~~~~~~~~~~[m[K
[6.562s]       |                                                [32m[KGET_Cluster_1_General_Cluster_VrelLat[m[K
[6.586s] [01m[K/home/jet_orin/streetlive/test/src/ars-408/radar_conti_ars408/src/radar_conti_ars408_component.cpp:758:11:[m[K [01;31m[Kerror: [m[K‘[01m[KCALC_Cluster_1_General_Clust_VrelLat[m[K’ was not declared in this scope; did you mean ‘[01m[KCALC_Cluster_1_General_Cluster_VrelLat[m[K’?
[6.586s]   758 |           [01;31m[KCALC_Cluster_1_General_Clust_VrelLat[m[K(GET_Cluster_1_General_Clust_VrelLat(frame->get_data()), 1.0);
[6.587s]       |           [01;31m[K^~~~~~~~~~~~~~~~~~~~~~~~~~~~~~~~~~~~[m[K
[6.587s]       |           [32m[KCALC_Cluster_1_General_Cluster_VrelLat[m[K
[6.610s] [01m[K/home/jet_orin/streetlive/test/src/ars-408/radar_conti_ars408/src/radar_conti_ars408_component.cpp:761:48:[m[K [01;31m[Kerror: [m[K‘[01m[KGET_Cluster_1_General_Clust_DynProp[m[K’ was not declared in this scope; did you mean ‘[01m[KGET_Cluster_1_General_Cluster_DynProp[m[K’?
[6.610s]   761 |           CALC_Cluster_1_General_Clust_DynProp([01;31m[KGET_Cluster_1_General_Clust_DynProp[m[K(frame->get_data()), 1.0);
[6.610s]       |                                                [01;31m[K^~~~~~~~~~~~~~~~~~~~~~~~~~~~~~~~~~~[m[K
[6.611s]       |                                                [32m[KGET_Cluster_1_General_Cluster_DynProp[m[K
[6.636s] [01m[K/home/jet_orin/streetlive/test/src/ars-408/radar_conti_ars408/src/radar_conti_ars408_component.cpp:761:11:[m[K [01;31m[Kerror: [m[K‘[01m[KCALC_Cluster_1_General_Clust_DynProp[m[K’ was not declared in this scope; did you mean ‘[01m[KCALC_Cluster_1_General_Cluster_DynProp[m[K’?
[6.637s]   761 |           [01;31m[KCALC_Cluster_1_General_Clust_DynProp[m[K(GET_Cluster_1_General_Clust_DynProp(frame->get_data()), 1.0);
[6.637s]       |           [01;31m[K^~~~~~~~~~~~~~~~~~~~~~~~~~~~~~~~~~~~[m[K
[6.637s]       |           [32m[KCALC_Cluster_1_General_Cluster_DynProp[m[K
[6.658s] [01m[K/home/jet_orin/streetlive/test/src/ars-408/radar_conti_ars408/src/radar_conti_ars408_component.cpp:764:44:[m[K [01;31m[Kerror: [m[K‘[01m[KGET_Cluster_1_General_Clust_RCS[m[K’ was not declared in this scope; did you mean ‘[01m[KGET_Cluster_1_General_Cluster_RCS[m[K’?
[6.658s]   764 |           CALC_Cluster_1_General_Clust_RCS([01;31m[KGET_Cluster_1_General_Clust_RCS[m[K(frame->get_data()), 1.0);
[6.658s]       |                                            [01;31m[K^~~~~~~~~~~~~~~~~~~~~~~~~~~~~~~[m[K
[6.658s]       |                                            [32m[KGET_Cluster_1_General_Cluster_RCS[m[K
[6.680s] [01m[K/home/jet_orin/streetlive/test/src/ars-408/radar_conti_ars408/src/radar_conti_ars408_component.cpp:764:11:[m[K [01;31m[Kerror: [m[K‘[01m[KCALC_Cluster_1_General_Clust_RCS[m[K’ was not declared in this scope; did you mean ‘[01m[KCALC_Cluster_1_General_Cluster_RCS[m[K’?
[6.681s]   764 |           [01;31m[KCALC_Cluster_1_General_Clust_RCS[m[K(GET_Cluster_1_General_Clust_RCS(frame->get_data()), 1.0);
[6.681s]       |           [01;31m[K^~~~~~~~~~~~~~~~~~~~~~~~~~~~~~~~[m[K
[6.681s]       |           [32m[KCALC_Cluster_1_General_Cluster_RCS[m[K
[6.810s] [01m[K/home/jet_orin/streetlive/test/src/ars-408/radar_conti_ars408/src/radar_conti_ars408_component.cpp:[m[K In member function ‘[01m[Kvoid FHAC::radar_conti_ars408::publish_cluster_map(int)[m[K’:
[6.810s] [01m[K/home/jet_orin/streetlive/test/src/ars-408/radar_conti_ars408/src/radar_conti_ars408_component.cpp:1078:5:[m[K [01;31m[Kerror: [m[K‘[01m[Kdelte_marker[m[K’ was not declared in this scope; did you mean ‘[01m[Kdelete_marker[m[K’?
[6.810s]  1078 |     [01;31m[Kdelte_marker[m[K.action = visualization_msgs::msg::Marker::DELETEALL;
[6.811s]       |     [01;31m[K^~~~~~~~~~~~[m[K
[6.811s]       |     [32m[Kdelete_marker[m[K
[6.812s] [01m[K/home/jet_orin/streetlive/test/src/ars-408/radar_conti_ars408/src/radar_conti_ars408_component.cpp:1095:62:[m[K [01;31m[Kerror: [m[K‘[01m[Kusing _cluster_general_type = struct radar_conti_ars408_msgs::msg::ClusterGeneral_<std::allocator<void> >[m[K’ {aka ‘[01m[Kstruct radar_conti_ars408_msgs::msg::ClusterGeneral_<std::allocator<void> >[m[K’} has no member named ‘[01m[Kclust_distlong[m[K’; did you mean ‘[01m[Kcluster_distlong[m[K’?
[6.812s]  1095 |      mcluster.pose.position.x = itr->second.cluster_general.[01;31m[Kclust_distlong[m[K.data;
[6.812s]       |                                                             [01;31m[K^~~~~~~~~~~~~~[m[K
[6.812s]       |                                                             [32m[Kcluster_distlong[m[K
[6.813s] [01m[K/home/jet_orin/streetlive/test/src/ars-408/radar_conti_ars408/src/radar_conti_ars408_component.cpp:1096:62:[m[K [01;31m[Kerror: [m[K‘[01m[Kusing _cluster_general_type = struct radar_conti_ars408_msgs::msg::ClusterGeneral_<std::allocator<void> >[m[K’ {aka ‘[01m[Kstruct radar_conti_ars408_msgs::msg::ClusterGeneral_<std::allocator<void> >[m[K’} has no member named ‘[01m[Kclust_distlat[m[K’; did you mean ‘[01m[Kcluster_distlat[m[K’?
[6.813s]  1096 |      mcluster.pose.position.y = itr->second.cluster_general.[01;31m[Kclust_distlat[m[K.data;
[6.813s]       |                                                             [01;31m[K^~~~~~~~~~~~~[m[K
[6.813s]       |                                                             [32m[Kcluster_distlat[m[K
[16.298s] gmake[2]: *** [CMakeFiles/radar_conti_ars408_component.dir/build.make:76: CMakeFiles/radar_conti_ars408_component.dir/src/radar_conti_ars408_component.cpp.o] Error 1
[16.298s] gmake[1]: *** [CMakeFiles/Makefile2:143: CMakeFiles/radar_conti_ars408_component.dir/all] Error 2
[16.299s] gmake: *** [Makefile:146: all] Error 2
[16.306s] Invoked command in '/home/jet_orin/streetlive/test/build/radar_conti_ars408' returned '2': AMENT_PREFIX_PATH=/home/jet_orin/streetlive/test/install/socketcan_adapter:/home/jet_orin/streetlive/test/install/radar_conti_ars408_msgs:/home/jet_orin/streetlive/test/install/nav2_dynamic_msgs:${AMENT_PREFIX_PATH} CMAKE_PREFIX_PATH=/home/jet_orin/streetlive/test/install/socketcan_adapter:/home/jet_orin/streetlive/test/install/radar_conti_ars408_msgs:/home/jet_orin/streetlive/test/install/nav2_dynamic_msgs:/home/jet_orin/streetlive/AD-fusionbox/install/zed_ros2:/home/jet_orin/streetlive/AD-fusionbox/install/bringup:/home/jet_orin/streetlive/AD-fusionbox/install/zed_wrapper:/home/jet_orin/streetlive/AD-fusionbox/install/zed_debug:/home/jet_orin/streetlive/AD-fusionbox/install/zed_components:/home/jet_orin/streetlive/AD-fusionbox/install/streetlive_msgs:/home/jet_orin/streetlive/AD-fusionbox/install/msgs:/home/jet_orin/streetlive/AD-fusionbox/install/perception:/home/jet_orin/streetlive/AD-fusionbox/install/offline:/home/jet_orin/streetlive/AD-fusionbox/install/localization:/home/jet_orin/streetlive/AD-fusionbox/install/drivers:/opt/ros/humble LD_LIBRARY_PATH=/home/jet_orin/streetlive/test/install/socketcan_adapter/lib:/home/jet_orin/streetlive/test/install/radar_conti_ars408_msgs/lib:/home/jet_orin/streetlive/test/install/nav2_dynamic_msgs/lib:/home/jet_orin/streetlive/AD-fusionbox/install/zed_components/lib:/opt/ros/humble/opt/rviz_ogre_vendor/lib:/opt/ros/humble/lib/aarch64-linux-gnu:/opt/ros/humble/lib:/usr/local/cuda-12.6/lib64 PYTHONPATH=/home/jet_orin/streetlive/test/install/radar_conti_ars408_msgs/local/lib/python3.10/dist-packages:/home/jet_orin/streetlive/test/install/nav2_dynamic_msgs/local/lib/python3.10/dist-packages:${PYTHONPATH} /usr/bin/cmake --build /home/jet_orin/streetlive/test/build/radar_conti_ars408 -- -j12 -l12
