[0.177s] DEBUG:colcon:Command line arguments: ['/usr/bin/colcon', 'build', '--symlink-install']
[0.177s] DEBUG:colcon:Parsed command line arguments: Namespace(log_base=None, log_level=None, verb_name='build', build_base='build', install_base='install', merge_install=False, symlink_install=True, test_result_base=None, continue_on_error=False, executor='parallel', parallel_workers=12, event_handlers=None, ignore_user_meta=False, metas=['./colcon.meta'], base_paths=['.'], packages_ignore=None, packages_ignore_regex=None, paths=None, packages_up_to=None, packages_up_to_regex=None, packages_above=None, packages_above_and_dependencies=None, packages_above_depth=None, packages_select_by_dep=None, packages_skip_by_dep=None, packages_skip_up_to=None, packages_select_build_failed=False, packages_skip_build_finished=False, packages_select_test_failures=False, packages_skip_test_passed=False, packages_select=None, packages_skip=None, packages_select_regex=None, packages_skip_regex=None, packages_start=None, packages_end=None, allow_overriding=[], cmake_args=None, cmake_target=None, cmake_target_skip_unavailable=False, cmake_clean_cache=False, cmake_clean_first=False, cmake_force_configure=False, ament_cmake_args=None, catkin_cmake_args=None, catkin_skip_building_tests=False, mixin_files=None, mixin=None, verb_parser=<colcon_mixin.mixin.mixin_argument.MixinArgumentDecorator object at 0xffff862bcac0>, verb_extension=<colcon_core.verb.build.BuildVerb object at 0xffff862bc550>, main=<bound method BuildVerb.main of <colcon_core.verb.build.BuildVerb object at 0xffff862bc550>>, mixin_verb=('build',))
[0.448s] Level 1:colcon.colcon_core.package_discovery:discover_packages(colcon_meta) check parameters
[0.448s] Level 1:colcon.colcon_core.package_discovery:discover_packages(recursive) check parameters
[0.448s] Level 1:colcon.colcon_core.package_discovery:discover_packages(ignore) check parameters
[0.448s] Level 1:colcon.colcon_core.package_discovery:discover_packages(path) check parameters
[0.449s] Level 1:colcon.colcon_core.package_discovery:discover_packages(colcon_meta) discover
[0.449s] Level 1:colcon.colcon_core.package_discovery:discover_packages(recursive) discover
[0.449s] INFO:colcon.colcon_core.package_discovery:Crawling recursively for packages in '/home/jet_orin/streetlive/test'
[0.449s] Level 1:colcon.colcon_core.package_identification:_identify(.) by extensions ['ignore', 'ignore_ament_install']
[0.449s] Level 1:colcon.colcon_core.package_identification:_identify(.) by extension 'ignore'
[0.449s] Level 1:colcon.colcon_core.package_identification:_identify(.) by extension 'ignore_ament_install'
[0.449s] Level 1:colcon.colcon_core.package_identification:_identify(.) by extensions ['colcon_pkg']
[0.449s] Level 1:colcon.colcon_core.package_identification:_identify(.) by extension 'colcon_pkg'
[0.449s] Level 1:colcon.colcon_core.package_identification:_identify(.) by extensions ['colcon_meta']
[0.450s] Level 1:colcon.colcon_core.package_identification:_identify(.) by extension 'colcon_meta'
[0.450s] Level 1:colcon.colcon_core.package_identification:_identify(.) by extensions ['ros']
[0.450s] Level 1:colcon.colcon_core.package_identification:_identify(.) by extension 'ros'
[0.466s] Level 1:colcon.colcon_core.package_identification:_identify(.) by extensions ['cmake', 'python']
[0.466s] Level 1:colcon.colcon_core.package_identification:_identify(.) by extension 'cmake'
[0.466s] Level 1:colcon.colcon_core.package_identification:_identify(.) by extension 'python'
[0.466s] Level 1:colcon.colcon_core.package_identification:_identify(.) by extensions ['python_setup_py']
[0.466s] Level 1:colcon.colcon_core.package_identification:_identify(.) by extension 'python_setup_py'
[0.466s] Level 1:colcon.colcon_core.package_identification:_identify(build) by extensions ['ignore', 'ignore_ament_install']
[0.467s] Level 1:colcon.colcon_core.package_identification:_identify(build) by extension 'ignore'
[0.467s] Level 1:colcon.colcon_core.package_identification:_identify(build) ignored
[0.467s] Level 1:colcon.colcon_core.package_identification:_identify(install) by extensions ['ignore', 'ignore_ament_install']
[0.467s] Level 1:colcon.colcon_core.package_identification:_identify(install) by extension 'ignore'
[0.467s] Level 1:colcon.colcon_core.package_identification:_identify(install) ignored
[0.467s] Level 1:colcon.colcon_core.package_identification:_identify(log) by extensions ['ignore', 'ignore_ament_install']
[0.467s] Level 1:colcon.colcon_core.package_identification:_identify(log) by extension 'ignore'
[0.468s] Level 1:colcon.colcon_core.package_identification:_identify(log) ignored
[0.468s] Level 1:colcon.colcon_core.package_identification:_identify(src) by extensions ['ignore', 'ignore_ament_install']
[0.468s] Level 1:colcon.colcon_core.package_identification:_identify(src) by extension 'ignore'
[0.468s] Level 1:colcon.colcon_core.package_identification:_identify(src) by extension 'ignore_ament_install'
[0.468s] Level 1:colcon.colcon_core.package_identification:_identify(src) by extensions ['colcon_pkg']
[0.468s] Level 1:colcon.colcon_core.package_identification:_identify(src) by extension 'colcon_pkg'
[0.468s] Level 1:colcon.colcon_core.package_identification:_identify(src) by extensions ['colcon_meta']
[0.468s] Level 1:colcon.colcon_core.package_identification:_identify(src) by extension 'colcon_meta'
[0.468s] Level 1:colcon.colcon_core.package_identification:_identify(src) by extensions ['ros']
[0.468s] Level 1:colcon.colcon_core.package_identification:_identify(src) by extension 'ros'
[0.468s] Level 1:colcon.colcon_core.package_identification:_identify(src) by extensions ['cmake', 'python']
[0.469s] Level 1:colcon.colcon_core.package_identification:_identify(src) by extension 'cmake'
[0.469s] Level 1:colcon.colcon_core.package_identification:_identify(src) by extension 'python'
[0.469s] Level 1:colcon.colcon_core.package_identification:_identify(src) by extensions ['python_setup_py']
[0.469s] Level 1:colcon.colcon_core.package_identification:_identify(src) by extension 'python_setup_py'
[0.469s] Level 1:colcon.colcon_core.package_identification:_identify(src/ars-408) by extensions ['ignore', 'ignore_ament_install']
[0.469s] Level 1:colcon.colcon_core.package_identification:_identify(src/ars-408) by extension 'ignore'
[0.469s] Level 1:colcon.colcon_core.package_identification:_identify(src/ars-408) by extension 'ignore_ament_install'
[0.469s] Level 1:colcon.colcon_core.package_identification:_identify(src/ars-408) by extensions ['colcon_pkg']
[0.469s] Level 1:colcon.colcon_core.package_identification:_identify(src/ars-408) by extension 'colcon_pkg'
[0.469s] Level 1:colcon.colcon_core.package_identification:_identify(src/ars-408) by extensions ['colcon_meta']
[0.469s] Level 1:colcon.colcon_core.package_identification:_identify(src/ars-408) by extension 'colcon_meta'
[0.469s] Level 1:colcon.colcon_core.package_identification:_identify(src/ars-408) by extensions ['ros']
[0.470s] Level 1:colcon.colcon_core.package_identification:_identify(src/ars-408) by extension 'ros'
[0.470s] Level 1:colcon.colcon_core.package_identification:_identify(src/ars-408) by extensions ['cmake', 'python']
[0.470s] Level 1:colcon.colcon_core.package_identification:_identify(src/ars-408) by extension 'cmake'
[0.470s] Level 1:colcon.colcon_core.package_identification:_identify(src/ars-408) by extension 'python'
[0.470s] Level 1:colcon.colcon_core.package_identification:_identify(src/ars-408) by extensions ['python_setup_py']
[0.470s] Level 1:colcon.colcon_core.package_identification:_identify(src/ars-408) by extension 'python_setup_py'
[0.470s] Level 1:colcon.colcon_core.package_identification:_identify(src/ars-408/radar_conti_ars408) by extensions ['ignore', 'ignore_ament_install']
[0.470s] Level 1:colcon.colcon_core.package_identification:_identify(src/ars-408/radar_conti_ars408) by extension 'ignore'
[0.470s] Level 1:colcon.colcon_core.package_identification:_identify(src/ars-408/radar_conti_ars408) by extension 'ignore_ament_install'
[0.470s] Level 1:colcon.colcon_core.package_identification:_identify(src/ars-408/radar_conti_ars408) by extensions ['colcon_pkg']
[0.470s] Level 1:colcon.colcon_core.package_identification:_identify(src/ars-408/radar_conti_ars408) by extension 'colcon_pkg'
[0.470s] Level 1:colcon.colcon_core.package_identification:_identify(src/ars-408/radar_conti_ars408) by extensions ['colcon_meta']
[0.471s] Level 1:colcon.colcon_core.package_identification:_identify(src/ars-408/radar_conti_ars408) by extension 'colcon_meta'
[0.471s] Level 1:colcon.colcon_core.package_identification:_identify(src/ars-408/radar_conti_ars408) by extensions ['ros']
[0.471s] Level 1:colcon.colcon_core.package_identification:_identify(src/ars-408/radar_conti_ars408) by extension 'ros'
[0.475s] DEBUG:colcon.colcon_core.package_identification:Package 'src/ars-408/radar_conti_ars408' with type 'ros.ament_cmake' and name 'radar_conti_ars408'
[0.475s] Level 1:colcon.colcon_core.package_identification:_identify(src/ars-408/radar_conti_ars408_msgs) by extensions ['ignore', 'ignore_ament_install']
[0.476s] Level 1:colcon.colcon_core.package_identification:_identify(src/ars-408/radar_conti_ars408_msgs) by extension 'ignore'
[0.476s] Level 1:colcon.colcon_core.package_identification:_identify(src/ars-408/radar_conti_ars408_msgs) by extension 'ignore_ament_install'
[0.476s] Level 1:colcon.colcon_core.package_identification:_identify(src/ars-408/radar_conti_ars408_msgs) by extensions ['colcon_pkg']
[0.476s] Level 1:colcon.colcon_core.package_identification:_identify(src/ars-408/radar_conti_ars408_msgs) by extension 'colcon_pkg'
[0.476s] Level 1:colcon.colcon_core.package_identification:_identify(src/ars-408/radar_conti_ars408_msgs) by extensions ['colcon_meta']
[0.476s] Level 1:colcon.colcon_core.package_identification:_identify(src/ars-408/radar_conti_ars408_msgs) by extension 'colcon_meta'
[0.476s] Level 1:colcon.colcon_core.package_identification:_identify(src/ars-408/radar_conti_ars408_msgs) by extensions ['ros']
[0.476s] Level 1:colcon.colcon_core.package_identification:_identify(src/ars-408/radar_conti_ars408_msgs) by extension 'ros'
[0.477s] DEBUG:colcon.colcon_core.package_identification:Package 'src/ars-408/radar_conti_ars408_msgs' with type 'ros.ament_cmake' and name 'radar_conti_ars408_msgs'
[0.477s] Level 1:colcon.colcon_core.package_identification:_identify(src/navigation2_dynamic) by extensions ['ignore', 'ignore_ament_install']
[0.477s] Level 1:colcon.colcon_core.package_identification:_identify(src/navigation2_dynamic) by extension 'ignore'
[0.478s] Level 1:colcon.colcon_core.package_identification:_identify(src/navigation2_dynamic) by extension 'ignore_ament_install'
[0.478s] Level 1:colcon.colcon_core.package_identification:_identify(src/navigation2_dynamic) by extensions ['colcon_pkg']
[0.478s] Level 1:colcon.colcon_core.package_identification:_identify(src/navigation2_dynamic) by extension 'colcon_pkg'
[0.478s] Level 1:colcon.colcon_core.package_identification:_identify(src/navigation2_dynamic) by extensions ['colcon_meta']
[0.478s] Level 1:colcon.colcon_core.package_identification:_identify(src/navigation2_dynamic) by extension 'colcon_meta'
[0.478s] Level 1:colcon.colcon_core.package_identification:_identify(src/navigation2_dynamic) by extensions ['ros']
[0.478s] Level 1:colcon.colcon_core.package_identification:_identify(src/navigation2_dynamic) by extension 'ros'
[0.478s] Level 1:colcon.colcon_core.package_identification:_identify(src/navigation2_dynamic) by extensions ['cmake', 'python']
[0.478s] Level 1:colcon.colcon_core.package_identification:_identify(src/navigation2_dynamic) by extension 'cmake'
[0.478s] Level 1:colcon.colcon_core.package_identification:_identify(src/navigation2_dynamic) by extension 'python'
[0.478s] Level 1:colcon.colcon_core.package_identification:_identify(src/navigation2_dynamic) by extensions ['python_setup_py']
[0.478s] Level 1:colcon.colcon_core.package_identification:_identify(src/navigation2_dynamic) by extension 'python_setup_py'
[0.479s] Level 1:colcon.colcon_core.package_identification:_identify(src/navigation2_dynamic/kf_hungarian_tracker) by extensions ['ignore', 'ignore_ament_install']
[0.479s] Level 1:colcon.colcon_core.package_identification:_identify(src/navigation2_dynamic/kf_hungarian_tracker) by extension 'ignore'
[0.479s] Level 1:colcon.colcon_core.package_identification:_identify(src/navigation2_dynamic/kf_hungarian_tracker) by extension 'ignore_ament_install'
[0.479s] Level 1:colcon.colcon_core.package_identification:_identify(src/navigation2_dynamic/kf_hungarian_tracker) by extensions ['colcon_pkg']
[0.479s] Level 1:colcon.colcon_core.package_identification:_identify(src/navigation2_dynamic/kf_hungarian_tracker) by extension 'colcon_pkg'
[0.479s] Level 1:colcon.colcon_core.package_identification:_identify(src/navigation2_dynamic/kf_hungarian_tracker) by extensions ['colcon_meta']
[0.479s] Level 1:colcon.colcon_core.package_identification:_identify(src/navigation2_dynamic/kf_hungarian_tracker) by extension 'colcon_meta'
[0.479s] Level 1:colcon.colcon_core.package_identification:_identify(src/navigation2_dynamic/kf_hungarian_tracker) by extensions ['ros']
[0.479s] Level 1:colcon.colcon_core.package_identification:_identify(src/navigation2_dynamic/kf_hungarian_tracker) by extension 'ros'
[0.480s] DEBUG:colcon.colcon_core.package_identification:Package 'src/navigation2_dynamic/kf_hungarian_tracker' with type 'ros.ament_python' and name 'kf_hungarian_tracker'
[0.480s] Level 1:colcon.colcon_core.package_identification:_identify(src/navigation2_dynamic/nav2_dynamic_msgs) by extensions ['ignore', 'ignore_ament_install']
[0.480s] Level 1:colcon.colcon_core.package_identification:_identify(src/navigation2_dynamic/nav2_dynamic_msgs) by extension 'ignore'
[0.480s] Level 1:colcon.colcon_core.package_identification:_identify(src/navigation2_dynamic/nav2_dynamic_msgs) by extension 'ignore_ament_install'
[0.481s] Level 1:colcon.colcon_core.package_identification:_identify(src/navigation2_dynamic/nav2_dynamic_msgs) by extensions ['colcon_pkg']
[0.481s] Level 1:colcon.colcon_core.package_identification:_identify(src/navigation2_dynamic/nav2_dynamic_msgs) by extension 'colcon_pkg'
[0.481s] Level 1:colcon.colcon_core.package_identification:_identify(src/navigation2_dynamic/nav2_dynamic_msgs) by extensions ['colcon_meta']
[0.481s] Level 1:colcon.colcon_core.package_identification:_identify(src/navigation2_dynamic/nav2_dynamic_msgs) by extension 'colcon_meta'
[0.481s] Level 1:colcon.colcon_core.package_identification:_identify(src/navigation2_dynamic/nav2_dynamic_msgs) by extensions ['ros']
[0.481s] Level 1:colcon.colcon_core.package_identification:_identify(src/navigation2_dynamic/nav2_dynamic_msgs) by extension 'ros'
[0.482s] DEBUG:colcon.colcon_core.package_identification:Package 'src/navigation2_dynamic/nav2_dynamic_msgs' with type 'ros.ament_cmake' and name 'nav2_dynamic_msgs'
[0.482s] Level 1:colcon.colcon_core.package_identification:_identify(src/socketcan_adapter) by extensions ['ignore', 'ignore_ament_install']
[0.482s] Level 1:colcon.colcon_core.package_identification:_identify(src/socketcan_adapter) by extension 'ignore'
[0.482s] Level 1:colcon.colcon_core.package_identification:_identify(src/socketcan_adapter) by extension 'ignore_ament_install'
[0.482s] Level 1:colcon.colcon_core.package_identification:_identify(src/socketcan_adapter) by extensions ['colcon_pkg']
[0.482s] Level 1:colcon.colcon_core.package_identification:_identify(src/socketcan_adapter) by extension 'colcon_pkg'
[0.483s] Level 1:colcon.colcon_core.package_identification:_identify(src/socketcan_adapter) by extensions ['colcon_meta']
[0.483s] Level 1:colcon.colcon_core.package_identification:_identify(src/socketcan_adapter) by extension 'colcon_meta'
[0.483s] Level 1:colcon.colcon_core.package_identification:_identify(src/socketcan_adapter) by extensions ['ros']
[0.483s] Level 1:colcon.colcon_core.package_identification:_identify(src/socketcan_adapter) by extension 'ros'
[0.483s] Level 1:colcon.colcon_core.package_identification:_identify(src/socketcan_adapter) by extensions ['cmake', 'python']
[0.483s] Level 1:colcon.colcon_core.package_identification:_identify(src/socketcan_adapter) by extension 'cmake'
[0.483s] Level 1:colcon.colcon_core.package_identification:_identify(src/socketcan_adapter) by extension 'python'
[0.483s] Level 1:colcon.colcon_core.package_identification:_identify(src/socketcan_adapter) by extensions ['python_setup_py']
[0.483s] Level 1:colcon.colcon_core.package_identification:_identify(src/socketcan_adapter) by extension 'python_setup_py'
[0.483s] Level 1:colcon.colcon_core.package_identification:_identify(src/socketcan_adapter/socketcan_adapter) by extensions ['ignore', 'ignore_ament_install']
[0.483s] Level 1:colcon.colcon_core.package_identification:_identify(src/socketcan_adapter/socketcan_adapter) by extension 'ignore'
[0.484s] Level 1:colcon.colcon_core.package_identification:_identify(src/socketcan_adapter/socketcan_adapter) by extension 'ignore_ament_install'
[0.484s] Level 1:colcon.colcon_core.package_identification:_identify(src/socketcan_adapter/socketcan_adapter) by extensions ['colcon_pkg']
[0.484s] Level 1:colcon.colcon_core.package_identification:_identify(src/socketcan_adapter/socketcan_adapter) by extension 'colcon_pkg'
[0.484s] Level 1:colcon.colcon_core.package_identification:_identify(src/socketcan_adapter/socketcan_adapter) by extensions ['colcon_meta']
[0.484s] Level 1:colcon.colcon_core.package_identification:_identify(src/socketcan_adapter/socketcan_adapter) by extension 'colcon_meta'
[0.484s] Level 1:colcon.colcon_core.package_identification:_identify(src/socketcan_adapter/socketcan_adapter) by extensions ['ros']
[0.484s] Level 1:colcon.colcon_core.package_identification:_identify(src/socketcan_adapter/socketcan_adapter) by extension 'ros'
[0.485s] DEBUG:colcon.colcon_core.package_identification:Package 'src/socketcan_adapter/socketcan_adapter' with type 'ros.ament_cmake' and name 'socketcan_adapter'
[0.485s] Level 1:colcon.colcon_core.package_identification:_identify(src/socketcan_adapter/socketcan_adapter_ros) by extensions ['ignore', 'ignore_ament_install']
[0.485s] Level 1:colcon.colcon_core.package_identification:_identify(src/socketcan_adapter/socketcan_adapter_ros) by extension 'ignore'
[0.485s] Level 1:colcon.colcon_core.package_identification:_identify(src/socketcan_adapter/socketcan_adapter_ros) by extension 'ignore_ament_install'
[0.485s] Level 1:colcon.colcon_core.package_identification:_identify(src/socketcan_adapter/socketcan_adapter_ros) by extensions ['colcon_pkg']
[0.485s] Level 1:colcon.colcon_core.package_identification:_identify(src/socketcan_adapter/socketcan_adapter_ros) by extension 'colcon_pkg'
[0.485s] Level 1:colcon.colcon_core.package_identification:_identify(src/socketcan_adapter/socketcan_adapter_ros) by extensions ['colcon_meta']
[0.485s] Level 1:colcon.colcon_core.package_identification:_identify(src/socketcan_adapter/socketcan_adapter_ros) by extension 'colcon_meta'
[0.485s] Level 1:colcon.colcon_core.package_identification:_identify(src/socketcan_adapter/socketcan_adapter_ros) by extensions ['ros']
[0.485s] Level 1:colcon.colcon_core.package_identification:_identify(src/socketcan_adapter/socketcan_adapter_ros) by extension 'ros'
[0.486s] DEBUG:colcon.colcon_core.package_identification:Package 'src/socketcan_adapter/socketcan_adapter_ros' with type 'ros.ament_cmake' and name 'socketcan_adapter_ros'
[0.487s] Level 1:colcon.colcon_core.package_discovery:discover_packages(recursive) using defaults
[0.487s] Level 1:colcon.colcon_core.package_discovery:discover_packages(ignore) discover
[0.487s] Level 1:colcon.colcon_core.package_discovery:discover_packages(ignore) using defaults
[0.487s] Level 1:colcon.colcon_core.package_discovery:discover_packages(path) discover
[0.487s] Level 1:colcon.colcon_core.package_discovery:discover_packages(path) using defaults
[0.549s] Level 1:colcon.colcon_core.package_discovery:discover_packages(prefix_path) check parameters
[0.550s] Level 1:colcon.colcon_core.package_discovery:discover_packages(prefix_path) discover
[0.553s] DEBUG:colcon.colcon_installed_package_information.package_discovery:Found 6 installed packages in /home/jet_orin/streetlive/test/install
[0.555s] DEBUG:colcon.colcon_installed_package_information.package_discovery:Found 11 installed packages in /home/jet_orin/streetlive/AD-fusionbox/install
[0.556s] DEBUG:colcon.colcon_installed_package_information.package_discovery:Found 332 installed packages in /opt/ros/humble
[0.559s] Level 1:colcon.colcon_core.package_discovery:discover_packages(prefix_path) using defaults
[0.622s] Level 5:colcon.colcon_core.verb:set package 'nav2_dynamic_msgs' build argument 'cmake_args' from command line to 'None'
[0.623s] Level 5:colcon.colcon_core.verb:set package 'nav2_dynamic_msgs' build argument 'cmake_target' from command line to 'None'
[0.623s] Level 5:colcon.colcon_core.verb:set package 'nav2_dynamic_msgs' build argument 'cmake_target_skip_unavailable' from command line to 'False'
[0.623s] Level 5:colcon.colcon_core.verb:set package 'nav2_dynamic_msgs' build argument 'cmake_clean_cache' from command line to 'False'
[0.623s] Level 5:colcon.colcon_core.verb:set package 'nav2_dynamic_msgs' build argument 'cmake_clean_first' from command line to 'False'
[0.623s] Level 5:colcon.colcon_core.verb:set package 'nav2_dynamic_msgs' build argument 'cmake_force_configure' from command line to 'False'
[0.623s] Level 5:colcon.colcon_core.verb:set package 'nav2_dynamic_msgs' build argument 'ament_cmake_args' from command line to 'None'
[0.623s] Level 5:colcon.colcon_core.verb:set package 'nav2_dynamic_msgs' build argument 'catkin_cmake_args' from command line to 'None'
[0.623s] Level 5:colcon.colcon_core.verb:set package 'nav2_dynamic_msgs' build argument 'catkin_skip_building_tests' from command line to 'False'
[0.623s] DEBUG:colcon.colcon_core.verb:Building package 'nav2_dynamic_msgs' with the following arguments: {'ament_cmake_args': None, 'build_base': '/home/jet_orin/streetlive/test/build/nav2_dynamic_msgs', 'catkin_cmake_args': None, 'catkin_skip_building_tests': False, 'cmake_args': None, 'cmake_clean_cache': False, 'cmake_clean_first': False, 'cmake_force_configure': False, 'cmake_target': None, 'cmake_target_skip_unavailable': False, 'install_base': '/home/jet_orin/streetlive/test/install/nav2_dynamic_msgs', 'merge_install': False, 'path': '/home/jet_orin/streetlive/test/src/navigation2_dynamic/nav2_dynamic_msgs', 'symlink_install': True, 'test_result_base': None}
[0.624s] Level 5:colcon.colcon_core.verb:set package 'radar_conti_ars408_msgs' build argument 'cmake_args' from command line to 'None'
[0.624s] Level 5:colcon.colcon_core.verb:set package 'radar_conti_ars408_msgs' build argument 'cmake_target' from command line to 'None'
[0.624s] Level 5:colcon.colcon_core.verb:set package 'radar_conti_ars408_msgs' build argument 'cmake_target_skip_unavailable' from command line to 'False'
[0.624s] Level 5:colcon.colcon_core.verb:set package 'radar_conti_ars408_msgs' build argument 'cmake_clean_cache' from command line to 'False'
[0.624s] Level 5:colcon.colcon_core.verb:set package 'radar_conti_ars408_msgs' build argument 'cmake_clean_first' from command line to 'False'
[0.624s] Level 5:colcon.colcon_core.verb:set package 'radar_conti_ars408_msgs' build argument 'cmake_force_configure' from command line to 'False'
[0.624s] Level 5:colcon.colcon_core.verb:set package 'radar_conti_ars408_msgs' build argument 'ament_cmake_args' from command line to 'None'
[0.624s] Level 5:colcon.colcon_core.verb:set package 'radar_conti_ars408_msgs' build argument 'catkin_cmake_args' from command line to 'None'
[0.624s] Level 5:colcon.colcon_core.verb:set package 'radar_conti_ars408_msgs' build argument 'catkin_skip_building_tests' from command line to 'False'
[0.624s] DEBUG:colcon.colcon_core.verb:Building package 'radar_conti_ars408_msgs' with the following arguments: {'ament_cmake_args': None, 'build_base': '/home/jet_orin/streetlive/test/build/radar_conti_ars408_msgs', 'catkin_cmake_args': None, 'catkin_skip_building_tests': False, 'cmake_args': None, 'cmake_clean_cache': False, 'cmake_clean_first': False, 'cmake_force_configure': False, 'cmake_target': None, 'cmake_target_skip_unavailable': False, 'install_base': '/home/jet_orin/streetlive/test/install/radar_conti_ars408_msgs', 'merge_install': False, 'path': '/home/jet_orin/streetlive/test/src/ars-408/radar_conti_ars408_msgs', 'symlink_install': True, 'test_result_base': None}
[0.624s] Level 5:colcon.colcon_core.verb:set package 'socketcan_adapter' build argument 'cmake_args' from command line to 'None'
[0.625s] Level 5:colcon.colcon_core.verb:set package 'socketcan_adapter' build argument 'cmake_target' from command line to 'None'
[0.625s] Level 5:colcon.colcon_core.verb:set package 'socketcan_adapter' build argument 'cmake_target_skip_unavailable' from command line to 'False'
[0.625s] Level 5:colcon.colcon_core.verb:set package 'socketcan_adapter' build argument 'cmake_clean_cache' from command line to 'False'
[0.625s] Level 5:colcon.colcon_core.verb:set package 'socketcan_adapter' build argument 'cmake_clean_first' from command line to 'False'
[0.625s] Level 5:colcon.colcon_core.verb:set package 'socketcan_adapter' build argument 'cmake_force_configure' from command line to 'False'
[0.625s] Level 5:colcon.colcon_core.verb:set package 'socketcan_adapter' build argument 'ament_cmake_args' from command line to 'None'
[0.625s] Level 5:colcon.colcon_core.verb:set package 'socketcan_adapter' build argument 'catkin_cmake_args' from command line to 'None'
[0.625s] Level 5:colcon.colcon_core.verb:set package 'socketcan_adapter' build argument 'catkin_skip_building_tests' from command line to 'False'
[0.625s] DEBUG:colcon.colcon_core.verb:Building package 'socketcan_adapter' with the following arguments: {'ament_cmake_args': None, 'build_base': '/home/jet_orin/streetlive/test/build/socketcan_adapter', 'catkin_cmake_args': None, 'catkin_skip_building_tests': False, 'cmake_args': None, 'cmake_clean_cache': False, 'cmake_clean_first': False, 'cmake_force_configure': False, 'cmake_target': None, 'cmake_target_skip_unavailable': False, 'install_base': '/home/jet_orin/streetlive/test/install/socketcan_adapter', 'merge_install': False, 'path': '/home/jet_orin/streetlive/test/src/socketcan_adapter/socketcan_adapter', 'symlink_install': True, 'test_result_base': None}
[0.625s] Level 5:colcon.colcon_core.verb:set package 'kf_hungarian_tracker' build argument 'cmake_args' from command line to 'None'
[0.625s] Level 5:colcon.colcon_core.verb:set package 'kf_hungarian_tracker' build argument 'cmake_target' from command line to 'None'
[0.625s] Level 5:colcon.colcon_core.verb:set package 'kf_hungarian_tracker' build argument 'cmake_target_skip_unavailable' from command line to 'False'
[0.625s] Level 5:colcon.colcon_core.verb:set package 'kf_hungarian_tracker' build argument 'cmake_clean_cache' from command line to 'False'
[0.625s] Level 5:colcon.colcon_core.verb:set package 'kf_hungarian_tracker' build argument 'cmake_clean_first' from command line to 'False'
[0.626s] Level 5:colcon.colcon_core.verb:set package 'kf_hungarian_tracker' build argument 'cmake_force_configure' from command line to 'False'
[0.626s] Level 5:colcon.colcon_core.verb:set package 'kf_hungarian_tracker' build argument 'ament_cmake_args' from command line to 'None'
[0.626s] Level 5:colcon.colcon_core.verb:set package 'kf_hungarian_tracker' build argument 'catkin_cmake_args' from command line to 'None'
[0.626s] Level 5:colcon.colcon_core.verb:set package 'kf_hungarian_tracker' build argument 'catkin_skip_building_tests' from command line to 'False'
[0.626s] DEBUG:colcon.colcon_core.verb:Building package 'kf_hungarian_tracker' with the following arguments: {'ament_cmake_args': None, 'build_base': '/home/jet_orin/streetlive/test/build/kf_hungarian_tracker', 'catkin_cmake_args': None, 'catkin_skip_building_tests': False, 'cmake_args': None, 'cmake_clean_cache': False, 'cmake_clean_first': False, 'cmake_force_configure': False, 'cmake_target': None, 'cmake_target_skip_unavailable': False, 'install_base': '/home/jet_orin/streetlive/test/install/kf_hungarian_tracker', 'merge_install': False, 'path': '/home/jet_orin/streetlive/test/src/navigation2_dynamic/kf_hungarian_tracker', 'symlink_install': True, 'test_result_base': None}
[0.626s] Level 5:colcon.colcon_core.verb:set package 'radar_conti_ars408' build argument 'cmake_args' from command line to 'None'
[0.626s] Level 5:colcon.colcon_core.verb:set package 'radar_conti_ars408' build argument 'cmake_target' from command line to 'None'
[0.626s] Level 5:colcon.colcon_core.verb:set package 'radar_conti_ars408' build argument 'cmake_target_skip_unavailable' from command line to 'False'
[0.626s] Level 5:colcon.colcon_core.verb:set package 'radar_conti_ars408' build argument 'cmake_clean_cache' from command line to 'False'
[0.626s] Level 5:colcon.colcon_core.verb:set package 'radar_conti_ars408' build argument 'cmake_clean_first' from command line to 'False'
[0.626s] Level 5:colcon.colcon_core.verb:set package 'radar_conti_ars408' build argument 'cmake_force_configure' from command line to 'False'
[0.626s] Level 5:colcon.colcon_core.verb:set package 'radar_conti_ars408' build argument 'ament_cmake_args' from command line to 'None'
[0.626s] Level 5:colcon.colcon_core.verb:set package 'radar_conti_ars408' build argument 'catkin_cmake_args' from command line to 'None'
[0.626s] Level 5:colcon.colcon_core.verb:set package 'radar_conti_ars408' build argument 'catkin_skip_building_tests' from command line to 'False'
[0.627s] DEBUG:colcon.colcon_core.verb:Building package 'radar_conti_ars408' with the following arguments: {'ament_cmake_args': None, 'build_base': '/home/jet_orin/streetlive/test/build/radar_conti_ars408', 'catkin_cmake_args': None, 'catkin_skip_building_tests': False, 'cmake_args': None, 'cmake_clean_cache': False, 'cmake_clean_first': False, 'cmake_force_configure': False, 'cmake_target': None, 'cmake_target_skip_unavailable': False, 'install_base': '/home/jet_orin/streetlive/test/install/radar_conti_ars408', 'merge_install': False, 'path': '/home/jet_orin/streetlive/test/src/ars-408/radar_conti_ars408', 'symlink_install': True, 'test_result_base': None}
[0.627s] Level 5:colcon.colcon_core.verb:set package 'socketcan_adapter_ros' build argument 'cmake_args' from command line to 'None'
[0.627s] Level 5:colcon.colcon_core.verb:set package 'socketcan_adapter_ros' build argument 'cmake_target' from command line to 'None'
[0.627s] Level 5:colcon.colcon_core.verb:set package 'socketcan_adapter_ros' build argument 'cmake_target_skip_unavailable' from command line to 'False'
[0.627s] Level 5:colcon.colcon_core.verb:set package 'socketcan_adapter_ros' build argument 'cmake_clean_cache' from command line to 'False'
[0.627s] Level 5:colcon.colcon_core.verb:set package 'socketcan_adapter_ros' build argument 'cmake_clean_first' from command line to 'False'
[0.627s] Level 5:colcon.colcon_core.verb:set package 'socketcan_adapter_ros' build argument 'cmake_force_configure' from command line to 'False'
[0.627s] Level 5:colcon.colcon_core.verb:set package 'socketcan_adapter_ros' build argument 'ament_cmake_args' from command line to 'None'
[0.627s] Level 5:colcon.colcon_core.verb:set package 'socketcan_adapter_ros' build argument 'catkin_cmake_args' from command line to 'None'
[0.627s] Level 5:colcon.colcon_core.verb:set package 'socketcan_adapter_ros' build argument 'catkin_skip_building_tests' from command line to 'False'
[0.627s] DEBUG:colcon.colcon_core.verb:Building package 'socketcan_adapter_ros' with the following arguments: {'ament_cmake_args': None, 'build_base': '/home/jet_orin/streetlive/test/build/socketcan_adapter_ros', 'catkin_cmake_args': None, 'catkin_skip_building_tests': False, 'cmake_args': None, 'cmake_clean_cache': False, 'cmake_clean_first': False, 'cmake_force_configure': False, 'cmake_target': None, 'cmake_target_skip_unavailable': False, 'install_base': '/home/jet_orin/streetlive/test/install/socketcan_adapter_ros', 'merge_install': False, 'path': '/home/jet_orin/streetlive/test/src/socketcan_adapter/socketcan_adapter_ros', 'symlink_install': True, 'test_result_base': None}
[0.628s] INFO:colcon.colcon_core.executor:Executing jobs using 'parallel' executor
[0.630s] DEBUG:colcon.colcon_parallel_executor.executor.parallel:run_until_complete
[0.630s] INFO:colcon.colcon_ros.task.ament_cmake.build:Building ROS package in '/home/jet_orin/streetlive/test/src/navigation2_dynamic/nav2_dynamic_msgs' with build type 'ament_cmake'
[0.630s] INFO:colcon.colcon_cmake.task.cmake.build:Building CMake package in '/home/jet_orin/streetlive/test/src/navigation2_dynamic/nav2_dynamic_msgs'
[0.634s] INFO:colcon.colcon_core.plugin_system:Skipping extension 'colcon_core.shell.bat': Not used on non-Windows systems
[0.634s] INFO:colcon.colcon_core.shell:Skip shell extension 'powershell' for command environment: Not usable outside of PowerShell
[0.634s] DEBUG:colcon.colcon_core.shell:Skip shell extension 'dsv' for command environment
[0.642s] INFO:colcon.colcon_ros.task.ament_cmake.build:Building ROS package in '/home/jet_orin/streetlive/test/src/socketcan_adapter/socketcan_adapter' with build type 'ament_cmake'
[0.642s] INFO:colcon.colcon_cmake.task.cmake.build:Building CMake package in '/home/jet_orin/streetlive/test/src/socketcan_adapter/socketcan_adapter'
[0.643s] INFO:colcon.colcon_core.shell:Skip shell extension 'powershell' for command environment: Not usable outside of PowerShell
[0.643s] DEBUG:colcon.colcon_core.shell:Skip shell extension 'dsv' for command environment
[0.651s] INFO:colcon.colcon_ros.task.ament_cmake.build:Building ROS package in '/home/jet_orin/streetlive/test/src/ars-408/radar_conti_ars408_msgs' with build type 'ament_cmake'
[0.651s] INFO:colcon.colcon_cmake.task.cmake.build:Building CMake package in '/home/jet_orin/streetlive/test/src/ars-408/radar_conti_ars408_msgs'
[0.652s] INFO:colcon.colcon_core.shell:Skip shell extension 'powershell' for command environment: Not usable outside of PowerShell
[0.652s] DEBUG:colcon.colcon_core.shell:Skip shell extension 'dsv' for command environment
[0.668s] DEBUG:colcon.colcon_core.event_handler.log_command:Invoking command in '/home/jet_orin/streetlive/test/build/nav2_dynamic_msgs': CMAKE_PREFIX_PATH=${CMAKE_PREFIX_PATH}:/home/jet_orin/streetlive/test/install/kf_hungarian_tracker:/home/jet_orin/streetlive/AD-fusionbox/install/perception:/home/jet_orin/streetlive/AD-fusionbox/install/offline:/home/jet_orin/streetlive/AD-fusionbox/install/localization:/home/jet_orin/streetlive/AD-fusionbox/install/drivers:/opt/ros/humble /usr/bin/cmake --build /home/jet_orin/streetlive/test/build/nav2_dynamic_msgs -- -j12 -l12
[0.678s] DEBUG:colcon.colcon_core.event_handler.log_command:Invoking command in '/home/jet_orin/streetlive/test/build/socketcan_adapter': CMAKE_PREFIX_PATH=${CMAKE_PREFIX_PATH}:/home/jet_orin/streetlive/test/install/kf_hungarian_tracker:/home/jet_orin/streetlive/AD-fusionbox/install/perception:/home/jet_orin/streetlive/AD-fusionbox/install/offline:/home/jet_orin/streetlive/AD-fusionbox/install/localization:/home/jet_orin/streetlive/AD-fusionbox/install/drivers:/opt/ros/humble /usr/bin/cmake --build /home/jet_orin/streetlive/test/build/socketcan_adapter -- -j12 -l12
[0.686s] DEBUG:colcon.colcon_core.event_handler.log_command:Invoking command in '/home/jet_orin/streetlive/test/build/radar_conti_ars408_msgs': CMAKE_PREFIX_PATH=${CMAKE_PREFIX_PATH}:/home/jet_orin/streetlive/test/install/kf_hungarian_tracker:/home/jet_orin/streetlive/AD-fusionbox/install/perception:/home/jet_orin/streetlive/AD-fusionbox/install/offline:/home/jet_orin/streetlive/AD-fusionbox/install/localization:/home/jet_orin/streetlive/AD-fusionbox/install/drivers:/opt/ros/humble /usr/bin/cmake --build /home/jet_orin/streetlive/test/build/radar_conti_ars408_msgs -- -j12 -l12
[0.835s] DEBUG:colcon.colcon_core.event_handler.log_command:Invoked command in '/home/jet_orin/streetlive/test/build/socketcan_adapter' returned '0': CMAKE_PREFIX_PATH=${CMAKE_PREFIX_PATH}:/home/jet_orin/streetlive/test/install/kf_hungarian_tracker:/home/jet_orin/streetlive/AD-fusionbox/install/perception:/home/jet_orin/streetlive/AD-fusionbox/install/offline:/home/jet_orin/streetlive/AD-fusionbox/install/localization:/home/jet_orin/streetlive/AD-fusionbox/install/drivers:/opt/ros/humble /usr/bin/cmake --build /home/jet_orin/streetlive/test/build/socketcan_adapter -- -j12 -l12
[0.859s] DEBUG:colcon.colcon_core.event_handler.log_command:Invoking command in '/home/jet_orin/streetlive/test/build/socketcan_adapter': CMAKE_PREFIX_PATH=${CMAKE_PREFIX_PATH}:/home/jet_orin/streetlive/test/install/kf_hungarian_tracker:/home/jet_orin/streetlive/AD-fusionbox/install/perception:/home/jet_orin/streetlive/AD-fusionbox/install/offline:/home/jet_orin/streetlive/AD-fusionbox/install/localization:/home/jet_orin/streetlive/AD-fusionbox/install/drivers:/opt/ros/humble /usr/bin/cmake --install /home/jet_orin/streetlive/test/build/socketcan_adapter
[0.906s] Level 1:colcon.colcon_core.environment:create_environment_scripts_only(socketcan_adapter)
[0.907s] DEBUG:colcon.colcon_core.event_handler.log_command:Invoked command in '/home/jet_orin/streetlive/test/build/socketcan_adapter' returned '0': CMAKE_PREFIX_PATH=${CMAKE_PREFIX_PATH}:/home/jet_orin/streetlive/test/install/kf_hungarian_tracker:/home/jet_orin/streetlive/AD-fusionbox/install/perception:/home/jet_orin/streetlive/AD-fusionbox/install/offline:/home/jet_orin/streetlive/AD-fusionbox/install/localization:/home/jet_orin/streetlive/AD-fusionbox/install/drivers:/opt/ros/humble /usr/bin/cmake --install /home/jet_orin/streetlive/test/build/socketcan_adapter
[0.912s] Level 1:colcon.colcon_core.environment:checking '/home/jet_orin/streetlive/test/install/socketcan_adapter' for CMake module files
[0.913s] Level 1:colcon.colcon_core.environment:checking '/home/jet_orin/streetlive/test/install/socketcan_adapter' for CMake config files
[0.913s] Level 1:colcon.colcon_core.shell:create_environment_hook('socketcan_adapter', 'cmake_prefix_path')
[0.914s] INFO:colcon.colcon_core.shell:Creating environment hook '/home/jet_orin/streetlive/test/install/socketcan_adapter/share/socketcan_adapter/hook/cmake_prefix_path.ps1'
[0.917s] INFO:colcon.colcon_core.shell:Creating environment descriptor '/home/jet_orin/streetlive/test/install/socketcan_adapter/share/socketcan_adapter/hook/cmake_prefix_path.dsv'
[0.918s] INFO:colcon.colcon_core.shell:Creating environment hook '/home/jet_orin/streetlive/test/install/socketcan_adapter/share/socketcan_adapter/hook/cmake_prefix_path.sh'
[0.920s] Level 1:colcon.colcon_core.environment:checking '/home/jet_orin/streetlive/test/install/socketcan_adapter/lib'
[0.921s] Level 1:colcon.colcon_core.shell:create_environment_hook('socketcan_adapter', 'ld_library_path_lib')
[0.921s] INFO:colcon.colcon_core.shell:Creating environment hook '/home/jet_orin/streetlive/test/install/socketcan_adapter/share/socketcan_adapter/hook/ld_library_path_lib.ps1'
[0.922s] INFO:colcon.colcon_core.shell:Creating environment descriptor '/home/jet_orin/streetlive/test/install/socketcan_adapter/share/socketcan_adapter/hook/ld_library_path_lib.dsv'
[0.923s] INFO:colcon.colcon_core.shell:Creating environment hook '/home/jet_orin/streetlive/test/install/socketcan_adapter/share/socketcan_adapter/hook/ld_library_path_lib.sh'
[0.924s] Level 1:colcon.colcon_core.environment:checking '/home/jet_orin/streetlive/test/install/socketcan_adapter/bin'
[0.924s] Level 1:colcon.colcon_core.environment:checking '/home/jet_orin/streetlive/test/install/socketcan_adapter/lib/pkgconfig/socketcan_adapter.pc'
[0.925s] Level 1:colcon.colcon_core.environment:checking '/home/jet_orin/streetlive/test/install/socketcan_adapter/lib/python3.10/site-packages'
[0.925s] Level 1:colcon.colcon_core.environment:checking '/home/jet_orin/streetlive/test/install/socketcan_adapter/bin'
[0.926s] INFO:colcon.colcon_core.shell:Creating package script '/home/jet_orin/streetlive/test/install/socketcan_adapter/share/socketcan_adapter/package.ps1'
[0.928s] INFO:colcon.colcon_core.shell:Creating package descriptor '/home/jet_orin/streetlive/test/install/socketcan_adapter/share/socketcan_adapter/package.dsv'
[0.930s] INFO:colcon.colcon_core.shell:Creating package script '/home/jet_orin/streetlive/test/install/socketcan_adapter/share/socketcan_adapter/package.sh'
[0.931s] INFO:colcon.colcon_core.shell:Creating package script '/home/jet_orin/streetlive/test/install/socketcan_adapter/share/socketcan_adapter/package.bash'
[0.934s] INFO:colcon.colcon_core.shell:Creating package script '/home/jet_orin/streetlive/test/install/socketcan_adapter/share/socketcan_adapter/package.zsh'
[0.935s] Level 1:colcon.colcon_core.environment:create_file_with_runtime_dependencies(/home/jet_orin/streetlive/test/install/socketcan_adapter/share/colcon-core/packages/socketcan_adapter)
[0.938s] Level 1:colcon.colcon_core.environment:create_environment_scripts_only(socketcan_adapter)
[0.938s] Level 1:colcon.colcon_core.environment:checking '/home/jet_orin/streetlive/test/install/socketcan_adapter' for CMake module files
[0.939s] Level 1:colcon.colcon_core.environment:checking '/home/jet_orin/streetlive/test/install/socketcan_adapter' for CMake config files
[0.939s] Level 1:colcon.colcon_core.shell:create_environment_hook('socketcan_adapter', 'cmake_prefix_path')
[0.940s] INFO:colcon.colcon_core.shell:Creating environment hook '/home/jet_orin/streetlive/test/install/socketcan_adapter/share/socketcan_adapter/hook/cmake_prefix_path.ps1'
[0.941s] INFO:colcon.colcon_core.shell:Creating environment descriptor '/home/jet_orin/streetlive/test/install/socketcan_adapter/share/socketcan_adapter/hook/cmake_prefix_path.dsv'
[0.941s] INFO:colcon.colcon_core.shell:Creating environment hook '/home/jet_orin/streetlive/test/install/socketcan_adapter/share/socketcan_adapter/hook/cmake_prefix_path.sh'
[0.942s] Level 1:colcon.colcon_core.environment:checking '/home/jet_orin/streetlive/test/install/socketcan_adapter/lib'
[0.943s] Level 1:colcon.colcon_core.shell:create_environment_hook('socketcan_adapter', 'ld_library_path_lib')
[0.943s] INFO:colcon.colcon_core.shell:Creating environment hook '/home/jet_orin/streetlive/test/install/socketcan_adapter/share/socketcan_adapter/hook/ld_library_path_lib.ps1'
[0.944s] INFO:colcon.colcon_core.shell:Creating environment descriptor '/home/jet_orin/streetlive/test/install/socketcan_adapter/share/socketcan_adapter/hook/ld_library_path_lib.dsv'
[0.944s] INFO:colcon.colcon_core.shell:Creating environment hook '/home/jet_orin/streetlive/test/install/socketcan_adapter/share/socketcan_adapter/hook/ld_library_path_lib.sh'
[0.945s] Level 1:colcon.colcon_core.environment:checking '/home/jet_orin/streetlive/test/install/socketcan_adapter/bin'
[0.945s] Level 1:colcon.colcon_core.environment:checking '/home/jet_orin/streetlive/test/install/socketcan_adapter/lib/pkgconfig/socketcan_adapter.pc'
[0.946s] Level 1:colcon.colcon_core.environment:checking '/home/jet_orin/streetlive/test/install/socketcan_adapter/lib/python3.10/site-packages'
[0.946s] Level 1:colcon.colcon_core.environment:checking '/home/jet_orin/streetlive/test/install/socketcan_adapter/bin'
[0.947s] INFO:colcon.colcon_core.shell:Creating package script '/home/jet_orin/streetlive/test/install/socketcan_adapter/share/socketcan_adapter/package.ps1'
[0.948s] INFO:colcon.colcon_core.shell:Creating package descriptor '/home/jet_orin/streetlive/test/install/socketcan_adapter/share/socketcan_adapter/package.dsv'
[0.949s] INFO:colcon.colcon_core.shell:Creating package script '/home/jet_orin/streetlive/test/install/socketcan_adapter/share/socketcan_adapter/package.sh'
[0.950s] INFO:colcon.colcon_core.shell:Creating package script '/home/jet_orin/streetlive/test/install/socketcan_adapter/share/socketcan_adapter/package.bash'
[0.951s] INFO:colcon.colcon_core.shell:Creating package script '/home/jet_orin/streetlive/test/install/socketcan_adapter/share/socketcan_adapter/package.zsh'
[0.952s] Level 1:colcon.colcon_core.environment:create_file_with_runtime_dependencies(/home/jet_orin/streetlive/test/install/socketcan_adapter/share/colcon-core/packages/socketcan_adapter)
[0.953s] INFO:colcon.colcon_ros.task.ament_cmake.build:Building ROS package in '/home/jet_orin/streetlive/test/src/socketcan_adapter/socketcan_adapter_ros' with build type 'ament_cmake'
[0.953s] INFO:colcon.colcon_cmake.task.cmake.build:Building CMake package in '/home/jet_orin/streetlive/test/src/socketcan_adapter/socketcan_adapter_ros'
[0.954s] INFO:colcon.colcon_core.shell:Skip shell extension 'powershell' for command environment: Not usable outside of PowerShell
[0.954s] DEBUG:colcon.colcon_core.shell:Skip shell extension 'dsv' for command environment
[0.980s] DEBUG:colcon.colcon_core.event_handler.log_command:Invoking command in '/home/jet_orin/streetlive/test/build/socketcan_adapter_ros': CMAKE_PREFIX_PATH=/home/jet_orin/streetlive/test/install/socketcan_adapter:/home/jet_orin/streetlive/test/install/socketcan_adapter_ros:/home/jet_orin/streetlive/test/install/radar_conti_ars408:/home/jet_orin/streetlive/test/install/radar_conti_ars408_msgs:/home/jet_orin/streetlive/test/install/nav2_dynamic_msgs:/home/jet_orin/streetlive/AD-fusionbox/install/zed_ros2:/home/jet_orin/streetlive/AD-fusionbox/install/bringup:/home/jet_orin/streetlive/AD-fusionbox/install/zed_wrapper:/home/jet_orin/streetlive/AD-fusionbox/install/zed_debug:/home/jet_orin/streetlive/AD-fusionbox/install/zed_components:/home/jet_orin/streetlive/AD-fusionbox/install/streetlive_msgs:/home/jet_orin/streetlive/AD-fusionbox/install/msgs:/home/jet_orin/streetlive/test/install/kf_hungarian_tracker:/home/jet_orin/streetlive/AD-fusionbox/install/perception:/home/jet_orin/streetlive/AD-fusionbox/install/offline:/home/jet_orin/streetlive/AD-fusionbox/install/localization:/home/jet_orin/streetlive/AD-fusionbox/install/drivers:/opt/ros/humble LD_LIBRARY_PATH=/home/jet_orin/streetlive/test/install/socketcan_adapter/lib:/home/jet_orin/streetlive/test/install/socketcan_adapter_ros/lib:/home/jet_orin/streetlive/test/install/radar_conti_ars408/lib:/home/jet_orin/streetlive/test/install/radar_conti_ars408_msgs/lib:/home/jet_orin/streetlive/test/install/nav2_dynamic_msgs/lib:/home/jet_orin/streetlive/AD-fusionbox/install/zed_components/lib:/opt/ros/humble/opt/rviz_ogre_vendor/lib:/opt/ros/humble/lib/aarch64-linux-gnu:/opt/ros/humble/lib:/usr/local/cuda-12.6/lib64 /usr/bin/cmake --build /home/jet_orin/streetlive/test/build/socketcan_adapter_ros -- -j12 -l12
[1.151s] DEBUG:colcon.colcon_core.event_handler.log_command:Invoked command in '/home/jet_orin/streetlive/test/build/socketcan_adapter_ros' returned '0': CMAKE_PREFIX_PATH=/home/jet_orin/streetlive/test/install/socketcan_adapter:/home/jet_orin/streetlive/test/install/socketcan_adapter_ros:/home/jet_orin/streetlive/test/install/radar_conti_ars408:/home/jet_orin/streetlive/test/install/radar_conti_ars408_msgs:/home/jet_orin/streetlive/test/install/nav2_dynamic_msgs:/home/jet_orin/streetlive/AD-fusionbox/install/zed_ros2:/home/jet_orin/streetlive/AD-fusionbox/install/bringup:/home/jet_orin/streetlive/AD-fusionbox/install/zed_wrapper:/home/jet_orin/streetlive/AD-fusionbox/install/zed_debug:/home/jet_orin/streetlive/AD-fusionbox/install/zed_components:/home/jet_orin/streetlive/AD-fusionbox/install/streetlive_msgs:/home/jet_orin/streetlive/AD-fusionbox/install/msgs:/home/jet_orin/streetlive/test/install/kf_hungarian_tracker:/home/jet_orin/streetlive/AD-fusionbox/install/perception:/home/jet_orin/streetlive/AD-fusionbox/install/offline:/home/jet_orin/streetlive/AD-fusionbox/install/localization:/home/jet_orin/streetlive/AD-fusionbox/install/drivers:/opt/ros/humble LD_LIBRARY_PATH=/home/jet_orin/streetlive/test/install/socketcan_adapter/lib:/home/jet_orin/streetlive/test/install/socketcan_adapter_ros/lib:/home/jet_orin/streetlive/test/install/radar_conti_ars408/lib:/home/jet_orin/streetlive/test/install/radar_conti_ars408_msgs/lib:/home/jet_orin/streetlive/test/install/nav2_dynamic_msgs/lib:/home/jet_orin/streetlive/AD-fusionbox/install/zed_components/lib:/opt/ros/humble/opt/rviz_ogre_vendor/lib:/opt/ros/humble/lib/aarch64-linux-gnu:/opt/ros/humble/lib:/usr/local/cuda-12.6/lib64 /usr/bin/cmake --build /home/jet_orin/streetlive/test/build/socketcan_adapter_ros -- -j12 -l12
[1.154s] DEBUG:colcon.colcon_core.event_handler.log_command:Invoking command in '/home/jet_orin/streetlive/test/build/socketcan_adapter_ros': CMAKE_PREFIX_PATH=/home/jet_orin/streetlive/test/install/socketcan_adapter:/home/jet_orin/streetlive/test/install/socketcan_adapter_ros:/home/jet_orin/streetlive/test/install/radar_conti_ars408:/home/jet_orin/streetlive/test/install/radar_conti_ars408_msgs:/home/jet_orin/streetlive/test/install/nav2_dynamic_msgs:/home/jet_orin/streetlive/AD-fusionbox/install/zed_ros2:/home/jet_orin/streetlive/AD-fusionbox/install/bringup:/home/jet_orin/streetlive/AD-fusionbox/install/zed_wrapper:/home/jet_orin/streetlive/AD-fusionbox/install/zed_debug:/home/jet_orin/streetlive/AD-fusionbox/install/zed_components:/home/jet_orin/streetlive/AD-fusionbox/install/streetlive_msgs:/home/jet_orin/streetlive/AD-fusionbox/install/msgs:/home/jet_orin/streetlive/test/install/kf_hungarian_tracker:/home/jet_orin/streetlive/AD-fusionbox/install/perception:/home/jet_orin/streetlive/AD-fusionbox/install/offline:/home/jet_orin/streetlive/AD-fusionbox/install/localization:/home/jet_orin/streetlive/AD-fusionbox/install/drivers:/opt/ros/humble LD_LIBRARY_PATH=/home/jet_orin/streetlive/test/install/socketcan_adapter/lib:/home/jet_orin/streetlive/test/install/socketcan_adapter_ros/lib:/home/jet_orin/streetlive/test/install/radar_conti_ars408/lib:/home/jet_orin/streetlive/test/install/radar_conti_ars408_msgs/lib:/home/jet_orin/streetlive/test/install/nav2_dynamic_msgs/lib:/home/jet_orin/streetlive/AD-fusionbox/install/zed_components/lib:/opt/ros/humble/opt/rviz_ogre_vendor/lib:/opt/ros/humble/lib/aarch64-linux-gnu:/opt/ros/humble/lib:/usr/local/cuda-12.6/lib64 /usr/bin/cmake --install /home/jet_orin/streetlive/test/build/socketcan_adapter_ros
[1.199s] Level 1:colcon.colcon_core.environment:create_environment_scripts_only(socketcan_adapter_ros)
[1.199s] Level 1:colcon.colcon_core.environment:checking '/home/jet_orin/streetlive/test/install/socketcan_adapter_ros' for CMake module files
[1.200s] DEBUG:colcon.colcon_core.event_handler.log_command:Invoked command in '/home/jet_orin/streetlive/test/build/socketcan_adapter_ros' returned '0': CMAKE_PREFIX_PATH=/home/jet_orin/streetlive/test/install/socketcan_adapter:/home/jet_orin/streetlive/test/install/socketcan_adapter_ros:/home/jet_orin/streetlive/test/install/radar_conti_ars408:/home/jet_orin/streetlive/test/install/radar_conti_ars408_msgs:/home/jet_orin/streetlive/test/install/nav2_dynamic_msgs:/home/jet_orin/streetlive/AD-fusionbox/install/zed_ros2:/home/jet_orin/streetlive/AD-fusionbox/install/bringup:/home/jet_orin/streetlive/AD-fusionbox/install/zed_wrapper:/home/jet_orin/streetlive/AD-fusionbox/install/zed_debug:/home/jet_orin/streetlive/AD-fusionbox/install/zed_components:/home/jet_orin/streetlive/AD-fusionbox/install/streetlive_msgs:/home/jet_orin/streetlive/AD-fusionbox/install/msgs:/home/jet_orin/streetlive/test/install/kf_hungarian_tracker:/home/jet_orin/streetlive/AD-fusionbox/install/perception:/home/jet_orin/streetlive/AD-fusionbox/install/offline:/home/jet_orin/streetlive/AD-fusionbox/install/localization:/home/jet_orin/streetlive/AD-fusionbox/install/drivers:/opt/ros/humble LD_LIBRARY_PATH=/home/jet_orin/streetlive/test/install/socketcan_adapter/lib:/home/jet_orin/streetlive/test/install/socketcan_adapter_ros/lib:/home/jet_orin/streetlive/test/install/radar_conti_ars408/lib:/home/jet_orin/streetlive/test/install/radar_conti_ars408_msgs/lib:/home/jet_orin/streetlive/test/install/nav2_dynamic_msgs/lib:/home/jet_orin/streetlive/AD-fusionbox/install/zed_components/lib:/opt/ros/humble/opt/rviz_ogre_vendor/lib:/opt/ros/humble/lib/aarch64-linux-gnu:/opt/ros/humble/lib:/usr/local/cuda-12.6/lib64 /usr/bin/cmake --install /home/jet_orin/streetlive/test/build/socketcan_adapter_ros
[1.201s] Level 1:colcon.colcon_core.environment:checking '/home/jet_orin/streetlive/test/install/socketcan_adapter_ros' for CMake config files
[1.201s] Level 1:colcon.colcon_core.shell:create_environment_hook('socketcan_adapter_ros', 'cmake_prefix_path')
[1.202s] INFO:colcon.colcon_core.shell:Creating environment hook '/home/jet_orin/streetlive/test/install/socketcan_adapter_ros/share/socketcan_adapter_ros/hook/cmake_prefix_path.ps1'
[1.203s] INFO:colcon.colcon_core.shell:Creating environment descriptor '/home/jet_orin/streetlive/test/install/socketcan_adapter_ros/share/socketcan_adapter_ros/hook/cmake_prefix_path.dsv'
[1.204s] INFO:colcon.colcon_core.shell:Creating environment hook '/home/jet_orin/streetlive/test/install/socketcan_adapter_ros/share/socketcan_adapter_ros/hook/cmake_prefix_path.sh'
[1.205s] Level 1:colcon.colcon_core.environment:checking '/home/jet_orin/streetlive/test/install/socketcan_adapter_ros/lib'
[1.205s] Level 1:colcon.colcon_core.shell:create_environment_hook('socketcan_adapter_ros', 'ld_library_path_lib')
[1.205s] INFO:colcon.colcon_core.shell:Creating environment hook '/home/jet_orin/streetlive/test/install/socketcan_adapter_ros/share/socketcan_adapter_ros/hook/ld_library_path_lib.ps1'
[1.206s] INFO:colcon.colcon_core.shell:Creating environment descriptor '/home/jet_orin/streetlive/test/install/socketcan_adapter_ros/share/socketcan_adapter_ros/hook/ld_library_path_lib.dsv'
[1.207s] INFO:colcon.colcon_core.shell:Creating environment hook '/home/jet_orin/streetlive/test/install/socketcan_adapter_ros/share/socketcan_adapter_ros/hook/ld_library_path_lib.sh'
[1.207s] Level 1:colcon.colcon_core.environment:checking '/home/jet_orin/streetlive/test/install/socketcan_adapter_ros/bin'
[1.207s] Level 1:colcon.colcon_core.environment:checking '/home/jet_orin/streetlive/test/install/socketcan_adapter_ros/lib/pkgconfig/socketcan_adapter_ros.pc'
[1.208s] Level 1:colcon.colcon_core.environment:checking '/home/jet_orin/streetlive/test/install/socketcan_adapter_ros/lib/python3.10/site-packages'
[1.208s] Level 1:colcon.colcon_core.environment:checking '/home/jet_orin/streetlive/test/install/socketcan_adapter_ros/bin'
[1.209s] INFO:colcon.colcon_core.shell:Creating package script '/home/jet_orin/streetlive/test/install/socketcan_adapter_ros/share/socketcan_adapter_ros/package.ps1'
[1.210s] INFO:colcon.colcon_core.shell:Creating package descriptor '/home/jet_orin/streetlive/test/install/socketcan_adapter_ros/share/socketcan_adapter_ros/package.dsv'
[1.211s] INFO:colcon.colcon_core.shell:Creating package script '/home/jet_orin/streetlive/test/install/socketcan_adapter_ros/share/socketcan_adapter_ros/package.sh'
[1.212s] INFO:colcon.colcon_core.shell:Creating package script '/home/jet_orin/streetlive/test/install/socketcan_adapter_ros/share/socketcan_adapter_ros/package.bash'
[1.212s] INFO:colcon.colcon_core.shell:Creating package script '/home/jet_orin/streetlive/test/install/socketcan_adapter_ros/share/socketcan_adapter_ros/package.zsh'
[1.213s] Level 1:colcon.colcon_core.environment:create_file_with_runtime_dependencies(/home/jet_orin/streetlive/test/install/socketcan_adapter_ros/share/colcon-core/packages/socketcan_adapter_ros)
[1.214s] Level 1:colcon.colcon_core.environment:create_environment_scripts_only(socketcan_adapter_ros)
[1.215s] Level 1:colcon.colcon_core.environment:checking '/home/jet_orin/streetlive/test/install/socketcan_adapter_ros' for CMake module files
[1.215s] Level 1:colcon.colcon_core.environment:checking '/home/jet_orin/streetlive/test/install/socketcan_adapter_ros' for CMake config files
[1.216s] Level 1:colcon.colcon_core.shell:create_environment_hook('socketcan_adapter_ros', 'cmake_prefix_path')
[1.216s] INFO:colcon.colcon_core.shell:Creating environment hook '/home/jet_orin/streetlive/test/install/socketcan_adapter_ros/share/socketcan_adapter_ros/hook/cmake_prefix_path.ps1'
[1.217s] INFO:colcon.colcon_core.shell:Creating environment descriptor '/home/jet_orin/streetlive/test/install/socketcan_adapter_ros/share/socketcan_adapter_ros/hook/cmake_prefix_path.dsv'
[1.218s] INFO:colcon.colcon_core.shell:Creating environment hook '/home/jet_orin/streetlive/test/install/socketcan_adapter_ros/share/socketcan_adapter_ros/hook/cmake_prefix_path.sh'
[1.219s] Level 1:colcon.colcon_core.environment:checking '/home/jet_orin/streetlive/test/install/socketcan_adapter_ros/lib'
[1.219s] Level 1:colcon.colcon_core.shell:create_environment_hook('socketcan_adapter_ros', 'ld_library_path_lib')
[1.219s] INFO:colcon.colcon_core.shell:Creating environment hook '/home/jet_orin/streetlive/test/install/socketcan_adapter_ros/share/socketcan_adapter_ros/hook/ld_library_path_lib.ps1'
[1.220s] INFO:colcon.colcon_core.shell:Creating environment descriptor '/home/jet_orin/streetlive/test/install/socketcan_adapter_ros/share/socketcan_adapter_ros/hook/ld_library_path_lib.dsv'
[1.220s] INFO:colcon.colcon_core.shell:Creating environment hook '/home/jet_orin/streetlive/test/install/socketcan_adapter_ros/share/socketcan_adapter_ros/hook/ld_library_path_lib.sh'
[1.221s] Level 1:colcon.colcon_core.environment:checking '/home/jet_orin/streetlive/test/install/socketcan_adapter_ros/bin'
[1.221s] Level 1:colcon.colcon_core.environment:checking '/home/jet_orin/streetlive/test/install/socketcan_adapter_ros/lib/pkgconfig/socketcan_adapter_ros.pc'
[1.222s] Level 1:colcon.colcon_core.environment:checking '/home/jet_orin/streetlive/test/install/socketcan_adapter_ros/lib/python3.10/site-packages'
[1.222s] Level 1:colcon.colcon_core.environment:checking '/home/jet_orin/streetlive/test/install/socketcan_adapter_ros/bin'
[1.223s] INFO:colcon.colcon_core.shell:Creating package script '/home/jet_orin/streetlive/test/install/socketcan_adapter_ros/share/socketcan_adapter_ros/package.ps1'
[1.224s] INFO:colcon.colcon_core.shell:Creating package descriptor '/home/jet_orin/streetlive/test/install/socketcan_adapter_ros/share/socketcan_adapter_ros/package.dsv'
[1.225s] INFO:colcon.colcon_core.shell:Creating package script '/home/jet_orin/streetlive/test/install/socketcan_adapter_ros/share/socketcan_adapter_ros/package.sh'
[1.225s] INFO:colcon.colcon_core.shell:Creating package script '/home/jet_orin/streetlive/test/install/socketcan_adapter_ros/share/socketcan_adapter_ros/package.bash'
[1.226s] INFO:colcon.colcon_core.shell:Creating package script '/home/jet_orin/streetlive/test/install/socketcan_adapter_ros/share/socketcan_adapter_ros/package.zsh'
[1.227s] Level 1:colcon.colcon_core.environment:create_file_with_runtime_dependencies(/home/jet_orin/streetlive/test/install/socketcan_adapter_ros/share/colcon-core/packages/socketcan_adapter_ros)
[1.340s] DEBUG:colcon.colcon_core.event_handler.log_command:Invoked command in '/home/jet_orin/streetlive/test/build/nav2_dynamic_msgs' returned '0': CMAKE_PREFIX_PATH=${CMAKE_PREFIX_PATH}:/home/jet_orin/streetlive/test/install/kf_hungarian_tracker:/home/jet_orin/streetlive/AD-fusionbox/install/perception:/home/jet_orin/streetlive/AD-fusionbox/install/offline:/home/jet_orin/streetlive/AD-fusionbox/install/localization:/home/jet_orin/streetlive/AD-fusionbox/install/drivers:/opt/ros/humble /usr/bin/cmake --build /home/jet_orin/streetlive/test/build/nav2_dynamic_msgs -- -j12 -l12
[1.344s] DEBUG:colcon.colcon_core.event_handler.log_command:Invoking command in '/home/jet_orin/streetlive/test/build/nav2_dynamic_msgs': CMAKE_PREFIX_PATH=${CMAKE_PREFIX_PATH}:/home/jet_orin/streetlive/test/install/kf_hungarian_tracker:/home/jet_orin/streetlive/AD-fusionbox/install/perception:/home/jet_orin/streetlive/AD-fusionbox/install/offline:/home/jet_orin/streetlive/AD-fusionbox/install/localization:/home/jet_orin/streetlive/AD-fusionbox/install/drivers:/opt/ros/humble /usr/bin/cmake --install /home/jet_orin/streetlive/test/build/nav2_dynamic_msgs
[1.365s] DEBUG:colcon.colcon_core.event_handler.log_command:Invoked command in '/home/jet_orin/streetlive/test/build/radar_conti_ars408_msgs' returned '0': CMAKE_PREFIX_PATH=${CMAKE_PREFIX_PATH}:/home/jet_orin/streetlive/test/install/kf_hungarian_tracker:/home/jet_orin/streetlive/AD-fusionbox/install/perception:/home/jet_orin/streetlive/AD-fusionbox/install/offline:/home/jet_orin/streetlive/AD-fusionbox/install/localization:/home/jet_orin/streetlive/AD-fusionbox/install/drivers:/opt/ros/humble /usr/bin/cmake --build /home/jet_orin/streetlive/test/build/radar_conti_ars408_msgs -- -j12 -l12
[1.372s] DEBUG:colcon.colcon_core.event_handler.log_command:Invoking command in '/home/jet_orin/streetlive/test/build/radar_conti_ars408_msgs': CMAKE_PREFIX_PATH=${CMAKE_PREFIX_PATH}:/home/jet_orin/streetlive/test/install/kf_hungarian_tracker:/home/jet_orin/streetlive/AD-fusionbox/install/perception:/home/jet_orin/streetlive/AD-fusionbox/install/offline:/home/jet_orin/streetlive/AD-fusionbox/install/localization:/home/jet_orin/streetlive/AD-fusionbox/install/drivers:/opt/ros/humble /usr/bin/cmake --install /home/jet_orin/streetlive/test/build/radar_conti_ars408_msgs
[1.498s] Level 1:colcon.colcon_core.environment:create_environment_scripts_only(nav2_dynamic_msgs)
[1.500s] Level 1:colcon.colcon_core.environment:checking '/home/jet_orin/streetlive/test/install/nav2_dynamic_msgs' for CMake module files
[1.501s] DEBUG:colcon.colcon_core.event_handler.log_command:Invoked command in '/home/jet_orin/streetlive/test/build/nav2_dynamic_msgs' returned '0': CMAKE_PREFIX_PATH=${CMAKE_PREFIX_PATH}:/home/jet_orin/streetlive/test/install/kf_hungarian_tracker:/home/jet_orin/streetlive/AD-fusionbox/install/perception:/home/jet_orin/streetlive/AD-fusionbox/install/offline:/home/jet_orin/streetlive/AD-fusionbox/install/localization:/home/jet_orin/streetlive/AD-fusionbox/install/drivers:/opt/ros/humble /usr/bin/cmake --install /home/jet_orin/streetlive/test/build/nav2_dynamic_msgs
[1.502s] Level 1:colcon.colcon_core.environment:checking '/home/jet_orin/streetlive/test/install/nav2_dynamic_msgs' for CMake config files
[1.504s] Level 1:colcon.colcon_core.shell:create_environment_hook('nav2_dynamic_msgs', 'cmake_prefix_path')
[1.505s] INFO:colcon.colcon_core.shell:Creating environment hook '/home/jet_orin/streetlive/test/install/nav2_dynamic_msgs/share/nav2_dynamic_msgs/hook/cmake_prefix_path.ps1'
[1.506s] INFO:colcon.colcon_core.shell:Creating environment descriptor '/home/jet_orin/streetlive/test/install/nav2_dynamic_msgs/share/nav2_dynamic_msgs/hook/cmake_prefix_path.dsv'
[1.508s] INFO:colcon.colcon_core.shell:Creating environment hook '/home/jet_orin/streetlive/test/install/nav2_dynamic_msgs/share/nav2_dynamic_msgs/hook/cmake_prefix_path.sh'
[1.510s] Level 1:colcon.colcon_core.environment:checking '/home/jet_orin/streetlive/test/install/nav2_dynamic_msgs/lib'
[1.510s] Level 1:colcon.colcon_core.shell:create_environment_hook('nav2_dynamic_msgs', 'ld_library_path_lib')
[1.511s] INFO:colcon.colcon_core.shell:Creating environment hook '/home/jet_orin/streetlive/test/install/nav2_dynamic_msgs/share/nav2_dynamic_msgs/hook/ld_library_path_lib.ps1'
[1.512s] INFO:colcon.colcon_core.shell:Creating environment descriptor '/home/jet_orin/streetlive/test/install/nav2_dynamic_msgs/share/nav2_dynamic_msgs/hook/ld_library_path_lib.dsv'
[1.513s] INFO:colcon.colcon_core.shell:Creating environment hook '/home/jet_orin/streetlive/test/install/nav2_dynamic_msgs/share/nav2_dynamic_msgs/hook/ld_library_path_lib.sh'
[1.515s] Level 1:colcon.colcon_core.environment:checking '/home/jet_orin/streetlive/test/install/nav2_dynamic_msgs/bin'
[1.515s] Level 1:colcon.colcon_core.environment:checking '/home/jet_orin/streetlive/test/install/nav2_dynamic_msgs/lib/pkgconfig/nav2_dynamic_msgs.pc'
[1.516s] Level 1:colcon.colcon_core.environment:checking '/home/jet_orin/streetlive/test/install/nav2_dynamic_msgs/lib/python3.10/site-packages'
[1.517s] Level 1:colcon.colcon_core.environment:checking '/home/jet_orin/streetlive/test/install/nav2_dynamic_msgs/bin'
[1.519s] INFO:colcon.colcon_core.shell:Creating package script '/home/jet_orin/streetlive/test/install/nav2_dynamic_msgs/share/nav2_dynamic_msgs/package.ps1'
[1.521s] INFO:colcon.colcon_core.shell:Creating package descriptor '/home/jet_orin/streetlive/test/install/nav2_dynamic_msgs/share/nav2_dynamic_msgs/package.dsv'
[1.523s] INFO:colcon.colcon_core.shell:Creating package script '/home/jet_orin/streetlive/test/install/nav2_dynamic_msgs/share/nav2_dynamic_msgs/package.sh'
[1.524s] INFO:colcon.colcon_core.shell:Creating package script '/home/jet_orin/streetlive/test/install/nav2_dynamic_msgs/share/nav2_dynamic_msgs/package.bash'
[1.526s] INFO:colcon.colcon_core.shell:Creating package script '/home/jet_orin/streetlive/test/install/nav2_dynamic_msgs/share/nav2_dynamic_msgs/package.zsh'
[1.527s] Level 1:colcon.colcon_core.environment:create_file_with_runtime_dependencies(/home/jet_orin/streetlive/test/install/nav2_dynamic_msgs/share/colcon-core/packages/nav2_dynamic_msgs)
[1.529s] Level 1:colcon.colcon_core.environment:create_environment_scripts_only(nav2_dynamic_msgs)
[1.530s] Level 1:colcon.colcon_core.environment:checking '/home/jet_orin/streetlive/test/install/nav2_dynamic_msgs' for CMake module files
[1.533s] Level 1:colcon.colcon_core.environment:checking '/home/jet_orin/streetlive/test/install/nav2_dynamic_msgs' for CMake config files
[1.535s] Level 1:colcon.colcon_core.shell:create_environment_hook('nav2_dynamic_msgs', 'cmake_prefix_path')
[1.536s] INFO:colcon.colcon_core.shell:Creating environment hook '/home/jet_orin/streetlive/test/install/nav2_dynamic_msgs/share/nav2_dynamic_msgs/hook/cmake_prefix_path.ps1'
[1.538s] INFO:colcon.colcon_core.shell:Creating environment descriptor '/home/jet_orin/streetlive/test/install/nav2_dynamic_msgs/share/nav2_dynamic_msgs/hook/cmake_prefix_path.dsv'
[1.539s] INFO:colcon.colcon_core.shell:Creating environment hook '/home/jet_orin/streetlive/test/install/nav2_dynamic_msgs/share/nav2_dynamic_msgs/hook/cmake_prefix_path.sh'
[1.541s] Level 1:colcon.colcon_core.environment:checking '/home/jet_orin/streetlive/test/install/nav2_dynamic_msgs/lib'
[1.542s] Level 1:colcon.colcon_core.shell:create_environment_hook('nav2_dynamic_msgs', 'ld_library_path_lib')
[1.543s] INFO:colcon.colcon_core.shell:Creating environment hook '/home/jet_orin/streetlive/test/install/nav2_dynamic_msgs/share/nav2_dynamic_msgs/hook/ld_library_path_lib.ps1'
[1.544s] INFO:colcon.colcon_core.shell:Creating environment descriptor '/home/jet_orin/streetlive/test/install/nav2_dynamic_msgs/share/nav2_dynamic_msgs/hook/ld_library_path_lib.dsv'
[1.546s] INFO:colcon.colcon_core.shell:Creating environment hook '/home/jet_orin/streetlive/test/install/nav2_dynamic_msgs/share/nav2_dynamic_msgs/hook/ld_library_path_lib.sh'
[1.547s] Level 1:colcon.colcon_core.environment:checking '/home/jet_orin/streetlive/test/install/nav2_dynamic_msgs/bin'
[1.548s] Level 1:colcon.colcon_core.environment:checking '/home/jet_orin/streetlive/test/install/nav2_dynamic_msgs/lib/pkgconfig/nav2_dynamic_msgs.pc'
[1.548s] Level 1:colcon.colcon_core.environment:checking '/home/jet_orin/streetlive/test/install/nav2_dynamic_msgs/lib/python3.10/site-packages'
[1.550s] Level 1:colcon.colcon_core.environment:checking '/home/jet_orin/streetlive/test/install/nav2_dynamic_msgs/bin'
[1.551s] INFO:colcon.colcon_core.shell:Creating package script '/home/jet_orin/streetlive/test/install/nav2_dynamic_msgs/share/nav2_dynamic_msgs/package.ps1'
[1.554s] INFO:colcon.colcon_core.shell:Creating package descriptor '/home/jet_orin/streetlive/test/install/nav2_dynamic_msgs/share/nav2_dynamic_msgs/package.dsv'
[1.556s] INFO:colcon.colcon_core.shell:Creating package script '/home/jet_orin/streetlive/test/install/nav2_dynamic_msgs/share/nav2_dynamic_msgs/package.sh'
[1.559s] INFO:colcon.colcon_core.shell:Creating package script '/home/jet_orin/streetlive/test/install/nav2_dynamic_msgs/share/nav2_dynamic_msgs/package.bash'
[1.560s] INFO:colcon.colcon_core.shell:Creating package script '/home/jet_orin/streetlive/test/install/nav2_dynamic_msgs/share/nav2_dynamic_msgs/package.zsh'
[1.562s] Level 1:colcon.colcon_core.environment:create_file_with_runtime_dependencies(/home/jet_orin/streetlive/test/install/nav2_dynamic_msgs/share/colcon-core/packages/nav2_dynamic_msgs)
[1.563s] INFO:colcon.colcon_ros.task.ament_python.build:Building ROS package in '/home/jet_orin/streetlive/test/src/navigation2_dynamic/kf_hungarian_tracker' with build type 'ament_python'
[1.564s] Level 1:colcon.colcon_core.shell:create_environment_hook('kf_hungarian_tracker', 'ament_prefix_path')
[1.564s] INFO:colcon.colcon_core.shell:Creating environment hook '/home/jet_orin/streetlive/test/install/kf_hungarian_tracker/share/kf_hungarian_tracker/hook/ament_prefix_path.ps1'
[1.567s] INFO:colcon.colcon_core.shell:Creating environment descriptor '/home/jet_orin/streetlive/test/install/kf_hungarian_tracker/share/kf_hungarian_tracker/hook/ament_prefix_path.dsv'
[1.570s] INFO:colcon.colcon_core.shell:Creating environment hook '/home/jet_orin/streetlive/test/install/kf_hungarian_tracker/share/kf_hungarian_tracker/hook/ament_prefix_path.sh'
[1.573s] INFO:colcon.colcon_core.shell:Skip shell extension 'powershell' for command environment: Not usable outside of PowerShell
[1.574s] DEBUG:colcon.colcon_core.shell:Skip shell extension 'dsv' for command environment
[1.595s] Level 1:colcon.colcon_core.environment:create_environment_scripts_only(radar_conti_ars408_msgs)
[1.596s] Level 1:colcon.colcon_core.environment:checking '/home/jet_orin/streetlive/test/install/radar_conti_ars408_msgs' for CMake module files
[1.597s] DEBUG:colcon.colcon_core.event_handler.log_command:Invoked command in '/home/jet_orin/streetlive/test/build/radar_conti_ars408_msgs' returned '0': CMAKE_PREFIX_PATH=${CMAKE_PREFIX_PATH}:/home/jet_orin/streetlive/test/install/kf_hungarian_tracker:/home/jet_orin/streetlive/AD-fusionbox/install/perception:/home/jet_orin/streetlive/AD-fusionbox/install/offline:/home/jet_orin/streetlive/AD-fusionbox/install/localization:/home/jet_orin/streetlive/AD-fusionbox/install/drivers:/opt/ros/humble /usr/bin/cmake --install /home/jet_orin/streetlive/test/build/radar_conti_ars408_msgs
[1.598s] Level 1:colcon.colcon_core.environment:checking '/home/jet_orin/streetlive/test/install/radar_conti_ars408_msgs' for CMake config files
[1.599s] Level 1:colcon.colcon_core.shell:create_environment_hook('radar_conti_ars408_msgs', 'cmake_prefix_path')
[1.599s] INFO:colcon.colcon_core.shell:Creating environment hook '/home/jet_orin/streetlive/test/install/radar_conti_ars408_msgs/share/radar_conti_ars408_msgs/hook/cmake_prefix_path.ps1'
[1.601s] INFO:colcon.colcon_core.shell:Creating environment descriptor '/home/jet_orin/streetlive/test/install/radar_conti_ars408_msgs/share/radar_conti_ars408_msgs/hook/cmake_prefix_path.dsv'
[1.601s] INFO:colcon.colcon_core.shell:Creating environment hook '/home/jet_orin/streetlive/test/install/radar_conti_ars408_msgs/share/radar_conti_ars408_msgs/hook/cmake_prefix_path.sh'
[1.602s] Level 1:colcon.colcon_core.environment:checking '/home/jet_orin/streetlive/test/install/radar_conti_ars408_msgs/lib'
[1.602s] Level 1:colcon.colcon_core.shell:create_environment_hook('radar_conti_ars408_msgs', 'ld_library_path_lib')
[1.603s] INFO:colcon.colcon_core.shell:Creating environment hook '/home/jet_orin/streetlive/test/install/radar_conti_ars408_msgs/share/radar_conti_ars408_msgs/hook/ld_library_path_lib.ps1'
[1.604s] INFO:colcon.colcon_core.shell:Creating environment descriptor '/home/jet_orin/streetlive/test/install/radar_conti_ars408_msgs/share/radar_conti_ars408_msgs/hook/ld_library_path_lib.dsv'
[1.605s] INFO:colcon.colcon_core.shell:Creating environment hook '/home/jet_orin/streetlive/test/install/radar_conti_ars408_msgs/share/radar_conti_ars408_msgs/hook/ld_library_path_lib.sh'
[1.606s] Level 1:colcon.colcon_core.environment:checking '/home/jet_orin/streetlive/test/install/radar_conti_ars408_msgs/bin'
[1.606s] Level 1:colcon.colcon_core.environment:checking '/home/jet_orin/streetlive/test/install/radar_conti_ars408_msgs/lib/pkgconfig/radar_conti_ars408_msgs.pc'
[1.606s] Level 1:colcon.colcon_core.environment:checking '/home/jet_orin/streetlive/test/install/radar_conti_ars408_msgs/lib/python3.10/site-packages'
[1.607s] Level 1:colcon.colcon_core.environment:checking '/home/jet_orin/streetlive/test/install/radar_conti_ars408_msgs/bin'
[1.607s] INFO:colcon.colcon_core.shell:Creating package script '/home/jet_orin/streetlive/test/install/radar_conti_ars408_msgs/share/radar_conti_ars408_msgs/package.ps1'
[1.610s] INFO:colcon.colcon_core.shell:Creating package descriptor '/home/jet_orin/streetlive/test/install/radar_conti_ars408_msgs/share/radar_conti_ars408_msgs/package.dsv'
[1.611s] INFO:colcon.colcon_core.shell:Creating package script '/home/jet_orin/streetlive/test/install/radar_conti_ars408_msgs/share/radar_conti_ars408_msgs/package.sh'
[1.612s] INFO:colcon.colcon_core.shell:Creating package script '/home/jet_orin/streetlive/test/install/radar_conti_ars408_msgs/share/radar_conti_ars408_msgs/package.bash'
[1.613s] INFO:colcon.colcon_core.shell:Creating package script '/home/jet_orin/streetlive/test/install/radar_conti_ars408_msgs/share/radar_conti_ars408_msgs/package.zsh'
[1.614s] Level 1:colcon.colcon_core.environment:create_file_with_runtime_dependencies(/home/jet_orin/streetlive/test/install/radar_conti_ars408_msgs/share/colcon-core/packages/radar_conti_ars408_msgs)
[1.615s] Level 1:colcon.colcon_core.environment:create_environment_scripts_only(radar_conti_ars408_msgs)
[1.616s] Level 1:colcon.colcon_core.environment:checking '/home/jet_orin/streetlive/test/install/radar_conti_ars408_msgs' for CMake module files
[1.618s] Level 1:colcon.colcon_core.environment:checking '/home/jet_orin/streetlive/test/install/radar_conti_ars408_msgs' for CMake config files
[1.619s] Level 1:colcon.colcon_core.shell:create_environment_hook('radar_conti_ars408_msgs', 'cmake_prefix_path')
[1.619s] INFO:colcon.colcon_core.shell:Creating environment hook '/home/jet_orin/streetlive/test/install/radar_conti_ars408_msgs/share/radar_conti_ars408_msgs/hook/cmake_prefix_path.ps1'
[1.621s] INFO:colcon.colcon_core.shell:Creating environment descriptor '/home/jet_orin/streetlive/test/install/radar_conti_ars408_msgs/share/radar_conti_ars408_msgs/hook/cmake_prefix_path.dsv'
[1.622s] INFO:colcon.colcon_core.shell:Creating environment hook '/home/jet_orin/streetlive/test/install/radar_conti_ars408_msgs/share/radar_conti_ars408_msgs/hook/cmake_prefix_path.sh'
[1.623s] Level 1:colcon.colcon_core.environment:checking '/home/jet_orin/streetlive/test/install/radar_conti_ars408_msgs/lib'
[1.623s] Level 1:colcon.colcon_core.shell:create_environment_hook('radar_conti_ars408_msgs', 'ld_library_path_lib')
[1.623s] INFO:colcon.colcon_core.shell:Creating environment hook '/home/jet_orin/streetlive/test/install/radar_conti_ars408_msgs/share/radar_conti_ars408_msgs/hook/ld_library_path_lib.ps1'
[1.624s] INFO:colcon.colcon_core.shell:Creating environment descriptor '/home/jet_orin/streetlive/test/install/radar_conti_ars408_msgs/share/radar_conti_ars408_msgs/hook/ld_library_path_lib.dsv'
[1.625s] INFO:colcon.colcon_core.shell:Creating environment hook '/home/jet_orin/streetlive/test/install/radar_conti_ars408_msgs/share/radar_conti_ars408_msgs/hook/ld_library_path_lib.sh'
[1.625s] Level 1:colcon.colcon_core.environment:checking '/home/jet_orin/streetlive/test/install/radar_conti_ars408_msgs/bin'
[1.625s] Level 1:colcon.colcon_core.environment:checking '/home/jet_orin/streetlive/test/install/radar_conti_ars408_msgs/lib/pkgconfig/radar_conti_ars408_msgs.pc'
[1.626s] Level 1:colcon.colcon_core.environment:checking '/home/jet_orin/streetlive/test/install/radar_conti_ars408_msgs/lib/python3.10/site-packages'
[1.627s] Level 1:colcon.colcon_core.environment:checking '/home/jet_orin/streetlive/test/install/radar_conti_ars408_msgs/bin'
[1.627s] INFO:colcon.colcon_core.shell:Creating package script '/home/jet_orin/streetlive/test/install/radar_conti_ars408_msgs/share/radar_conti_ars408_msgs/package.ps1'
[1.629s] INFO:colcon.colcon_core.shell:Creating package descriptor '/home/jet_orin/streetlive/test/install/radar_conti_ars408_msgs/share/radar_conti_ars408_msgs/package.dsv'
[1.630s] INFO:colcon.colcon_core.shell:Creating package script '/home/jet_orin/streetlive/test/install/radar_conti_ars408_msgs/share/radar_conti_ars408_msgs/package.sh'
[1.631s] INFO:colcon.colcon_core.shell:Creating package script '/home/jet_orin/streetlive/test/install/radar_conti_ars408_msgs/share/radar_conti_ars408_msgs/package.bash'
[1.632s] INFO:colcon.colcon_core.shell:Creating package script '/home/jet_orin/streetlive/test/install/radar_conti_ars408_msgs/share/radar_conti_ars408_msgs/package.zsh'
[1.632s] Level 1:colcon.colcon_core.environment:create_file_with_runtime_dependencies(/home/jet_orin/streetlive/test/install/radar_conti_ars408_msgs/share/colcon-core/packages/radar_conti_ars408_msgs)
[1.634s] INFO:colcon.colcon_ros.task.ament_cmake.build:Building ROS package in '/home/jet_orin/streetlive/test/src/ars-408/radar_conti_ars408' with build type 'ament_cmake'
[1.634s] INFO:colcon.colcon_cmake.task.cmake.build:Building CMake package in '/home/jet_orin/streetlive/test/src/ars-408/radar_conti_ars408'
[1.635s] INFO:colcon.colcon_core.shell:Skip shell extension 'powershell' for command environment: Not usable outside of PowerShell
[1.635s] DEBUG:colcon.colcon_core.shell:Skip shell extension 'dsv' for command environment
[2.179s] INFO:colcon.colcon_core.task.python.build:Building Python package in '/home/jet_orin/streetlive/test/src/navigation2_dynamic/kf_hungarian_tracker'
[2.180s] INFO:colcon.colcon_core.shell:Skip shell extension 'powershell' for command environment: Not usable outside of PowerShell
[2.180s] DEBUG:colcon.colcon_core.shell:Skip shell extension 'dsv' for command environment
[2.205s] DEBUG:colcon.colcon_core.event_handler.log_command:Invoking command in '/home/jet_orin/streetlive/test/build/radar_conti_ars408': CMAKE_PREFIX_PATH=/home/jet_orin/streetlive/test/install/socketcan_adapter:/home/jet_orin/streetlive/test/install/radar_conti_ars408_msgs:/home/jet_orin/streetlive/test/install/nav2_dynamic_msgs:/home/jet_orin/streetlive/test/install/socketcan_adapter_ros:/home/jet_orin/streetlive/test/install/radar_conti_ars408:/home/jet_orin/streetlive/AD-fusionbox/install/zed_ros2:/home/jet_orin/streetlive/AD-fusionbox/install/bringup:/home/jet_orin/streetlive/AD-fusionbox/install/zed_wrapper:/home/jet_orin/streetlive/AD-fusionbox/install/zed_debug:/home/jet_orin/streetlive/AD-fusionbox/install/zed_components:/home/jet_orin/streetlive/AD-fusionbox/install/streetlive_msgs:/home/jet_orin/streetlive/AD-fusionbox/install/msgs:/home/jet_orin/streetlive/test/install/kf_hungarian_tracker:/home/jet_orin/streetlive/AD-fusionbox/install/perception:/home/jet_orin/streetlive/AD-fusionbox/install/offline:/home/jet_orin/streetlive/AD-fusionbox/install/localization:/home/jet_orin/streetlive/AD-fusionbox/install/drivers:/opt/ros/humble LD_LIBRARY_PATH=/home/jet_orin/streetlive/test/install/socketcan_adapter/lib:/home/jet_orin/streetlive/test/install/radar_conti_ars408_msgs/lib:/home/jet_orin/streetlive/test/install/nav2_dynamic_msgs/lib:/home/jet_orin/streetlive/test/install/socketcan_adapter_ros/lib:/home/jet_orin/streetlive/test/install/radar_conti_ars408/lib:/home/jet_orin/streetlive/AD-fusionbox/install/zed_components/lib:/opt/ros/humble/opt/rviz_ogre_vendor/lib:/opt/ros/humble/lib/aarch64-linux-gnu:/opt/ros/humble/lib:/usr/local/cuda-12.6/lib64 /usr/bin/cmake --build /home/jet_orin/streetlive/test/build/radar_conti_ars408 -- -j12 -l12
[2.244s] DEBUG:colcon.colcon_core.event_handler.log_command:Invoked command in '/home/jet_orin/streetlive/test/build/radar_conti_ars408' returned '2': CMAKE_PREFIX_PATH=/home/jet_orin/streetlive/test/install/socketcan_adapter:/home/jet_orin/streetlive/test/install/radar_conti_ars408_msgs:/home/jet_orin/streetlive/test/install/nav2_dynamic_msgs:/home/jet_orin/streetlive/test/install/socketcan_adapter_ros:/home/jet_orin/streetlive/test/install/radar_conti_ars408:/home/jet_orin/streetlive/AD-fusionbox/install/zed_ros2:/home/jet_orin/streetlive/AD-fusionbox/install/bringup:/home/jet_orin/streetlive/AD-fusionbox/install/zed_wrapper:/home/jet_orin/streetlive/AD-fusionbox/install/zed_debug:/home/jet_orin/streetlive/AD-fusionbox/install/zed_components:/home/jet_orin/streetlive/AD-fusionbox/install/streetlive_msgs:/home/jet_orin/streetlive/AD-fusionbox/install/msgs:/home/jet_orin/streetlive/test/install/kf_hungarian_tracker:/home/jet_orin/streetlive/AD-fusionbox/install/perception:/home/jet_orin/streetlive/AD-fusionbox/install/offline:/home/jet_orin/streetlive/AD-fusionbox/install/localization:/home/jet_orin/streetlive/AD-fusionbox/install/drivers:/opt/ros/humble LD_LIBRARY_PATH=/home/jet_orin/streetlive/test/install/socketcan_adapter/lib:/home/jet_orin/streetlive/test/install/radar_conti_ars408_msgs/lib:/home/jet_orin/streetlive/test/install/nav2_dynamic_msgs/lib:/home/jet_orin/streetlive/test/install/socketcan_adapter_ros/lib:/home/jet_orin/streetlive/test/install/radar_conti_ars408/lib:/home/jet_orin/streetlive/AD-fusionbox/install/zed_components/lib:/opt/ros/humble/opt/rviz_ogre_vendor/lib:/opt/ros/humble/lib/aarch64-linux-gnu:/opt/ros/humble/lib:/usr/local/cuda-12.6/lib64 /usr/bin/cmake --build /home/jet_orin/streetlive/test/build/radar_conti_ars408 -- -j12 -l12
[2.245s] Level 1:colcon.colcon_core.environment:create_environment_scripts_only(radar_conti_ars408)
[2.245s] Level 1:colcon.colcon_core.environment:checking '/home/jet_orin/streetlive/test/install/radar_conti_ars408' for CMake module files
[2.246s] Level 1:colcon.colcon_core.environment:checking '/home/jet_orin/streetlive/test/install/radar_conti_ars408' for CMake config files
[2.247s] Level 1:colcon.colcon_core.shell:create_environment_hook('radar_conti_ars408', 'cmake_prefix_path')
[2.247s] INFO:colcon.colcon_core.shell:Creating environment hook '/home/jet_orin/streetlive/test/install/radar_conti_ars408/share/radar_conti_ars408/hook/cmake_prefix_path.ps1'
[2.248s] INFO:colcon.colcon_core.shell:Creating environment descriptor '/home/jet_orin/streetlive/test/install/radar_conti_ars408/share/radar_conti_ars408/hook/cmake_prefix_path.dsv'
[2.249s] INFO:colcon.colcon_core.shell:Creating environment hook '/home/jet_orin/streetlive/test/install/radar_conti_ars408/share/radar_conti_ars408/hook/cmake_prefix_path.sh'
[2.250s] Level 1:colcon.colcon_core.environment:checking '/home/jet_orin/streetlive/test/install/radar_conti_ars408/lib'
[2.250s] Level 1:colcon.colcon_core.shell:create_environment_hook('radar_conti_ars408', 'ld_library_path_lib')
[2.250s] INFO:colcon.colcon_core.shell:Creating environment hook '/home/jet_orin/streetlive/test/install/radar_conti_ars408/share/radar_conti_ars408/hook/ld_library_path_lib.ps1'
[2.251s] INFO:colcon.colcon_core.shell:Creating environment descriptor '/home/jet_orin/streetlive/test/install/radar_conti_ars408/share/radar_conti_ars408/hook/ld_library_path_lib.dsv'
[2.252s] INFO:colcon.colcon_core.shell:Creating environment hook '/home/jet_orin/streetlive/test/install/radar_conti_ars408/share/radar_conti_ars408/hook/ld_library_path_lib.sh'
[2.252s] Level 1:colcon.colcon_core.environment:checking '/home/jet_orin/streetlive/test/install/radar_conti_ars408/bin'
[2.252s] Level 1:colcon.colcon_core.environment:checking '/home/jet_orin/streetlive/test/install/radar_conti_ars408/lib/pkgconfig/radar_conti_ars408.pc'
[2.253s] Level 1:colcon.colcon_core.environment:checking '/home/jet_orin/streetlive/test/install/radar_conti_ars408/lib/python3.10/site-packages'
[2.253s] Level 1:colcon.colcon_core.environment:checking '/home/jet_orin/streetlive/test/install/radar_conti_ars408/bin'
[2.254s] INFO:colcon.colcon_core.shell:Creating package script '/home/jet_orin/streetlive/test/install/radar_conti_ars408/share/radar_conti_ars408/package.ps1'
[2.255s] INFO:colcon.colcon_core.shell:Creating package descriptor '/home/jet_orin/streetlive/test/install/radar_conti_ars408/share/radar_conti_ars408/package.dsv'
[2.256s] INFO:colcon.colcon_core.shell:Creating package script '/home/jet_orin/streetlive/test/install/radar_conti_ars408/share/radar_conti_ars408/package.sh'
[2.257s] INFO:colcon.colcon_core.shell:Creating package script '/home/jet_orin/streetlive/test/install/radar_conti_ars408/share/radar_conti_ars408/package.bash'
[2.258s] INFO:colcon.colcon_core.shell:Creating package script '/home/jet_orin/streetlive/test/install/radar_conti_ars408/share/radar_conti_ars408/package.zsh'
[2.258s] Level 1:colcon.colcon_core.environment:create_file_with_runtime_dependencies(/home/jet_orin/streetlive/test/install/radar_conti_ars408/share/colcon-core/packages/radar_conti_ars408)
[2.857s] DEBUG:colcon.colcon_parallel_executor.executor.parallel:closing loop
[2.858s] DEBUG:colcon.colcon_parallel_executor.executor.parallel:loop closed
[2.858s] DEBUG:colcon.colcon_parallel_executor.executor.parallel:run_until_complete finished with '2'
[2.859s] DEBUG:colcon.colcon_core.event_reactor:joining thread
[2.880s] INFO:colcon.colcon_core.plugin_system:Skipping extension 'colcon_notification.desktop_notification.terminal_notifier': Not used on non-Darwin systems
[2.880s] INFO:colcon.colcon_core.plugin_system:Skipping extension 'colcon_notification.desktop_notification.win32': Not used on non-Windows systems
[2.880s] INFO:colcon.colcon_notification.desktop_notification:Sending desktop notification using 'notify2'
[2.925s] DEBUG:colcon.colcon_core.event_reactor:joined thread
[2.926s] INFO:colcon.colcon_core.shell:Creating prefix script '/home/jet_orin/streetlive/test/install/local_setup.ps1'
[2.929s] INFO:colcon.colcon_core.shell:Creating prefix util module '/home/jet_orin/streetlive/test/install/_local_setup_util_ps1.py'
[2.932s] INFO:colcon.colcon_core.shell:Creating prefix chain script '/home/jet_orin/streetlive/test/install/setup.ps1'
[2.937s] INFO:colcon.colcon_core.shell:Creating prefix script '/home/jet_orin/streetlive/test/install/local_setup.sh'
[2.938s] INFO:colcon.colcon_core.shell:Creating prefix util module '/home/jet_orin/streetlive/test/install/_local_setup_util_sh.py'
[2.940s] INFO:colcon.colcon_core.shell:Creating prefix chain script '/home/jet_orin/streetlive/test/install/setup.sh'
[2.946s] INFO:colcon.colcon_core.shell:Creating prefix script '/home/jet_orin/streetlive/test/install/local_setup.bash'
[2.948s] INFO:colcon.colcon_core.shell:Creating prefix chain script '/home/jet_orin/streetlive/test/install/setup.bash'
[2.954s] INFO:colcon.colcon_core.shell:Creating prefix script '/home/jet_orin/streetlive/test/install/local_setup.zsh'
[2.955s] INFO:colcon.colcon_core.shell:Creating prefix chain script '/home/jet_orin/streetlive/test/install/setup.zsh'
