[0.034s] Invoking command in '/home/jet_orin/streetlive/test/build/radar_conti_ars408': CMAKE_PREFIX_PATH=/home/jet_orin/streetlive/test/install/socketcan_adapter:/home/jet_orin/streetlive/test/install/radar_conti_ars408_msgs:/home/jet_orin/streetlive/test/install/nav2_dynamic_msgs:/home/jet_orin/streetlive/test/install/socketcan_adapter_ros:/home/jet_orin/streetlive/test/install/radar_conti_ars408:/home/jet_orin/streetlive/AD-fusionbox/install/zed_ros2:/home/jet_orin/streetlive/AD-fusionbox/install/bringup:/home/jet_orin/streetlive/AD-fusionbox/install/zed_wrapper:/home/jet_orin/streetlive/AD-fusionbox/install/zed_debug:/home/jet_orin/streetlive/AD-fusionbox/install/zed_components:/home/jet_orin/streetlive/AD-fusionbox/install/streetlive_msgs:/home/jet_orin/streetlive/AD-fusionbox/install/msgs:/home/jet_orin/streetlive/test/install/kf_hungarian_tracker:/home/jet_orin/streetlive/AD-fusionbox/install/perception:/home/jet_orin/streetlive/AD-fusionbox/install/offline:/home/jet_orin/streetlive/AD-fusionbox/install/localization:/home/jet_orin/streetlive/AD-fusionbox/install/drivers:/opt/ros/humble LD_LIBRARY_PATH=/home/jet_orin/streetlive/test/install/socketcan_adapter/lib:/home/jet_orin/streetlive/test/install/radar_conti_ars408_msgs/lib:/home/jet_orin/streetlive/test/install/nav2_dynamic_msgs/lib:/home/jet_orin/streetlive/test/install/socketcan_adapter_ros/lib:/home/jet_orin/streetlive/test/install/radar_conti_ars408/lib:/home/jet_orin/streetlive/AD-fusionbox/install/zed_components/lib:/opt/ros/humble/opt/rviz_ogre_vendor/lib:/opt/ros/humble/lib/aarch64-linux-gnu:/opt/ros/humble/lib:/usr/local/cuda-12.6/lib64 /usr/bin/cmake --build /home/jet_orin/streetlive/test/build/radar_conti_ars408 -- -j12 -l12
[0.124s] [35m[1mConsolidate compiler generated dependencies of target radar_conti_ars408_component[0m
[0.174s] [ 25%] Built target radar_conti_ars408_component
[0.196s] [35m[1mConsolidate compiler generated dependencies of target test_radar_transforms[0m
[0.196s] [35m[1mConsolidate compiler generated dependencies of target radar_conti_ars408_composition[0m
[0.196s] [35m[1mConsolidate compiler generated dependencies of target test_radar_conti_ars408_component[0m
[0.273s] [ 75%] Built target test_radar_conti_ars408_component
[0.274s] [ 75%] Built target radar_conti_ars408_composition
[0.275s] [100%] Built target test_radar_transforms
[0.301s] Invoked command in '/home/jet_orin/streetlive/test/build/radar_conti_ars408' returned '0': CMAKE_PREFIX_PATH=/home/jet_orin/streetlive/test/install/socketcan_adapter:/home/jet_orin/streetlive/test/install/radar_conti_ars408_msgs:/home/jet_orin/streetlive/test/install/nav2_dynamic_msgs:/home/jet_orin/streetlive/test/install/socketcan_adapter_ros:/home/jet_orin/streetlive/test/install/radar_conti_ars408:/home/jet_orin/streetlive/AD-fusionbox/install/zed_ros2:/home/jet_orin/streetlive/AD-fusionbox/install/bringup:/home/jet_orin/streetlive/AD-fusionbox/install/zed_wrapper:/home/jet_orin/streetlive/AD-fusionbox/install/zed_debug:/home/jet_orin/streetlive/AD-fusionbox/install/zed_components:/home/jet_orin/streetlive/AD-fusionbox/install/streetlive_msgs:/home/jet_orin/streetlive/AD-fusionbox/install/msgs:/home/jet_orin/streetlive/test/install/kf_hungarian_tracker:/home/jet_orin/streetlive/AD-fusionbox/install/perception:/home/jet_orin/streetlive/AD-fusionbox/install/offline:/home/jet_orin/streetlive/AD-fusionbox/install/localization:/home/jet_orin/streetlive/AD-fusionbox/install/drivers:/opt/ros/humble LD_LIBRARY_PATH=/home/jet_orin/streetlive/test/install/socketcan_adapter/lib:/home/jet_orin/streetlive/test/install/radar_conti_ars408_msgs/lib:/home/jet_orin/streetlive/test/install/nav2_dynamic_msgs/lib:/home/jet_orin/streetlive/test/install/socketcan_adapter_ros/lib:/home/jet_orin/streetlive/test/install/radar_conti_ars408/lib:/home/jet_orin/streetlive/AD-fusionbox/install/zed_components/lib:/opt/ros/humble/opt/rviz_ogre_vendor/lib:/opt/ros/humble/lib/aarch64-linux-gnu:/opt/ros/humble/lib:/usr/local/cuda-12.6/lib64 /usr/bin/cmake --build /home/jet_orin/streetlive/test/build/radar_conti_ars408 -- -j12 -l12
[0.325s] Invoking command in '/home/jet_orin/streetlive/test/build/radar_conti_ars408': CMAKE_PREFIX_PATH=/home/jet_orin/streetlive/test/install/socketcan_adapter:/home/jet_orin/streetlive/test/install/radar_conti_ars408_msgs:/home/jet_orin/streetlive/test/install/nav2_dynamic_msgs:/home/jet_orin/streetlive/test/install/socketcan_adapter_ros:/home/jet_orin/streetlive/test/install/radar_conti_ars408:/home/jet_orin/streetlive/AD-fusionbox/install/zed_ros2:/home/jet_orin/streetlive/AD-fusionbox/install/bringup:/home/jet_orin/streetlive/AD-fusionbox/install/zed_wrapper:/home/jet_orin/streetlive/AD-fusionbox/install/zed_debug:/home/jet_orin/streetlive/AD-fusionbox/install/zed_components:/home/jet_orin/streetlive/AD-fusionbox/install/streetlive_msgs:/home/jet_orin/streetlive/AD-fusionbox/install/msgs:/home/jet_orin/streetlive/test/install/kf_hungarian_tracker:/home/jet_orin/streetlive/AD-fusionbox/install/perception:/home/jet_orin/streetlive/AD-fusionbox/install/offline:/home/jet_orin/streetlive/AD-fusionbox/install/localization:/home/jet_orin/streetlive/AD-fusionbox/install/drivers:/opt/ros/humble LD_LIBRARY_PATH=/home/jet_orin/streetlive/test/install/socketcan_adapter/lib:/home/jet_orin/streetlive/test/install/radar_conti_ars408_msgs/lib:/home/jet_orin/streetlive/test/install/nav2_dynamic_msgs/lib:/home/jet_orin/streetlive/test/install/socketcan_adapter_ros/lib:/home/jet_orin/streetlive/test/install/radar_conti_ars408/lib:/home/jet_orin/streetlive/AD-fusionbox/install/zed_components/lib:/opt/ros/humble/opt/rviz_ogre_vendor/lib:/opt/ros/humble/lib/aarch64-linux-gnu:/opt/ros/humble/lib:/usr/local/cuda-12.6/lib64 /usr/bin/cmake --install /home/jet_orin/streetlive/test/build/radar_conti_ars408
[0.343s] -- Install configuration: "Release"
[0.344s] -- Execute custom install script
[0.344s] -- Up-to-date symlink: /home/jet_orin/streetlive/test/install/radar_conti_ars408/share/radar_conti_ars408/environment/library_path.sh
[0.345s] -- Up-to-date symlink: /home/jet_orin/streetlive/test/install/radar_conti_ars408/share/radar_conti_ars408/environment/library_path.dsv
[0.345s] -- Up-to-date symlink: /home/jet_orin/streetlive/test/install/radar_conti_ars408/lib/radar_conti_ars408/radar_conti_ars408_composition
[0.346s] -- Up-to-date symlink: /home/jet_orin/streetlive/test/install/radar_conti_ars408/lib/libradar_conti_ars408_component.so
[0.347s] -- Up-to-date symlink: /home/jet_orin/streetlive/test/install/radar_conti_ars408/include/radar_conti_ars408//ars_408_can_defines.h
[0.347s] -- Up-to-date symlink: /home/jet_orin/streetlive/test/install/radar_conti_ars408/include/radar_conti_ars408//offsets.hpp
[0.347s] -- Up-to-date symlink: /home/jet_orin/streetlive/test/install/radar_conti_ars408/include/radar_conti_ars408//radar_conti_ars408_component.hpp
[0.347s] -- Up-to-date symlink: /home/jet_orin/streetlive/test/install/radar_conti_ars408/include/radar_conti_ars408//radar_transforms.hpp
[0.348s] -- Up-to-date symlink: /home/jet_orin/streetlive/test/install/radar_conti_ars408/include/radar_conti_ars408//structs.hpp
[0.349s] -- Up-to-date symlink: /home/jet_orin/streetlive/test/install/radar_conti_ars408/include/radar_conti_ars408//visibility_control.h
[0.349s] -- Up-to-date symlink: /home/jet_orin/streetlive/test/install/radar_conti_ars408/include/radar_conti_ars408//visualization.hpp
[0.349s] -- Up-to-date symlink: /home/jet_orin/streetlive/test/install/radar_conti_ars408/share/radar_conti_ars408/config/radar.yaml
[0.350s] -- Up-to-date symlink: /home/jet_orin/streetlive/test/install/radar_conti_ars408/share/radar_conti_ars408/config/tf_radar_params.yaml
[0.350s] -- Up-to-date symlink: /home/jet_orin/streetlive/test/install/radar_conti_ars408/share/radar_conti_ars408/resources/low_poly_911.dae
[0.350s] -- Up-to-date symlink: /home/jet_orin/streetlive/test/install/radar_conti_ars408/share/radar_conti_ars408/launch/radar.launch.py
[0.351s] -- Up-to-date symlink: /home/jet_orin/streetlive/test/install/radar_conti_ars408/share/radar_conti_ars408/launch/tf_radar_launch.py
[0.352s] -- Up-to-date symlink: /home/jet_orin/streetlive/test/install/radar_conti_ars408/share/ament_index/resource_index/package_run_dependencies/radar_conti_ars408
[0.352s] -- Up-to-date symlink: /home/jet_orin/streetlive/test/install/radar_conti_ars408/share/ament_index/resource_index/parent_prefix_path/radar_conti_ars408
[0.352s] -- Up-to-date symlink: /home/jet_orin/streetlive/test/install/radar_conti_ars408/share/radar_conti_ars408/environment/ament_prefix_path.sh
[0.353s] -- Up-to-date symlink: /home/jet_orin/streetlive/test/install/radar_conti_ars408/share/radar_conti_ars408/environment/ament_prefix_path.dsv
[0.353s] -- Up-to-date symlink: /home/jet_orin/streetlive/test/install/radar_conti_ars408/share/radar_conti_ars408/environment/path.sh
[0.353s] -- Up-to-date symlink: /home/jet_orin/streetlive/test/install/radar_conti_ars408/share/radar_conti_ars408/environment/path.dsv
[0.354s] -- Up-to-date symlink: /home/jet_orin/streetlive/test/install/radar_conti_ars408/share/radar_conti_ars408/local_setup.bash
[0.354s] -- Up-to-date symlink: /home/jet_orin/streetlive/test/install/radar_conti_ars408/share/radar_conti_ars408/local_setup.sh
[0.355s] -- Up-to-date symlink: /home/jet_orin/streetlive/test/install/radar_conti_ars408/share/radar_conti_ars408/local_setup.zsh
[0.356s] -- Up-to-date symlink: /home/jet_orin/streetlive/test/install/radar_conti_ars408/share/radar_conti_ars408/local_setup.dsv
[0.356s] -- Symlinking: /home/jet_orin/streetlive/test/install/radar_conti_ars408/share/radar_conti_ars408/package.dsv
[0.372s] -- Up-to-date symlink: /home/jet_orin/streetlive/test/install/radar_conti_ars408/share/ament_index/resource_index/packages/radar_conti_ars408
[0.372s] -- Up-to-date symlink: /home/jet_orin/streetlive/test/install/radar_conti_ars408/share/ament_index/resource_index/rclcpp_components/radar_conti_ars408
[0.373s] -- Up-to-date symlink: /home/jet_orin/streetlive/test/install/radar_conti_ars408/share/radar_conti_ars408/cmake/radar_conti_ars408Config.cmake
[0.373s] -- Up-to-date symlink: /home/jet_orin/streetlive/test/install/radar_conti_ars408/share/radar_conti_ars408/cmake/radar_conti_ars408Config-version.cmake
[0.373s] -- Up-to-date symlink: /home/jet_orin/streetlive/test/install/radar_conti_ars408/share/radar_conti_ars408/package.xml
[0.378s] Invoked command in '/home/jet_orin/streetlive/test/build/radar_conti_ars408' returned '0': CMAKE_PREFIX_PATH=/home/jet_orin/streetlive/test/install/socketcan_adapter:/home/jet_orin/streetlive/test/install/radar_conti_ars408_msgs:/home/jet_orin/streetlive/test/install/nav2_dynamic_msgs:/home/jet_orin/streetlive/test/install/socketcan_adapter_ros:/home/jet_orin/streetlive/test/install/radar_conti_ars408:/home/jet_orin/streetlive/AD-fusionbox/install/zed_ros2:/home/jet_orin/streetlive/AD-fusionbox/install/bringup:/home/jet_orin/streetlive/AD-fusionbox/install/zed_wrapper:/home/jet_orin/streetlive/AD-fusionbox/install/zed_debug:/home/jet_orin/streetlive/AD-fusionbox/install/zed_components:/home/jet_orin/streetlive/AD-fusionbox/install/streetlive_msgs:/home/jet_orin/streetlive/AD-fusionbox/install/msgs:/home/jet_orin/streetlive/test/install/kf_hungarian_tracker:/home/jet_orin/streetlive/AD-fusionbox/install/perception:/home/jet_orin/streetlive/AD-fusionbox/install/offline:/home/jet_orin/streetlive/AD-fusionbox/install/localization:/home/jet_orin/streetlive/AD-fusionbox/install/drivers:/opt/ros/humble LD_LIBRARY_PATH=/home/jet_orin/streetlive/test/install/socketcan_adapter/lib:/home/jet_orin/streetlive/test/install/radar_conti_ars408_msgs/lib:/home/jet_orin/streetlive/test/install/nav2_dynamic_msgs/lib:/home/jet_orin/streetlive/test/install/socketcan_adapter_ros/lib:/home/jet_orin/streetlive/test/install/radar_conti_ars408/lib:/home/jet_orin/streetlive/AD-fusionbox/install/zed_components/lib:/opt/ros/humble/opt/rviz_ogre_vendor/lib:/opt/ros/humble/lib/aarch64-linux-gnu:/opt/ros/humble/lib:/usr/local/cuda-12.6/lib64 /usr/bin/cmake --install /home/jet_orin/streetlive/test/build/radar_conti_ars408
